[2024-12-08 22:51:14] [INFO] #### Starting activation capture script.
[2024-12-08 22:51:14] [INFO] #### Arguments:
[2024-12-08 22:51:14] [INFO] # model_dir=/workspace/llama_3.2-3B_model/original
[2024-12-08 22:51:14] [INFO] # sae_dir=/workspace/sae_final_2024-10-28.pth
[2024-12-08 22:51:14] [INFO] # num_samples=20000
[2024-12-08 22:51:14] [INFO] # drop latents=0
[2024-12-08 22:51:14] [INFO] #### GPU Configuration:
[2024-12-08 22:51:14] [INFO] # device=cuda
[2024-12-08 22:51:14] [INFO] #### Configuration:
[2024-12-08 22:51:14] [INFO] # batch_size=8
[2024-12-08 22:51:14] [INFO] # dataloader_num_workers=4
[2024-12-08 22:51:14] [INFO] # dtype=torch.bfloat16
[2024-12-08 22:51:14] [INFO] # max_token_length=512
[2024-12-08 22:51:14] [INFO] # add_bos_token=True
[2024-12-08 22:51:14] [INFO] # dataset_shuffle=True
[2024-12-08 22:51:14] [INFO] Loading tokenizer...
[2024-12-08 22:51:14] [INFO] Creating dataset, sampler and dataloader...
[2024-12-08 22:51:14] [INFO] Initializing Wikitext2 Dataset with max_token_length=512...
[2024-12-08 22:51:15] [INFO] Shuffling the dataset...
[2024-12-08 22:51:15] [INFO] Dataset size: 20000 samples
[2024-12-08 22:51:15] [INFO] Dataloader created with 2500 batches.
[2024-12-08 22:51:15] [INFO] Loading activation mask masks/mask_0
[2024-12-08 22:51:15] [INFO] Initializing SAE from /workspace/sae_final_2024-10-28.pth
[2024-12-08 22:51:15] [INFO] Loading TopK SAE model weights and config from: /workspace/sae_final_2024-10-28.pth
[2024-12-08 22:51:16] [INFO] Initializing TopK SAE model and loading state dict...
[2024-12-08 22:51:34] [INFO] Moving model to device cuda and setting to eval mode...
[2024-12-08 22:51:35] [INFO] Loading model parameters from /workspace/llama_3.2-3B_model/original/params.json...
[2024-12-08 22:51:35] [INFO] Initializing model on CPU...
[2024-12-08 22:52:03] [INFO] Loading model weights into CPU memory...
[2024-12-08 22:52:06] [INFO] Loading model weights into model...
[2024-12-08 22:52:10] [INFO] Model weights loaded successfully. Moving model to device cuda...
[2024-12-08 22:52:11] [INFO] Setting model to eval mode...
[2024-12-08 22:52:11] [INFO] Model created successfully.
[2024-12-08 22:52:11] [INFO] Starting capture of activations...
[2024-12-08 22:52:15] [INFO] State: {}
[2024-12-08 22:52:15] [INFO] Progress: 0.5% (12/2500)
 PPL: 18.920330249063593
[2024-12-08 22:52:15] [INFO] Current GPU memory usage: 15593.9853515625 MB
[2024-12-08 22:52:16] [INFO] State: {}
[2024-12-08 22:52:16] [INFO] Progress: 1.0% (24/2500)
 PPL: 19.667494263160602
[2024-12-08 22:52:16] [INFO] Current GPU memory usage: 15593.9873046875 MB
[2024-12-08 22:52:18] [INFO] State: {}
[2024-12-08 22:52:18] [INFO] Progress: 1.4% (36/2500)
 PPL: 19.051225092064513
[2024-12-08 22:52:18] [INFO] Current GPU memory usage: 15593.9921875 MB
[2024-12-08 22:52:20] [INFO] State: {}
[2024-12-08 22:52:20] [INFO] Progress: 1.9% (48/2500)
 PPL: 18.875734127906007
[2024-12-08 22:52:20] [INFO] Current GPU memory usage: 15593.98486328125 MB
[2024-12-08 22:52:21] [INFO] State: {}
[2024-12-08 22:52:21] [INFO] Progress: 2.4% (60/2500)
 PPL: 19.1772285842932
[2024-12-08 22:52:21] [INFO] Current GPU memory usage: 15593.998046875 MB
[2024-12-08 22:52:23] [INFO] State: {}
[2024-12-08 22:52:23] [INFO] Progress: 2.9% (72/2500)
 PPL: 19.16873622965547
[2024-12-08 22:52:23] [INFO] Current GPU memory usage: 15593.974609375 MB
[2024-12-08 22:52:24] [INFO] State: {}
[2024-12-08 22:52:24] [INFO] Progress: 3.4% (84/2500)
 PPL: 19.212113227660332
[2024-12-08 22:52:24] [INFO] Current GPU memory usage: 15593.99658203125 MB
[2024-12-08 22:52:26] [INFO] State: {}
[2024-12-08 22:52:26] [INFO] Progress: 3.8% (96/2500)
 PPL: 19.65743993612645
[2024-12-08 22:52:26] [INFO] Current GPU memory usage: 15593.982421875 MB
[2024-12-08 22:52:27] [INFO] State: {}
[2024-12-08 22:52:27] [INFO] Progress: 4.3% (108/2500)
 PPL: 19.611304529252042
[2024-12-08 22:52:27] [INFO] Current GPU memory usage: 15593.9853515625 MB
[2024-12-08 22:52:28] [INFO] State: {}
[2024-12-08 22:52:28] [INFO] Progress: 4.8% (120/2500)
 PPL: 19.942085996678774
[2024-12-08 22:52:28] [INFO] Current GPU memory usage: 15593.974609375 MB
[2024-12-08 22:52:30] [INFO] State: {}
[2024-12-08 22:52:30] [INFO] Progress: 5.3% (132/2500)
 PPL: 20.03958356790241
[2024-12-08 22:52:30] [INFO] Current GPU memory usage: 15593.98828125 MB
[2024-12-08 22:52:31] [INFO] State: {}
[2024-12-08 22:52:31] [INFO] Progress: 5.8% (144/2500)
 PPL: 20.039083894805852
[2024-12-08 22:52:31] [INFO] Current GPU memory usage: 15593.98095703125 MB
[2024-12-08 22:52:33] [INFO] State: {}
[2024-12-08 22:52:33] [INFO] Progress: 6.2% (156/2500)
 PPL: 19.94022534123222
[2024-12-08 22:52:33] [INFO] Current GPU memory usage: 15593.98583984375 MB
[2024-12-08 22:52:34] [INFO] State: {}
[2024-12-08 22:52:34] [INFO] Progress: 6.7% (168/2500)
 PPL: 20.00437207802061
[2024-12-08 22:52:34] [INFO] Current GPU memory usage: 15593.98486328125 MB
[2024-12-08 22:52:36] [INFO] State: {}
[2024-12-08 22:52:36] [INFO] Progress: 7.2% (180/2500)
 PPL: 19.964320646597557
[2024-12-08 22:52:36] [INFO] Current GPU memory usage: 15594.00390625 MB
[2024-12-08 22:52:38] [INFO] State: {}
[2024-12-08 22:52:38] [INFO] Progress: 7.7% (192/2500)
 PPL: 20.026510123509098
[2024-12-08 22:52:38] [INFO] Current GPU memory usage: 15594.0 MB
[2024-12-08 22:52:40] [INFO] State: {}
[2024-12-08 22:52:40] [INFO] Progress: 8.2% (204/2500)
 PPL: 19.797665133382388
[2024-12-08 22:52:40] [INFO] Current GPU memory usage: 15593.984375 MB
[2024-12-08 22:52:41] [INFO] State: {}
[2024-12-08 22:52:41] [INFO] Progress: 8.6% (216/2500)
 PPL: 19.741160487450742
[2024-12-08 22:52:41] [INFO] Current GPU memory usage: 15594.00439453125 MB
[2024-12-08 22:52:43] [INFO] State: {}
[2024-12-08 22:52:43] [INFO] Progress: 9.1% (228/2500)
 PPL: 19.71683173709919
[2024-12-08 22:52:43] [INFO] Current GPU memory usage: 15593.9951171875 MB
[2024-12-08 22:52:45] [INFO] State: {}
[2024-12-08 22:52:45] [INFO] Progress: 9.6% (240/2500)
 PPL: 19.641093159180482
[2024-12-08 22:52:45] [INFO] Current GPU memory usage: 15593.98388671875 MB
[2024-12-08 22:52:47] [INFO] State: {}
[2024-12-08 22:52:47] [INFO] Progress: 10.1% (252/2500)
 PPL: 19.51958725105824
[2024-12-08 22:52:47] [INFO] Current GPU memory usage: 15593.9833984375 MB
[2024-12-08 22:52:48] [INFO] State: {}
[2024-12-08 22:52:48] [INFO] Progress: 10.6% (264/2500)
 PPL: 19.586822360462055
[2024-12-08 22:52:48] [INFO] Current GPU memory usage: 15593.98388671875 MB
[2024-12-08 22:52:50] [INFO] State: {}
[2024-12-08 22:52:50] [INFO] Progress: 11.0% (276/2500)
 PPL: 19.582507276190547
[2024-12-08 22:52:50] [INFO] Current GPU memory usage: 15593.9853515625 MB
[2024-12-08 22:52:51] [INFO] State: {}
[2024-12-08 22:52:51] [INFO] Progress: 11.5% (288/2500)
 PPL: 19.620915832525455
[2024-12-08 22:52:51] [INFO] Current GPU memory usage: 15593.986328125 MB
[2024-12-08 22:52:53] [INFO] State: {}
[2024-12-08 22:52:53] [INFO] Progress: 12.0% (300/2500)
 PPL: 19.61815700658095
[2024-12-08 22:52:53] [INFO] Current GPU memory usage: 15593.99755859375 MB
[2024-12-08 22:52:54] [INFO] State: {}
[2024-12-08 22:52:54] [INFO] Progress: 12.5% (312/2500)
 PPL: 19.556694780216077
[2024-12-08 22:52:54] [INFO] Current GPU memory usage: 15593.9775390625 MB
[2024-12-08 22:52:56] [INFO] State: {}
[2024-12-08 22:52:56] [INFO] Progress: 13.0% (324/2500)
 PPL: 19.58012803364826
[2024-12-08 22:52:56] [INFO] Current GPU memory usage: 15593.99462890625 MB
[2024-12-08 22:52:58] [INFO] State: {}
[2024-12-08 22:52:58] [INFO] Progress: 13.4% (336/2500)
 PPL: 19.62091301798714
[2024-12-08 22:52:58] [INFO] Current GPU memory usage: 15593.990234375 MB
[2024-12-08 22:52:59] [INFO] State: {}
[2024-12-08 22:52:59] [INFO] Progress: 13.9% (348/2500)
 PPL: 19.594405683104313
[2024-12-08 22:52:59] [INFO] Current GPU memory usage: 15593.98193359375 MB
[2024-12-08 22:53:01] [INFO] State: {}
[2024-12-08 22:53:01] [INFO] Progress: 14.4% (360/2500)
 PPL: 19.661786426512627
[2024-12-08 22:53:01] [INFO] Current GPU memory usage: 15593.9794921875 MB
[2024-12-08 22:53:02] [INFO] State: {}
[2024-12-08 22:53:02] [INFO] Progress: 14.9% (372/2500)
 PPL: 19.64343731480376
[2024-12-08 22:53:02] [INFO] Current GPU memory usage: 15593.982421875 MB
[2024-12-08 22:53:04] [INFO] State: {}
[2024-12-08 22:53:04] [INFO] Progress: 15.4% (384/2500)
 PPL: 19.674314298923882
[2024-12-08 22:53:04] [INFO] Current GPU memory usage: 15593.99072265625 MB
[2024-12-08 22:53:05] [INFO] State: {}
[2024-12-08 22:53:05] [INFO] Progress: 15.8% (396/2500)
 PPL: 19.810486594134986
[2024-12-08 22:53:05] [INFO] Current GPU memory usage: 15593.9912109375 MB
[2024-12-08 22:53:07] [INFO] State: {}
[2024-12-08 22:53:07] [INFO] Progress: 16.3% (408/2500)
 PPL: 19.87324599555842
[2024-12-08 22:53:07] [INFO] Current GPU memory usage: 15593.9892578125 MB
[2024-12-08 22:53:09] [INFO] State: {}
[2024-12-08 22:53:09] [INFO] Progress: 16.8% (420/2500)
 PPL: 19.828183478438763
[2024-12-08 22:53:09] [INFO] Current GPU memory usage: 15593.9970703125 MB
[2024-12-08 22:53:10] [INFO] State: {}
[2024-12-08 22:53:10] [INFO] Progress: 17.3% (432/2500)
 PPL: 19.81391214263871
[2024-12-08 22:53:10] [INFO] Current GPU memory usage: 15593.99072265625 MB
[2024-12-08 22:53:12] [INFO] State: {}
[2024-12-08 22:53:12] [INFO] Progress: 17.8% (444/2500)
 PPL: 19.764455446124526
[2024-12-08 22:53:12] [INFO] Current GPU memory usage: 15593.98388671875 MB
[2024-12-08 22:53:14] [INFO] State: {}
[2024-12-08 22:53:14] [INFO] Progress: 18.2% (456/2500)
 PPL: 19.73599154144998
[2024-12-08 22:53:14] [INFO] Current GPU memory usage: 15593.9853515625 MB
[2024-12-08 22:53:15] [INFO] State: {}
[2024-12-08 22:53:15] [INFO] Progress: 18.7% (468/2500)
 PPL: 19.783796087327957
[2024-12-08 22:53:15] [INFO] Current GPU memory usage: 15593.994140625 MB
[2024-12-08 22:53:17] [INFO] State: {}
[2024-12-08 22:53:17] [INFO] Progress: 19.2% (480/2500)
 PPL: 19.771065657105478
[2024-12-08 22:53:17] [INFO] Current GPU memory usage: 15593.98876953125 MB
[2024-12-08 22:53:18] [INFO] State: {}
[2024-12-08 22:53:18] [INFO] Progress: 19.7% (492/2500)
 PPL: 19.749363370772855
[2024-12-08 22:53:18] [INFO] Current GPU memory usage: 15593.98681640625 MB
[2024-12-08 22:53:20] [INFO] State: {}
[2024-12-08 22:53:20] [INFO] Progress: 20.2% (504/2500)
 PPL: 19.721193628302814
[2024-12-08 22:53:20] [INFO] Current GPU memory usage: 15593.98681640625 MB
[2024-12-08 22:53:22] [INFO] State: {}
[2024-12-08 22:53:22] [INFO] Progress: 20.6% (516/2500)
 PPL: 19.732737910955674
[2024-12-08 22:53:22] [INFO] Current GPU memory usage: 15593.99658203125 MB
[2024-12-08 22:53:24] [INFO] State: {}
[2024-12-08 22:53:24] [INFO] Progress: 21.1% (528/2500)
 PPL: 19.67152864115792
[2024-12-08 22:53:24] [INFO] Current GPU memory usage: 15593.984375 MB
[2024-12-08 22:53:25] [INFO] State: {}
[2024-12-08 22:53:25] [INFO] Progress: 21.6% (540/2500)
 PPL: 19.65898318584641
[2024-12-08 22:53:25] [INFO] Current GPU memory usage: 15593.99169921875 MB
[2024-12-08 22:53:27] [INFO] State: {}
[2024-12-08 22:53:27] [INFO] Progress: 22.1% (552/2500)
 PPL: 19.69382828769337
[2024-12-08 22:53:27] [INFO] Current GPU memory usage: 15593.98388671875 MB
[2024-12-08 22:53:28] [INFO] State: {}
[2024-12-08 22:53:28] [INFO] Progress: 22.6% (564/2500)
 PPL: 19.6706461272249
[2024-12-08 22:53:28] [INFO] Current GPU memory usage: 15593.99072265625 MB
[2024-12-08 22:53:30] [INFO] State: {}
[2024-12-08 22:53:30] [INFO] Progress: 23.0% (576/2500)
 PPL: 19.674961837663684
[2024-12-08 22:53:30] [INFO] Current GPU memory usage: 15593.98779296875 MB
[2024-12-08 22:53:32] [INFO] State: {}
[2024-12-08 22:53:32] [INFO] Progress: 23.5% (588/2500)
 PPL: 19.70506623061127
[2024-12-08 22:53:32] [INFO] Current GPU memory usage: 15593.9892578125 MB
[2024-12-08 22:53:34] [INFO] State: {}
[2024-12-08 22:53:34] [INFO] Progress: 24.0% (600/2500)
 PPL: 19.703189801963596
[2024-12-08 22:53:34] [INFO] Current GPU memory usage: 15593.9794921875 MB
[2024-12-08 22:53:35] [INFO] State: {}
[2024-12-08 22:53:35] [INFO] Progress: 24.5% (612/2500)
 PPL: 19.723547387485578
[2024-12-08 22:53:35] [INFO] Current GPU memory usage: 15593.982421875 MB
[2024-12-08 22:53:37] [INFO] State: {}
[2024-12-08 22:53:37] [INFO] Progress: 25.0% (624/2500)
 PPL: 19.746640777199037
[2024-12-08 22:53:37] [INFO] Current GPU memory usage: 15593.98486328125 MB
[2024-12-08 22:53:38] [INFO] State: {}
[2024-12-08 22:53:38] [INFO] Progress: 25.4% (636/2500)
 PPL: 19.746309008250844
[2024-12-08 22:53:38] [INFO] Current GPU memory usage: 15593.98681640625 MB
[2024-12-08 22:53:40] [INFO] State: {}
[2024-12-08 22:53:40] [INFO] Progress: 25.9% (648/2500)
 PPL: 19.782686942765373
[2024-12-08 22:53:40] [INFO] Current GPU memory usage: 15593.98193359375 MB
[2024-12-08 22:53:42] [INFO] State: {}
[2024-12-08 22:53:42] [INFO] Progress: 26.4% (660/2500)
 PPL: 19.808450428313765
[2024-12-08 22:53:42] [INFO] Current GPU memory usage: 15593.98876953125 MB
[2024-12-08 22:53:43] [INFO] State: {}
[2024-12-08 22:53:43] [INFO] Progress: 26.9% (672/2500)
 PPL: 19.847644677799018
[2024-12-08 22:53:43] [INFO] Current GPU memory usage: 15593.98583984375 MB
[2024-12-08 22:53:45] [INFO] State: {}
[2024-12-08 22:53:45] [INFO] Progress: 27.4% (684/2500)
 PPL: 19.83751642867508
[2024-12-08 22:53:45] [INFO] Current GPU memory usage: 15593.97509765625 MB
[2024-12-08 22:53:46] [INFO] State: {}
[2024-12-08 22:53:46] [INFO] Progress: 27.8% (696/2500)
 PPL: 19.773366052365173
[2024-12-08 22:53:46] [INFO] Current GPU memory usage: 15593.98486328125 MB
[2024-12-08 22:53:48] [INFO] State: {}
[2024-12-08 22:53:48] [INFO] Progress: 28.3% (708/2500)
 PPL: 19.793966956839906
[2024-12-08 22:53:48] [INFO] Current GPU memory usage: 15593.99072265625 MB
[2024-12-08 22:53:49] [INFO] State: {}
[2024-12-08 22:53:49] [INFO] Progress: 28.8% (720/2500)
 PPL: 19.783867803876383
[2024-12-08 22:53:49] [INFO] Current GPU memory usage: 15593.99365234375 MB
[2024-12-08 22:53:51] [INFO] State: {}
[2024-12-08 22:53:51] [INFO] Progress: 29.3% (732/2500)
 PPL: 19.795109155046244
[2024-12-08 22:53:51] [INFO] Current GPU memory usage: 15593.9853515625 MB
[2024-12-08 22:53:52] [INFO] State: {}
[2024-12-08 22:53:52] [INFO] Progress: 29.8% (744/2500)
 PPL: 19.797138880734664
[2024-12-08 22:53:52] [INFO] Current GPU memory usage: 15593.98388671875 MB
[2024-12-08 22:53:54] [INFO] State: {}
[2024-12-08 22:53:54] [INFO] Progress: 30.2% (756/2500)
 PPL: 19.73814682438902
[2024-12-08 22:53:54] [INFO] Current GPU memory usage: 15593.9853515625 MB
[2024-12-08 22:53:56] [INFO] State: {}
[2024-12-08 22:53:56] [INFO] Progress: 30.7% (768/2500)
 PPL: 19.74781348625277
[2024-12-08 22:53:56] [INFO] Current GPU memory usage: 15593.98828125 MB
[2024-12-08 22:53:57] [INFO] State: {}
[2024-12-08 22:53:57] [INFO] Progress: 31.2% (780/2500)
 PPL: 19.784072985226324
[2024-12-08 22:53:57] [INFO] Current GPU memory usage: 15593.98388671875 MB
[2024-12-08 22:53:59] [INFO] State: {}
[2024-12-08 22:53:59] [INFO] Progress: 31.7% (792/2500)
 PPL: 19.799272224870084
[2024-12-08 22:53:59] [INFO] Current GPU memory usage: 15593.9833984375 MB
[2024-12-08 22:54:00] [INFO] State: {}
[2024-12-08 22:54:00] [INFO] Progress: 32.2% (804/2500)
 PPL: 19.815505650777055
[2024-12-08 22:54:00] [INFO] Current GPU memory usage: 15593.97900390625 MB
[2024-12-08 22:54:01] [INFO] State: {}
[2024-12-08 22:54:01] [INFO] Progress: 32.6% (816/2500)
 PPL: 19.830241433974056
[2024-12-08 22:54:01] [INFO] Current GPU memory usage: 15593.98583984375 MB
[2024-12-08 22:54:03] [INFO] State: {}
[2024-12-08 22:54:03] [INFO] Progress: 33.1% (828/2500)
 PPL: 19.848328708237286
[2024-12-08 22:54:03] [INFO] Current GPU memory usage: 15593.98486328125 MB
[2024-12-08 22:54:04] [INFO] State: {}
[2024-12-08 22:54:04] [INFO] Progress: 33.6% (840/2500)
 PPL: 19.83276340508262
[2024-12-08 22:54:04] [INFO] Current GPU memory usage: 15593.994140625 MB
[2024-12-08 22:54:06] [INFO] State: {}
[2024-12-08 22:54:06] [INFO] Progress: 34.1% (852/2500)
 PPL: 19.822185308737616
[2024-12-08 22:54:06] [INFO] Current GPU memory usage: 15593.98388671875 MB
[2024-12-08 22:54:07] [INFO] State: {}
[2024-12-08 22:54:07] [INFO] Progress: 34.6% (864/2500)
 PPL: 19.812757269903287
[2024-12-08 22:54:07] [INFO] Current GPU memory usage: 15593.98486328125 MB
[2024-12-08 22:54:09] [INFO] State: {}
[2024-12-08 22:54:09] [INFO] Progress: 35.0% (876/2500)
 PPL: 19.79100628324005
[2024-12-08 22:54:09] [INFO] Current GPU memory usage: 15593.9931640625 MB
[2024-12-08 22:54:11] [INFO] State: {}
[2024-12-08 22:54:11] [INFO] Progress: 35.5% (888/2500)
 PPL: 19.807301796548114
[2024-12-08 22:54:11] [INFO] Current GPU memory usage: 15593.98974609375 MB
[2024-12-08 22:54:12] [INFO] State: {}
[2024-12-08 22:54:12] [INFO] Progress: 36.0% (900/2500)
 PPL: 19.779252929604045
[2024-12-08 22:54:12] [INFO] Current GPU memory usage: 15593.984375 MB
[2024-12-08 22:54:14] [INFO] State: {}
[2024-12-08 22:54:14] [INFO] Progress: 36.5% (912/2500)
 PPL: 19.738602573650017
[2024-12-08 22:54:14] [INFO] Current GPU memory usage: 15593.9921875 MB
[2024-12-08 22:54:15] [INFO] State: {}
[2024-12-08 22:54:15] [INFO] Progress: 37.0% (924/2500)
 PPL: 19.718781990741853
[2024-12-08 22:54:15] [INFO] Current GPU memory usage: 15593.97802734375 MB
[2024-12-08 22:54:17] [INFO] State: {}
[2024-12-08 22:54:17] [INFO] Progress: 37.4% (936/2500)
 PPL: 19.692478623922604
[2024-12-08 22:54:17] [INFO] Current GPU memory usage: 15593.98291015625 MB
[2024-12-08 22:54:19] [INFO] State: {}
[2024-12-08 22:54:19] [INFO] Progress: 37.9% (948/2500)
 PPL: 19.70422185582183
[2024-12-08 22:54:19] [INFO] Current GPU memory usage: 15593.98388671875 MB
[2024-12-08 22:54:20] [INFO] State: {}
[2024-12-08 22:54:20] [INFO] Progress: 38.4% (960/2500)
 PPL: 19.69428088485889
[2024-12-08 22:54:20] [INFO] Current GPU memory usage: 15594.00048828125 MB
[2024-12-08 22:54:21] [INFO] State: {}
[2024-12-08 22:54:21] [INFO] Progress: 38.9% (972/2500)
 PPL: 19.718566448089845
[2024-12-08 22:54:21] [INFO] Current GPU memory usage: 15593.986328125 MB
[2024-12-08 22:54:23] [INFO] State: {}
[2024-12-08 22:54:23] [INFO] Progress: 39.4% (984/2500)
 PPL: 19.699031107499138
[2024-12-08 22:54:23] [INFO] Current GPU memory usage: 15593.9873046875 MB
[2024-12-08 22:54:24] [INFO] State: {}
[2024-12-08 22:54:24] [INFO] Progress: 39.8% (996/2500)
 PPL: 19.70984100836364
[2024-12-08 22:54:24] [INFO] Current GPU memory usage: 15593.9853515625 MB
[2024-12-08 22:54:26] [INFO] State: {}
[2024-12-08 22:54:26] [INFO] Progress: 40.3% (1008/2500)
 PPL: 19.691139514847062
[2024-12-08 22:54:26] [INFO] Current GPU memory usage: 15593.98486328125 MB
[2024-12-08 22:54:28] [INFO] State: {}
[2024-12-08 22:54:28] [INFO] Progress: 40.8% (1020/2500)
 PPL: 19.68425626709605
[2024-12-08 22:54:28] [INFO] Current GPU memory usage: 15593.9921875 MB
[2024-12-08 22:54:29] [INFO] State: {}
[2024-12-08 22:54:29] [INFO] Progress: 41.3% (1032/2500)
 PPL: 19.694906984672247
[2024-12-08 22:54:29] [INFO] Current GPU memory usage: 15593.9755859375 MB
[2024-12-08 22:54:31] [INFO] State: {}
[2024-12-08 22:54:31] [INFO] Progress: 41.8% (1044/2500)
 PPL: 19.695412307621808
[2024-12-08 22:54:31] [INFO] Current GPU memory usage: 15594.0048828125 MB
[2024-12-08 22:54:32] [INFO] State: {}
[2024-12-08 22:54:32] [INFO] Progress: 42.2% (1056/2500)
 PPL: 19.69122396508272
[2024-12-08 22:54:32] [INFO] Current GPU memory usage: 15593.9951171875 MB
[2024-12-08 22:54:34] [INFO] State: {}
[2024-12-08 22:54:34] [INFO] Progress: 42.7% (1068/2500)
 PPL: 19.66920098940573
[2024-12-08 22:54:34] [INFO] Current GPU memory usage: 15593.982421875 MB
[2024-12-08 22:54:36] [INFO] State: {}
[2024-12-08 22:54:36] [INFO] Progress: 43.2% (1080/2500)
 PPL: 19.656020294936265
[2024-12-08 22:54:36] [INFO] Current GPU memory usage: 15593.982421875 MB
[2024-12-08 22:54:38] [INFO] State: {}
[2024-12-08 22:54:38] [INFO] Progress: 43.7% (1092/2500)
 PPL: 19.659992473788027
[2024-12-08 22:54:38] [INFO] Current GPU memory usage: 15593.98486328125 MB
[2024-12-08 22:54:39] [INFO] State: {}
[2024-12-08 22:54:39] [INFO] Progress: 44.2% (1104/2500)
 PPL: 19.667238204533906
[2024-12-08 22:54:39] [INFO] Current GPU memory usage: 15593.9951171875 MB
[2024-12-08 22:54:41] [INFO] State: {}
[2024-12-08 22:54:41] [INFO] Progress: 44.6% (1116/2500)
 PPL: 19.662765262477976
[2024-12-08 22:54:41] [INFO] Current GPU memory usage: 15593.98193359375 MB
[2024-12-08 22:54:42] [INFO] State: {}
[2024-12-08 22:54:42] [INFO] Progress: 45.1% (1128/2500)
 PPL: 19.665678434442338
[2024-12-08 22:54:42] [INFO] Current GPU memory usage: 15593.98876953125 MB
[2024-12-08 22:54:44] [INFO] State: {}
[2024-12-08 22:54:44] [INFO] Progress: 45.6% (1140/2500)
 PPL: 19.672978111547202
[2024-12-08 22:54:44] [INFO] Current GPU memory usage: 15593.9912109375 MB
[2024-12-08 22:54:45] [INFO] State: {}
[2024-12-08 22:54:45] [INFO] Progress: 46.1% (1152/2500)
 PPL: 19.646430919558885
[2024-12-08 22:54:45] [INFO] Current GPU memory usage: 15593.986328125 MB
[2024-12-08 22:54:47] [INFO] State: {}
[2024-12-08 22:54:47] [INFO] Progress: 46.6% (1164/2500)
 PPL: 19.653714562430892
[2024-12-08 22:54:47] [INFO] Current GPU memory usage: 15593.9833984375 MB
[2024-12-08 22:54:49] [INFO] State: {}
[2024-12-08 22:54:49] [INFO] Progress: 47.0% (1176/2500)
 PPL: 19.63935468330694
[2024-12-08 22:54:49] [INFO] Current GPU memory usage: 15593.9951171875 MB
[2024-12-08 22:54:50] [INFO] State: {}
[2024-12-08 22:54:50] [INFO] Progress: 47.5% (1188/2500)
 PPL: 19.649126633526762
[2024-12-08 22:54:50] [INFO] Current GPU memory usage: 15593.984375 MB
[2024-12-08 22:54:52] [INFO] State: {}
[2024-12-08 22:54:52] [INFO] Progress: 48.0% (1200/2500)
 PPL: 19.62931049633249
[2024-12-08 22:54:52] [INFO] Current GPU memory usage: 15593.986328125 MB
[2024-12-08 22:54:54] [INFO] State: {}
[2024-12-08 22:54:54] [INFO] Progress: 48.5% (1212/2500)
 PPL: 19.622530746576626
[2024-12-08 22:54:54] [INFO] Current GPU memory usage: 15593.99365234375 MB
[2024-12-08 22:54:55] [INFO] State: {}
[2024-12-08 22:54:55] [INFO] Progress: 49.0% (1224/2500)
 PPL: 19.61365756335386
[2024-12-08 22:54:55] [INFO] Current GPU memory usage: 15593.98876953125 MB
[2024-12-08 22:54:57] [INFO] State: {}
[2024-12-08 22:54:57] [INFO] Progress: 49.4% (1236/2500)
 PPL: 19.613809520475257
[2024-12-08 22:54:57] [INFO] Current GPU memory usage: 15593.9873046875 MB
[2024-12-08 22:54:58] [INFO] State: {}
[2024-12-08 22:54:58] [INFO] Progress: 49.9% (1248/2500)
 PPL: 19.60436681662173
[2024-12-08 22:54:58] [INFO] Current GPU memory usage: 15593.984375 MB
[2024-12-08 22:55:00] [INFO] State: {}
[2024-12-08 22:55:00] [INFO] Progress: 50.4% (1260/2500)
 PPL: 19.605627143865295
[2024-12-08 22:55:00] [INFO] Current GPU memory usage: 15593.994140625 MB
[2024-12-08 22:55:01] [INFO] State: {}
[2024-12-08 22:55:01] [INFO] Progress: 50.9% (1272/2500)
 PPL: 19.58946467295191
[2024-12-08 22:55:01] [INFO] Current GPU memory usage: 15593.9990234375 MB
[2024-12-08 22:55:03] [INFO] State: {}
[2024-12-08 22:55:03] [INFO] Progress: 51.4% (1284/2500)
 PPL: 19.57911416983097
[2024-12-08 22:55:03] [INFO] Current GPU memory usage: 15593.9814453125 MB
[2024-12-08 22:55:05] [INFO] State: {}
[2024-12-08 22:55:05] [INFO] Progress: 51.8% (1296/2500)
 PPL: 19.543512001281186
[2024-12-08 22:55:05] [INFO] Current GPU memory usage: 15593.984375 MB
[2024-12-08 22:55:06] [INFO] State: {}
[2024-12-08 22:55:06] [INFO] Progress: 52.3% (1308/2500)
 PPL: 19.524337483002874
[2024-12-08 22:55:06] [INFO] Current GPU memory usage: 15593.9814453125 MB
[2024-12-08 22:55:08] [INFO] State: {}
[2024-12-08 22:55:08] [INFO] Progress: 52.8% (1320/2500)
 PPL: 19.502487171549962
[2024-12-08 22:55:08] [INFO] Current GPU memory usage: 15593.9892578125 MB
[2024-12-08 22:55:10] [INFO] State: {}
[2024-12-08 22:55:10] [INFO] Progress: 53.3% (1332/2500)
 PPL: 19.48858731763822
[2024-12-08 22:55:10] [INFO] Current GPU memory usage: 15593.99951171875 MB
[2024-12-08 22:55:11] [INFO] State: {}
[2024-12-08 22:55:11] [INFO] Progress: 53.8% (1344/2500)
 PPL: 19.478902248240992
[2024-12-08 22:55:11] [INFO] Current GPU memory usage: 15593.98828125 MB
[2024-12-08 22:55:13] [INFO] State: {}
[2024-12-08 22:55:13] [INFO] Progress: 54.2% (1356/2500)
 PPL: 19.48716813432195
[2024-12-08 22:55:13] [INFO] Current GPU memory usage: 15593.97998046875 MB
[2024-12-08 22:55:14] [INFO] State: {}
[2024-12-08 22:55:14] [INFO] Progress: 54.7% (1368/2500)
 PPL: 19.5135545598101
[2024-12-08 22:55:14] [INFO] Current GPU memory usage: 15593.9931640625 MB
[2024-12-08 22:55:16] [INFO] State: {}
[2024-12-08 22:55:16] [INFO] Progress: 55.2% (1380/2500)
 PPL: 19.527100496075978
[2024-12-08 22:55:16] [INFO] Current GPU memory usage: 15593.99169921875 MB
[2024-12-08 22:55:18] [INFO] State: {}
[2024-12-08 22:55:18] [INFO] Progress: 55.7% (1392/2500)
 PPL: 19.50165843677761
[2024-12-08 22:55:18] [INFO] Current GPU memory usage: 15593.990234375 MB
[2024-12-08 22:55:19] [INFO] State: {}
[2024-12-08 22:55:19] [INFO] Progress: 56.2% (1404/2500)
 PPL: 19.494897107228475
[2024-12-08 22:55:19] [INFO] Current GPU memory usage: 15593.990234375 MB
[2024-12-08 22:55:21] [INFO] State: {}
[2024-12-08 22:55:21] [INFO] Progress: 56.6% (1416/2500)
 PPL: 19.49543669765808
[2024-12-08 22:55:21] [INFO] Current GPU memory usage: 15593.9853515625 MB
[2024-12-08 22:55:22] [INFO] State: {}
[2024-12-08 22:55:22] [INFO] Progress: 57.1% (1428/2500)
 PPL: 19.51804268438398
[2024-12-08 22:55:22] [INFO] Current GPU memory usage: 15593.9755859375 MB
[2024-12-08 22:55:24] [INFO] State: {}
[2024-12-08 22:55:24] [INFO] Progress: 57.6% (1440/2500)
 PPL: 19.52295048508745
[2024-12-08 22:55:24] [INFO] Current GPU memory usage: 15593.98046875 MB
[2024-12-08 22:55:25] [INFO] State: {}
[2024-12-08 22:55:25] [INFO] Progress: 58.1% (1452/2500)
 PPL: 19.524850123546283
[2024-12-08 22:55:25] [INFO] Current GPU memory usage: 15593.98779296875 MB
[2024-12-08 22:55:27] [INFO] State: {}
[2024-12-08 22:55:27] [INFO] Progress: 58.6% (1464/2500)
 PPL: 19.520256145387503
[2024-12-08 22:55:27] [INFO] Current GPU memory usage: 15593.98486328125 MB
[2024-12-08 22:55:29] [INFO] State: {}
[2024-12-08 22:55:29] [INFO] Progress: 59.0% (1476/2500)
 PPL: 19.51991347116864
[2024-12-08 22:55:29] [INFO] Current GPU memory usage: 15593.98046875 MB
[2024-12-08 22:55:30] [INFO] State: {}
[2024-12-08 22:55:30] [INFO] Progress: 59.5% (1488/2500)
 PPL: 19.536047521687916
[2024-12-08 22:55:30] [INFO] Current GPU memory usage: 15593.98193359375 MB
[2024-12-08 22:55:31] [INFO] State: {}
[2024-12-08 22:55:31] [INFO] Progress: 60.0% (1500/2500)
 PPL: 19.545453081022927
[2024-12-08 22:55:31] [INFO] Current GPU memory usage: 15593.98486328125 MB
[2024-12-08 22:55:33] [INFO] State: {}
[2024-12-08 22:55:33] [INFO] Progress: 60.5% (1512/2500)
 PPL: 19.5508008523782
[2024-12-08 22:55:33] [INFO] Current GPU memory usage: 15593.98486328125 MB
[2024-12-08 22:55:34] [INFO] State: {}
[2024-12-08 22:55:34] [INFO] Progress: 61.0% (1524/2500)
 PPL: 19.55552255159664
[2024-12-08 22:55:34] [INFO] Current GPU memory usage: 15593.986328125 MB
[2024-12-08 22:55:36] [INFO] State: {}
[2024-12-08 22:55:36] [INFO] Progress: 61.4% (1536/2500)
 PPL: 19.556175157039466
[2024-12-08 22:55:36] [INFO] Current GPU memory usage: 15593.98876953125 MB
[2024-12-08 22:55:37] [INFO] State: {}
[2024-12-08 22:55:37] [INFO] Progress: 61.9% (1548/2500)
 PPL: 19.547503054742464
[2024-12-08 22:55:37] [INFO] Current GPU memory usage: 15593.98974609375 MB
[2024-12-08 22:55:38] [INFO] State: {}
[2024-12-08 22:55:38] [INFO] Progress: 62.4% (1560/2500)
 PPL: 19.564480227328474
[2024-12-08 22:55:38] [INFO] Current GPU memory usage: 15593.9970703125 MB
[2024-12-08 22:55:40] [INFO] State: {}
[2024-12-08 22:55:40] [INFO] Progress: 62.9% (1572/2500)
 PPL: 19.567321087125205
[2024-12-08 22:55:40] [INFO] Current GPU memory usage: 15593.98486328125 MB
[2024-12-08 22:55:41] [INFO] State: {}
[2024-12-08 22:55:41] [INFO] Progress: 63.4% (1584/2500)
 PPL: 19.577993212876006
[2024-12-08 22:55:41] [INFO] Current GPU memory usage: 15593.98828125 MB
[2024-12-08 22:55:43] [INFO] State: {}
[2024-12-08 22:55:43] [INFO] Progress: 63.8% (1596/2500)
 PPL: 19.55350389464534
[2024-12-08 22:55:43] [INFO] Current GPU memory usage: 15593.98828125 MB
[2024-12-08 22:55:45] [INFO] State: {}
[2024-12-08 22:55:45] [INFO] Progress: 64.3% (1608/2500)
 PPL: 19.556978722704397
[2024-12-08 22:55:45] [INFO] Current GPU memory usage: 15593.9873046875 MB
[2024-12-08 22:55:47] [INFO] State: {}
[2024-12-08 22:55:47] [INFO] Progress: 64.8% (1620/2500)
 PPL: 19.559835136963546
[2024-12-08 22:55:47] [INFO] Current GPU memory usage: 15594.0048828125 MB
[2024-12-08 22:55:48] [INFO] State: {}
[2024-12-08 22:55:48] [INFO] Progress: 65.3% (1632/2500)
 PPL: 19.54735215353568
[2024-12-08 22:55:48] [INFO] Current GPU memory usage: 15593.986328125 MB
[2024-12-08 22:55:50] [INFO] State: {}
[2024-12-08 22:55:50] [INFO] Progress: 65.8% (1644/2500)
 PPL: 19.555022546692648
[2024-12-08 22:55:50] [INFO] Current GPU memory usage: 15593.9912109375 MB
[2024-12-08 22:55:52] [INFO] State: {}
[2024-12-08 22:55:52] [INFO] Progress: 66.2% (1656/2500)
 PPL: 19.55338052149598
[2024-12-08 22:55:52] [INFO] Current GPU memory usage: 15593.986328125 MB
[2024-12-08 22:55:53] [INFO] State: {}
[2024-12-08 22:55:53] [INFO] Progress: 66.7% (1668/2500)
 PPL: 19.55087732912875
[2024-12-08 22:55:53] [INFO] Current GPU memory usage: 15593.98388671875 MB
[2024-12-08 22:55:55] [INFO] State: {}
[2024-12-08 22:55:55] [INFO] Progress: 67.2% (1680/2500)
 PPL: 19.55012622425375
[2024-12-08 22:55:55] [INFO] Current GPU memory usage: 15593.98388671875 MB
[2024-12-08 22:55:57] [INFO] State: {}
[2024-12-08 22:55:57] [INFO] Progress: 67.7% (1692/2500)
 PPL: 19.54136948789209
[2024-12-08 22:55:57] [INFO] Current GPU memory usage: 15593.98583984375 MB
[2024-12-08 22:55:58] [INFO] State: {}
[2024-12-08 22:55:58] [INFO] Progress: 68.2% (1704/2500)
 PPL: 19.555873713807188
[2024-12-08 22:55:58] [INFO] Current GPU memory usage: 15593.9814453125 MB
[2024-12-08 22:56:00] [INFO] State: {}
[2024-12-08 22:56:00] [INFO] Progress: 68.6% (1716/2500)
 PPL: 19.560732587187424
[2024-12-08 22:56:00] [INFO] Current GPU memory usage: 15593.984375 MB
[2024-12-08 22:56:01] [INFO] State: {}
[2024-12-08 22:56:01] [INFO] Progress: 69.1% (1728/2500)
 PPL: 19.567310925606613
[2024-12-08 22:56:01] [INFO] Current GPU memory usage: 15593.98388671875 MB
[2024-12-08 22:56:03] [INFO] State: {}
[2024-12-08 22:56:03] [INFO] Progress: 69.6% (1740/2500)
 PPL: 19.57073696741512
[2024-12-08 22:56:03] [INFO] Current GPU memory usage: 15593.990234375 MB
[2024-12-08 22:56:05] [INFO] State: {}
[2024-12-08 22:56:05] [INFO] Progress: 70.1% (1752/2500)
 PPL: 19.566099166405206
[2024-12-08 22:56:05] [INFO] Current GPU memory usage: 15593.9892578125 MB
[2024-12-08 22:56:07] [INFO] State: {}
[2024-12-08 22:56:07] [INFO] Progress: 70.6% (1764/2500)
 PPL: 19.560518352481168
[2024-12-08 22:56:07] [INFO] Current GPU memory usage: 15593.98095703125 MB
[2024-12-08 22:56:08] [INFO] State: {}
[2024-12-08 22:56:08] [INFO] Progress: 71.0% (1776/2500)
 PPL: 19.556595643915077
[2024-12-08 22:56:08] [INFO] Current GPU memory usage: 15593.99658203125 MB
[2024-12-08 22:56:09] [INFO] State: {}
[2024-12-08 22:56:09] [INFO] Progress: 71.5% (1788/2500)
 PPL: 19.550650702234893
[2024-12-08 22:56:09] [INFO] Current GPU memory usage: 15593.984375 MB
[2024-12-08 22:56:11] [INFO] State: {}
[2024-12-08 22:56:11] [INFO] Progress: 72.0% (1800/2500)
 PPL: 19.537593065745096
[2024-12-08 22:56:11] [INFO] Current GPU memory usage: 15593.98828125 MB
[2024-12-08 22:56:13] [INFO] State: {}
[2024-12-08 22:56:13] [INFO] Progress: 72.5% (1812/2500)
 PPL: 19.540527526361995
[2024-12-08 22:56:13] [INFO] Current GPU memory usage: 15593.99755859375 MB
[2024-12-08 22:56:14] [INFO] State: {}
[2024-12-08 22:56:14] [INFO] Progress: 73.0% (1824/2500)
 PPL: 19.546629579222156
[2024-12-08 22:56:14] [INFO] Current GPU memory usage: 15593.98779296875 MB
[2024-12-08 22:56:16] [INFO] State: {}
[2024-12-08 22:56:16] [INFO] Progress: 73.4% (1836/2500)
 PPL: 19.52386842538518
[2024-12-08 22:56:16] [INFO] Current GPU memory usage: 15593.994140625 MB
[2024-12-08 22:56:18] [INFO] State: {}
[2024-12-08 22:56:18] [INFO] Progress: 73.9% (1848/2500)
 PPL: 19.526404743411078
[2024-12-08 22:56:18] [INFO] Current GPU memory usage: 15593.990234375 MB
[2024-12-08 22:56:19] [INFO] State: {}
[2024-12-08 22:56:19] [INFO] Progress: 74.4% (1860/2500)
 PPL: 19.51256187583075
[2024-12-08 22:56:19] [INFO] Current GPU memory usage: 15593.98046875 MB
[2024-12-08 22:56:21] [INFO] State: {}
[2024-12-08 22:56:21] [INFO] Progress: 74.9% (1872/2500)
 PPL: 19.522741639705252
[2024-12-08 22:56:21] [INFO] Current GPU memory usage: 15593.98388671875 MB
[2024-12-08 22:56:22] [INFO] State: {}
[2024-12-08 22:56:22] [INFO] Progress: 75.4% (1884/2500)
 PPL: 19.519862292653997
[2024-12-08 22:56:22] [INFO] Current GPU memory usage: 15593.99072265625 MB
[2024-12-08 22:56:24] [INFO] State: {}
[2024-12-08 22:56:24] [INFO] Progress: 75.8% (1896/2500)
 PPL: 19.501170760732716
[2024-12-08 22:56:24] [INFO] Current GPU memory usage: 15593.98291015625 MB
[2024-12-08 22:56:25] [INFO] State: {}
[2024-12-08 22:56:25] [INFO] Progress: 76.3% (1908/2500)
 PPL: 19.51885297784835
[2024-12-08 22:56:25] [INFO] Current GPU memory usage: 15593.9892578125 MB
[2024-12-08 22:56:27] [INFO] State: {}
[2024-12-08 22:56:27] [INFO] Progress: 76.8% (1920/2500)
 PPL: 19.52184924629134
[2024-12-08 22:56:27] [INFO] Current GPU memory usage: 15593.9853515625 MB
[2024-12-08 22:56:28] [INFO] State: {}
[2024-12-08 22:56:28] [INFO] Progress: 77.3% (1932/2500)
 PPL: 19.52214421468868
[2024-12-08 22:56:28] [INFO] Current GPU memory usage: 15593.99365234375 MB
[2024-12-08 22:56:30] [INFO] State: {}
[2024-12-08 22:56:30] [INFO] Progress: 77.8% (1944/2500)
 PPL: 19.518714566759048
[2024-12-08 22:56:30] [INFO] Current GPU memory usage: 15593.98583984375 MB
[2024-12-08 22:56:31] [INFO] State: {}
[2024-12-08 22:56:31] [INFO] Progress: 78.2% (1956/2500)
 PPL: 19.525109201770487
[2024-12-08 22:56:31] [INFO] Current GPU memory usage: 15594.0 MB
[2024-12-08 22:56:33] [INFO] State: {}
[2024-12-08 22:56:33] [INFO] Progress: 78.7% (1968/2500)
 PPL: 19.517304806346665
[2024-12-08 22:56:33] [INFO] Current GPU memory usage: 15593.9912109375 MB
[2024-12-08 22:56:35] [INFO] State: {}
[2024-12-08 22:56:35] [INFO] Progress: 79.2% (1980/2500)
 PPL: 19.501621515716607
[2024-12-08 22:56:35] [INFO] Current GPU memory usage: 15593.98583984375 MB
[2024-12-08 22:56:37] [INFO] State: {}
[2024-12-08 22:56:37] [INFO] Progress: 79.7% (1992/2500)
 PPL: 19.5114283615327
[2024-12-08 22:56:37] [INFO] Current GPU memory usage: 15593.9814453125 MB
[2024-12-08 22:56:38] [INFO] State: {}
[2024-12-08 22:56:38] [INFO] Progress: 80.2% (2004/2500)
 PPL: 19.522654980554844
[2024-12-08 22:56:38] [INFO] Current GPU memory usage: 15593.9833984375 MB
[2024-12-08 22:56:40] [INFO] State: {}
[2024-12-08 22:56:40] [INFO] Progress: 80.6% (2016/2500)
 PPL: 19.516866596797552
[2024-12-08 22:56:40] [INFO] Current GPU memory usage: 15593.97802734375 MB
[2024-12-08 22:56:42] [INFO] State: {}
[2024-12-08 22:56:42] [INFO] Progress: 81.1% (2028/2500)
 PPL: 19.51877503193727
[2024-12-08 22:56:42] [INFO] Current GPU memory usage: 15593.998046875 MB
[2024-12-08 22:56:43] [INFO] State: {}
[2024-12-08 22:56:43] [INFO] Progress: 81.6% (2040/2500)
 PPL: 19.524908594579234
[2024-12-08 22:56:43] [INFO] Current GPU memory usage: 15593.98681640625 MB
[2024-12-08 22:56:44] [INFO] State: {}
[2024-12-08 22:56:44] [INFO] Progress: 82.1% (2052/2500)
 PPL: 19.525548351808826
[2024-12-08 22:56:44] [INFO] Current GPU memory usage: 15593.98388671875 MB
[2024-12-08 22:56:46] [INFO] State: {}
[2024-12-08 22:56:46] [INFO] Progress: 82.6% (2064/2500)
 PPL: 19.536840134303716
[2024-12-08 22:56:46] [INFO] Current GPU memory usage: 15593.98876953125 MB
[2024-12-08 22:56:47] [INFO] State: {}
[2024-12-08 22:56:47] [INFO] Progress: 83.0% (2076/2500)
 PPL: 19.5357107225137
[2024-12-08 22:56:47] [INFO] Current GPU memory usage: 15593.98974609375 MB
[2024-12-08 22:56:49] [INFO] State: {}
[2024-12-08 22:56:49] [INFO] Progress: 83.5% (2088/2500)
 PPL: 19.563530392163646
[2024-12-08 22:56:49] [INFO] Current GPU memory usage: 15593.9931640625 MB
[2024-12-08 22:56:50] [INFO] State: {}
[2024-12-08 22:56:50] [INFO] Progress: 84.0% (2100/2500)
 PPL: 19.56524808103001
[2024-12-08 22:56:50] [INFO] Current GPU memory usage: 15593.986328125 MB
[2024-12-08 22:56:52] [INFO] State: {}
[2024-12-08 22:56:52] [INFO] Progress: 84.5% (2112/2500)
 PPL: 19.587258784323453
[2024-12-08 22:56:52] [INFO] Current GPU memory usage: 15593.9912109375 MB
[2024-12-08 22:56:53] [INFO] State: {}
[2024-12-08 22:56:53] [INFO] Progress: 85.0% (2124/2500)
 PPL: 19.572570796919628
[2024-12-08 22:56:53] [INFO] Current GPU memory usage: 15593.99951171875 MB
[2024-12-08 22:56:55] [INFO] State: {}
[2024-12-08 22:56:55] [INFO] Progress: 85.4% (2136/2500)
 PPL: 19.579619918005108
[2024-12-08 22:56:55] [INFO] Current GPU memory usage: 15593.978515625 MB
[2024-12-08 22:56:57] [INFO] State: {}
[2024-12-08 22:56:57] [INFO] Progress: 85.9% (2148/2500)
 PPL: 19.576075648172857
[2024-12-08 22:56:57] [INFO] Current GPU memory usage: 15593.9833984375 MB
[2024-12-08 22:56:58] [INFO] State: {}
[2024-12-08 22:56:58] [INFO] Progress: 86.4% (2160/2500)
 PPL: 19.581082184824055
[2024-12-08 22:56:58] [INFO] Current GPU memory usage: 15593.9833984375 MB
[2024-12-08 22:57:00] [INFO] State: {}
[2024-12-08 22:57:00] [INFO] Progress: 86.9% (2172/2500)
 PPL: 19.58527213440538
[2024-12-08 22:57:00] [INFO] Current GPU memory usage: 15593.9853515625 MB
[2024-12-08 22:57:01] [INFO] State: {}
[2024-12-08 22:57:01] [INFO] Progress: 87.4% (2184/2500)
 PPL: 19.56860043138639
[2024-12-08 22:57:01] [INFO] Current GPU memory usage: 15593.98779296875 MB
[2024-12-08 22:57:03] [INFO] State: {}
[2024-12-08 22:57:03] [INFO] Progress: 87.8% (2196/2500)
 PPL: 19.569867860280524
[2024-12-08 22:57:03] [INFO] Current GPU memory usage: 15593.99072265625 MB
[2024-12-08 22:57:04] [INFO] State: {}
[2024-12-08 22:57:04] [INFO] Progress: 88.3% (2208/2500)
 PPL: 19.562820595849875
[2024-12-08 22:57:04] [INFO] Current GPU memory usage: 15593.98193359375 MB
[2024-12-08 22:57:06] [INFO] State: {}
[2024-12-08 22:57:06] [INFO] Progress: 88.8% (2220/2500)
 PPL: 19.574552411593476
[2024-12-08 22:57:06] [INFO] Current GPU memory usage: 15593.98828125 MB
[2024-12-08 22:57:07] [INFO] State: {}
[2024-12-08 22:57:07] [INFO] Progress: 89.3% (2232/2500)
 PPL: 19.572237603935708
[2024-12-08 22:57:07] [INFO] Current GPU memory usage: 15593.98388671875 MB
[2024-12-08 22:57:09] [INFO] State: {}
[2024-12-08 22:57:09] [INFO] Progress: 89.8% (2244/2500)
 PPL: 19.576344784613998
[2024-12-08 22:57:09] [INFO] Current GPU memory usage: 15593.9853515625 MB
[2024-12-08 22:57:10] [INFO] State: {}
[2024-12-08 22:57:10] [INFO] Progress: 90.2% (2256/2500)
 PPL: 19.592879439544898
[2024-12-08 22:57:10] [INFO] Current GPU memory usage: 15593.99755859375 MB
[2024-12-08 22:57:12] [INFO] State: {}
[2024-12-08 22:57:12] [INFO] Progress: 90.7% (2268/2500)
 PPL: 19.590515143968556
[2024-12-08 22:57:12] [INFO] Current GPU memory usage: 15593.99560546875 MB
[2024-12-08 22:57:13] [INFO] State: {}
[2024-12-08 22:57:13] [INFO] Progress: 91.2% (2280/2500)
 PPL: 19.5963620499722
[2024-12-08 22:57:13] [INFO] Current GPU memory usage: 15593.99072265625 MB
[2024-12-08 22:57:15] [INFO] State: {}
[2024-12-08 22:57:15] [INFO] Progress: 91.7% (2292/2500)
 PPL: 19.591858187067842
[2024-12-08 22:57:15] [INFO] Current GPU memory usage: 15593.98779296875 MB
[2024-12-08 22:57:16] [INFO] State: {}
[2024-12-08 22:57:16] [INFO] Progress: 92.2% (2304/2500)
 PPL: 19.586602433213574
[2024-12-08 22:57:16] [INFO] Current GPU memory usage: 15593.99267578125 MB
[2024-12-08 22:57:18] [INFO] State: {}
[2024-12-08 22:57:18] [INFO] Progress: 92.6% (2316/2500)
 PPL: 19.59080578542647
[2024-12-08 22:57:18] [INFO] Current GPU memory usage: 15593.98876953125 MB
[2024-12-08 22:57:20] [INFO] State: {}
[2024-12-08 22:57:20] [INFO] Progress: 93.1% (2328/2500)
 PPL: 19.583802249492834
[2024-12-08 22:57:20] [INFO] Current GPU memory usage: 15593.9921875 MB
[2024-12-08 22:57:21] [INFO] State: {}
[2024-12-08 22:57:21] [INFO] Progress: 93.6% (2340/2500)
 PPL: 19.581869601742063
[2024-12-08 22:57:21] [INFO] Current GPU memory usage: 15593.99560546875 MB
[2024-12-08 22:57:23] [INFO] State: {}
[2024-12-08 22:57:23] [INFO] Progress: 94.1% (2352/2500)
 PPL: 19.57648590817809
[2024-12-08 22:57:23] [INFO] Current GPU memory usage: 15593.984375 MB
[2024-12-08 22:57:24] [INFO] State: {}
[2024-12-08 22:57:24] [INFO] Progress: 94.6% (2364/2500)
 PPL: 19.573821920095888
[2024-12-08 22:57:24] [INFO] Current GPU memory usage: 15593.98681640625 MB
[2024-12-08 22:57:26] [INFO] State: {}
[2024-12-08 22:57:26] [INFO] Progress: 95.0% (2376/2500)
 PPL: 19.572171341850648
[2024-12-08 22:57:26] [INFO] Current GPU memory usage: 15593.98583984375 MB
[2024-12-08 22:57:28] [INFO] State: {}
[2024-12-08 22:57:28] [INFO] Progress: 95.5% (2388/2500)
 PPL: 19.566197626278107
[2024-12-08 22:57:28] [INFO] Current GPU memory usage: 15593.990234375 MB
[2024-12-08 22:57:29] [INFO] State: {}
[2024-12-08 22:57:29] [INFO] Progress: 96.0% (2400/2500)
 PPL: 19.551918513933376
[2024-12-08 22:57:29] [INFO] Current GPU memory usage: 15593.98828125 MB
[2024-12-08 22:57:31] [INFO] State: {}
[2024-12-08 22:57:31] [INFO] Progress: 96.5% (2412/2500)
 PPL: 19.54696858237687
[2024-12-08 22:57:31] [INFO] Current GPU memory usage: 15593.9892578125 MB
[2024-12-08 22:57:33] [INFO] State: {}
[2024-12-08 22:57:33] [INFO] Progress: 97.0% (2424/2500)
 PPL: 19.549204939973887
[2024-12-08 22:57:33] [INFO] Current GPU memory usage: 15593.9892578125 MB
[2024-12-08 22:57:34] [INFO] State: {}
[2024-12-08 22:57:34] [INFO] Progress: 97.4% (2436/2500)
 PPL: 19.560111522891937
[2024-12-08 22:57:34] [INFO] Current GPU memory usage: 15593.982421875 MB
[2024-12-08 22:57:35] [INFO] State: {}
[2024-12-08 22:57:35] [INFO] Progress: 97.9% (2448/2500)
 PPL: 19.561339123468912
[2024-12-08 22:57:35] [INFO] Current GPU memory usage: 15593.9921875 MB
[2024-12-08 22:57:37] [INFO] State: {}
[2024-12-08 22:57:37] [INFO] Progress: 98.4% (2460/2500)
 PPL: 19.56262670536629
[2024-12-08 22:57:37] [INFO] Current GPU memory usage: 15593.984375 MB
[2024-12-08 22:57:38] [INFO] State: {}
[2024-12-08 22:57:38] [INFO] Progress: 98.9% (2472/2500)
 PPL: 19.563913201805267
[2024-12-08 22:57:38] [INFO] Current GPU memory usage: 15593.98681640625 MB
[2024-12-08 22:57:40] [INFO] State: {}
[2024-12-08 22:57:40] [INFO] Progress: 99.4% (2484/2500)
 PPL: 19.565231762852697
[2024-12-08 22:57:40] [INFO] Current GPU memory usage: 15593.98583984375 MB
[2024-12-08 22:57:41] [INFO] State: {}
[2024-12-08 22:57:41] [INFO] Progress: 99.8% (2496/2500)
 PPL: 19.56942374263081
[2024-12-08 22:57:41] [INFO] Current GPU memory usage: 15593.984375 MB
[2024-12-08 22:57:42] [INFO] Perplexity: 19.573947098778614
[2024-12-08 22:57:42] [INFO] CUDA Memory Summary:
[2024-12-08 22:57:42] [INFO] |===========================================================================|
|                  PyTorch CUDA memory summary, device ID 0                 |
|---------------------------------------------------------------------------|
|            CUDA OOMs: 0            |        cudaMalloc retries: 0         |
|===========================================================================|
|        Metric         | Cur Usage  | Peak Usage | Tot Alloc  | Tot Freed  |
|---------------------------------------------------------------------------|
| Allocated memory      |  15593 MiB |  19602 MiB |  54304 GiB |  54289 GiB |
|       from large pool |  15593 MiB |  19601 MiB |  54278 GiB |  54263 GiB |
|       from small pool |      0 MiB |      8 MiB |     26 GiB |     26 GiB |
|---------------------------------------------------------------------------|
| Active memory         |  15593 MiB |  19602 MiB |  54304 GiB |  54289 GiB |
|       from large pool |  15593 MiB |  19601 MiB |  54278 GiB |  54263 GiB |
|       from small pool |      0 MiB |      8 MiB |     26 GiB |     26 GiB |
|---------------------------------------------------------------------------|
| Requested memory      |  15593 MiB |  19602 MiB |  54304 GiB |  54289 GiB |
|       from large pool |  15593 MiB |  19601 MiB |  54278 GiB |  54263 GiB |
|       from small pool |      0 MiB |      8 MiB |     25 GiB |     25 GiB |
|---------------------------------------------------------------------------|
| GPU reserved memory   |  20730 MiB |  20730 MiB |  20730 MiB |      0 B   |
|       from large pool |  20720 MiB |  20720 MiB |  20720 MiB |      0 B   |
|       from small pool |     10 MiB |     10 MiB |     10 MiB |      0 B   |
|---------------------------------------------------------------------------|
| Non-releasable memory |      0 B   |      0 B   |      0 B   |      0 B   |
|       from large pool |      0 B   |      0 B   |      0 B   |      0 B   |
|       from small pool |      0 B   |      0 B   |      0 B   |      0 B   |
|---------------------------------------------------------------------------|
| Allocations           |     323    |     346    |    3378 K  |    3377 K  |
|       from large pool |     258    |     269    |    2824 K  |    2824 K  |
|       from small pool |      65    |      85    |     553 K  |     553 K  |
|---------------------------------------------------------------------------|
| Active allocs         |     323    |     346    |    3378 K  |    3377 K  |
|       from large pool |     258    |     269    |    2824 K  |    2824 K  |
|       from small pool |      65    |      85    |     553 K  |     553 K  |
|---------------------------------------------------------------------------|
| GPU reserved segments |       0    |       0    |       0    |       0    |
|       from large pool |       0    |       0    |       0    |       0    |
|       from small pool |       0    |       0    |       0    |       0    |
|---------------------------------------------------------------------------|
| Non-releasable allocs |       0    |       0    |       0    |       0    |
|       from large pool |       0    |       0    |       0    |       0    |
|       from small pool |       0    |       0    |       0    |       0    |
|---------------------------------------------------------------------------|
| Oversize allocations  |       0    |       0    |       0    |       0    |
|---------------------------------------------------------------------------|
| Oversize GPU segments |       0    |       0    |       0    |       0    |
|===========================================================================|

[2024-12-08 22:57:42] [INFO] FIN.
