[2024-12-08 23:58:15] [INFO] #### Starting activation capture script.
[2024-12-08 23:58:15] [INFO] #### Arguments:
[2024-12-08 23:58:15] [INFO] # model_dir=/workspace/llama_3.2-3B_model/original
[2024-12-08 23:58:15] [INFO] # sae_dir=/workspace/sae_final_2024-10-28.pth
[2024-12-08 23:58:15] [INFO] # num_samples=20000
[2024-12-08 23:58:15] [INFO] # drop latents=100
[2024-12-08 23:58:15] [INFO] #### GPU Configuration:
[2024-12-08 23:58:15] [INFO] # device=cuda
[2024-12-08 23:58:15] [INFO] #### Configuration:
[2024-12-08 23:58:15] [INFO] # batch_size=8
[2024-12-08 23:58:15] [INFO] # dataloader_num_workers=4
[2024-12-08 23:58:15] [INFO] # dtype=torch.bfloat16
[2024-12-08 23:58:15] [INFO] # max_token_length=512
[2024-12-08 23:58:15] [INFO] # add_bos_token=True
[2024-12-08 23:58:15] [INFO] # dataset_shuffle=True
[2024-12-08 23:58:15] [INFO] Loading tokenizer...
[2024-12-08 23:58:16] [INFO] Creating dataset, sampler and dataloader...
[2024-12-08 23:58:16] [INFO] Initializing Wikitext2 Dataset with max_token_length=512...
[2024-12-08 23:58:17] [INFO] Shuffling the dataset...
[2024-12-08 23:58:17] [INFO] Dataset size: 20000 samples
[2024-12-08 23:58:17] [INFO] Dataloader created with 2500 batches.
[2024-12-08 23:58:17] [INFO] Loading activation mask masks/mask_100
[2024-12-08 23:58:17] [INFO] Initializing SAE from /workspace/sae_final_2024-10-28.pth
[2024-12-08 23:58:17] [INFO] Loading TopK SAE model weights and config from: /workspace/sae_final_2024-10-28.pth
[2024-12-08 23:58:18] [INFO] Initializing TopK SAE model and loading state dict...
[2024-12-08 23:58:40] [INFO] Moving model to device cuda and setting to eval mode...
[2024-12-08 23:58:40] [INFO] Loading model parameters from /workspace/llama_3.2-3B_model/original/params.json...
[2024-12-08 23:58:40] [INFO] Initializing model on CPU...
[2024-12-08 23:59:13] [INFO] Loading model weights into CPU memory...
[2024-12-08 23:59:17] [INFO] Loading model weights into model...
[2024-12-08 23:59:20] [INFO] Model weights loaded successfully. Moving model to device cuda...
[2024-12-08 23:59:21] [INFO] Setting model to eval mode...
[2024-12-08 23:59:21] [INFO] Model created successfully.
[2024-12-08 23:59:21] [INFO] Starting capture of activations...
[2024-12-08 23:59:25] [INFO] State: {}
[2024-12-08 23:59:25] [INFO] Progress: 0.5% (12/2500)
 PPL: 20.28493803846939
[2024-12-08 23:59:25] [INFO] Current GPU memory usage: 15593.9853515625 MB
[2024-12-08 23:59:27] [INFO] State: {}
[2024-12-08 23:59:27] [INFO] Progress: 1.0% (24/2500)
 PPL: 21.179903044732278
[2024-12-08 23:59:27] [INFO] Current GPU memory usage: 15593.9873046875 MB
[2024-12-08 23:59:29] [INFO] State: {}
[2024-12-08 23:59:29] [INFO] Progress: 1.4% (36/2500)
 PPL: 20.576942825701348
[2024-12-08 23:59:29] [INFO] Current GPU memory usage: 15593.9921875 MB
[2024-12-08 23:59:30] [INFO] State: {}
[2024-12-08 23:59:30] [INFO] Progress: 1.9% (48/2500)
 PPL: 20.337942052026044
[2024-12-08 23:59:30] [INFO] Current GPU memory usage: 15593.98486328125 MB
[2024-12-08 23:59:32] [INFO] State: {}
[2024-12-08 23:59:32] [INFO] Progress: 2.4% (60/2500)
 PPL: 20.650155074207426
[2024-12-08 23:59:32] [INFO] Current GPU memory usage: 15593.998046875 MB
[2024-12-08 23:59:33] [INFO] State: {}
[2024-12-08 23:59:33] [INFO] Progress: 2.9% (72/2500)
 PPL: 20.61187331273819
[2024-12-08 23:59:33] [INFO] Current GPU memory usage: 15593.974609375 MB
[2024-12-08 23:59:35] [INFO] State: {}
[2024-12-08 23:59:35] [INFO] Progress: 3.4% (84/2500)
 PPL: 20.66794087597791
[2024-12-08 23:59:35] [INFO] Current GPU memory usage: 15593.99658203125 MB
[2024-12-08 23:59:36] [INFO] State: {}
[2024-12-08 23:59:36] [INFO] Progress: 3.8% (96/2500)
 PPL: 21.142567367521607
[2024-12-08 23:59:36] [INFO] Current GPU memory usage: 15593.982421875 MB
[2024-12-08 23:59:37] [INFO] State: {}
[2024-12-08 23:59:37] [INFO] Progress: 4.3% (108/2500)
 PPL: 21.1237382887268
[2024-12-08 23:59:37] [INFO] Current GPU memory usage: 15593.9853515625 MB
[2024-12-08 23:59:39] [INFO] State: {}
[2024-12-08 23:59:39] [INFO] Progress: 4.8% (120/2500)
 PPL: 21.47961716118779
[2024-12-08 23:59:39] [INFO] Current GPU memory usage: 15593.974609375 MB
[2024-12-08 23:59:40] [INFO] State: {}
[2024-12-08 23:59:40] [INFO] Progress: 5.3% (132/2500)
 PPL: 21.597418744004106
[2024-12-08 23:59:40] [INFO] Current GPU memory usage: 15593.98828125 MB
[2024-12-08 23:59:42] [INFO] State: {}
[2024-12-08 23:59:42] [INFO] Progress: 5.8% (144/2500)
 PPL: 21.59885107501228
[2024-12-08 23:59:42] [INFO] Current GPU memory usage: 15593.98095703125 MB
[2024-12-08 23:59:43] [INFO] State: {}
[2024-12-08 23:59:43] [INFO] Progress: 6.2% (156/2500)
 PPL: 21.51456290300948
[2024-12-08 23:59:43] [INFO] Current GPU memory usage: 15593.98583984375 MB
[2024-12-08 23:59:45] [INFO] State: {}
[2024-12-08 23:59:45] [INFO] Progress: 6.7% (168/2500)
 PPL: 21.580712952624992
[2024-12-08 23:59:45] [INFO] Current GPU memory usage: 15593.98486328125 MB
[2024-12-08 23:59:47] [INFO] State: {}
[2024-12-08 23:59:47] [INFO] Progress: 7.2% (180/2500)
 PPL: 21.52843351721669
[2024-12-08 23:59:47] [INFO] Current GPU memory usage: 15594.00390625 MB
[2024-12-08 23:59:49] [INFO] State: {}
[2024-12-08 23:59:49] [INFO] Progress: 7.7% (192/2500)
 PPL: 21.589930981176895
[2024-12-08 23:59:49] [INFO] Current GPU memory usage: 15594.0 MB
[2024-12-08 23:59:50] [INFO] State: {}
[2024-12-08 23:59:50] [INFO] Progress: 8.2% (204/2500)
 PPL: 21.34067775383219
[2024-12-08 23:59:50] [INFO] Current GPU memory usage: 15593.984375 MB
[2024-12-08 23:59:52] [INFO] State: {}
[2024-12-08 23:59:52] [INFO] Progress: 8.6% (216/2500)
 PPL: 21.275411202886733
[2024-12-08 23:59:52] [INFO] Current GPU memory usage: 15594.00439453125 MB
[2024-12-08 23:59:53] [INFO] State: {}
[2024-12-08 23:59:53] [INFO] Progress: 9.1% (228/2500)
 PPL: 21.246557141265463
[2024-12-08 23:59:53] [INFO] Current GPU memory usage: 15593.9951171875 MB
[2024-12-08 23:59:55] [INFO] State: {}
[2024-12-08 23:59:55] [INFO] Progress: 9.6% (240/2500)
 PPL: 21.16951821008924
[2024-12-08 23:59:55] [INFO] Current GPU memory usage: 15593.98388671875 MB
[2024-12-08 23:59:57] [INFO] State: {}
[2024-12-08 23:59:57] [INFO] Progress: 10.1% (252/2500)
 PPL: 21.03472480218562
[2024-12-08 23:59:57] [INFO] Current GPU memory usage: 15593.9833984375 MB
[2024-12-08 23:59:59] [INFO] State: {}
[2024-12-08 23:59:59] [INFO] Progress: 10.6% (264/2500)
 PPL: 21.104413172070505
[2024-12-08 23:59:59] [INFO] Current GPU memory usage: 15593.98388671875 MB
[2024-12-09 00:00:00] [INFO] State: {}
[2024-12-09 00:00:00] [INFO] Progress: 11.0% (276/2500)
 PPL: 21.096954438572684
[2024-12-09 00:00:00] [INFO] Current GPU memory usage: 15593.9853515625 MB
[2024-12-09 00:00:02] [INFO] State: {}
[2024-12-09 00:00:02] [INFO] Progress: 11.5% (288/2500)
 PPL: 21.135253390321637
[2024-12-09 00:00:02] [INFO] Current GPU memory usage: 15593.986328125 MB
[2024-12-09 00:00:03] [INFO] State: {}
[2024-12-09 00:00:03] [INFO] Progress: 12.0% (300/2500)
 PPL: 21.125901318654336
[2024-12-09 00:00:03] [INFO] Current GPU memory usage: 15593.99755859375 MB
[2024-12-09 00:00:05] [INFO] State: {}
[2024-12-09 00:00:05] [INFO] Progress: 12.5% (312/2500)
 PPL: 21.06211104396074
[2024-12-09 00:00:05] [INFO] Current GPU memory usage: 15593.9775390625 MB
[2024-12-09 00:00:07] [INFO] State: {}
[2024-12-09 00:00:07] [INFO] Progress: 13.0% (324/2500)
 PPL: 21.090455301042322
[2024-12-09 00:00:07] [INFO] Current GPU memory usage: 15593.99462890625 MB
[2024-12-09 00:00:08] [INFO] State: {}
[2024-12-09 00:00:08] [INFO] Progress: 13.4% (336/2500)
 PPL: 21.139461520107492
[2024-12-09 00:00:08] [INFO] Current GPU memory usage: 15593.990234375 MB
[2024-12-09 00:00:10] [INFO] State: {}
[2024-12-09 00:00:10] [INFO] Progress: 13.9% (348/2500)
 PPL: 21.112324372706894
[2024-12-09 00:00:10] [INFO] Current GPU memory usage: 15593.98193359375 MB
[2024-12-09 00:00:12] [INFO] State: {}
[2024-12-09 00:00:12] [INFO] Progress: 14.4% (360/2500)
 PPL: 21.190863157957924
[2024-12-09 00:00:12] [INFO] Current GPU memory usage: 15593.9794921875 MB
[2024-12-09 00:00:13] [INFO] State: {}
[2024-12-09 00:00:13] [INFO] Progress: 14.9% (372/2500)
 PPL: 21.172560589266062
[2024-12-09 00:00:13] [INFO] Current GPU memory usage: 15593.982421875 MB
[2024-12-09 00:00:14] [INFO] State: {}
[2024-12-09 00:00:14] [INFO] Progress: 15.4% (384/2500)
 PPL: 21.210791270979293
[2024-12-09 00:00:14] [INFO] Current GPU memory usage: 15593.99072265625 MB
[2024-12-09 00:00:16] [INFO] State: {}
[2024-12-09 00:00:16] [INFO] Progress: 15.8% (396/2500)
 PPL: 21.354779393196996
[2024-12-09 00:00:16] [INFO] Current GPU memory usage: 15593.9912109375 MB
[2024-12-09 00:00:18] [INFO] State: {}
[2024-12-09 00:00:18] [INFO] Progress: 16.3% (408/2500)
 PPL: 21.4377031016642
[2024-12-09 00:00:18] [INFO] Current GPU memory usage: 15593.9892578125 MB
[2024-12-09 00:00:20] [INFO] State: {}
[2024-12-09 00:00:20] [INFO] Progress: 16.8% (420/2500)
 PPL: 21.38911731711448
[2024-12-09 00:00:20] [INFO] Current GPU memory usage: 15593.9970703125 MB
[2024-12-09 00:00:21] [INFO] State: {}
[2024-12-09 00:00:21] [INFO] Progress: 17.3% (432/2500)
 PPL: 21.378465539762836
[2024-12-09 00:00:21] [INFO] Current GPU memory usage: 15593.99072265625 MB
[2024-12-09 00:00:23] [INFO] State: {}
[2024-12-09 00:00:23] [INFO] Progress: 17.8% (444/2500)
 PPL: 21.328022231515757
[2024-12-09 00:00:23] [INFO] Current GPU memory usage: 15593.98388671875 MB
[2024-12-09 00:00:25] [INFO] State: {}
[2024-12-09 00:00:25] [INFO] Progress: 18.2% (456/2500)
 PPL: 21.29832003405008
[2024-12-09 00:00:25] [INFO] Current GPU memory usage: 15593.9853515625 MB
[2024-12-09 00:00:26] [INFO] State: {}
[2024-12-09 00:00:26] [INFO] Progress: 18.7% (468/2500)
 PPL: 21.34868317656324
[2024-12-09 00:00:26] [INFO] Current GPU memory usage: 15593.994140625 MB
[2024-12-09 00:00:28] [INFO] State: {}
[2024-12-09 00:00:28] [INFO] Progress: 19.2% (480/2500)
 PPL: 21.336165794837573
[2024-12-09 00:00:28] [INFO] Current GPU memory usage: 15593.98876953125 MB
[2024-12-09 00:00:29] [INFO] State: {}
[2024-12-09 00:00:29] [INFO] Progress: 19.7% (492/2500)
 PPL: 21.311950087920017
[2024-12-09 00:00:29] [INFO] Current GPU memory usage: 15593.98681640625 MB
[2024-12-09 00:00:31] [INFO] State: {}
[2024-12-09 00:00:31] [INFO] Progress: 20.2% (504/2500)
 PPL: 21.283017499502474
[2024-12-09 00:00:31] [INFO] Current GPU memory usage: 15593.98681640625 MB
[2024-12-09 00:00:33] [INFO] State: {}
[2024-12-09 00:00:33] [INFO] Progress: 20.6% (516/2500)
 PPL: 21.29387731633333
[2024-12-09 00:00:33] [INFO] Current GPU memory usage: 15593.99658203125 MB
[2024-12-09 00:00:35] [INFO] State: {}
[2024-12-09 00:00:35] [INFO] Progress: 21.1% (528/2500)
 PPL: 21.221377314753116
[2024-12-09 00:00:35] [INFO] Current GPU memory usage: 15593.984375 MB
[2024-12-09 00:00:36] [INFO] State: {}
[2024-12-09 00:00:36] [INFO] Progress: 21.6% (540/2500)
 PPL: 21.2082064672532
[2024-12-09 00:00:36] [INFO] Current GPU memory usage: 15593.99169921875 MB
[2024-12-09 00:00:38] [INFO] State: {}
[2024-12-09 00:00:38] [INFO] Progress: 22.1% (552/2500)
 PPL: 21.241144198292737
[2024-12-09 00:00:38] [INFO] Current GPU memory usage: 15593.98388671875 MB
[2024-12-09 00:00:39] [INFO] State: {}
[2024-12-09 00:00:39] [INFO] Progress: 22.6% (564/2500)
 PPL: 21.217693958493097
[2024-12-09 00:00:39] [INFO] Current GPU memory usage: 15593.99072265625 MB
[2024-12-09 00:00:41] [INFO] State: {}
[2024-12-09 00:00:41] [INFO] Progress: 23.0% (576/2500)
 PPL: 21.22395540768137
[2024-12-09 00:00:41] [INFO] Current GPU memory usage: 15593.98779296875 MB
[2024-12-09 00:00:43] [INFO] State: {}
[2024-12-09 00:00:43] [INFO] Progress: 23.5% (588/2500)
 PPL: 21.256066584403595
[2024-12-09 00:00:43] [INFO] Current GPU memory usage: 15593.9892578125 MB
[2024-12-09 00:00:45] [INFO] State: {}
[2024-12-09 00:00:45] [INFO] Progress: 24.0% (600/2500)
 PPL: 21.25748394894522
[2024-12-09 00:00:45] [INFO] Current GPU memory usage: 15593.9794921875 MB
[2024-12-09 00:00:46] [INFO] State: {}
[2024-12-09 00:00:46] [INFO] Progress: 24.5% (612/2500)
 PPL: 21.27986862862345
[2024-12-09 00:00:46] [INFO] Current GPU memory usage: 15593.982421875 MB
[2024-12-09 00:00:48] [INFO] State: {}
[2024-12-09 00:00:48] [INFO] Progress: 25.0% (624/2500)
 PPL: 21.305534941077426
[2024-12-09 00:00:48] [INFO] Current GPU memory usage: 15593.98486328125 MB
[2024-12-09 00:00:50] [INFO] State: {}
[2024-12-09 00:00:50] [INFO] Progress: 25.4% (636/2500)
 PPL: 21.310859152290476
[2024-12-09 00:00:50] [INFO] Current GPU memory usage: 15593.98681640625 MB
[2024-12-09 00:00:51] [INFO] State: {}
[2024-12-09 00:00:51] [INFO] Progress: 25.9% (648/2500)
 PPL: 21.34796555174762
[2024-12-09 00:00:51] [INFO] Current GPU memory usage: 15593.98193359375 MB
[2024-12-09 00:00:53] [INFO] State: {}
[2024-12-09 00:00:53] [INFO] Progress: 26.4% (660/2500)
 PPL: 21.377719098838668
[2024-12-09 00:00:53] [INFO] Current GPU memory usage: 15593.98876953125 MB
[2024-12-09 00:00:55] [INFO] State: {}
[2024-12-09 00:00:55] [INFO] Progress: 26.9% (672/2500)
 PPL: 21.419856997502745
[2024-12-09 00:00:55] [INFO] Current GPU memory usage: 15593.98583984375 MB
[2024-12-09 00:00:56] [INFO] State: {}
[2024-12-09 00:00:56] [INFO] Progress: 27.4% (684/2500)
 PPL: 21.40819614351894
[2024-12-09 00:00:56] [INFO] Current GPU memory usage: 15593.97509765625 MB
[2024-12-09 00:00:57] [INFO] State: {}
[2024-12-09 00:00:57] [INFO] Progress: 27.8% (696/2500)
 PPL: 21.337411406547027
[2024-12-09 00:00:57] [INFO] Current GPU memory usage: 15593.98486328125 MB
[2024-12-09 00:00:59] [INFO] State: {}
[2024-12-09 00:00:59] [INFO] Progress: 28.3% (708/2500)
 PPL: 21.354874997429377
[2024-12-09 00:00:59] [INFO] Current GPU memory usage: 15593.99072265625 MB
[2024-12-09 00:01:00] [INFO] State: {}
[2024-12-09 00:01:00] [INFO] Progress: 28.8% (720/2500)
 PPL: 21.345404156727124
[2024-12-09 00:01:00] [INFO] Current GPU memory usage: 15593.99365234375 MB
[2024-12-09 00:01:02] [INFO] State: {}
[2024-12-09 00:01:02] [INFO] Progress: 29.3% (732/2500)
 PPL: 21.354803896420716
[2024-12-09 00:01:02] [INFO] Current GPU memory usage: 15593.9853515625 MB
[2024-12-09 00:01:03] [INFO] State: {}
[2024-12-09 00:01:03] [INFO] Progress: 29.8% (744/2500)
 PPL: 21.353485629642584
[2024-12-09 00:01:03] [INFO] Current GPU memory usage: 15593.98388671875 MB
[2024-12-09 00:01:05] [INFO] State: {}
[2024-12-09 00:01:05] [INFO] Progress: 30.2% (756/2500)
 PPL: 21.290044012149824
[2024-12-09 00:01:05] [INFO] Current GPU memory usage: 15593.9853515625 MB
[2024-12-09 00:01:07] [INFO] State: {}
[2024-12-09 00:01:07] [INFO] Progress: 30.7% (768/2500)
 PPL: 21.299647069902058
[2024-12-09 00:01:07] [INFO] Current GPU memory usage: 15593.98828125 MB
[2024-12-09 00:01:08] [INFO] State: {}
[2024-12-09 00:01:08] [INFO] Progress: 31.2% (780/2500)
 PPL: 21.33857785364752
[2024-12-09 00:01:08] [INFO] Current GPU memory usage: 15593.98388671875 MB
[2024-12-09 00:01:10] [INFO] State: {}
[2024-12-09 00:01:10] [INFO] Progress: 31.7% (792/2500)
 PPL: 21.352013811897304
[2024-12-09 00:01:10] [INFO] Current GPU memory usage: 15593.9833984375 MB
[2024-12-09 00:01:11] [INFO] State: {}
[2024-12-09 00:01:11] [INFO] Progress: 32.2% (804/2500)
 PPL: 21.37052015636137
[2024-12-09 00:01:11] [INFO] Current GPU memory usage: 15593.97900390625 MB
[2024-12-09 00:01:12] [INFO] State: {}
[2024-12-09 00:01:12] [INFO] Progress: 32.6% (816/2500)
 PPL: 21.386097714254824
[2024-12-09 00:01:12] [INFO] Current GPU memory usage: 15593.98583984375 MB
[2024-12-09 00:01:14] [INFO] State: {}
[2024-12-09 00:01:14] [INFO] Progress: 33.1% (828/2500)
 PPL: 21.406190681388512
[2024-12-09 00:01:14] [INFO] Current GPU memory usage: 15593.98486328125 MB
[2024-12-09 00:01:16] [INFO] State: {}
[2024-12-09 00:01:16] [INFO] Progress: 33.6% (840/2500)
 PPL: 21.386441010223773
[2024-12-09 00:01:16] [INFO] Current GPU memory usage: 15593.994140625 MB
[2024-12-09 00:01:17] [INFO] State: {}
[2024-12-09 00:01:17] [INFO] Progress: 34.1% (852/2500)
 PPL: 21.37465653839115
[2024-12-09 00:01:17] [INFO] Current GPU memory usage: 15593.98388671875 MB
[2024-12-09 00:01:19] [INFO] State: {}
[2024-12-09 00:01:19] [INFO] Progress: 34.6% (864/2500)
 PPL: 21.36444813461267
[2024-12-09 00:01:19] [INFO] Current GPU memory usage: 15593.98486328125 MB
[2024-12-09 00:01:20] [INFO] State: {}
[2024-12-09 00:01:20] [INFO] Progress: 35.0% (876/2500)
 PPL: 21.340697223802074
[2024-12-09 00:01:20] [INFO] Current GPU memory usage: 15593.9931640625 MB
[2024-12-09 00:01:22] [INFO] State: {}
[2024-12-09 00:01:22] [INFO] Progress: 35.5% (888/2500)
 PPL: 21.355375769669642
[2024-12-09 00:01:22] [INFO] Current GPU memory usage: 15593.98974609375 MB
[2024-12-09 00:01:23] [INFO] State: {}
[2024-12-09 00:01:23] [INFO] Progress: 36.0% (900/2500)
 PPL: 21.324893534964467
[2024-12-09 00:01:23] [INFO] Current GPU memory usage: 15593.984375 MB
[2024-12-09 00:01:25] [INFO] State: {}
[2024-12-09 00:01:25] [INFO] Progress: 36.5% (912/2500)
 PPL: 21.28242269905353
[2024-12-09 00:01:25] [INFO] Current GPU memory usage: 15593.9921875 MB
[2024-12-09 00:01:27] [INFO] State: {}
[2024-12-09 00:01:27] [INFO] Progress: 37.0% (924/2500)
 PPL: 21.261056713644336
[2024-12-09 00:01:27] [INFO] Current GPU memory usage: 15593.97802734375 MB
[2024-12-09 00:01:28] [INFO] State: {}
[2024-12-09 00:01:28] [INFO] Progress: 37.4% (936/2500)
 PPL: 21.235830976948517
[2024-12-09 00:01:28] [INFO] Current GPU memory usage: 15593.98291015625 MB
[2024-12-09 00:01:30] [INFO] State: {}
[2024-12-09 00:01:30] [INFO] Progress: 37.9% (948/2500)
 PPL: 21.24690088044056
[2024-12-09 00:01:30] [INFO] Current GPU memory usage: 15593.98388671875 MB
[2024-12-09 00:01:31] [INFO] State: {}
[2024-12-09 00:01:31] [INFO] Progress: 38.4% (960/2500)
 PPL: 21.23886637515351
[2024-12-09 00:01:31] [INFO] Current GPU memory usage: 15594.00048828125 MB
[2024-12-09 00:01:33] [INFO] State: {}
[2024-12-09 00:01:33] [INFO] Progress: 38.9% (972/2500)
 PPL: 21.264185555684744
[2024-12-09 00:01:33] [INFO] Current GPU memory usage: 15593.986328125 MB
[2024-12-09 00:01:34] [INFO] State: {}
[2024-12-09 00:01:34] [INFO] Progress: 39.4% (984/2500)
 PPL: 21.24052085887977
[2024-12-09 00:01:34] [INFO] Current GPU memory usage: 15593.9873046875 MB
[2024-12-09 00:01:36] [INFO] State: {}
[2024-12-09 00:01:36] [INFO] Progress: 39.8% (996/2500)
 PPL: 21.251962785636074
[2024-12-09 00:01:36] [INFO] Current GPU memory usage: 15593.9853515625 MB
[2024-12-09 00:01:37] [INFO] State: {}
[2024-12-09 00:01:37] [INFO] Progress: 40.3% (1008/2500)
 PPL: 21.233723621410572
[2024-12-09 00:01:37] [INFO] Current GPU memory usage: 15593.98486328125 MB
[2024-12-09 00:01:39] [INFO] State: {}
[2024-12-09 00:01:39] [INFO] Progress: 40.8% (1020/2500)
 PPL: 21.226820695449106
[2024-12-09 00:01:39] [INFO] Current GPU memory usage: 15593.9921875 MB
[2024-12-09 00:01:40] [INFO] State: {}
[2024-12-09 00:01:40] [INFO] Progress: 41.3% (1032/2500)
 PPL: 21.24234946909814
[2024-12-09 00:01:40] [INFO] Current GPU memory usage: 15593.9755859375 MB
[2024-12-09 00:01:42] [INFO] State: {}
[2024-12-09 00:01:42] [INFO] Progress: 41.8% (1044/2500)
 PPL: 21.242800635299865
[2024-12-09 00:01:42] [INFO] Current GPU memory usage: 15594.0048828125 MB
[2024-12-09 00:01:44] [INFO] State: {}
[2024-12-09 00:01:44] [INFO] Progress: 42.2% (1056/2500)
 PPL: 21.239853044083073
[2024-12-09 00:01:44] [INFO] Current GPU memory usage: 15593.9951171875 MB
[2024-12-09 00:01:46] [INFO] State: {}
[2024-12-09 00:01:46] [INFO] Progress: 42.7% (1068/2500)
 PPL: 21.215455209187088
[2024-12-09 00:01:46] [INFO] Current GPU memory usage: 15593.982421875 MB
[2024-12-09 00:01:48] [INFO] State: {}
[2024-12-09 00:01:48] [INFO] Progress: 43.2% (1080/2500)
 PPL: 21.20058548396053
[2024-12-09 00:01:48] [INFO] Current GPU memory usage: 15593.982421875 MB
[2024-12-09 00:01:49] [INFO] State: {}
[2024-12-09 00:01:49] [INFO] Progress: 43.7% (1092/2500)
 PPL: 21.20421775507431
[2024-12-09 00:01:49] [INFO] Current GPU memory usage: 15593.98486328125 MB
[2024-12-09 00:01:51] [INFO] State: {}
[2024-12-09 00:01:51] [INFO] Progress: 44.2% (1104/2500)
 PPL: 21.21256079114852
[2024-12-09 00:01:51] [INFO] Current GPU memory usage: 15593.9951171875 MB
[2024-12-09 00:01:52] [INFO] State: {}
[2024-12-09 00:01:52] [INFO] Progress: 44.6% (1116/2500)
 PPL: 21.206681986230333
[2024-12-09 00:01:52] [INFO] Current GPU memory usage: 15593.98193359375 MB
[2024-12-09 00:01:54] [INFO] State: {}
[2024-12-09 00:01:54] [INFO] Progress: 45.1% (1128/2500)
 PPL: 21.208241730325774
[2024-12-09 00:01:54] [INFO] Current GPU memory usage: 15593.98876953125 MB
[2024-12-09 00:01:55] [INFO] State: {}
[2024-12-09 00:01:55] [INFO] Progress: 45.6% (1140/2500)
 PPL: 21.216180971899156
[2024-12-09 00:01:55] [INFO] Current GPU memory usage: 15593.9912109375 MB
[2024-12-09 00:01:57] [INFO] State: {}
[2024-12-09 00:01:57] [INFO] Progress: 46.1% (1152/2500)
 PPL: 21.187444370254337
[2024-12-09 00:01:57] [INFO] Current GPU memory usage: 15593.986328125 MB
[2024-12-09 00:01:59] [INFO] State: {}
[2024-12-09 00:01:59] [INFO] Progress: 46.6% (1164/2500)
 PPL: 21.19719005239891
[2024-12-09 00:01:59] [INFO] Current GPU memory usage: 15593.9833984375 MB
[2024-12-09 00:02:00] [INFO] State: {}
[2024-12-09 00:02:00] [INFO] Progress: 47.0% (1176/2500)
 PPL: 21.180361411853795
[2024-12-09 00:02:00] [INFO] Current GPU memory usage: 15593.9951171875 MB
[2024-12-09 00:02:02] [INFO] State: {}
[2024-12-09 00:02:02] [INFO] Progress: 47.5% (1188/2500)
 PPL: 21.19322975082663
[2024-12-09 00:02:02] [INFO] Current GPU memory usage: 15593.984375 MB
[2024-12-09 00:02:04] [INFO] State: {}
[2024-12-09 00:02:04] [INFO] Progress: 48.0% (1200/2500)
 PPL: 21.1736391051359
[2024-12-09 00:02:04] [INFO] Current GPU memory usage: 15593.986328125 MB
[2024-12-09 00:02:05] [INFO] State: {}
[2024-12-09 00:02:05] [INFO] Progress: 48.5% (1212/2500)
 PPL: 21.167289910759628
[2024-12-09 00:02:05] [INFO] Current GPU memory usage: 15593.99365234375 MB
[2024-12-09 00:02:07] [INFO] State: {}
[2024-12-09 00:02:07] [INFO] Progress: 49.0% (1224/2500)
 PPL: 21.15734948743117
[2024-12-09 00:02:07] [INFO] Current GPU memory usage: 15593.98876953125 MB
[2024-12-09 00:02:08] [INFO] State: {}
[2024-12-09 00:02:08] [INFO] Progress: 49.4% (1236/2500)
 PPL: 21.156831483861612
[2024-12-09 00:02:08] [INFO] Current GPU memory usage: 15593.9873046875 MB
[2024-12-09 00:02:10] [INFO] State: {}
[2024-12-09 00:02:10] [INFO] Progress: 49.9% (1248/2500)
 PPL: 21.147133133316462
[2024-12-09 00:02:10] [INFO] Current GPU memory usage: 15593.984375 MB
[2024-12-09 00:02:11] [INFO] State: {}
[2024-12-09 00:02:11] [INFO] Progress: 50.4% (1260/2500)
 PPL: 21.14706914205857
[2024-12-09 00:02:11] [INFO] Current GPU memory usage: 15593.994140625 MB
[2024-12-09 00:02:13] [INFO] State: {}
[2024-12-09 00:02:13] [INFO] Progress: 50.9% (1272/2500)
 PPL: 21.129977021691932
[2024-12-09 00:02:13] [INFO] Current GPU memory usage: 15593.9990234375 MB
[2024-12-09 00:02:15] [INFO] State: {}
[2024-12-09 00:02:15] [INFO] Progress: 51.4% (1284/2500)
 PPL: 21.11884637877273
[2024-12-09 00:02:15] [INFO] Current GPU memory usage: 15593.9814453125 MB
[2024-12-09 00:02:16] [INFO] State: {}
[2024-12-09 00:02:16] [INFO] Progress: 51.8% (1296/2500)
 PPL: 21.078771616381484
[2024-12-09 00:02:16] [INFO] Current GPU memory usage: 15593.984375 MB
[2024-12-09 00:02:18] [INFO] State: {}
[2024-12-09 00:02:18] [INFO] Progress: 52.3% (1308/2500)
 PPL: 21.060115158660356
[2024-12-09 00:02:18] [INFO] Current GPU memory usage: 15593.9814453125 MB
[2024-12-09 00:02:20] [INFO] State: {}
[2024-12-09 00:02:20] [INFO] Progress: 52.8% (1320/2500)
 PPL: 21.036461793071734
[2024-12-09 00:02:20] [INFO] Current GPU memory usage: 15593.9892578125 MB
[2024-12-09 00:02:21] [INFO] State: {}
[2024-12-09 00:02:21] [INFO] Progress: 53.3% (1332/2500)
 PPL: 21.02361033108108
[2024-12-09 00:02:21] [INFO] Current GPU memory usage: 15593.99951171875 MB
[2024-12-09 00:02:23] [INFO] State: {}
[2024-12-09 00:02:23] [INFO] Progress: 53.8% (1344/2500)
 PPL: 21.01327055902429
[2024-12-09 00:02:23] [INFO] Current GPU memory usage: 15593.98828125 MB
[2024-12-09 00:02:25] [INFO] State: {}
[2024-12-09 00:02:25] [INFO] Progress: 54.2% (1356/2500)
 PPL: 21.022319991488164
[2024-12-09 00:02:25] [INFO] Current GPU memory usage: 15593.97998046875 MB
[2024-12-09 00:02:26] [INFO] State: {}
[2024-12-09 00:02:26] [INFO] Progress: 54.7% (1368/2500)
 PPL: 21.050400917244463
[2024-12-09 00:02:26] [INFO] Current GPU memory usage: 15593.9931640625 MB
[2024-12-09 00:02:28] [INFO] State: {}
[2024-12-09 00:02:28] [INFO] Progress: 55.2% (1380/2500)
 PPL: 21.067270758356067
[2024-12-09 00:02:28] [INFO] Current GPU memory usage: 15593.99169921875 MB
[2024-12-09 00:02:29] [INFO] State: {}
[2024-12-09 00:02:29] [INFO] Progress: 55.7% (1392/2500)
 PPL: 21.038044264230034
[2024-12-09 00:02:29] [INFO] Current GPU memory usage: 15593.990234375 MB
[2024-12-09 00:02:31] [INFO] State: {}
[2024-12-09 00:02:31] [INFO] Progress: 56.2% (1404/2500)
 PPL: 21.03372972298202
[2024-12-09 00:02:31] [INFO] Current GPU memory usage: 15593.990234375 MB
[2024-12-09 00:02:33] [INFO] State: {}
[2024-12-09 00:02:33] [INFO] Progress: 56.6% (1416/2500)
 PPL: 21.035985844993725
[2024-12-09 00:02:33] [INFO] Current GPU memory usage: 15593.9853515625 MB
[2024-12-09 00:02:34] [INFO] State: {}
[2024-12-09 00:02:34] [INFO] Progress: 57.1% (1428/2500)
 PPL: 21.06028656921503
[2024-12-09 00:02:34] [INFO] Current GPU memory usage: 15593.9755859375 MB
[2024-12-09 00:02:35] [INFO] State: {}
[2024-12-09 00:02:35] [INFO] Progress: 57.6% (1440/2500)
 PPL: 21.06561844088292
[2024-12-09 00:02:35] [INFO] Current GPU memory usage: 15593.98046875 MB
[2024-12-09 00:02:37] [INFO] State: {}
[2024-12-09 00:02:37] [INFO] Progress: 58.1% (1452/2500)
 PPL: 21.064385465701346
[2024-12-09 00:02:37] [INFO] Current GPU memory usage: 15593.98779296875 MB
[2024-12-09 00:02:39] [INFO] State: {}
[2024-12-09 00:02:39] [INFO] Progress: 58.6% (1464/2500)
 PPL: 21.060286490264474
[2024-12-09 00:02:39] [INFO] Current GPU memory usage: 15593.98486328125 MB
[2024-12-09 00:02:41] [INFO] State: {}
[2024-12-09 00:02:41] [INFO] Progress: 59.0% (1476/2500)
 PPL: 21.060791781206056
[2024-12-09 00:02:41] [INFO] Current GPU memory usage: 15593.98046875 MB
[2024-12-09 00:02:42] [INFO] State: {}
[2024-12-09 00:02:42] [INFO] Progress: 59.5% (1488/2500)
 PPL: 21.077471787442487
[2024-12-09 00:02:42] [INFO] Current GPU memory usage: 15593.98193359375 MB
[2024-12-09 00:02:43] [INFO] State: {}
[2024-12-09 00:02:43] [INFO] Progress: 60.0% (1500/2500)
 PPL: 21.087825469848276
[2024-12-09 00:02:43] [INFO] Current GPU memory usage: 15593.98486328125 MB
[2024-12-09 00:02:45] [INFO] State: {}
[2024-12-09 00:02:45] [INFO] Progress: 60.5% (1512/2500)
 PPL: 21.094840741778743
[2024-12-09 00:02:45] [INFO] Current GPU memory usage: 15593.98486328125 MB
[2024-12-09 00:02:46] [INFO] State: {}
[2024-12-09 00:02:46] [INFO] Progress: 61.0% (1524/2500)
 PPL: 21.099546060967086
[2024-12-09 00:02:46] [INFO] Current GPU memory usage: 15593.986328125 MB
[2024-12-09 00:02:48] [INFO] State: {}
[2024-12-09 00:02:48] [INFO] Progress: 61.4% (1536/2500)
 PPL: 21.10195390798877
[2024-12-09 00:02:48] [INFO] Current GPU memory usage: 15593.98876953125 MB
[2024-12-09 00:02:49] [INFO] State: {}
[2024-12-09 00:02:49] [INFO] Progress: 61.9% (1548/2500)
 PPL: 21.093070046125032
[2024-12-09 00:02:49] [INFO] Current GPU memory usage: 15593.98974609375 MB
[2024-12-09 00:02:50] [INFO] State: {}
[2024-12-09 00:02:50] [INFO] Progress: 62.4% (1560/2500)
 PPL: 21.1107844423424
[2024-12-09 00:02:50] [INFO] Current GPU memory usage: 15593.9970703125 MB
[2024-12-09 00:02:52] [INFO] State: {}
[2024-12-09 00:02:52] [INFO] Progress: 62.9% (1572/2500)
 PPL: 21.117374687832257
[2024-12-09 00:02:52] [INFO] Current GPU memory usage: 15593.98486328125 MB
[2024-12-09 00:02:53] [INFO] State: {}
[2024-12-09 00:02:53] [INFO] Progress: 63.4% (1584/2500)
 PPL: 21.1295686481698
[2024-12-09 00:02:53] [INFO] Current GPU memory usage: 15593.98828125 MB
[2024-12-09 00:02:55] [INFO] State: {}
[2024-12-09 00:02:55] [INFO] Progress: 63.8% (1596/2500)
 PPL: 21.104166002286306
[2024-12-09 00:02:55] [INFO] Current GPU memory usage: 15593.98828125 MB
[2024-12-09 00:02:57] [INFO] State: {}
[2024-12-09 00:02:57] [INFO] Progress: 64.3% (1608/2500)
 PPL: 21.108337325112984
[2024-12-09 00:02:57] [INFO] Current GPU memory usage: 15593.9873046875 MB
[2024-12-09 00:02:59] [INFO] State: {}
[2024-12-09 00:02:59] [INFO] Progress: 64.8% (1620/2500)
 PPL: 21.110735334902976
[2024-12-09 00:02:59] [INFO] Current GPU memory usage: 15594.0048828125 MB
[2024-12-09 00:03:00] [INFO] State: {}
[2024-12-09 00:03:00] [INFO] Progress: 65.3% (1632/2500)
 PPL: 21.098155207140536
[2024-12-09 00:03:00] [INFO] Current GPU memory usage: 15593.986328125 MB
[2024-12-09 00:03:02] [INFO] State: {}
[2024-12-09 00:03:02] [INFO] Progress: 65.8% (1644/2500)
 PPL: 21.10695209711635
[2024-12-09 00:03:02] [INFO] Current GPU memory usage: 15593.9912109375 MB
[2024-12-09 00:03:04] [INFO] State: {}
[2024-12-09 00:03:04] [INFO] Progress: 66.2% (1656/2500)
 PPL: 21.10582817537758
[2024-12-09 00:03:04] [INFO] Current GPU memory usage: 15593.986328125 MB
[2024-12-09 00:03:05] [INFO] State: {}
[2024-12-09 00:03:05] [INFO] Progress: 66.7% (1668/2500)
 PPL: 21.103884249426127
[2024-12-09 00:03:05] [INFO] Current GPU memory usage: 15593.98388671875 MB
[2024-12-09 00:03:07] [INFO] State: {}
[2024-12-09 00:03:07] [INFO] Progress: 67.2% (1680/2500)
 PPL: 21.104336741558196
[2024-12-09 00:03:07] [INFO] Current GPU memory usage: 15593.98388671875 MB
[2024-12-09 00:03:09] [INFO] State: {}
[2024-12-09 00:03:09] [INFO] Progress: 67.7% (1692/2500)
 PPL: 21.094751670595755
[2024-12-09 00:03:09] [INFO] Current GPU memory usage: 15593.98583984375 MB
[2024-12-09 00:03:10] [INFO] State: {}
[2024-12-09 00:03:10] [INFO] Progress: 68.2% (1704/2500)
 PPL: 21.108819789014788
[2024-12-09 00:03:10] [INFO] Current GPU memory usage: 15593.9814453125 MB
[2024-12-09 00:03:12] [INFO] State: {}
[2024-12-09 00:03:12] [INFO] Progress: 68.6% (1716/2500)
 PPL: 21.115600046765948
[2024-12-09 00:03:12] [INFO] Current GPU memory usage: 15593.984375 MB
[2024-12-09 00:03:13] [INFO] State: {}
[2024-12-09 00:03:13] [INFO] Progress: 69.1% (1728/2500)
 PPL: 21.121982351281236
[2024-12-09 00:03:13] [INFO] Current GPU memory usage: 15593.98388671875 MB
[2024-12-09 00:03:15] [INFO] State: {}
[2024-12-09 00:03:15] [INFO] Progress: 69.6% (1740/2500)
 PPL: 21.126405757629996
[2024-12-09 00:03:15] [INFO] Current GPU memory usage: 15593.990234375 MB
[2024-12-09 00:03:17] [INFO] State: {}
[2024-12-09 00:03:17] [INFO] Progress: 70.1% (1752/2500)
 PPL: 21.121999277124445
[2024-12-09 00:03:17] [INFO] Current GPU memory usage: 15593.9892578125 MB
[2024-12-09 00:03:19] [INFO] State: {}
[2024-12-09 00:03:19] [INFO] Progress: 70.6% (1764/2500)
 PPL: 21.116287733852552
[2024-12-09 00:03:19] [INFO] Current GPU memory usage: 15593.98095703125 MB
[2024-12-09 00:03:20] [INFO] State: {}
[2024-12-09 00:03:20] [INFO] Progress: 71.0% (1776/2500)
 PPL: 21.111296983177663
[2024-12-09 00:03:20] [INFO] Current GPU memory usage: 15593.99658203125 MB
[2024-12-09 00:03:21] [INFO] State: {}
[2024-12-09 00:03:21] [INFO] Progress: 71.5% (1788/2500)
 PPL: 21.104464212076234
[2024-12-09 00:03:21] [INFO] Current GPU memory usage: 15593.984375 MB
[2024-12-09 00:03:23] [INFO] State: {}
[2024-12-09 00:03:23] [INFO] Progress: 72.0% (1800/2500)
 PPL: 21.090100285579947
[2024-12-09 00:03:23] [INFO] Current GPU memory usage: 15593.98828125 MB
[2024-12-09 00:03:25] [INFO] State: {}
[2024-12-09 00:03:25] [INFO] Progress: 72.5% (1812/2500)
 PPL: 21.094717165560372
[2024-12-09 00:03:25] [INFO] Current GPU memory usage: 15593.99755859375 MB
[2024-12-09 00:03:27] [INFO] State: {}
[2024-12-09 00:03:27] [INFO] Progress: 73.0% (1824/2500)
 PPL: 21.101300903526134
[2024-12-09 00:03:27] [INFO] Current GPU memory usage: 15593.98779296875 MB
[2024-12-09 00:03:28] [INFO] State: {}
[2024-12-09 00:03:28] [INFO] Progress: 73.4% (1836/2500)
 PPL: 21.076505504342098
[2024-12-09 00:03:28] [INFO] Current GPU memory usage: 15593.994140625 MB
[2024-12-09 00:03:30] [INFO] State: {}
[2024-12-09 00:03:30] [INFO] Progress: 73.9% (1848/2500)
 PPL: 21.07976233670206
[2024-12-09 00:03:30] [INFO] Current GPU memory usage: 15593.990234375 MB
[2024-12-09 00:03:31] [INFO] State: {}
[2024-12-09 00:03:31] [INFO] Progress: 74.4% (1860/2500)
 PPL: 21.066286334256034
[2024-12-09 00:03:31] [INFO] Current GPU memory usage: 15593.98046875 MB
[2024-12-09 00:03:33] [INFO] State: {}
[2024-12-09 00:03:33] [INFO] Progress: 74.9% (1872/2500)
 PPL: 21.078710689245177
[2024-12-09 00:03:33] [INFO] Current GPU memory usage: 15593.98388671875 MB
[2024-12-09 00:03:34] [INFO] State: {}
[2024-12-09 00:03:34] [INFO] Progress: 75.4% (1884/2500)
 PPL: 21.075547781268682
[2024-12-09 00:03:34] [INFO] Current GPU memory usage: 15593.99072265625 MB
[2024-12-09 00:03:36] [INFO] State: {}
[2024-12-09 00:03:36] [INFO] Progress: 75.8% (1896/2500)
 PPL: 21.056843017473316
[2024-12-09 00:03:36] [INFO] Current GPU memory usage: 15593.98291015625 MB
[2024-12-09 00:03:37] [INFO] State: {}
[2024-12-09 00:03:37] [INFO] Progress: 76.3% (1908/2500)
 PPL: 21.075454536531474
[2024-12-09 00:03:37] [INFO] Current GPU memory usage: 15593.9892578125 MB
[2024-12-09 00:03:39] [INFO] State: {}
[2024-12-09 00:03:39] [INFO] Progress: 76.8% (1920/2500)
 PPL: 21.07972275282497
[2024-12-09 00:03:39] [INFO] Current GPU memory usage: 15593.9853515625 MB
[2024-12-09 00:03:40] [INFO] State: {}
[2024-12-09 00:03:40] [INFO] Progress: 77.3% (1932/2500)
 PPL: 21.07819222985844
[2024-12-09 00:03:40] [INFO] Current GPU memory usage: 15593.99365234375 MB
[2024-12-09 00:03:42] [INFO] State: {}
[2024-12-09 00:03:42] [INFO] Progress: 77.8% (1944/2500)
 PPL: 21.073596600018554
[2024-12-09 00:03:42] [INFO] Current GPU memory usage: 15593.98583984375 MB
[2024-12-09 00:03:43] [INFO] State: {}
[2024-12-09 00:03:43] [INFO] Progress: 78.2% (1956/2500)
 PPL: 21.079745322899665
[2024-12-09 00:03:43] [INFO] Current GPU memory usage: 15594.0 MB
[2024-12-09 00:03:45] [INFO] State: {}
[2024-12-09 00:03:45] [INFO] Progress: 78.7% (1968/2500)
 PPL: 21.071266113559002
[2024-12-09 00:03:45] [INFO] Current GPU memory usage: 15593.9912109375 MB
[2024-12-09 00:03:47] [INFO] State: {}
[2024-12-09 00:03:47] [INFO] Progress: 79.2% (1980/2500)
 PPL: 21.054976291367915
[2024-12-09 00:03:47] [INFO] Current GPU memory usage: 15593.98583984375 MB
[2024-12-09 00:03:49] [INFO] State: {}
[2024-12-09 00:03:49] [INFO] Progress: 79.7% (1992/2500)
 PPL: 21.066422808091612
[2024-12-09 00:03:49] [INFO] Current GPU memory usage: 15593.9814453125 MB
[2024-12-09 00:03:50] [INFO] State: {}
[2024-12-09 00:03:50] [INFO] Progress: 80.2% (2004/2500)
 PPL: 21.0780358583417
[2024-12-09 00:03:50] [INFO] Current GPU memory usage: 15593.9833984375 MB
[2024-12-09 00:03:52] [INFO] State: {}
[2024-12-09 00:03:52] [INFO] Progress: 80.6% (2016/2500)
 PPL: 21.071669894261653
[2024-12-09 00:03:52] [INFO] Current GPU memory usage: 15593.97802734375 MB
[2024-12-09 00:03:54] [INFO] State: {}
[2024-12-09 00:03:54] [INFO] Progress: 81.1% (2028/2500)
 PPL: 21.074697048534503
[2024-12-09 00:03:54] [INFO] Current GPU memory usage: 15593.998046875 MB
[2024-12-09 00:03:55] [INFO] State: {}
[2024-12-09 00:03:55] [INFO] Progress: 81.6% (2040/2500)
 PPL: 21.080808121055416
[2024-12-09 00:03:55] [INFO] Current GPU memory usage: 15593.98681640625 MB
[2024-12-09 00:03:56] [INFO] State: {}
[2024-12-09 00:03:56] [INFO] Progress: 82.1% (2052/2500)
 PPL: 21.080987853979263
[2024-12-09 00:03:56] [INFO] Current GPU memory usage: 15593.98388671875 MB
[2024-12-09 00:03:58] [INFO] State: {}
[2024-12-09 00:03:58] [INFO] Progress: 82.6% (2064/2500)
 PPL: 21.093400918845806
[2024-12-09 00:03:58] [INFO] Current GPU memory usage: 15593.98876953125 MB
[2024-12-09 00:03:59] [INFO] State: {}
[2024-12-09 00:03:59] [INFO] Progress: 83.0% (2076/2500)
 PPL: 21.09155342197577
[2024-12-09 00:03:59] [INFO] Current GPU memory usage: 15593.98974609375 MB
[2024-12-09 00:04:01] [INFO] State: {}
[2024-12-09 00:04:01] [INFO] Progress: 83.5% (2088/2500)
 PPL: 21.120148753009897
[2024-12-09 00:04:01] [INFO] Current GPU memory usage: 15593.9931640625 MB
[2024-12-09 00:04:02] [INFO] State: {}
[2024-12-09 00:04:02] [INFO] Progress: 84.0% (2100/2500)
 PPL: 21.122383321421772
[2024-12-09 00:04:02] [INFO] Current GPU memory usage: 15593.986328125 MB
[2024-12-09 00:04:04] [INFO] State: {}
[2024-12-09 00:04:04] [INFO] Progress: 84.5% (2112/2500)
 PPL: 21.1456629375929
[2024-12-09 00:04:04] [INFO] Current GPU memory usage: 15593.9912109375 MB
[2024-12-09 00:04:05] [INFO] State: {}
[2024-12-09 00:04:05] [INFO] Progress: 85.0% (2124/2500)
 PPL: 21.129819716647372
[2024-12-09 00:04:05] [INFO] Current GPU memory usage: 15593.99951171875 MB
[2024-12-09 00:04:07] [INFO] State: {}
[2024-12-09 00:04:07] [INFO] Progress: 85.4% (2136/2500)
 PPL: 21.137296995764054
[2024-12-09 00:04:07] [INFO] Current GPU memory usage: 15593.978515625 MB
[2024-12-09 00:04:09] [INFO] State: {}
[2024-12-09 00:04:09] [INFO] Progress: 85.9% (2148/2500)
 PPL: 21.13487405094723
[2024-12-09 00:04:09] [INFO] Current GPU memory usage: 15593.9833984375 MB
[2024-12-09 00:04:10] [INFO] State: {}
[2024-12-09 00:04:10] [INFO] Progress: 86.4% (2160/2500)
 PPL: 21.139678448574852
[2024-12-09 00:04:10] [INFO] Current GPU memory usage: 15593.9833984375 MB
[2024-12-09 00:04:12] [INFO] State: {}
[2024-12-09 00:04:12] [INFO] Progress: 86.9% (2172/2500)
 PPL: 21.143557542547075
[2024-12-09 00:04:12] [INFO] Current GPU memory usage: 15593.9853515625 MB
[2024-12-09 00:04:13] [INFO] State: {}
[2024-12-09 00:04:13] [INFO] Progress: 87.4% (2184/2500)
 PPL: 21.125869375449962
[2024-12-09 00:04:13] [INFO] Current GPU memory usage: 15593.98779296875 MB
[2024-12-09 00:04:15] [INFO] State: {}
[2024-12-09 00:04:15] [INFO] Progress: 87.8% (2196/2500)
 PPL: 21.128223959815415
[2024-12-09 00:04:15] [INFO] Current GPU memory usage: 15593.99072265625 MB
[2024-12-09 00:04:16] [INFO] State: {}
[2024-12-09 00:04:16] [INFO] Progress: 88.3% (2208/2500)
 PPL: 21.122204829683067
[2024-12-09 00:04:16] [INFO] Current GPU memory usage: 15593.98193359375 MB
[2024-12-09 00:04:18] [INFO] State: {}
[2024-12-09 00:04:18] [INFO] Progress: 88.8% (2220/2500)
 PPL: 21.134074111430625
[2024-12-09 00:04:18] [INFO] Current GPU memory usage: 15593.98828125 MB
[2024-12-09 00:04:19] [INFO] State: {}
[2024-12-09 00:04:19] [INFO] Progress: 89.3% (2232/2500)
 PPL: 21.131833752558887
[2024-12-09 00:04:19] [INFO] Current GPU memory usage: 15593.98388671875 MB
[2024-12-09 00:04:21] [INFO] State: {}
[2024-12-09 00:04:21] [INFO] Progress: 89.8% (2244/2500)
 PPL: 21.136249971075824
[2024-12-09 00:04:21] [INFO] Current GPU memory usage: 15593.9853515625 MB
[2024-12-09 00:04:22] [INFO] State: {}
[2024-12-09 00:04:22] [INFO] Progress: 90.2% (2256/2500)
 PPL: 21.153942675530057
[2024-12-09 00:04:22] [INFO] Current GPU memory usage: 15593.99755859375 MB
[2024-12-09 00:04:24] [INFO] State: {}
[2024-12-09 00:04:24] [INFO] Progress: 90.7% (2268/2500)
 PPL: 21.15092154960752
[2024-12-09 00:04:24] [INFO] Current GPU memory usage: 15593.99560546875 MB
[2024-12-09 00:04:25] [INFO] State: {}
[2024-12-09 00:04:25] [INFO] Progress: 91.2% (2280/2500)
 PPL: 21.15635907390023
[2024-12-09 00:04:25] [INFO] Current GPU memory usage: 15593.99072265625 MB
[2024-12-09 00:04:27] [INFO] State: {}
[2024-12-09 00:04:27] [INFO] Progress: 91.7% (2292/2500)
 PPL: 21.15088118219574
[2024-12-09 00:04:27] [INFO] Current GPU memory usage: 15593.98779296875 MB
[2024-12-09 00:04:28] [INFO] State: {}
[2024-12-09 00:04:28] [INFO] Progress: 92.2% (2304/2500)
 PPL: 21.145352597378206
[2024-12-09 00:04:28] [INFO] Current GPU memory usage: 15593.99267578125 MB
[2024-12-09 00:04:30] [INFO] State: {}
[2024-12-09 00:04:30] [INFO] Progress: 92.6% (2316/2500)
 PPL: 21.149432727181537
[2024-12-09 00:04:30] [INFO] Current GPU memory usage: 15593.98876953125 MB
[2024-12-09 00:04:32] [INFO] State: {}
[2024-12-09 00:04:32] [INFO] Progress: 93.1% (2328/2500)
 PPL: 21.141833094148176
[2024-12-09 00:04:32] [INFO] Current GPU memory usage: 15593.9921875 MB
[2024-12-09 00:04:33] [INFO] State: {}
[2024-12-09 00:04:33] [INFO] Progress: 93.6% (2340/2500)
 PPL: 21.140103632821646
[2024-12-09 00:04:33] [INFO] Current GPU memory usage: 15593.99560546875 MB
[2024-12-09 00:04:35] [INFO] State: {}
[2024-12-09 00:04:35] [INFO] Progress: 94.1% (2352/2500)
 PPL: 21.1334843615196
[2024-12-09 00:04:35] [INFO] Current GPU memory usage: 15593.984375 MB
[2024-12-09 00:04:36] [INFO] State: {}
[2024-12-09 00:04:36] [INFO] Progress: 94.6% (2364/2500)
 PPL: 21.13001914729316
[2024-12-09 00:04:36] [INFO] Current GPU memory usage: 15593.98681640625 MB
[2024-12-09 00:04:38] [INFO] State: {}
[2024-12-09 00:04:38] [INFO] Progress: 95.0% (2376/2500)
 PPL: 21.1279774143712
[2024-12-09 00:04:38] [INFO] Current GPU memory usage: 15593.98583984375 MB
[2024-12-09 00:04:39] [INFO] State: {}
[2024-12-09 00:04:39] [INFO] Progress: 95.5% (2388/2500)
 PPL: 21.12029388688715
[2024-12-09 00:04:39] [INFO] Current GPU memory usage: 15593.990234375 MB
[2024-12-09 00:04:41] [INFO] State: {}
[2024-12-09 00:04:41] [INFO] Progress: 96.0% (2400/2500)
 PPL: 21.10446396954668
[2024-12-09 00:04:41] [INFO] Current GPU memory usage: 15593.98828125 MB
[2024-12-09 00:04:43] [INFO] State: {}
[2024-12-09 00:04:43] [INFO] Progress: 96.5% (2412/2500)
 PPL: 21.09942005332071
[2024-12-09 00:04:43] [INFO] Current GPU memory usage: 15593.9892578125 MB
[2024-12-09 00:04:44] [INFO] State: {}
[2024-12-09 00:04:44] [INFO] Progress: 97.0% (2424/2500)
 PPL: 21.102463876313873
[2024-12-09 00:04:44] [INFO] Current GPU memory usage: 15593.9892578125 MB
[2024-12-09 00:04:46] [INFO] State: {}
[2024-12-09 00:04:46] [INFO] Progress: 97.4% (2436/2500)
 PPL: 21.113994655505575
[2024-12-09 00:04:46] [INFO] Current GPU memory usage: 15593.982421875 MB
[2024-12-09 00:04:47] [INFO] State: {}
[2024-12-09 00:04:47] [INFO] Progress: 97.9% (2448/2500)
 PPL: 21.114853858208292
[2024-12-09 00:04:47] [INFO] Current GPU memory usage: 15593.9921875 MB
[2024-12-09 00:04:49] [INFO] State: {}
[2024-12-09 00:04:49] [INFO] Progress: 98.4% (2460/2500)
 PPL: 21.115778194491902
[2024-12-09 00:04:49] [INFO] Current GPU memory usage: 15593.984375 MB
[2024-12-09 00:04:50] [INFO] State: {}
[2024-12-09 00:04:50] [INFO] Progress: 98.9% (2472/2500)
 PPL: 21.116762339485003
[2024-12-09 00:04:50] [INFO] Current GPU memory usage: 15593.98681640625 MB
[2024-12-09 00:04:51] [INFO] State: {}
[2024-12-09 00:04:51] [INFO] Progress: 99.4% (2484/2500)
 PPL: 21.11851995344674
[2024-12-09 00:04:51] [INFO] Current GPU memory usage: 15593.98583984375 MB
[2024-12-09 00:04:53] [INFO] State: {}
[2024-12-09 00:04:53] [INFO] Progress: 99.8% (2496/2500)
 PPL: 21.121875881502223
[2024-12-09 00:04:53] [INFO] Current GPU memory usage: 15593.984375 MB
[2024-12-09 00:04:54] [INFO] Perplexity: 21.127296239057156
[2024-12-09 00:04:54] [INFO] CUDA Memory Summary:
[2024-12-09 00:04:54] [INFO] |===========================================================================|
|                  PyTorch CUDA memory summary, device ID 0                 |
|---------------------------------------------------------------------------|
|            CUDA OOMs: 0            |        cudaMalloc retries: 0         |
|===========================================================================|
|        Metric         | Cur Usage  | Peak Usage | Tot Alloc  | Tot Freed  |
|---------------------------------------------------------------------------|
| Allocated memory      |  15593 MiB |  19602 MiB |  54304 GiB |  54289 GiB |
|       from large pool |  15593 MiB |  19601 MiB |  54278 GiB |  54263 GiB |
|       from small pool |      0 MiB |      8 MiB |     26 GiB |     26 GiB |
|---------------------------------------------------------------------------|
| Active memory         |  15593 MiB |  19602 MiB |  54304 GiB |  54289 GiB |
|       from large pool |  15593 MiB |  19601 MiB |  54278 GiB |  54263 GiB |
|       from small pool |      0 MiB |      8 MiB |     26 GiB |     26 GiB |
|---------------------------------------------------------------------------|
| Requested memory      |  15593 MiB |  19602 MiB |  54304 GiB |  54289 GiB |
|       from large pool |  15593 MiB |  19601 MiB |  54278 GiB |  54263 GiB |
|       from small pool |      0 MiB |      8 MiB |     25 GiB |     25 GiB |
|---------------------------------------------------------------------------|
| GPU reserved memory   |  20730 MiB |  20730 MiB |  20730 MiB |      0 B   |
|       from large pool |  20720 MiB |  20720 MiB |  20720 MiB |      0 B   |
|       from small pool |     10 MiB |     10 MiB |     10 MiB |      0 B   |
|---------------------------------------------------------------------------|
| Non-releasable memory |      0 B   |      0 B   |      0 B   |      0 B   |
|       from large pool |      0 B   |      0 B   |      0 B   |      0 B   |
|       from small pool |      0 B   |      0 B   |      0 B   |      0 B   |
|---------------------------------------------------------------------------|
| Allocations           |     323    |     346    |    3378 K  |    3377 K  |
|       from large pool |     258    |     269    |    2824 K  |    2824 K  |
|       from small pool |      65    |      85    |     553 K  |     553 K  |
|---------------------------------------------------------------------------|
| Active allocs         |     323    |     346    |    3378 K  |    3377 K  |
|       from large pool |     258    |     269    |    2824 K  |    2824 K  |
|       from small pool |      65    |      85    |     553 K  |     553 K  |
|---------------------------------------------------------------------------|
| GPU reserved segments |       0    |       0    |       0    |       0    |
|       from large pool |       0    |       0    |       0    |       0    |
|       from small pool |       0    |       0    |       0    |       0    |
|---------------------------------------------------------------------------|
| Non-releasable allocs |       0    |       0    |       0    |       0    |
|       from large pool |       0    |       0    |       0    |       0    |
|       from small pool |       0    |       0    |       0    |       0    |
|---------------------------------------------------------------------------|
| Oversize allocations  |       0    |       0    |       0    |       0    |
|---------------------------------------------------------------------------|
| Oversize GPU segments |       0    |       0    |       0    |       0    |
|===========================================================================|

[2024-12-09 00:04:54] [INFO] FIN.
