[2024-12-08 22:57:46] [INFO] #### Starting activation capture script.
[2024-12-08 22:57:46] [INFO] #### Arguments:
[2024-12-08 22:57:46] [INFO] # model_dir=/workspace/llama_3.2-3B_model/original
[2024-12-08 22:57:46] [INFO] # sae_dir=/workspace/sae_final_2024-10-28.pth
[2024-12-08 22:57:46] [INFO] # num_samples=20000
[2024-12-08 22:57:46] [INFO] # drop latents=10
[2024-12-08 22:57:46] [INFO] #### GPU Configuration:
[2024-12-08 22:57:46] [INFO] # device=cuda
[2024-12-08 22:57:46] [INFO] #### Configuration:
[2024-12-08 22:57:46] [INFO] # batch_size=8
[2024-12-08 22:57:46] [INFO] # dataloader_num_workers=4
[2024-12-08 22:57:46] [INFO] # dtype=torch.bfloat16
[2024-12-08 22:57:46] [INFO] # max_token_length=512
[2024-12-08 22:57:46] [INFO] # add_bos_token=True
[2024-12-08 22:57:46] [INFO] # dataset_shuffle=True
[2024-12-08 22:57:46] [INFO] Loading tokenizer...
[2024-12-08 22:57:46] [INFO] Creating dataset, sampler and dataloader...
[2024-12-08 22:57:46] [INFO] Initializing Wikitext2 Dataset with max_token_length=512...
[2024-12-08 22:57:47] [INFO] Shuffling the dataset...
[2024-12-08 22:57:47] [INFO] Dataset size: 20000 samples
[2024-12-08 22:57:47] [INFO] Dataloader created with 2500 batches.
[2024-12-08 22:57:47] [INFO] Loading activation mask masks/mask_10
[2024-12-08 22:57:47] [INFO] Initializing SAE from /workspace/sae_final_2024-10-28.pth
[2024-12-08 22:57:47] [INFO] Loading TopK SAE model weights and config from: /workspace/sae_final_2024-10-28.pth
[2024-12-08 22:57:48] [INFO] Initializing TopK SAE model and loading state dict...
[2024-12-08 22:58:10] [INFO] Moving model to device cuda and setting to eval mode...
[2024-12-08 22:58:10] [INFO] Loading model parameters from /workspace/llama_3.2-3B_model/original/params.json...
[2024-12-08 22:58:10] [INFO] Initializing model on CPU...
[2024-12-08 22:58:44] [INFO] Loading model weights into CPU memory...
[2024-12-08 22:58:48] [INFO] Loading model weights into model...
[2024-12-08 22:58:51] [INFO] Model weights loaded successfully. Moving model to device cuda...
[2024-12-08 22:58:53] [INFO] Setting model to eval mode...
[2024-12-08 22:58:53] [INFO] Model created successfully.
[2024-12-08 22:58:53] [INFO] Starting capture of activations...
[2024-12-08 22:58:57] [INFO] State: {}
[2024-12-08 22:58:57] [INFO] Progress: 0.5% (12/2500)
 PPL: 18.939428543016874
[2024-12-08 22:58:57] [INFO] Current GPU memory usage: 15593.9853515625 MB
[2024-12-08 22:58:58] [INFO] State: {}
[2024-12-08 22:58:58] [INFO] Progress: 1.0% (24/2500)
 PPL: 19.689192335070743
[2024-12-08 22:58:58] [INFO] Current GPU memory usage: 15593.9873046875 MB
[2024-12-08 22:59:00] [INFO] State: {}
[2024-12-08 22:59:00] [INFO] Progress: 1.4% (36/2500)
 PPL: 19.065301371186493
[2024-12-08 22:59:00] [INFO] Current GPU memory usage: 15593.9921875 MB
[2024-12-08 22:59:02] [INFO] State: {}
[2024-12-08 22:59:02] [INFO] Progress: 1.9% (48/2500)
 PPL: 18.887523680844435
[2024-12-08 22:59:02] [INFO] Current GPU memory usage: 15593.98486328125 MB
[2024-12-08 22:59:03] [INFO] State: {}
[2024-12-08 22:59:03] [INFO] Progress: 2.4% (60/2500)
 PPL: 19.191139232587666
[2024-12-08 22:59:03] [INFO] Current GPU memory usage: 15593.998046875 MB
[2024-12-08 22:59:05] [INFO] State: {}
[2024-12-08 22:59:05] [INFO] Progress: 2.9% (72/2500)
 PPL: 19.181112881095718
[2024-12-08 22:59:05] [INFO] Current GPU memory usage: 15593.974609375 MB
[2024-12-08 22:59:06] [INFO] State: {}
[2024-12-08 22:59:06] [INFO] Progress: 3.4% (84/2500)
 PPL: 19.226671367219982
[2024-12-08 22:59:06] [INFO] Current GPU memory usage: 15593.99658203125 MB
[2024-12-08 22:59:08] [INFO] State: {}
[2024-12-08 22:59:08] [INFO] Progress: 3.8% (96/2500)
 PPL: 19.672694445270388
[2024-12-08 22:59:08] [INFO] Current GPU memory usage: 15593.982421875 MB
[2024-12-08 22:59:09] [INFO] State: {}
[2024-12-08 22:59:09] [INFO] Progress: 4.3% (108/2500)
 PPL: 19.62515418348469
[2024-12-08 22:59:09] [INFO] Current GPU memory usage: 15593.9853515625 MB
[2024-12-08 22:59:10] [INFO] State: {}
[2024-12-08 22:59:10] [INFO] Progress: 4.8% (120/2500)
 PPL: 19.955151878408795
[2024-12-08 22:59:10] [INFO] Current GPU memory usage: 15593.974609375 MB
[2024-12-08 22:59:12] [INFO] State: {}
[2024-12-08 22:59:12] [INFO] Progress: 5.3% (132/2500)
 PPL: 20.052560938268364
[2024-12-08 22:59:12] [INFO] Current GPU memory usage: 15593.98828125 MB
[2024-12-08 22:59:13] [INFO] State: {}
[2024-12-08 22:59:13] [INFO] Progress: 5.8% (144/2500)
 PPL: 20.05480676706012
[2024-12-08 22:59:13] [INFO] Current GPU memory usage: 15593.98095703125 MB
[2024-12-08 22:59:15] [INFO] State: {}
[2024-12-08 22:59:15] [INFO] Progress: 6.2% (156/2500)
 PPL: 19.957130480702997
[2024-12-08 22:59:15] [INFO] Current GPU memory usage: 15593.98583984375 MB
[2024-12-08 22:59:16] [INFO] State: {}
[2024-12-08 22:59:16] [INFO] Progress: 6.7% (168/2500)
 PPL: 20.020174759282323
[2024-12-08 22:59:16] [INFO] Current GPU memory usage: 15593.98486328125 MB
[2024-12-08 22:59:18] [INFO] State: {}
[2024-12-08 22:59:18] [INFO] Progress: 7.2% (180/2500)
 PPL: 19.978739800814413
[2024-12-08 22:59:18] [INFO] Current GPU memory usage: 15594.00390625 MB
[2024-12-08 22:59:20] [INFO] State: {}
[2024-12-08 22:59:20] [INFO] Progress: 7.7% (192/2500)
 PPL: 20.039267390609993
[2024-12-08 22:59:20] [INFO] Current GPU memory usage: 15594.0 MB
[2024-12-08 22:59:22] [INFO] State: {}
[2024-12-08 22:59:22] [INFO] Progress: 8.2% (204/2500)
 PPL: 19.81071674137927
[2024-12-08 22:59:22] [INFO] Current GPU memory usage: 15593.984375 MB
[2024-12-08 22:59:23] [INFO] State: {}
[2024-12-08 22:59:23] [INFO] Progress: 8.6% (216/2500)
 PPL: 19.755556037269955
[2024-12-08 22:59:23] [INFO] Current GPU memory usage: 15594.00439453125 MB
[2024-12-08 22:59:25] [INFO] State: {}
[2024-12-08 22:59:25] [INFO] Progress: 9.1% (228/2500)
 PPL: 19.73106969410732
[2024-12-08 22:59:25] [INFO] Current GPU memory usage: 15593.9951171875 MB
[2024-12-08 22:59:27] [INFO] State: {}
[2024-12-08 22:59:27] [INFO] Progress: 9.6% (240/2500)
 PPL: 19.654108429181875
[2024-12-08 22:59:27] [INFO] Current GPU memory usage: 15593.98388671875 MB
[2024-12-08 22:59:29] [INFO] State: {}
[2024-12-08 22:59:29] [INFO] Progress: 10.1% (252/2500)
 PPL: 19.53314838152533
[2024-12-08 22:59:29] [INFO] Current GPU memory usage: 15593.9833984375 MB
[2024-12-08 22:59:30] [INFO] State: {}
[2024-12-08 22:59:30] [INFO] Progress: 10.6% (264/2500)
 PPL: 19.60086517199877
[2024-12-08 22:59:30] [INFO] Current GPU memory usage: 15593.98388671875 MB
[2024-12-08 22:59:32] [INFO] State: {}
[2024-12-08 22:59:32] [INFO] Progress: 11.0% (276/2500)
 PPL: 19.59582973945951
[2024-12-08 22:59:32] [INFO] Current GPU memory usage: 15593.9853515625 MB
[2024-12-08 22:59:33] [INFO] State: {}
[2024-12-08 22:59:33] [INFO] Progress: 11.5% (288/2500)
 PPL: 19.63360605545737
[2024-12-08 22:59:33] [INFO] Current GPU memory usage: 15593.986328125 MB
[2024-12-08 22:59:35] [INFO] State: {}
[2024-12-08 22:59:35] [INFO] Progress: 12.0% (300/2500)
 PPL: 19.629982508472306
[2024-12-08 22:59:35] [INFO] Current GPU memory usage: 15593.99755859375 MB
[2024-12-08 22:59:36] [INFO] State: {}
[2024-12-08 22:59:36] [INFO] Progress: 12.5% (312/2500)
 PPL: 19.568318220769488
[2024-12-08 22:59:36] [INFO] Current GPU memory usage: 15593.9775390625 MB
[2024-12-08 22:59:38] [INFO] State: {}
[2024-12-08 22:59:38] [INFO] Progress: 13.0% (324/2500)
 PPL: 19.592319243186882
[2024-12-08 22:59:38] [INFO] Current GPU memory usage: 15593.99462890625 MB
[2024-12-08 22:59:40] [INFO] State: {}
[2024-12-08 22:59:40] [INFO] Progress: 13.4% (336/2500)
 PPL: 19.63354563190052
[2024-12-08 22:59:40] [INFO] Current GPU memory usage: 15593.990234375 MB
[2024-12-08 22:59:42] [INFO] State: {}
[2024-12-08 22:59:42] [INFO] Progress: 13.9% (348/2500)
 PPL: 19.60650307455034
[2024-12-08 22:59:42] [INFO] Current GPU memory usage: 15593.98193359375 MB
[2024-12-08 22:59:43] [INFO] State: {}
[2024-12-08 22:59:43] [INFO] Progress: 14.4% (360/2500)
 PPL: 19.674509441858078
[2024-12-08 22:59:43] [INFO] Current GPU memory usage: 15593.9794921875 MB
[2024-12-08 22:59:44] [INFO] State: {}
[2024-12-08 22:59:44] [INFO] Progress: 14.9% (372/2500)
 PPL: 19.655816497837847
[2024-12-08 22:59:44] [INFO] Current GPU memory usage: 15593.982421875 MB
[2024-12-08 22:59:46] [INFO] State: {}
[2024-12-08 22:59:46] [INFO] Progress: 15.4% (384/2500)
 PPL: 19.686522167371734
[2024-12-08 22:59:46] [INFO] Current GPU memory usage: 15593.99072265625 MB
[2024-12-08 22:59:47] [INFO] State: {}
[2024-12-08 22:59:47] [INFO] Progress: 15.8% (396/2500)
 PPL: 19.822745791570995
[2024-12-08 22:59:47] [INFO] Current GPU memory usage: 15593.9912109375 MB
[2024-12-08 22:59:49] [INFO] State: {}
[2024-12-08 22:59:49] [INFO] Progress: 16.3% (408/2500)
 PPL: 19.886018941352088
[2024-12-08 22:59:49] [INFO] Current GPU memory usage: 15593.9892578125 MB
[2024-12-08 22:59:51] [INFO] State: {}
[2024-12-08 22:59:51] [INFO] Progress: 16.8% (420/2500)
 PPL: 19.840532618682353
[2024-12-08 22:59:51] [INFO] Current GPU memory usage: 15593.9970703125 MB
[2024-12-08 22:59:53] [INFO] State: {}
[2024-12-08 22:59:53] [INFO] Progress: 17.3% (432/2500)
 PPL: 19.827229872598224
[2024-12-08 22:59:53] [INFO] Current GPU memory usage: 15593.99072265625 MB
[2024-12-08 22:59:54] [INFO] State: {}
[2024-12-08 22:59:54] [INFO] Progress: 17.8% (444/2500)
 PPL: 19.77735857942792
[2024-12-08 22:59:54] [INFO] Current GPU memory usage: 15593.98388671875 MB
[2024-12-08 22:59:56] [INFO] State: {}
[2024-12-08 22:59:56] [INFO] Progress: 18.2% (456/2500)
 PPL: 19.748841294222476
[2024-12-08 22:59:56] [INFO] Current GPU memory usage: 15593.9853515625 MB
[2024-12-08 22:59:58] [INFO] State: {}
[2024-12-08 22:59:58] [INFO] Progress: 18.7% (468/2500)
 PPL: 19.7969596687599
[2024-12-08 22:59:58] [INFO] Current GPU memory usage: 15593.994140625 MB
[2024-12-08 22:59:59] [INFO] State: {}
[2024-12-08 22:59:59] [INFO] Progress: 19.2% (480/2500)
 PPL: 19.783885714101128
[2024-12-08 22:59:59] [INFO] Current GPU memory usage: 15593.98876953125 MB
[2024-12-08 23:00:01] [INFO] State: {}
[2024-12-08 23:00:01] [INFO] Progress: 19.7% (492/2500)
 PPL: 19.761929998910684
[2024-12-08 23:00:01] [INFO] Current GPU memory usage: 15593.98681640625 MB
[2024-12-08 23:00:03] [INFO] State: {}
[2024-12-08 23:00:03] [INFO] Progress: 20.2% (504/2500)
 PPL: 19.73373556316445
[2024-12-08 23:00:03] [INFO] Current GPU memory usage: 15593.98681640625 MB
[2024-12-08 23:00:04] [INFO] State: {}
[2024-12-08 23:00:04] [INFO] Progress: 20.6% (516/2500)
 PPL: 19.74484594615349
[2024-12-08 23:00:04] [INFO] Current GPU memory usage: 15593.99658203125 MB
[2024-12-08 23:00:06] [INFO] State: {}
[2024-12-08 23:00:06] [INFO] Progress: 21.1% (528/2500)
 PPL: 19.683345783217693
[2024-12-08 23:00:06] [INFO] Current GPU memory usage: 15593.984375 MB
[2024-12-08 23:00:08] [INFO] State: {}
[2024-12-08 23:00:08] [INFO] Progress: 21.6% (540/2500)
 PPL: 19.67109847955534
[2024-12-08 23:00:08] [INFO] Current GPU memory usage: 15593.99169921875 MB
[2024-12-08 23:00:09] [INFO] State: {}
[2024-12-08 23:00:09] [INFO] Progress: 22.1% (552/2500)
 PPL: 19.70573944064143
[2024-12-08 23:00:09] [INFO] Current GPU memory usage: 15593.98388671875 MB
[2024-12-08 23:00:11] [INFO] State: {}
[2024-12-08 23:00:11] [INFO] Progress: 22.6% (564/2500)
 PPL: 19.682718950926272
[2024-12-08 23:00:11] [INFO] Current GPU memory usage: 15593.99072265625 MB
[2024-12-08 23:00:12] [INFO] State: {}
[2024-12-08 23:00:12] [INFO] Progress: 23.0% (576/2500)
 PPL: 19.68704716669696
[2024-12-08 23:00:12] [INFO] Current GPU memory usage: 15593.98779296875 MB
[2024-12-08 23:00:14] [INFO] State: {}
[2024-12-08 23:00:14] [INFO] Progress: 23.5% (588/2500)
 PPL: 19.717142003438934
[2024-12-08 23:00:14] [INFO] Current GPU memory usage: 15593.9892578125 MB
[2024-12-08 23:00:16] [INFO] State: {}
[2024-12-08 23:00:16] [INFO] Progress: 24.0% (600/2500)
 PPL: 19.71565404923399
[2024-12-08 23:00:16] [INFO] Current GPU memory usage: 15593.9794921875 MB
[2024-12-08 23:00:18] [INFO] State: {}
[2024-12-08 23:00:18] [INFO] Progress: 24.5% (612/2500)
 PPL: 19.736275619427104
[2024-12-08 23:00:18] [INFO] Current GPU memory usage: 15593.982421875 MB
[2024-12-08 23:00:19] [INFO] State: {}
[2024-12-08 23:00:19] [INFO] Progress: 25.0% (624/2500)
 PPL: 19.759826649682374
[2024-12-08 23:00:19] [INFO] Current GPU memory usage: 15593.98486328125 MB
[2024-12-08 23:00:21] [INFO] State: {}
[2024-12-08 23:00:21] [INFO] Progress: 25.4% (636/2500)
 PPL: 19.759731033572706
[2024-12-08 23:00:21] [INFO] Current GPU memory usage: 15593.98681640625 MB
[2024-12-08 23:00:23] [INFO] State: {}
[2024-12-08 23:00:23] [INFO] Progress: 25.9% (648/2500)
 PPL: 19.79595209821378
[2024-12-08 23:00:23] [INFO] Current GPU memory usage: 15593.98193359375 MB
[2024-12-08 23:00:24] [INFO] State: {}
[2024-12-08 23:00:24] [INFO] Progress: 26.4% (660/2500)
 PPL: 19.821739954066466
[2024-12-08 23:00:24] [INFO] Current GPU memory usage: 15593.98876953125 MB
[2024-12-08 23:00:26] [INFO] State: {}
[2024-12-08 23:00:26] [INFO] Progress: 26.9% (672/2500)
 PPL: 19.86115616933185
[2024-12-08 23:00:26] [INFO] Current GPU memory usage: 15593.98583984375 MB
[2024-12-08 23:00:27] [INFO] State: {}
[2024-12-08 23:00:27] [INFO] Progress: 27.4% (684/2500)
 PPL: 19.851014063971085
[2024-12-08 23:00:27] [INFO] Current GPU memory usage: 15593.97509765625 MB
[2024-12-08 23:00:29] [INFO] State: {}
[2024-12-08 23:00:29] [INFO] Progress: 27.8% (696/2500)
 PPL: 19.786720819201673
[2024-12-08 23:00:29] [INFO] Current GPU memory usage: 15593.98486328125 MB
[2024-12-08 23:00:30] [INFO] State: {}
[2024-12-08 23:00:30] [INFO] Progress: 28.3% (708/2500)
 PPL: 19.807538482395795
[2024-12-08 23:00:30] [INFO] Current GPU memory usage: 15593.99072265625 MB
[2024-12-08 23:00:32] [INFO] State: {}
[2024-12-08 23:00:32] [INFO] Progress: 28.8% (720/2500)
 PPL: 19.796894406788034
[2024-12-08 23:00:32] [INFO] Current GPU memory usage: 15593.99365234375 MB
[2024-12-08 23:00:33] [INFO] State: {}
[2024-12-08 23:00:33] [INFO] Progress: 29.3% (732/2500)
 PPL: 19.80805011240993
[2024-12-08 23:00:33] [INFO] Current GPU memory usage: 15593.9853515625 MB
[2024-12-08 23:00:35] [INFO] State: {}
[2024-12-08 23:00:35] [INFO] Progress: 29.8% (744/2500)
 PPL: 19.809937241324963
[2024-12-08 23:00:35] [INFO] Current GPU memory usage: 15593.98388671875 MB
[2024-12-08 23:00:37] [INFO] State: {}
[2024-12-08 23:00:37] [INFO] Progress: 30.2% (756/2500)
 PPL: 19.75085313909807
[2024-12-08 23:00:37] [INFO] Current GPU memory usage: 15593.9853515625 MB
[2024-12-08 23:00:38] [INFO] State: {}
[2024-12-08 23:00:38] [INFO] Progress: 30.7% (768/2500)
 PPL: 19.76016437955776
[2024-12-08 23:00:38] [INFO] Current GPU memory usage: 15593.98828125 MB
[2024-12-08 23:00:40] [INFO] State: {}
[2024-12-08 23:00:40] [INFO] Progress: 31.2% (780/2500)
 PPL: 19.796772628035583
[2024-12-08 23:00:40] [INFO] Current GPU memory usage: 15593.98388671875 MB
[2024-12-08 23:00:41] [INFO] State: {}
[2024-12-08 23:00:41] [INFO] Progress: 31.7% (792/2500)
 PPL: 19.812007519012734
[2024-12-08 23:00:41] [INFO] Current GPU memory usage: 15593.9833984375 MB
[2024-12-08 23:00:43] [INFO] State: {}
[2024-12-08 23:00:43] [INFO] Progress: 32.2% (804/2500)
 PPL: 19.828081622432794
[2024-12-08 23:00:43] [INFO] Current GPU memory usage: 15593.97900390625 MB
[2024-12-08 23:00:44] [INFO] State: {}
[2024-12-08 23:00:44] [INFO] Progress: 32.6% (816/2500)
 PPL: 19.842976303491636
[2024-12-08 23:00:44] [INFO] Current GPU memory usage: 15593.98583984375 MB
[2024-12-08 23:00:45] [INFO] State: {}
[2024-12-08 23:00:45] [INFO] Progress: 33.1% (828/2500)
 PPL: 19.8613249549182
[2024-12-08 23:00:45] [INFO] Current GPU memory usage: 15593.98486328125 MB
[2024-12-08 23:00:47] [INFO] State: {}
[2024-12-08 23:00:47] [INFO] Progress: 33.6% (840/2500)
 PPL: 19.845758234617673
[2024-12-08 23:00:47] [INFO] Current GPU memory usage: 15593.994140625 MB
[2024-12-08 23:00:49] [INFO] State: {}
[2024-12-08 23:00:49] [INFO] Progress: 34.1% (852/2500)
 PPL: 19.8350651322915
[2024-12-08 23:00:49] [INFO] Current GPU memory usage: 15593.98388671875 MB
[2024-12-08 23:00:50] [INFO] State: {}
[2024-12-08 23:00:50] [INFO] Progress: 34.6% (864/2500)
 PPL: 19.825664032064065
[2024-12-08 23:00:50] [INFO] Current GPU memory usage: 15593.98486328125 MB
[2024-12-08 23:00:52] [INFO] State: {}
[2024-12-08 23:00:52] [INFO] Progress: 35.0% (876/2500)
 PPL: 19.80406148235041
[2024-12-08 23:00:52] [INFO] Current GPU memory usage: 15593.9931640625 MB
[2024-12-08 23:00:54] [INFO] State: {}
[2024-12-08 23:00:54] [INFO] Progress: 35.5% (888/2500)
 PPL: 19.820210818637836
[2024-12-08 23:00:54] [INFO] Current GPU memory usage: 15593.98974609375 MB
[2024-12-08 23:00:55] [INFO] State: {}
[2024-12-08 23:00:55] [INFO] Progress: 36.0% (900/2500)
 PPL: 19.7921479132663
[2024-12-08 23:00:55] [INFO] Current GPU memory usage: 15593.984375 MB
[2024-12-08 23:00:57] [INFO] State: {}
[2024-12-08 23:00:57] [INFO] Progress: 36.5% (912/2500)
 PPL: 19.75152692748099
[2024-12-08 23:00:57] [INFO] Current GPU memory usage: 15593.9921875 MB
[2024-12-08 23:00:58] [INFO] State: {}
[2024-12-08 23:00:58] [INFO] Progress: 37.0% (924/2500)
 PPL: 19.731460991875238
[2024-12-08 23:00:58] [INFO] Current GPU memory usage: 15593.97802734375 MB
[2024-12-08 23:01:00] [INFO] State: {}
[2024-12-08 23:01:00] [INFO] Progress: 37.4% (936/2500)
 PPL: 19.705277428500928
[2024-12-08 23:01:00] [INFO] Current GPU memory usage: 15593.98291015625 MB
[2024-12-08 23:01:01] [INFO] State: {}
[2024-12-08 23:01:01] [INFO] Progress: 37.9% (948/2500)
 PPL: 19.71709960261894
[2024-12-08 23:01:01] [INFO] Current GPU memory usage: 15593.98388671875 MB
[2024-12-08 23:01:03] [INFO] State: {}
[2024-12-08 23:01:03] [INFO] Progress: 38.4% (960/2500)
 PPL: 19.706916784429804
[2024-12-08 23:01:03] [INFO] Current GPU memory usage: 15594.00048828125 MB
[2024-12-08 23:01:04] [INFO] State: {}
[2024-12-08 23:01:04] [INFO] Progress: 38.9% (972/2500)
 PPL: 19.731228459912945
[2024-12-08 23:01:04] [INFO] Current GPU memory usage: 15593.986328125 MB
[2024-12-08 23:01:06] [INFO] State: {}
[2024-12-08 23:01:06] [INFO] Progress: 39.4% (984/2500)
 PPL: 19.711795636555845
[2024-12-08 23:01:06] [INFO] Current GPU memory usage: 15593.9873046875 MB
[2024-12-08 23:01:07] [INFO] State: {}
[2024-12-08 23:01:07] [INFO] Progress: 39.8% (996/2500)
 PPL: 19.722526111532307
[2024-12-08 23:01:07] [INFO] Current GPU memory usage: 15593.9853515625 MB
[2024-12-08 23:01:09] [INFO] State: {}
[2024-12-08 23:01:09] [INFO] Progress: 40.3% (1008/2500)
 PPL: 19.70371381531734
[2024-12-08 23:01:09] [INFO] Current GPU memory usage: 15593.98486328125 MB
[2024-12-08 23:01:10] [INFO] State: {}
[2024-12-08 23:01:10] [INFO] Progress: 40.8% (1020/2500)
 PPL: 19.69672068956414
[2024-12-08 23:01:10] [INFO] Current GPU memory usage: 15593.9921875 MB
[2024-12-08 23:01:12] [INFO] State: {}
[2024-12-08 23:01:12] [INFO] Progress: 41.3% (1032/2500)
 PPL: 19.707531281098664
[2024-12-08 23:01:12] [INFO] Current GPU memory usage: 15593.9755859375 MB
[2024-12-08 23:01:13] [INFO] State: {}
[2024-12-08 23:01:13] [INFO] Progress: 41.8% (1044/2500)
 PPL: 19.70803205903679
[2024-12-08 23:01:13] [INFO] Current GPU memory usage: 15594.0048828125 MB
[2024-12-08 23:01:15] [INFO] State: {}
[2024-12-08 23:01:15] [INFO] Progress: 42.2% (1056/2500)
 PPL: 19.703686920323214
[2024-12-08 23:01:15] [INFO] Current GPU memory usage: 15593.9951171875 MB
[2024-12-08 23:01:17] [INFO] State: {}
[2024-12-08 23:01:17] [INFO] Progress: 42.7% (1068/2500)
 PPL: 19.681735592383824
[2024-12-08 23:01:17] [INFO] Current GPU memory usage: 15593.982421875 MB
[2024-12-08 23:01:19] [INFO] State: {}
[2024-12-08 23:01:19] [INFO] Progress: 43.2% (1080/2500)
 PPL: 19.668487479827917
[2024-12-08 23:01:19] [INFO] Current GPU memory usage: 15593.982421875 MB
[2024-12-08 23:01:21] [INFO] State: {}
[2024-12-08 23:01:21] [INFO] Progress: 43.7% (1092/2500)
 PPL: 19.67260735599503
[2024-12-08 23:01:21] [INFO] Current GPU memory usage: 15593.98486328125 MB
[2024-12-08 23:01:22] [INFO] State: {}
[2024-12-08 23:01:22] [INFO] Progress: 44.2% (1104/2500)
 PPL: 19.679879846797796
[2024-12-08 23:01:22] [INFO] Current GPU memory usage: 15593.9951171875 MB
[2024-12-08 23:01:24] [INFO] State: {}
[2024-12-08 23:01:24] [INFO] Progress: 44.6% (1116/2500)
 PPL: 19.675270690053566
[2024-12-08 23:01:24] [INFO] Current GPU memory usage: 15593.98193359375 MB
[2024-12-08 23:01:25] [INFO] State: {}
[2024-12-08 23:01:25] [INFO] Progress: 45.1% (1128/2500)
 PPL: 19.678228717376932
[2024-12-08 23:01:25] [INFO] Current GPU memory usage: 15593.98876953125 MB
[2024-12-08 23:01:27] [INFO] State: {}
[2024-12-08 23:01:27] [INFO] Progress: 45.6% (1140/2500)
 PPL: 19.68546321645419
[2024-12-08 23:01:27] [INFO] Current GPU memory usage: 15593.9912109375 MB
[2024-12-08 23:01:28] [INFO] State: {}
[2024-12-08 23:01:28] [INFO] Progress: 46.1% (1152/2500)
 PPL: 19.658816842977167
[2024-12-08 23:01:28] [INFO] Current GPU memory usage: 15593.986328125 MB
[2024-12-08 23:01:30] [INFO] State: {}
[2024-12-08 23:01:30] [INFO] Progress: 46.6% (1164/2500)
 PPL: 19.666190324914005
[2024-12-08 23:01:30] [INFO] Current GPU memory usage: 15593.9833984375 MB
[2024-12-08 23:01:32] [INFO] State: {}
[2024-12-08 23:01:32] [INFO] Progress: 47.0% (1176/2500)
 PPL: 19.651973681370713
[2024-12-08 23:01:32] [INFO] Current GPU memory usage: 15593.9951171875 MB
[2024-12-08 23:01:33] [INFO] State: {}
[2024-12-08 23:01:33] [INFO] Progress: 47.5% (1188/2500)
 PPL: 19.661851924711772
[2024-12-08 23:01:33] [INFO] Current GPU memory usage: 15593.984375 MB
[2024-12-08 23:01:35] [INFO] State: {}
[2024-12-08 23:01:35] [INFO] Progress: 48.0% (1200/2500)
 PPL: 19.641961262333812
[2024-12-08 23:01:35] [INFO] Current GPU memory usage: 15593.986328125 MB
[2024-12-08 23:01:37] [INFO] State: {}
[2024-12-08 23:01:37] [INFO] Progress: 48.5% (1212/2500)
 PPL: 19.635281500982472
[2024-12-08 23:01:37] [INFO] Current GPU memory usage: 15593.99365234375 MB
[2024-12-08 23:01:38] [INFO] State: {}
[2024-12-08 23:01:38] [INFO] Progress: 49.0% (1224/2500)
 PPL: 19.626419541322875
[2024-12-08 23:01:38] [INFO] Current GPU memory usage: 15593.98876953125 MB
[2024-12-08 23:01:40] [INFO] State: {}
[2024-12-08 23:01:40] [INFO] Progress: 49.4% (1236/2500)
 PPL: 19.626799357674084
[2024-12-08 23:01:40] [INFO] Current GPU memory usage: 15593.9873046875 MB
[2024-12-08 23:01:41] [INFO] State: {}
[2024-12-08 23:01:41] [INFO] Progress: 49.9% (1248/2500)
 PPL: 19.617476558337923
[2024-12-08 23:01:41] [INFO] Current GPU memory usage: 15593.984375 MB
[2024-12-08 23:01:43] [INFO] State: {}
[2024-12-08 23:01:43] [INFO] Progress: 50.4% (1260/2500)
 PPL: 19.61876912674904
[2024-12-08 23:01:43] [INFO] Current GPU memory usage: 15593.994140625 MB
[2024-12-08 23:01:44] [INFO] State: {}
[2024-12-08 23:01:44] [INFO] Progress: 50.9% (1272/2500)
 PPL: 19.60276224875845
[2024-12-08 23:01:44] [INFO] Current GPU memory usage: 15593.9990234375 MB
[2024-12-08 23:01:46] [INFO] State: {}
[2024-12-08 23:01:46] [INFO] Progress: 51.4% (1284/2500)
 PPL: 19.592388791259303
[2024-12-08 23:01:46] [INFO] Current GPU memory usage: 15593.9814453125 MB
[2024-12-08 23:01:48] [INFO] State: {}
[2024-12-08 23:01:48] [INFO] Progress: 51.8% (1296/2500)
 PPL: 19.55682234122395
[2024-12-08 23:01:48] [INFO] Current GPU memory usage: 15593.984375 MB
[2024-12-08 23:01:49] [INFO] State: {}
[2024-12-08 23:01:49] [INFO] Progress: 52.3% (1308/2500)
 PPL: 19.537550758531477
[2024-12-08 23:01:49] [INFO] Current GPU memory usage: 15593.9814453125 MB
[2024-12-08 23:01:51] [INFO] State: {}
[2024-12-08 23:01:51] [INFO] Progress: 52.8% (1320/2500)
 PPL: 19.515724608116663
[2024-12-08 23:01:51] [INFO] Current GPU memory usage: 15593.9892578125 MB
[2024-12-08 23:01:53] [INFO] State: {}
[2024-12-08 23:01:53] [INFO] Progress: 53.3% (1332/2500)
 PPL: 19.501921102412027
[2024-12-08 23:01:53] [INFO] Current GPU memory usage: 15593.99951171875 MB
[2024-12-08 23:01:54] [INFO] State: {}
[2024-12-08 23:01:54] [INFO] Progress: 53.8% (1344/2500)
 PPL: 19.49222559939416
[2024-12-08 23:01:54] [INFO] Current GPU memory usage: 15593.98828125 MB
[2024-12-08 23:01:56] [INFO] State: {}
[2024-12-08 23:01:56] [INFO] Progress: 54.2% (1356/2500)
 PPL: 19.50052352480788
[2024-12-08 23:01:56] [INFO] Current GPU memory usage: 15593.97998046875 MB
[2024-12-08 23:01:58] [INFO] State: {}
[2024-12-08 23:01:58] [INFO] Progress: 54.7% (1368/2500)
 PPL: 19.52692232934943
[2024-12-08 23:01:58] [INFO] Current GPU memory usage: 15593.9931640625 MB
[2024-12-08 23:01:59] [INFO] State: {}
[2024-12-08 23:01:59] [INFO] Progress: 55.2% (1380/2500)
 PPL: 19.540662969049215
[2024-12-08 23:01:59] [INFO] Current GPU memory usage: 15593.99169921875 MB
[2024-12-08 23:02:01] [INFO] State: {}
[2024-12-08 23:02:01] [INFO] Progress: 55.7% (1392/2500)
 PPL: 19.515201889921357
[2024-12-08 23:02:01] [INFO] Current GPU memory usage: 15593.990234375 MB
[2024-12-08 23:02:02] [INFO] State: {}
[2024-12-08 23:02:02] [INFO] Progress: 56.2% (1404/2500)
 PPL: 19.50841097331806
[2024-12-08 23:02:02] [INFO] Current GPU memory usage: 15593.990234375 MB
[2024-12-08 23:02:04] [INFO] State: {}
[2024-12-08 23:02:04] [INFO] Progress: 56.6% (1416/2500)
 PPL: 19.509102293311393
[2024-12-08 23:02:04] [INFO] Current GPU memory usage: 15593.9853515625 MB
[2024-12-08 23:02:05] [INFO] State: {}
[2024-12-08 23:02:05] [INFO] Progress: 57.1% (1428/2500)
 PPL: 19.531705938325224
[2024-12-08 23:02:05] [INFO] Current GPU memory usage: 15593.9755859375 MB
[2024-12-08 23:02:07] [INFO] State: {}
[2024-12-08 23:02:07] [INFO] Progress: 57.6% (1440/2500)
 PPL: 19.536664759701317
[2024-12-08 23:02:07] [INFO] Current GPU memory usage: 15593.98046875 MB
[2024-12-08 23:02:08] [INFO] State: {}
[2024-12-08 23:02:08] [INFO] Progress: 58.1% (1452/2500)
 PPL: 19.538676149250893
[2024-12-08 23:02:08] [INFO] Current GPU memory usage: 15593.98779296875 MB
[2024-12-08 23:02:10] [INFO] State: {}
[2024-12-08 23:02:10] [INFO] Progress: 58.6% (1464/2500)
 PPL: 19.534272155098762
[2024-12-08 23:02:10] [INFO] Current GPU memory usage: 15593.98486328125 MB
[2024-12-08 23:02:12] [INFO] State: {}
[2024-12-08 23:02:12] [INFO] Progress: 59.0% (1476/2500)
 PPL: 19.533873918243795
[2024-12-08 23:02:12] [INFO] Current GPU memory usage: 15593.98046875 MB
[2024-12-08 23:02:13] [INFO] State: {}
[2024-12-08 23:02:13] [INFO] Progress: 59.5% (1488/2500)
 PPL: 19.549889886393228
[2024-12-08 23:02:13] [INFO] Current GPU memory usage: 15593.98193359375 MB
[2024-12-08 23:02:15] [INFO] State: {}
[2024-12-08 23:02:15] [INFO] Progress: 60.0% (1500/2500)
 PPL: 19.55923008789282
[2024-12-08 23:02:15] [INFO] Current GPU memory usage: 15593.98486328125 MB
[2024-12-08 23:02:16] [INFO] State: {}
[2024-12-08 23:02:16] [INFO] Progress: 60.5% (1512/2500)
 PPL: 19.564643019078215
[2024-12-08 23:02:16] [INFO] Current GPU memory usage: 15593.98486328125 MB
[2024-12-08 23:02:17] [INFO] State: {}
[2024-12-08 23:02:17] [INFO] Progress: 61.0% (1524/2500)
 PPL: 19.5692958122658
[2024-12-08 23:02:17] [INFO] Current GPU memory usage: 15593.986328125 MB
[2024-12-08 23:02:19] [INFO] State: {}
[2024-12-08 23:02:19] [INFO] Progress: 61.4% (1536/2500)
 PPL: 19.569769155123154
[2024-12-08 23:02:19] [INFO] Current GPU memory usage: 15593.98876953125 MB
[2024-12-08 23:02:20] [INFO] State: {}
[2024-12-08 23:02:20] [INFO] Progress: 61.9% (1548/2500)
 PPL: 19.561053428521117
[2024-12-08 23:02:20] [INFO] Current GPU memory usage: 15593.98974609375 MB
[2024-12-08 23:02:22] [INFO] State: {}
[2024-12-08 23:02:22] [INFO] Progress: 62.4% (1560/2500)
 PPL: 19.578089917095937
[2024-12-08 23:02:22] [INFO] Current GPU memory usage: 15593.9970703125 MB
[2024-12-08 23:02:23] [INFO] State: {}
[2024-12-08 23:02:23] [INFO] Progress: 62.9% (1572/2500)
 PPL: 19.58110121973349
[2024-12-08 23:02:23] [INFO] Current GPU memory usage: 15593.98486328125 MB
[2024-12-08 23:02:25] [INFO] State: {}
[2024-12-08 23:02:25] [INFO] Progress: 63.4% (1584/2500)
 PPL: 19.59180983298632
[2024-12-08 23:02:25] [INFO] Current GPU memory usage: 15593.98828125 MB
[2024-12-08 23:02:27] [INFO] State: {}
[2024-12-08 23:02:27] [INFO] Progress: 63.8% (1596/2500)
 PPL: 19.567307826440736
[2024-12-08 23:02:27] [INFO] Current GPU memory usage: 15593.98828125 MB
[2024-12-08 23:02:28] [INFO] State: {}
[2024-12-08 23:02:28] [INFO] Progress: 64.3% (1608/2500)
 PPL: 19.570748367537476
[2024-12-08 23:02:28] [INFO] Current GPU memory usage: 15593.9873046875 MB
[2024-12-08 23:02:30] [INFO] State: {}
[2024-12-08 23:02:30] [INFO] Progress: 64.8% (1620/2500)
 PPL: 19.57349195373843
[2024-12-08 23:02:30] [INFO] Current GPU memory usage: 15594.0048828125 MB
[2024-12-08 23:02:32] [INFO] State: {}
[2024-12-08 23:02:32] [INFO] Progress: 65.3% (1632/2500)
 PPL: 19.560962473911868
[2024-12-08 23:02:32] [INFO] Current GPU memory usage: 15593.986328125 MB
[2024-12-08 23:02:33] [INFO] State: {}
[2024-12-08 23:02:33] [INFO] Progress: 65.8% (1644/2500)
 PPL: 19.568713992115864
[2024-12-08 23:02:33] [INFO] Current GPU memory usage: 15593.9912109375 MB
[2024-12-08 23:02:35] [INFO] State: {}
[2024-12-08 23:02:35] [INFO] Progress: 66.2% (1656/2500)
 PPL: 19.56711605249212
[2024-12-08 23:02:35] [INFO] Current GPU memory usage: 15593.986328125 MB
[2024-12-08 23:02:36] [INFO] State: {}
[2024-12-08 23:02:36] [INFO] Progress: 66.7% (1668/2500)
 PPL: 19.56458412694277
[2024-12-08 23:02:36] [INFO] Current GPU memory usage: 15593.98388671875 MB
[2024-12-08 23:02:38] [INFO] State: {}
[2024-12-08 23:02:38] [INFO] Progress: 67.2% (1680/2500)
 PPL: 19.56387778693907
[2024-12-08 23:02:38] [INFO] Current GPU memory usage: 15593.98388671875 MB
[2024-12-08 23:02:40] [INFO] State: {}
[2024-12-08 23:02:40] [INFO] Progress: 67.7% (1692/2500)
 PPL: 19.55495724888792
[2024-12-08 23:02:40] [INFO] Current GPU memory usage: 15593.98583984375 MB
[2024-12-08 23:02:41] [INFO] State: {}
[2024-12-08 23:02:41] [INFO] Progress: 68.2% (1704/2500)
 PPL: 19.56949803739652
[2024-12-08 23:02:41] [INFO] Current GPU memory usage: 15593.9814453125 MB
[2024-12-08 23:02:43] [INFO] State: {}
[2024-12-08 23:02:43] [INFO] Progress: 68.6% (1716/2500)
 PPL: 19.574503326601718
[2024-12-08 23:02:43] [INFO] Current GPU memory usage: 15593.984375 MB
[2024-12-08 23:02:44] [INFO] State: {}
[2024-12-08 23:02:44] [INFO] Progress: 69.1% (1728/2500)
 PPL: 19.581226668687478
[2024-12-08 23:02:44] [INFO] Current GPU memory usage: 15593.98388671875 MB
[2024-12-08 23:02:46] [INFO] State: {}
[2024-12-08 23:02:46] [INFO] Progress: 69.6% (1740/2500)
 PPL: 19.584769003143453
[2024-12-08 23:02:46] [INFO] Current GPU memory usage: 15593.990234375 MB
[2024-12-08 23:02:48] [INFO] State: {}
[2024-12-08 23:02:48] [INFO] Progress: 70.1% (1752/2500)
 PPL: 19.580147547847382
[2024-12-08 23:02:48] [INFO] Current GPU memory usage: 15593.9892578125 MB
[2024-12-08 23:02:50] [INFO] State: {}
[2024-12-08 23:02:50] [INFO] Progress: 70.6% (1764/2500)
 PPL: 19.574634462904537
[2024-12-08 23:02:50] [INFO] Current GPU memory usage: 15593.98095703125 MB
[2024-12-08 23:02:51] [INFO] State: {}
[2024-12-08 23:02:51] [INFO] Progress: 71.0% (1776/2500)
 PPL: 19.57074964644242
[2024-12-08 23:02:51] [INFO] Current GPU memory usage: 15593.99658203125 MB
[2024-12-08 23:02:53] [INFO] State: {}
[2024-12-08 23:02:53] [INFO] Progress: 71.5% (1788/2500)
 PPL: 19.56489815841281
[2024-12-08 23:02:53] [INFO] Current GPU memory usage: 15593.984375 MB
[2024-12-08 23:02:54] [INFO] State: {}
[2024-12-08 23:02:54] [INFO] Progress: 72.0% (1800/2500)
 PPL: 19.551792998310084
[2024-12-08 23:02:54] [INFO] Current GPU memory usage: 15593.98828125 MB
[2024-12-08 23:02:56] [INFO] State: {}
[2024-12-08 23:02:56] [INFO] Progress: 72.5% (1812/2500)
 PPL: 19.554942043786355
[2024-12-08 23:02:56] [INFO] Current GPU memory usage: 15593.99755859375 MB
[2024-12-08 23:02:58] [INFO] State: {}
[2024-12-08 23:02:58] [INFO] Progress: 73.0% (1824/2500)
 PPL: 19.56092077567292
[2024-12-08 23:02:58] [INFO] Current GPU memory usage: 15593.98779296875 MB
[2024-12-08 23:02:59] [INFO] State: {}
[2024-12-08 23:02:59] [INFO] Progress: 73.4% (1836/2500)
 PPL: 19.53814773033815
[2024-12-08 23:02:59] [INFO] Current GPU memory usage: 15593.994140625 MB
[2024-12-08 23:03:01] [INFO] State: {}
[2024-12-08 23:03:01] [INFO] Progress: 73.9% (1848/2500)
 PPL: 19.54086374291469
[2024-12-08 23:03:01] [INFO] Current GPU memory usage: 15593.990234375 MB
[2024-12-08 23:03:03] [INFO] State: {}
[2024-12-08 23:03:03] [INFO] Progress: 74.4% (1860/2500)
 PPL: 19.52688249510839
[2024-12-08 23:03:03] [INFO] Current GPU memory usage: 15593.98046875 MB
[2024-12-08 23:03:04] [INFO] State: {}
[2024-12-08 23:03:04] [INFO] Progress: 74.9% (1872/2500)
 PPL: 19.537041634891807
[2024-12-08 23:03:04] [INFO] Current GPU memory usage: 15593.98388671875 MB
[2024-12-08 23:03:06] [INFO] State: {}
[2024-12-08 23:03:06] [INFO] Progress: 75.4% (1884/2500)
 PPL: 19.534185047702046
[2024-12-08 23:03:06] [INFO] Current GPU memory usage: 15593.99072265625 MB
[2024-12-08 23:03:07] [INFO] State: {}
[2024-12-08 23:03:07] [INFO] Progress: 75.8% (1896/2500)
 PPL: 19.51547448190466
[2024-12-08 23:03:07] [INFO] Current GPU memory usage: 15593.98291015625 MB
[2024-12-08 23:03:09] [INFO] State: {}
[2024-12-08 23:03:09] [INFO] Progress: 76.3% (1908/2500)
 PPL: 19.5331231774355
[2024-12-08 23:03:09] [INFO] Current GPU memory usage: 15593.9892578125 MB
[2024-12-08 23:03:10] [INFO] State: {}
[2024-12-08 23:03:10] [INFO] Progress: 76.8% (1920/2500)
 PPL: 19.536118053479488
[2024-12-08 23:03:10] [INFO] Current GPU memory usage: 15593.9853515625 MB
[2024-12-08 23:03:12] [INFO] State: {}
[2024-12-08 23:03:12] [INFO] Progress: 77.3% (1932/2500)
 PPL: 19.536378730872293
[2024-12-08 23:03:12] [INFO] Current GPU memory usage: 15593.99365234375 MB
[2024-12-08 23:03:13] [INFO] State: {}
[2024-12-08 23:03:13] [INFO] Progress: 77.8% (1944/2500)
 PPL: 19.53296483181331
[2024-12-08 23:03:13] [INFO] Current GPU memory usage: 15593.98583984375 MB
[2024-12-08 23:03:15] [INFO] State: {}
[2024-12-08 23:03:15] [INFO] Progress: 78.2% (1956/2500)
 PPL: 19.53933545086505
[2024-12-08 23:03:15] [INFO] Current GPU memory usage: 15594.0 MB
[2024-12-08 23:03:17] [INFO] State: {}
[2024-12-08 23:03:17] [INFO] Progress: 78.7% (1968/2500)
 PPL: 19.53149460652269
[2024-12-08 23:03:17] [INFO] Current GPU memory usage: 15593.9912109375 MB
[2024-12-08 23:03:19] [INFO] State: {}
[2024-12-08 23:03:19] [INFO] Progress: 79.2% (1980/2500)
 PPL: 19.515729134133487
[2024-12-08 23:03:19] [INFO] Current GPU memory usage: 15593.98583984375 MB
[2024-12-08 23:03:20] [INFO] State: {}
[2024-12-08 23:03:20] [INFO] Progress: 79.7% (1992/2500)
 PPL: 19.525553490943274
[2024-12-08 23:03:20] [INFO] Current GPU memory usage: 15593.9814453125 MB
[2024-12-08 23:03:22] [INFO] State: {}
[2024-12-08 23:03:22] [INFO] Progress: 80.2% (2004/2500)
 PPL: 19.536783826332048
[2024-12-08 23:03:22] [INFO] Current GPU memory usage: 15593.9833984375 MB
[2024-12-08 23:03:24] [INFO] State: {}
[2024-12-08 23:03:24] [INFO] Progress: 80.6% (2016/2500)
 PPL: 19.5309867384557
[2024-12-08 23:03:24] [INFO] Current GPU memory usage: 15593.97802734375 MB
[2024-12-08 23:03:25] [INFO] State: {}
[2024-12-08 23:03:25] [INFO] Progress: 81.1% (2028/2500)
 PPL: 19.532912100637205
[2024-12-08 23:03:25] [INFO] Current GPU memory usage: 15593.998046875 MB
[2024-12-08 23:03:27] [INFO] State: {}
[2024-12-08 23:03:27] [INFO] Progress: 81.6% (2040/2500)
 PPL: 19.539035689884518
[2024-12-08 23:03:27] [INFO] Current GPU memory usage: 15593.98681640625 MB
[2024-12-08 23:03:28] [INFO] State: {}
[2024-12-08 23:03:28] [INFO] Progress: 82.1% (2052/2500)
 PPL: 19.539712355143465
[2024-12-08 23:03:28] [INFO] Current GPU memory usage: 15593.98388671875 MB
[2024-12-08 23:03:29] [INFO] State: {}
[2024-12-08 23:03:29] [INFO] Progress: 82.6% (2064/2500)
 PPL: 19.55101455969302
[2024-12-08 23:03:29] [INFO] Current GPU memory usage: 15593.98876953125 MB
[2024-12-08 23:03:31] [INFO] State: {}
[2024-12-08 23:03:31] [INFO] Progress: 83.0% (2076/2500)
 PPL: 19.549806470400966
[2024-12-08 23:03:31] [INFO] Current GPU memory usage: 15593.98974609375 MB
[2024-12-08 23:03:32] [INFO] State: {}
[2024-12-08 23:03:32] [INFO] Progress: 83.5% (2088/2500)
 PPL: 19.577664033294685
[2024-12-08 23:03:32] [INFO] Current GPU memory usage: 15593.9931640625 MB
[2024-12-08 23:03:34] [INFO] State: {}
[2024-12-08 23:03:34] [INFO] Progress: 84.0% (2100/2500)
 PPL: 19.579435783095143
[2024-12-08 23:03:34] [INFO] Current GPU memory usage: 15593.986328125 MB
[2024-12-08 23:03:35] [INFO] State: {}
[2024-12-08 23:03:35] [INFO] Progress: 84.5% (2112/2500)
 PPL: 19.601403972782503
[2024-12-08 23:03:35] [INFO] Current GPU memory usage: 15593.9912109375 MB
[2024-12-08 23:03:37] [INFO] State: {}
[2024-12-08 23:03:37] [INFO] Progress: 85.0% (2124/2500)
 PPL: 19.58658623314208
[2024-12-08 23:03:37] [INFO] Current GPU memory usage: 15593.99951171875 MB
[2024-12-08 23:03:38] [INFO] State: {}
[2024-12-08 23:03:38] [INFO] Progress: 85.4% (2136/2500)
 PPL: 19.593667190501705
[2024-12-08 23:03:38] [INFO] Current GPU memory usage: 15593.978515625 MB
[2024-12-08 23:03:40] [INFO] State: {}
[2024-12-08 23:03:40] [INFO] Progress: 85.9% (2148/2500)
 PPL: 19.590245529881326
[2024-12-08 23:03:40] [INFO] Current GPU memory usage: 15593.9833984375 MB
[2024-12-08 23:03:42] [INFO] State: {}
[2024-12-08 23:03:42] [INFO] Progress: 86.4% (2160/2500)
 PPL: 19.595401336054966
[2024-12-08 23:03:42] [INFO] Current GPU memory usage: 15593.9833984375 MB
[2024-12-08 23:03:43] [INFO] State: {}
[2024-12-08 23:03:43] [INFO] Progress: 86.9% (2172/2500)
 PPL: 19.599540361595505
[2024-12-08 23:03:43] [INFO] Current GPU memory usage: 15593.9853515625 MB
[2024-12-08 23:03:45] [INFO] State: {}
[2024-12-08 23:03:45] [INFO] Progress: 87.4% (2184/2500)
 PPL: 19.58287737749343
[2024-12-08 23:03:45] [INFO] Current GPU memory usage: 15593.98779296875 MB
[2024-12-08 23:03:46] [INFO] State: {}
[2024-12-08 23:03:46] [INFO] Progress: 87.8% (2196/2500)
 PPL: 19.584232314110935
[2024-12-08 23:03:46] [INFO] Current GPU memory usage: 15593.99072265625 MB
[2024-12-08 23:03:48] [INFO] State: {}
[2024-12-08 23:03:48] [INFO] Progress: 88.3% (2208/2500)
 PPL: 19.577166804381875
[2024-12-08 23:03:48] [INFO] Current GPU memory usage: 15593.98193359375 MB
[2024-12-08 23:03:49] [INFO] State: {}
[2024-12-08 23:03:49] [INFO] Progress: 88.8% (2220/2500)
 PPL: 19.5889055955465
[2024-12-08 23:03:49] [INFO] Current GPU memory usage: 15593.98828125 MB
[2024-12-08 23:03:51] [INFO] State: {}
[2024-12-08 23:03:51] [INFO] Progress: 89.3% (2232/2500)
 PPL: 19.586600501451525
[2024-12-08 23:03:51] [INFO] Current GPU memory usage: 15593.98388671875 MB
[2024-12-08 23:03:53] [INFO] State: {}
[2024-12-08 23:03:53] [INFO] Progress: 89.8% (2244/2500)
 PPL: 19.590815130807336
[2024-12-08 23:03:53] [INFO] Current GPU memory usage: 15593.9853515625 MB
[2024-12-08 23:03:54] [INFO] State: {}
[2024-12-08 23:03:54] [INFO] Progress: 90.2% (2256/2500)
 PPL: 19.60731772258473
[2024-12-08 23:03:54] [INFO] Current GPU memory usage: 15593.99755859375 MB
[2024-12-08 23:03:56] [INFO] State: {}
[2024-12-08 23:03:56] [INFO] Progress: 90.7% (2268/2500)
 PPL: 19.60504271809585
[2024-12-08 23:03:56] [INFO] Current GPU memory usage: 15593.99560546875 MB
[2024-12-08 23:03:57] [INFO] State: {}
[2024-12-08 23:03:57] [INFO] Progress: 91.2% (2280/2500)
 PPL: 19.610921224274694
[2024-12-08 23:03:57] [INFO] Current GPU memory usage: 15593.99072265625 MB
[2024-12-08 23:03:59] [INFO] State: {}
[2024-12-08 23:03:59] [INFO] Progress: 91.7% (2292/2500)
 PPL: 19.606427917864686
[2024-12-08 23:03:59] [INFO] Current GPU memory usage: 15593.98779296875 MB
[2024-12-08 23:04:00] [INFO] State: {}
[2024-12-08 23:04:00] [INFO] Progress: 92.2% (2304/2500)
 PPL: 19.601160876294568
[2024-12-08 23:04:00] [INFO] Current GPU memory usage: 15593.99267578125 MB
[2024-12-08 23:04:02] [INFO] State: {}
[2024-12-08 23:04:02] [INFO] Progress: 92.6% (2316/2500)
 PPL: 19.605220035955433
[2024-12-08 23:04:02] [INFO] Current GPU memory usage: 15593.98876953125 MB
[2024-12-08 23:04:04] [INFO] State: {}
[2024-12-08 23:04:04] [INFO] Progress: 93.1% (2328/2500)
 PPL: 19.598318166440887
[2024-12-08 23:04:04] [INFO] Current GPU memory usage: 15593.9921875 MB
[2024-12-08 23:04:05] [INFO] State: {}
[2024-12-08 23:04:05] [INFO] Progress: 93.6% (2340/2500)
 PPL: 19.5963759951684
[2024-12-08 23:04:05] [INFO] Current GPU memory usage: 15593.99560546875 MB
[2024-12-08 23:04:07] [INFO] State: {}
[2024-12-08 23:04:07] [INFO] Progress: 94.1% (2352/2500)
 PPL: 19.590905515156155
[2024-12-08 23:04:07] [INFO] Current GPU memory usage: 15593.984375 MB
[2024-12-08 23:04:08] [INFO] State: {}
[2024-12-08 23:04:08] [INFO] Progress: 94.6% (2364/2500)
 PPL: 19.588183306309254
[2024-12-08 23:04:08] [INFO] Current GPU memory usage: 15593.98681640625 MB
[2024-12-08 23:04:10] [INFO] State: {}
[2024-12-08 23:04:10] [INFO] Progress: 95.0% (2376/2500)
 PPL: 19.586496244561197
[2024-12-08 23:04:10] [INFO] Current GPU memory usage: 15593.98583984375 MB
[2024-12-08 23:04:11] [INFO] State: {}
[2024-12-08 23:04:11] [INFO] Progress: 95.5% (2388/2500)
 PPL: 19.580514770693465
[2024-12-08 23:04:11] [INFO] Current GPU memory usage: 15593.990234375 MB
[2024-12-08 23:04:13] [INFO] State: {}
[2024-12-08 23:04:13] [INFO] Progress: 96.0% (2400/2500)
 PPL: 19.56618843170478
[2024-12-08 23:04:13] [INFO] Current GPU memory usage: 15593.98828125 MB
[2024-12-08 23:04:15] [INFO] State: {}
[2024-12-08 23:04:15] [INFO] Progress: 96.5% (2412/2500)
 PPL: 19.561375089073277
[2024-12-08 23:04:15] [INFO] Current GPU memory usage: 15593.9892578125 MB
[2024-12-08 23:04:16] [INFO] State: {}
[2024-12-08 23:04:16] [INFO] Progress: 97.0% (2424/2500)
 PPL: 19.56361467295523
[2024-12-08 23:04:16] [INFO] Current GPU memory usage: 15593.9892578125 MB
[2024-12-08 23:04:18] [INFO] State: {}
[2024-12-08 23:04:18] [INFO] Progress: 97.4% (2436/2500)
 PPL: 19.574482104946185
[2024-12-08 23:04:18] [INFO] Current GPU memory usage: 15593.982421875 MB
[2024-12-08 23:04:19] [INFO] State: {}
[2024-12-08 23:04:19] [INFO] Progress: 97.9% (2448/2500)
 PPL: 19.57560936214056
[2024-12-08 23:04:19] [INFO] Current GPU memory usage: 15593.9921875 MB
[2024-12-08 23:04:21] [INFO] State: {}
[2024-12-08 23:04:21] [INFO] Progress: 98.4% (2460/2500)
 PPL: 19.577088736451447
[2024-12-08 23:04:21] [INFO] Current GPU memory usage: 15593.984375 MB
[2024-12-08 23:04:22] [INFO] State: {}
[2024-12-08 23:04:22] [INFO] Progress: 98.9% (2472/2500)
 PPL: 19.578372489271878
[2024-12-08 23:04:22] [INFO] Current GPU memory usage: 15593.98681640625 MB
[2024-12-08 23:04:23] [INFO] State: {}
[2024-12-08 23:04:23] [INFO] Progress: 99.4% (2484/2500)
 PPL: 19.579747222422977
[2024-12-08 23:04:23] [INFO] Current GPU memory usage: 15593.98583984375 MB
[2024-12-08 23:04:25] [INFO] State: {}
[2024-12-08 23:04:25] [INFO] Progress: 99.8% (2496/2500)
 PPL: 19.583857428222146
[2024-12-08 23:04:25] [INFO] Current GPU memory usage: 15593.984375 MB
[2024-12-08 23:04:26] [INFO] Perplexity: 19.588375491586035
[2024-12-08 23:04:26] [INFO] CUDA Memory Summary:
[2024-12-08 23:04:26] [INFO] |===========================================================================|
|                  PyTorch CUDA memory summary, device ID 0                 |
|---------------------------------------------------------------------------|
|            CUDA OOMs: 0            |        cudaMalloc retries: 0         |
|===========================================================================|
|        Metric         | Cur Usage  | Peak Usage | Tot Alloc  | Tot Freed  |
|---------------------------------------------------------------------------|
| Allocated memory      |  15593 MiB |  19602 MiB |  54304 GiB |  54289 GiB |
|       from large pool |  15593 MiB |  19601 MiB |  54278 GiB |  54263 GiB |
|       from small pool |      0 MiB |      8 MiB |     26 GiB |     26 GiB |
|---------------------------------------------------------------------------|
| Active memory         |  15593 MiB |  19602 MiB |  54304 GiB |  54289 GiB |
|       from large pool |  15593 MiB |  19601 MiB |  54278 GiB |  54263 GiB |
|       from small pool |      0 MiB |      8 MiB |     26 GiB |     26 GiB |
|---------------------------------------------------------------------------|
| Requested memory      |  15593 MiB |  19602 MiB |  54304 GiB |  54289 GiB |
|       from large pool |  15593 MiB |  19601 MiB |  54278 GiB |  54263 GiB |
|       from small pool |      0 MiB |      8 MiB |     25 GiB |     25 GiB |
|---------------------------------------------------------------------------|
| GPU reserved memory   |  20730 MiB |  20730 MiB |  20730 MiB |      0 B   |
|       from large pool |  20720 MiB |  20720 MiB |  20720 MiB |      0 B   |
|       from small pool |     10 MiB |     10 MiB |     10 MiB |      0 B   |
|---------------------------------------------------------------------------|
| Non-releasable memory |      0 B   |      0 B   |      0 B   |      0 B   |
|       from large pool |      0 B   |      0 B   |      0 B   |      0 B   |
|       from small pool |      0 B   |      0 B   |      0 B   |      0 B   |
|---------------------------------------------------------------------------|
| Allocations           |     323    |     346    |    3378 K  |    3377 K  |
|       from large pool |     258    |     269    |    2824 K  |    2824 K  |
|       from small pool |      65    |      85    |     553 K  |     553 K  |
|---------------------------------------------------------------------------|
| Active allocs         |     323    |     346    |    3378 K  |    3377 K  |
|       from large pool |     258    |     269    |    2824 K  |    2824 K  |
|       from small pool |      65    |      85    |     553 K  |     553 K  |
|---------------------------------------------------------------------------|
| GPU reserved segments |       0    |       0    |       0    |       0    |
|       from large pool |       0    |       0    |       0    |       0    |
|       from small pool |       0    |       0    |       0    |       0    |
|---------------------------------------------------------------------------|
| Non-releasable allocs |       0    |       0    |       0    |       0    |
|       from large pool |       0    |       0    |       0    |       0    |
|       from small pool |       0    |       0    |       0    |       0    |
|---------------------------------------------------------------------------|
| Oversize allocations  |       0    |       0    |       0    |       0    |
|---------------------------------------------------------------------------|
| Oversize GPU segments |       0    |       0    |       0    |       0    |
|===========================================================================|

[2024-12-08 23:04:26] [INFO] FIN.
