[2024-12-08 23:04:30] [INFO] #### Starting activation capture script.
[2024-12-08 23:04:30] [INFO] #### Arguments:
[2024-12-08 23:04:30] [INFO] # model_dir=/workspace/llama_3.2-3B_model/original
[2024-12-08 23:04:30] [INFO] # sae_dir=/workspace/sae_final_2024-10-28.pth
[2024-12-08 23:04:30] [INFO] # num_samples=20000
[2024-12-08 23:04:30] [INFO] # drop latents=20
[2024-12-08 23:04:30] [INFO] #### GPU Configuration:
[2024-12-08 23:04:30] [INFO] # device=cuda
[2024-12-08 23:04:30] [INFO] #### Configuration:
[2024-12-08 23:04:30] [INFO] # batch_size=8
[2024-12-08 23:04:30] [INFO] # dataloader_num_workers=4
[2024-12-08 23:04:30] [INFO] # dtype=torch.bfloat16
[2024-12-08 23:04:30] [INFO] # max_token_length=512
[2024-12-08 23:04:30] [INFO] # add_bos_token=True
[2024-12-08 23:04:30] [INFO] # dataset_shuffle=True
[2024-12-08 23:04:30] [INFO] Loading tokenizer...
[2024-12-08 23:04:30] [INFO] Creating dataset, sampler and dataloader...
[2024-12-08 23:04:30] [INFO] Initializing Wikitext2 Dataset with max_token_length=512...
[2024-12-08 23:04:31] [INFO] Shuffling the dataset...
[2024-12-08 23:04:31] [INFO] Dataset size: 20000 samples
[2024-12-08 23:04:31] [INFO] Dataloader created with 2500 batches.
[2024-12-08 23:04:31] [INFO] Loading activation mask masks/mask_20
[2024-12-08 23:04:32] [INFO] Initializing SAE from /workspace/sae_final_2024-10-28.pth
[2024-12-08 23:04:32] [INFO] Loading TopK SAE model weights and config from: /workspace/sae_final_2024-10-28.pth
[2024-12-08 23:04:33] [INFO] Initializing TopK SAE model and loading state dict...
[2024-12-08 23:04:53] [INFO] Moving model to device cuda and setting to eval mode...
[2024-12-08 23:04:53] [INFO] Loading model parameters from /workspace/llama_3.2-3B_model/original/params.json...
[2024-12-08 23:04:53] [INFO] Initializing model on CPU...
[2024-12-08 23:05:27] [INFO] Loading model weights into CPU memory...
[2024-12-08 23:05:31] [INFO] Loading model weights into model...
[2024-12-08 23:05:34] [INFO] Model weights loaded successfully. Moving model to device cuda...
[2024-12-08 23:05:35] [INFO] Setting model to eval mode...
[2024-12-08 23:05:35] [INFO] Model created successfully.
[2024-12-08 23:05:35] [INFO] Starting capture of activations...
[2024-12-08 23:05:39] [INFO] State: {}
[2024-12-08 23:05:39] [INFO] Progress: 0.5% (12/2500)
 PPL: 18.96546775891288
[2024-12-08 23:05:39] [INFO] Current GPU memory usage: 15593.9853515625 MB
[2024-12-08 23:05:41] [INFO] State: {}
[2024-12-08 23:05:41] [INFO] Progress: 1.0% (24/2500)
 PPL: 19.706462146824826
[2024-12-08 23:05:41] [INFO] Current GPU memory usage: 15593.9873046875 MB
[2024-12-08 23:05:43] [INFO] State: {}
[2024-12-08 23:05:43] [INFO] Progress: 1.4% (36/2500)
 PPL: 19.086318121432686
[2024-12-08 23:05:43] [INFO] Current GPU memory usage: 15593.9921875 MB
[2024-12-08 23:05:45] [INFO] State: {}
[2024-12-08 23:05:45] [INFO] Progress: 1.9% (48/2500)
 PPL: 18.907350615567363
[2024-12-08 23:05:45] [INFO] Current GPU memory usage: 15593.98486328125 MB
[2024-12-08 23:05:46] [INFO] State: {}
[2024-12-08 23:05:46] [INFO] Progress: 2.4% (60/2500)
 PPL: 19.21765150300052
[2024-12-08 23:05:46] [INFO] Current GPU memory usage: 15593.998046875 MB
[2024-12-08 23:05:47] [INFO] State: {}
[2024-12-08 23:05:47] [INFO] Progress: 2.9% (72/2500)
 PPL: 19.20778650057107
[2024-12-08 23:05:47] [INFO] Current GPU memory usage: 15593.974609375 MB
[2024-12-08 23:05:49] [INFO] State: {}
[2024-12-08 23:05:49] [INFO] Progress: 3.4% (84/2500)
 PPL: 19.250809557149566
[2024-12-08 23:05:49] [INFO] Current GPU memory usage: 15593.99658203125 MB
[2024-12-08 23:05:50] [INFO] State: {}
[2024-12-08 23:05:50] [INFO] Progress: 3.8% (96/2500)
 PPL: 19.696188207161978
[2024-12-08 23:05:50] [INFO] Current GPU memory usage: 15593.982421875 MB
[2024-12-08 23:05:52] [INFO] State: {}
[2024-12-08 23:05:52] [INFO] Progress: 4.3% (108/2500)
 PPL: 19.648489266851836
[2024-12-08 23:05:52] [INFO] Current GPU memory usage: 15593.9853515625 MB
[2024-12-08 23:05:53] [INFO] State: {}
[2024-12-08 23:05:53] [INFO] Progress: 4.8% (120/2500)
 PPL: 19.981801174848563
[2024-12-08 23:05:53] [INFO] Current GPU memory usage: 15593.974609375 MB
[2024-12-08 23:05:55] [INFO] State: {}
[2024-12-08 23:05:55] [INFO] Progress: 5.3% (132/2500)
 PPL: 20.0809530348103
[2024-12-08 23:05:55] [INFO] Current GPU memory usage: 15593.98828125 MB
[2024-12-08 23:05:56] [INFO] State: {}
[2024-12-08 23:05:56] [INFO] Progress: 5.8% (144/2500)
 PPL: 20.08003149236286
[2024-12-08 23:05:56] [INFO] Current GPU memory usage: 15593.98095703125 MB
[2024-12-08 23:05:58] [INFO] State: {}
[2024-12-08 23:05:58] [INFO] Progress: 6.2% (156/2500)
 PPL: 19.983031742538504
[2024-12-08 23:05:58] [INFO] Current GPU memory usage: 15593.98583984375 MB
[2024-12-08 23:05:59] [INFO] State: {}
[2024-12-08 23:05:59] [INFO] Progress: 6.7% (168/2500)
 PPL: 20.04675267379078
[2024-12-08 23:05:59] [INFO] Current GPU memory usage: 15593.98486328125 MB
[2024-12-08 23:06:01] [INFO] State: {}
[2024-12-08 23:06:01] [INFO] Progress: 7.2% (180/2500)
 PPL: 20.005432473074197
[2024-12-08 23:06:01] [INFO] Current GPU memory usage: 15594.00390625 MB
[2024-12-08 23:06:03] [INFO] State: {}
[2024-12-08 23:06:03] [INFO] Progress: 7.7% (192/2500)
 PPL: 20.068415684124304
[2024-12-08 23:06:03] [INFO] Current GPU memory usage: 15594.0 MB
[2024-12-08 23:06:04] [INFO] State: {}
[2024-12-08 23:06:04] [INFO] Progress: 8.2% (204/2500)
 PPL: 19.83980719521209
[2024-12-08 23:06:04] [INFO] Current GPU memory usage: 15593.984375 MB
[2024-12-08 23:06:06] [INFO] State: {}
[2024-12-08 23:06:06] [INFO] Progress: 8.6% (216/2500)
 PPL: 19.784029301096336
[2024-12-08 23:06:06] [INFO] Current GPU memory usage: 15594.00439453125 MB
[2024-12-08 23:06:08] [INFO] State: {}
[2024-12-08 23:06:08] [INFO] Progress: 9.1% (228/2500)
 PPL: 19.75914173884748
[2024-12-08 23:06:08] [INFO] Current GPU memory usage: 15593.9951171875 MB
[2024-12-08 23:06:10] [INFO] State: {}
[2024-12-08 23:06:10] [INFO] Progress: 9.6% (240/2500)
 PPL: 19.68181486784689
[2024-12-08 23:06:10] [INFO] Current GPU memory usage: 15593.98388671875 MB
[2024-12-08 23:06:12] [INFO] State: {}
[2024-12-08 23:06:12] [INFO] Progress: 10.1% (252/2500)
 PPL: 19.561708224394053
[2024-12-08 23:06:12] [INFO] Current GPU memory usage: 15593.9833984375 MB
[2024-12-08 23:06:13] [INFO] State: {}
[2024-12-08 23:06:13] [INFO] Progress: 10.6% (264/2500)
 PPL: 19.629758232491767
[2024-12-08 23:06:13] [INFO] Current GPU memory usage: 15593.98388671875 MB
[2024-12-08 23:06:15] [INFO] State: {}
[2024-12-08 23:06:15] [INFO] Progress: 11.0% (276/2500)
 PPL: 19.62489080121607
[2024-12-08 23:06:15] [INFO] Current GPU memory usage: 15593.9853515625 MB
[2024-12-08 23:06:16] [INFO] State: {}
[2024-12-08 23:06:16] [INFO] Progress: 11.5% (288/2500)
 PPL: 19.663258747275645
[2024-12-08 23:06:16] [INFO] Current GPU memory usage: 15593.986328125 MB
[2024-12-08 23:06:18] [INFO] State: {}
[2024-12-08 23:06:18] [INFO] Progress: 12.0% (300/2500)
 PPL: 19.659803045957712
[2024-12-08 23:06:18] [INFO] Current GPU memory usage: 15593.99755859375 MB
[2024-12-08 23:06:19] [INFO] State: {}
[2024-12-08 23:06:19] [INFO] Progress: 12.5% (312/2500)
 PPL: 19.598836469017712
[2024-12-08 23:06:19] [INFO] Current GPU memory usage: 15593.9775390625 MB
[2024-12-08 23:06:21] [INFO] State: {}
[2024-12-08 23:06:21] [INFO] Progress: 13.0% (324/2500)
 PPL: 19.623588152348386
[2024-12-08 23:06:21] [INFO] Current GPU memory usage: 15593.99462890625 MB
[2024-12-08 23:06:23] [INFO] State: {}
[2024-12-08 23:06:23] [INFO] Progress: 13.4% (336/2500)
 PPL: 19.664005704964584
[2024-12-08 23:06:23] [INFO] Current GPU memory usage: 15593.990234375 MB
[2024-12-08 23:06:24] [INFO] State: {}
[2024-12-08 23:06:24] [INFO] Progress: 13.9% (348/2500)
 PPL: 19.636796411376327
[2024-12-08 23:06:24] [INFO] Current GPU memory usage: 15593.98193359375 MB
[2024-12-08 23:06:26] [INFO] State: {}
[2024-12-08 23:06:26] [INFO] Progress: 14.4% (360/2500)
 PPL: 19.70494507450387
[2024-12-08 23:06:26] [INFO] Current GPU memory usage: 15593.9794921875 MB
[2024-12-08 23:06:27] [INFO] State: {}
[2024-12-08 23:06:27] [INFO] Progress: 14.9% (372/2500)
 PPL: 19.687068876340327
[2024-12-08 23:06:27] [INFO] Current GPU memory usage: 15593.982421875 MB
[2024-12-08 23:06:29] [INFO] State: {}
[2024-12-08 23:06:29] [INFO] Progress: 15.4% (384/2500)
 PPL: 19.71873472122271
[2024-12-08 23:06:29] [INFO] Current GPU memory usage: 15593.99072265625 MB
[2024-12-08 23:06:30] [INFO] State: {}
[2024-12-08 23:06:30] [INFO] Progress: 15.8% (396/2500)
 PPL: 19.85484256603649
[2024-12-08 23:06:30] [INFO] Current GPU memory usage: 15593.9912109375 MB
[2024-12-08 23:06:32] [INFO] State: {}
[2024-12-08 23:06:32] [INFO] Progress: 16.3% (408/2500)
 PPL: 19.918225832764204
[2024-12-08 23:06:32] [INFO] Current GPU memory usage: 15593.9892578125 MB
[2024-12-08 23:06:34] [INFO] State: {}
[2024-12-08 23:06:34] [INFO] Progress: 16.8% (420/2500)
 PPL: 19.872030472256007
[2024-12-08 23:06:34] [INFO] Current GPU memory usage: 15593.9970703125 MB
[2024-12-08 23:06:36] [INFO] State: {}
[2024-12-08 23:06:36] [INFO] Progress: 17.3% (432/2500)
 PPL: 19.858628573250076
[2024-12-08 23:06:36] [INFO] Current GPU memory usage: 15593.99072265625 MB
[2024-12-08 23:06:37] [INFO] State: {}
[2024-12-08 23:06:37] [INFO] Progress: 17.8% (444/2500)
 PPL: 19.809627268404512
[2024-12-08 23:06:37] [INFO] Current GPU memory usage: 15593.98388671875 MB
[2024-12-08 23:06:39] [INFO] State: {}
[2024-12-08 23:06:39] [INFO] Progress: 18.2% (456/2500)
 PPL: 19.780984359376625
[2024-12-08 23:06:39] [INFO] Current GPU memory usage: 15593.9853515625 MB
[2024-12-08 23:06:41] [INFO] State: {}
[2024-12-08 23:06:41] [INFO] Progress: 18.7% (468/2500)
 PPL: 19.82874253834903
[2024-12-08 23:06:41] [INFO] Current GPU memory usage: 15593.994140625 MB
[2024-12-08 23:06:42] [INFO] State: {}
[2024-12-08 23:06:42] [INFO] Progress: 19.2% (480/2500)
 PPL: 19.816436687024453
[2024-12-08 23:06:42] [INFO] Current GPU memory usage: 15593.98876953125 MB
[2024-12-08 23:06:44] [INFO] State: {}
[2024-12-08 23:06:44] [INFO] Progress: 19.7% (492/2500)
 PPL: 19.795004437005797
[2024-12-08 23:06:44] [INFO] Current GPU memory usage: 15593.98681640625 MB
[2024-12-08 23:06:46] [INFO] State: {}
[2024-12-08 23:06:46] [INFO] Progress: 20.2% (504/2500)
 PPL: 19.76698767920609
[2024-12-08 23:06:46] [INFO] Current GPU memory usage: 15593.98681640625 MB
[2024-12-08 23:06:47] [INFO] State: {}
[2024-12-08 23:06:47] [INFO] Progress: 20.6% (516/2500)
 PPL: 19.778038304443033
[2024-12-08 23:06:47] [INFO] Current GPU memory usage: 15593.99658203125 MB
[2024-12-08 23:06:49] [INFO] State: {}
[2024-12-08 23:06:49] [INFO] Progress: 21.1% (528/2500)
 PPL: 19.716621133762473
[2024-12-08 23:06:49] [INFO] Current GPU memory usage: 15593.984375 MB
[2024-12-08 23:06:51] [INFO] State: {}
[2024-12-08 23:06:51] [INFO] Progress: 21.6% (540/2500)
 PPL: 19.704742027284382
[2024-12-08 23:06:51] [INFO] Current GPU memory usage: 15593.99169921875 MB
[2024-12-08 23:06:52] [INFO] State: {}
[2024-12-08 23:06:52] [INFO] Progress: 22.1% (552/2500)
 PPL: 19.739881169965454
[2024-12-08 23:06:52] [INFO] Current GPU memory usage: 15593.98388671875 MB
[2024-12-08 23:06:54] [INFO] State: {}
[2024-12-08 23:06:54] [INFO] Progress: 22.6% (564/2500)
 PPL: 19.716361967831194
[2024-12-08 23:06:54] [INFO] Current GPU memory usage: 15593.99072265625 MB
[2024-12-08 23:06:55] [INFO] State: {}
[2024-12-08 23:06:55] [INFO] Progress: 23.0% (576/2500)
 PPL: 19.72085038781871
[2024-12-08 23:06:55] [INFO] Current GPU memory usage: 15593.98779296875 MB
[2024-12-08 23:06:57] [INFO] State: {}
[2024-12-08 23:06:57] [INFO] Progress: 23.5% (588/2500)
 PPL: 19.7508254979378
[2024-12-08 23:06:57] [INFO] Current GPU memory usage: 15593.9892578125 MB
[2024-12-08 23:06:59] [INFO] State: {}
[2024-12-08 23:06:59] [INFO] Progress: 24.0% (600/2500)
 PPL: 19.749318790239375
[2024-12-08 23:06:59] [INFO] Current GPU memory usage: 15593.9794921875 MB
[2024-12-08 23:07:01] [INFO] State: {}
[2024-12-08 23:07:01] [INFO] Progress: 24.5% (612/2500)
 PPL: 19.769990323712957
[2024-12-08 23:07:01] [INFO] Current GPU memory usage: 15593.982421875 MB
[2024-12-08 23:07:02] [INFO] State: {}
[2024-12-08 23:07:02] [INFO] Progress: 25.0% (624/2500)
 PPL: 19.793903368839675
[2024-12-08 23:07:02] [INFO] Current GPU memory usage: 15593.98486328125 MB
[2024-12-08 23:07:04] [INFO] State: {}
[2024-12-08 23:07:04] [INFO] Progress: 25.4% (636/2500)
 PPL: 19.793917182577104
[2024-12-08 23:07:04] [INFO] Current GPU memory usage: 15593.98681640625 MB
[2024-12-08 23:07:06] [INFO] State: {}
[2024-12-08 23:07:06] [INFO] Progress: 25.9% (648/2500)
 PPL: 19.82994132499851
[2024-12-08 23:07:06] [INFO] Current GPU memory usage: 15593.98193359375 MB
[2024-12-08 23:07:07] [INFO] State: {}
[2024-12-08 23:07:07] [INFO] Progress: 26.4% (660/2500)
 PPL: 19.855584619009623
[2024-12-08 23:07:07] [INFO] Current GPU memory usage: 15593.98876953125 MB
[2024-12-08 23:07:09] [INFO] State: {}
[2024-12-08 23:07:09] [INFO] Progress: 26.9% (672/2500)
 PPL: 19.894889596060974
[2024-12-08 23:07:09] [INFO] Current GPU memory usage: 15593.98583984375 MB
[2024-12-08 23:07:10] [INFO] State: {}
[2024-12-08 23:07:10] [INFO] Progress: 27.4% (684/2500)
 PPL: 19.88513633973725
[2024-12-08 23:07:10] [INFO] Current GPU memory usage: 15593.97509765625 MB
[2024-12-08 23:07:12] [INFO] State: {}
[2024-12-08 23:07:12] [INFO] Progress: 27.8% (696/2500)
 PPL: 19.820585374842185
[2024-12-08 23:07:12] [INFO] Current GPU memory usage: 15593.98486328125 MB
[2024-12-08 23:07:13] [INFO] State: {}
[2024-12-08 23:07:13] [INFO] Progress: 28.3% (708/2500)
 PPL: 19.841472492690237
[2024-12-08 23:07:13] [INFO] Current GPU memory usage: 15593.99072265625 MB
[2024-12-08 23:07:15] [INFO] State: {}
[2024-12-08 23:07:15] [INFO] Progress: 28.8% (720/2500)
 PPL: 19.830796726869522
[2024-12-08 23:07:15] [INFO] Current GPU memory usage: 15593.99365234375 MB
[2024-12-08 23:07:16] [INFO] State: {}
[2024-12-08 23:07:16] [INFO] Progress: 29.3% (732/2500)
 PPL: 19.841767832456707
[2024-12-08 23:07:16] [INFO] Current GPU memory usage: 15593.9853515625 MB
[2024-12-08 23:07:18] [INFO] State: {}
[2024-12-08 23:07:18] [INFO] Progress: 29.8% (744/2500)
 PPL: 19.84402949077116
[2024-12-08 23:07:18] [INFO] Current GPU memory usage: 15593.98388671875 MB
[2024-12-08 23:07:20] [INFO] State: {}
[2024-12-08 23:07:20] [INFO] Progress: 30.2% (756/2500)
 PPL: 19.78434677804095
[2024-12-08 23:07:20] [INFO] Current GPU memory usage: 15593.9853515625 MB
[2024-12-08 23:07:21] [INFO] State: {}
[2024-12-08 23:07:21] [INFO] Progress: 30.7% (768/2500)
 PPL: 19.793605762712225
[2024-12-08 23:07:21] [INFO] Current GPU memory usage: 15593.98828125 MB
[2024-12-08 23:07:22] [INFO] State: {}
[2024-12-08 23:07:22] [INFO] Progress: 31.2% (780/2500)
 PPL: 19.829835298314695
[2024-12-08 23:07:22] [INFO] Current GPU memory usage: 15593.98388671875 MB
[2024-12-08 23:07:24] [INFO] State: {}
[2024-12-08 23:07:24] [INFO] Progress: 31.7% (792/2500)
 PPL: 19.845176774365697
[2024-12-08 23:07:24] [INFO] Current GPU memory usage: 15593.9833984375 MB
[2024-12-08 23:07:25] [INFO] State: {}
[2024-12-08 23:07:25] [INFO] Progress: 32.2% (804/2500)
 PPL: 19.86138534179208
[2024-12-08 23:07:25] [INFO] Current GPU memory usage: 15593.97900390625 MB
[2024-12-08 23:07:27] [INFO] State: {}
[2024-12-08 23:07:27] [INFO] Progress: 32.6% (816/2500)
 PPL: 19.876337212281516
[2024-12-08 23:07:27] [INFO] Current GPU memory usage: 15593.98583984375 MB
[2024-12-08 23:07:28] [INFO] State: {}
[2024-12-08 23:07:28] [INFO] Progress: 33.1% (828/2500)
 PPL: 19.894676694398875
[2024-12-08 23:07:28] [INFO] Current GPU memory usage: 15593.98486328125 MB
[2024-12-08 23:07:30] [INFO] State: {}
[2024-12-08 23:07:30] [INFO] Progress: 33.6% (840/2500)
 PPL: 19.87891517280516
[2024-12-08 23:07:30] [INFO] Current GPU memory usage: 15593.994140625 MB
[2024-12-08 23:07:32] [INFO] State: {}
[2024-12-08 23:07:32] [INFO] Progress: 34.1% (852/2500)
 PPL: 19.86838072565668
[2024-12-08 23:07:32] [INFO] Current GPU memory usage: 15593.98388671875 MB
[2024-12-08 23:07:33] [INFO] State: {}
[2024-12-08 23:07:33] [INFO] Progress: 34.6% (864/2500)
 PPL: 19.85909507905459
[2024-12-08 23:07:33] [INFO] Current GPU memory usage: 15593.98486328125 MB
[2024-12-08 23:07:35] [INFO] State: {}
[2024-12-08 23:07:35] [INFO] Progress: 35.0% (876/2500)
 PPL: 19.837144837445354
[2024-12-08 23:07:35] [INFO] Current GPU memory usage: 15593.9931640625 MB
[2024-12-08 23:07:36] [INFO] State: {}
[2024-12-08 23:07:36] [INFO] Progress: 35.5% (888/2500)
 PPL: 19.85341891812199
[2024-12-08 23:07:36] [INFO] Current GPU memory usage: 15593.98974609375 MB
[2024-12-08 23:07:38] [INFO] State: {}
[2024-12-08 23:07:38] [INFO] Progress: 36.0% (900/2500)
 PPL: 19.82506476753573
[2024-12-08 23:07:38] [INFO] Current GPU memory usage: 15593.984375 MB
[2024-12-08 23:07:40] [INFO] State: {}
[2024-12-08 23:07:40] [INFO] Progress: 36.5% (912/2500)
 PPL: 19.78451596749216
[2024-12-08 23:07:40] [INFO] Current GPU memory usage: 15593.9921875 MB
[2024-12-08 23:07:41] [INFO] State: {}
[2024-12-08 23:07:41] [INFO] Progress: 37.0% (924/2500)
 PPL: 19.764916399600278
[2024-12-08 23:07:41] [INFO] Current GPU memory usage: 15593.97802734375 MB
[2024-12-08 23:07:43] [INFO] State: {}
[2024-12-08 23:07:43] [INFO] Progress: 37.4% (936/2500)
 PPL: 19.73884177923034
[2024-12-08 23:07:43] [INFO] Current GPU memory usage: 15593.98291015625 MB
[2024-12-08 23:07:44] [INFO] State: {}
[2024-12-08 23:07:44] [INFO] Progress: 37.9% (948/2500)
 PPL: 19.750674721824574
[2024-12-08 23:07:44] [INFO] Current GPU memory usage: 15593.98388671875 MB
[2024-12-08 23:07:46] [INFO] State: {}
[2024-12-08 23:07:46] [INFO] Progress: 38.4% (960/2500)
 PPL: 19.74066425946595
[2024-12-08 23:07:46] [INFO] Current GPU memory usage: 15594.00048828125 MB
[2024-12-08 23:07:47] [INFO] State: {}
[2024-12-08 23:07:47] [INFO] Progress: 38.9% (972/2500)
 PPL: 19.765045488999235
[2024-12-08 23:07:47] [INFO] Current GPU memory usage: 15593.986328125 MB
[2024-12-08 23:07:49] [INFO] State: {}
[2024-12-08 23:07:49] [INFO] Progress: 39.4% (984/2500)
 PPL: 19.7456403002256
[2024-12-08 23:07:49] [INFO] Current GPU memory usage: 15593.9873046875 MB
[2024-12-08 23:07:50] [INFO] State: {}
[2024-12-08 23:07:50] [INFO] Progress: 39.8% (996/2500)
 PPL: 19.75642344080258
[2024-12-08 23:07:50] [INFO] Current GPU memory usage: 15593.9853515625 MB
[2024-12-08 23:07:51] [INFO] State: {}
[2024-12-08 23:07:51] [INFO] Progress: 40.3% (1008/2500)
 PPL: 19.737497913955234
[2024-12-08 23:07:51] [INFO] Current GPU memory usage: 15593.98486328125 MB
[2024-12-08 23:07:53] [INFO] State: {}
[2024-12-08 23:07:53] [INFO] Progress: 40.8% (1020/2500)
 PPL: 19.730269722941014
[2024-12-08 23:07:53] [INFO] Current GPU memory usage: 15593.9921875 MB
[2024-12-08 23:07:54] [INFO] State: {}
[2024-12-08 23:07:54] [INFO] Progress: 41.3% (1032/2500)
 PPL: 19.74130055249791
[2024-12-08 23:07:54] [INFO] Current GPU memory usage: 15593.9755859375 MB
[2024-12-08 23:07:56] [INFO] State: {}
[2024-12-08 23:07:56] [INFO] Progress: 41.8% (1044/2500)
 PPL: 19.74184002461228
[2024-12-08 23:07:56] [INFO] Current GPU memory usage: 15594.0048828125 MB
[2024-12-08 23:07:58] [INFO] State: {}
[2024-12-08 23:07:58] [INFO] Progress: 42.2% (1056/2500)
 PPL: 19.73761158561771
[2024-12-08 23:07:58] [INFO] Current GPU memory usage: 15593.9951171875 MB
[2024-12-08 23:08:00] [INFO] State: {}
[2024-12-08 23:08:00] [INFO] Progress: 42.7% (1068/2500)
 PPL: 19.715609142848614
[2024-12-08 23:08:00] [INFO] Current GPU memory usage: 15593.982421875 MB
[2024-12-08 23:08:02] [INFO] State: {}
[2024-12-08 23:08:02] [INFO] Progress: 43.2% (1080/2500)
 PPL: 19.70240325252059
[2024-12-08 23:08:02] [INFO] Current GPU memory usage: 15593.982421875 MB
[2024-12-08 23:08:03] [INFO] State: {}
[2024-12-08 23:08:03] [INFO] Progress: 43.7% (1092/2500)
 PPL: 19.7060112610835
[2024-12-08 23:08:03] [INFO] Current GPU memory usage: 15593.98486328125 MB
[2024-12-08 23:08:05] [INFO] State: {}
[2024-12-08 23:08:05] [INFO] Progress: 44.2% (1104/2500)
 PPL: 19.713273065900502
[2024-12-08 23:08:05] [INFO] Current GPU memory usage: 15593.9951171875 MB
[2024-12-08 23:08:07] [INFO] State: {}
[2024-12-08 23:08:07] [INFO] Progress: 44.6% (1116/2500)
 PPL: 19.70869772142969
[2024-12-08 23:08:07] [INFO] Current GPU memory usage: 15593.98193359375 MB
[2024-12-08 23:08:08] [INFO] State: {}
[2024-12-08 23:08:08] [INFO] Progress: 45.1% (1128/2500)
 PPL: 19.71168417973028
[2024-12-08 23:08:08] [INFO] Current GPU memory usage: 15593.98876953125 MB
[2024-12-08 23:08:10] [INFO] State: {}
[2024-12-08 23:08:10] [INFO] Progress: 45.6% (1140/2500)
 PPL: 19.718851937714344
[2024-12-08 23:08:10] [INFO] Current GPU memory usage: 15593.9912109375 MB
[2024-12-08 23:08:11] [INFO] State: {}
[2024-12-08 23:08:11] [INFO] Progress: 46.1% (1152/2500)
 PPL: 19.692105252489316
[2024-12-08 23:08:11] [INFO] Current GPU memory usage: 15593.986328125 MB
[2024-12-08 23:08:13] [INFO] State: {}
[2024-12-08 23:08:13] [INFO] Progress: 46.6% (1164/2500)
 PPL: 19.699321256221616
[2024-12-08 23:08:13] [INFO] Current GPU memory usage: 15593.9833984375 MB
[2024-12-08 23:08:15] [INFO] State: {}
[2024-12-08 23:08:15] [INFO] Progress: 47.0% (1176/2500)
 PPL: 19.684984395937462
[2024-12-08 23:08:15] [INFO] Current GPU memory usage: 15593.9951171875 MB
[2024-12-08 23:08:16] [INFO] State: {}
[2024-12-08 23:08:16] [INFO] Progress: 47.5% (1188/2500)
 PPL: 19.69475754149587
[2024-12-08 23:08:16] [INFO] Current GPU memory usage: 15593.984375 MB
[2024-12-08 23:08:18] [INFO] State: {}
[2024-12-08 23:08:18] [INFO] Progress: 48.0% (1200/2500)
 PPL: 19.674336390391172
[2024-12-08 23:08:18] [INFO] Current GPU memory usage: 15593.986328125 MB
[2024-12-08 23:08:20] [INFO] State: {}
[2024-12-08 23:08:20] [INFO] Progress: 48.5% (1212/2500)
 PPL: 19.667189210304738
[2024-12-08 23:08:20] [INFO] Current GPU memory usage: 15593.99365234375 MB
[2024-12-08 23:08:21] [INFO] State: {}
[2024-12-08 23:08:21] [INFO] Progress: 49.0% (1224/2500)
 PPL: 19.65814697437858
[2024-12-08 23:08:21] [INFO] Current GPU memory usage: 15593.98876953125 MB
[2024-12-08 23:08:22] [INFO] State: {}
[2024-12-08 23:08:22] [INFO] Progress: 49.4% (1236/2500)
 PPL: 19.65858324393388
[2024-12-08 23:08:22] [INFO] Current GPU memory usage: 15593.9873046875 MB
[2024-12-08 23:08:24] [INFO] State: {}
[2024-12-08 23:08:24] [INFO] Progress: 49.9% (1248/2500)
 PPL: 19.64942109055588
[2024-12-08 23:08:24] [INFO] Current GPU memory usage: 15593.984375 MB
[2024-12-08 23:08:25] [INFO] State: {}
[2024-12-08 23:08:25] [INFO] Progress: 50.4% (1260/2500)
 PPL: 19.65074804024848
[2024-12-08 23:08:25] [INFO] Current GPU memory usage: 15593.994140625 MB
[2024-12-08 23:08:27] [INFO] State: {}
[2024-12-08 23:08:27] [INFO] Progress: 50.9% (1272/2500)
 PPL: 19.634426510961692
[2024-12-08 23:08:27] [INFO] Current GPU memory usage: 15593.9990234375 MB
[2024-12-08 23:08:29] [INFO] State: {}
[2024-12-08 23:08:29] [INFO] Progress: 51.4% (1284/2500)
 PPL: 19.62395108080468
[2024-12-08 23:08:29] [INFO] Current GPU memory usage: 15593.9814453125 MB
[2024-12-08 23:08:30] [INFO] State: {}
[2024-12-08 23:08:30] [INFO] Progress: 51.8% (1296/2500)
 PPL: 19.58844910903178
[2024-12-08 23:08:30] [INFO] Current GPU memory usage: 15593.984375 MB
[2024-12-08 23:08:32] [INFO] State: {}
[2024-12-08 23:08:32] [INFO] Progress: 52.3% (1308/2500)
 PPL: 19.56921131920156
[2024-12-08 23:08:32] [INFO] Current GPU memory usage: 15593.9814453125 MB
[2024-12-08 23:08:34] [INFO] State: {}
[2024-12-08 23:08:34] [INFO] Progress: 52.8% (1320/2500)
 PPL: 19.547365877999376
[2024-12-08 23:08:34] [INFO] Current GPU memory usage: 15593.9892578125 MB
[2024-12-08 23:08:35] [INFO] State: {}
[2024-12-08 23:08:35] [INFO] Progress: 53.3% (1332/2500)
 PPL: 19.533813181433807
[2024-12-08 23:08:35] [INFO] Current GPU memory usage: 15593.99951171875 MB
[2024-12-08 23:08:37] [INFO] State: {}
[2024-12-08 23:08:37] [INFO] Progress: 53.8% (1344/2500)
 PPL: 19.523946519829497
[2024-12-08 23:08:37] [INFO] Current GPU memory usage: 15593.98828125 MB
[2024-12-08 23:08:39] [INFO] State: {}
[2024-12-08 23:08:39] [INFO] Progress: 54.2% (1356/2500)
 PPL: 19.53222056895133
[2024-12-08 23:08:39] [INFO] Current GPU memory usage: 15593.97998046875 MB
[2024-12-08 23:08:40] [INFO] State: {}
[2024-12-08 23:08:40] [INFO] Progress: 54.7% (1368/2500)
 PPL: 19.558501047926434
[2024-12-08 23:08:40] [INFO] Current GPU memory usage: 15593.9931640625 MB
[2024-12-08 23:08:42] [INFO] State: {}
[2024-12-08 23:08:42] [INFO] Progress: 55.2% (1380/2500)
 PPL: 19.572199980351822
[2024-12-08 23:08:42] [INFO] Current GPU memory usage: 15593.99169921875 MB
[2024-12-08 23:08:43] [INFO] State: {}
[2024-12-08 23:08:44] [INFO] Progress: 55.7% (1392/2500)
 PPL: 19.54683566365175
[2024-12-08 23:08:44] [INFO] Current GPU memory usage: 15593.990234375 MB
[2024-12-08 23:08:45] [INFO] State: {}
[2024-12-08 23:08:45] [INFO] Progress: 56.2% (1404/2500)
 PPL: 19.540014859464502
[2024-12-08 23:08:45] [INFO] Current GPU memory usage: 15593.990234375 MB
[2024-12-08 23:08:47] [INFO] State: {}
[2024-12-08 23:08:47] [INFO] Progress: 56.6% (1416/2500)
 PPL: 19.5406744204269
[2024-12-08 23:08:47] [INFO] Current GPU memory usage: 15593.9853515625 MB
[2024-12-08 23:08:48] [INFO] State: {}
[2024-12-08 23:08:48] [INFO] Progress: 57.1% (1428/2500)
 PPL: 19.563256166423223
[2024-12-08 23:08:48] [INFO] Current GPU memory usage: 15593.9755859375 MB
[2024-12-08 23:08:49] [INFO] State: {}
[2024-12-08 23:08:49] [INFO] Progress: 57.6% (1440/2500)
 PPL: 19.568164715532035
[2024-12-08 23:08:49] [INFO] Current GPU memory usage: 15593.98046875 MB
[2024-12-08 23:08:51] [INFO] State: {}
[2024-12-08 23:08:51] [INFO] Progress: 58.1% (1452/2500)
 PPL: 19.570110640899735
[2024-12-08 23:08:51] [INFO] Current GPU memory usage: 15593.98779296875 MB
[2024-12-08 23:08:53] [INFO] State: {}
[2024-12-08 23:08:53] [INFO] Progress: 58.6% (1464/2500)
 PPL: 19.56571155492983
[2024-12-08 23:08:53] [INFO] Current GPU memory usage: 15593.98486328125 MB
[2024-12-08 23:08:55] [INFO] State: {}
[2024-12-08 23:08:55] [INFO] Progress: 59.0% (1476/2500)
 PPL: 19.565537836938667
[2024-12-08 23:08:55] [INFO] Current GPU memory usage: 15593.98046875 MB
[2024-12-08 23:08:56] [INFO] State: {}
[2024-12-08 23:08:56] [INFO] Progress: 59.5% (1488/2500)
 PPL: 19.581525429789853
[2024-12-08 23:08:56] [INFO] Current GPU memory usage: 15593.98193359375 MB
[2024-12-08 23:08:57] [INFO] State: {}
[2024-12-08 23:08:57] [INFO] Progress: 60.0% (1500/2500)
 PPL: 19.590763328563696
[2024-12-08 23:08:57] [INFO] Current GPU memory usage: 15593.98486328125 MB
[2024-12-08 23:08:59] [INFO] State: {}
[2024-12-08 23:08:59] [INFO] Progress: 60.5% (1512/2500)
 PPL: 19.596135742883167
[2024-12-08 23:08:59] [INFO] Current GPU memory usage: 15593.98486328125 MB
[2024-12-08 23:09:00] [INFO] State: {}
[2024-12-08 23:09:00] [INFO] Progress: 61.0% (1524/2500)
 PPL: 19.600853193137826
[2024-12-08 23:09:00] [INFO] Current GPU memory usage: 15593.986328125 MB
[2024-12-08 23:09:02] [INFO] State: {}
[2024-12-08 23:09:02] [INFO] Progress: 61.4% (1536/2500)
 PPL: 19.6017584167461
[2024-12-08 23:09:02] [INFO] Current GPU memory usage: 15593.98876953125 MB
[2024-12-08 23:09:03] [INFO] State: {}
[2024-12-08 23:09:03] [INFO] Progress: 61.9% (1548/2500)
 PPL: 19.592944724661226
[2024-12-08 23:09:03] [INFO] Current GPU memory usage: 15593.98974609375 MB
[2024-12-08 23:09:04] [INFO] State: {}
[2024-12-08 23:09:04] [INFO] Progress: 62.4% (1560/2500)
 PPL: 19.610057079305957
[2024-12-08 23:09:04] [INFO] Current GPU memory usage: 15593.9970703125 MB
[2024-12-08 23:09:06] [INFO] State: {}
[2024-12-08 23:09:06] [INFO] Progress: 62.9% (1572/2500)
 PPL: 19.61321127283449
[2024-12-08 23:09:06] [INFO] Current GPU memory usage: 15593.98486328125 MB
[2024-12-08 23:09:07] [INFO] State: {}
[2024-12-08 23:09:07] [INFO] Progress: 63.4% (1584/2500)
 PPL: 19.623779418100575
[2024-12-08 23:09:07] [INFO] Current GPU memory usage: 15593.98828125 MB
[2024-12-08 23:09:09] [INFO] State: {}
[2024-12-08 23:09:09] [INFO] Progress: 63.8% (1596/2500)
 PPL: 19.599057571871164
[2024-12-08 23:09:09] [INFO] Current GPU memory usage: 15593.98828125 MB
[2024-12-08 23:09:11] [INFO] State: {}
[2024-12-08 23:09:11] [INFO] Progress: 64.3% (1608/2500)
 PPL: 19.60234693605765
[2024-12-08 23:09:11] [INFO] Current GPU memory usage: 15593.9873046875 MB
[2024-12-08 23:09:13] [INFO] State: {}
[2024-12-08 23:09:13] [INFO] Progress: 64.8% (1620/2500)
 PPL: 19.60510594023524
[2024-12-08 23:09:13] [INFO] Current GPU memory usage: 15594.0048828125 MB
[2024-12-08 23:09:14] [INFO] State: {}
[2024-12-08 23:09:14] [INFO] Progress: 65.3% (1632/2500)
 PPL: 19.592627701420444
[2024-12-08 23:09:14] [INFO] Current GPU memory usage: 15593.986328125 MB
[2024-12-08 23:09:16] [INFO] State: {}
[2024-12-08 23:09:16] [INFO] Progress: 65.8% (1644/2500)
 PPL: 19.600141646533153
[2024-12-08 23:09:16] [INFO] Current GPU memory usage: 15593.9912109375 MB
[2024-12-08 23:09:18] [INFO] State: {}
[2024-12-08 23:09:18] [INFO] Progress: 66.2% (1656/2500)
 PPL: 19.59853610401539
[2024-12-08 23:09:18] [INFO] Current GPU memory usage: 15593.986328125 MB
[2024-12-08 23:09:19] [INFO] State: {}
[2024-12-08 23:09:19] [INFO] Progress: 66.7% (1668/2500)
 PPL: 19.59605286099144
[2024-12-08 23:09:19] [INFO] Current GPU memory usage: 15593.98388671875 MB
[2024-12-08 23:09:21] [INFO] State: {}
[2024-12-08 23:09:21] [INFO] Progress: 67.2% (1680/2500)
 PPL: 19.595264194392538
[2024-12-08 23:09:21] [INFO] Current GPU memory usage: 15593.98388671875 MB
[2024-12-08 23:09:23] [INFO] State: {}
[2024-12-08 23:09:23] [INFO] Progress: 67.7% (1692/2500)
 PPL: 19.58640263108111
[2024-12-08 23:09:23] [INFO] Current GPU memory usage: 15593.98583984375 MB
[2024-12-08 23:09:24] [INFO] State: {}
[2024-12-08 23:09:24] [INFO] Progress: 68.2% (1704/2500)
 PPL: 19.600846383874277
[2024-12-08 23:09:24] [INFO] Current GPU memory usage: 15593.9814453125 MB
[2024-12-08 23:09:26] [INFO] State: {}
[2024-12-08 23:09:26] [INFO] Progress: 68.6% (1716/2500)
 PPL: 19.605867512368953
[2024-12-08 23:09:26] [INFO] Current GPU memory usage: 15593.984375 MB
[2024-12-08 23:09:27] [INFO] State: {}
[2024-12-08 23:09:27] [INFO] Progress: 69.1% (1728/2500)
 PPL: 19.6124182028172
[2024-12-08 23:09:27] [INFO] Current GPU memory usage: 15593.98388671875 MB
[2024-12-08 23:09:29] [INFO] State: {}
[2024-12-08 23:09:29] [INFO] Progress: 69.6% (1740/2500)
 PPL: 19.6159812384789
[2024-12-08 23:09:29] [INFO] Current GPU memory usage: 15593.990234375 MB
[2024-12-08 23:09:31] [INFO] State: {}
[2024-12-08 23:09:31] [INFO] Progress: 70.1% (1752/2500)
 PPL: 19.611237992370608
[2024-12-08 23:09:31] [INFO] Current GPU memory usage: 15593.9892578125 MB
[2024-12-08 23:09:33] [INFO] State: {}
[2024-12-08 23:09:33] [INFO] Progress: 70.6% (1764/2500)
 PPL: 19.6056118351057
[2024-12-08 23:09:33] [INFO] Current GPU memory usage: 15593.98095703125 MB
[2024-12-08 23:09:34] [INFO] State: {}
[2024-12-08 23:09:34] [INFO] Progress: 71.0% (1776/2500)
 PPL: 19.60158806795293
[2024-12-08 23:09:34] [INFO] Current GPU memory usage: 15593.99658203125 MB
[2024-12-08 23:09:36] [INFO] State: {}
[2024-12-08 23:09:36] [INFO] Progress: 71.5% (1788/2500)
 PPL: 19.595806833037983
[2024-12-08 23:09:36] [INFO] Current GPU memory usage: 15593.984375 MB
[2024-12-08 23:09:37] [INFO] State: {}
[2024-12-08 23:09:37] [INFO] Progress: 72.0% (1800/2500)
 PPL: 19.582927650931797
[2024-12-08 23:09:37] [INFO] Current GPU memory usage: 15593.98828125 MB
[2024-12-08 23:09:39] [INFO] State: {}
[2024-12-08 23:09:39] [INFO] Progress: 72.5% (1812/2500)
 PPL: 19.585784714154713
[2024-12-08 23:09:39] [INFO] Current GPU memory usage: 15593.99755859375 MB
[2024-12-08 23:09:41] [INFO] State: {}
[2024-12-08 23:09:41] [INFO] Progress: 73.0% (1824/2500)
 PPL: 19.591812604267798
[2024-12-08 23:09:41] [INFO] Current GPU memory usage: 15593.98779296875 MB
[2024-12-08 23:09:42] [INFO] State: {}
[2024-12-08 23:09:42] [INFO] Progress: 73.4% (1836/2500)
 PPL: 19.5689362932705
[2024-12-08 23:09:42] [INFO] Current GPU memory usage: 15593.994140625 MB
[2024-12-08 23:09:44] [INFO] State: {}
[2024-12-08 23:09:44] [INFO] Progress: 73.9% (1848/2500)
 PPL: 19.57139565993972
[2024-12-08 23:09:44] [INFO] Current GPU memory usage: 15593.990234375 MB
[2024-12-08 23:09:46] [INFO] State: {}
[2024-12-08 23:09:46] [INFO] Progress: 74.4% (1860/2500)
 PPL: 19.557691426821528
[2024-12-08 23:09:46] [INFO] Current GPU memory usage: 15593.98046875 MB
[2024-12-08 23:09:47] [INFO] State: {}
[2024-12-08 23:09:47] [INFO] Progress: 74.9% (1872/2500)
 PPL: 19.56797770126525
[2024-12-08 23:09:47] [INFO] Current GPU memory usage: 15593.98388671875 MB
[2024-12-08 23:09:49] [INFO] State: {}
[2024-12-08 23:09:49] [INFO] Progress: 75.4% (1884/2500)
 PPL: 19.56517931134626
[2024-12-08 23:09:49] [INFO] Current GPU memory usage: 15593.99072265625 MB
[2024-12-08 23:09:50] [INFO] State: {}
[2024-12-08 23:09:50] [INFO] Progress: 75.8% (1896/2500)
 PPL: 19.54662149717716
[2024-12-08 23:09:50] [INFO] Current GPU memory usage: 15593.98291015625 MB
[2024-12-08 23:09:52] [INFO] State: {}
[2024-12-08 23:09:52] [INFO] Progress: 76.3% (1908/2500)
 PPL: 19.564382305692504
[2024-12-08 23:09:52] [INFO] Current GPU memory usage: 15593.9892578125 MB
[2024-12-08 23:09:53] [INFO] State: {}
[2024-12-08 23:09:53] [INFO] Progress: 76.8% (1920/2500)
 PPL: 19.56754647006074
[2024-12-08 23:09:53] [INFO] Current GPU memory usage: 15593.9853515625 MB
[2024-12-08 23:09:55] [INFO] State: {}
[2024-12-08 23:09:55] [INFO] Progress: 77.3% (1932/2500)
 PPL: 19.56767450925212
[2024-12-08 23:09:55] [INFO] Current GPU memory usage: 15593.99365234375 MB
[2024-12-08 23:09:56] [INFO] State: {}
[2024-12-08 23:09:56] [INFO] Progress: 77.8% (1944/2500)
 PPL: 19.564156914774973
[2024-12-08 23:09:56] [INFO] Current GPU memory usage: 15593.98583984375 MB
[2024-12-08 23:09:58] [INFO] State: {}
[2024-12-08 23:09:58] [INFO] Progress: 78.2% (1956/2500)
 PPL: 19.57055427901507
[2024-12-08 23:09:58] [INFO] Current GPU memory usage: 15594.0 MB
[2024-12-08 23:10:00] [INFO] State: {}
[2024-12-08 23:10:00] [INFO] Progress: 78.7% (1968/2500)
 PPL: 19.562723593329054
[2024-12-08 23:10:00] [INFO] Current GPU memory usage: 15593.9912109375 MB
[2024-12-08 23:10:01] [INFO] State: {}
[2024-12-08 23:10:01] [INFO] Progress: 79.2% (1980/2500)
 PPL: 19.547031505010775
[2024-12-08 23:10:01] [INFO] Current GPU memory usage: 15593.98583984375 MB
[2024-12-08 23:10:03] [INFO] State: {}
[2024-12-08 23:10:03] [INFO] Progress: 79.7% (1992/2500)
 PPL: 19.55693636460019
[2024-12-08 23:10:03] [INFO] Current GPU memory usage: 15593.9814453125 MB
[2024-12-08 23:10:05] [INFO] State: {}
[2024-12-08 23:10:05] [INFO] Progress: 80.2% (2004/2500)
 PPL: 19.56820699934946
[2024-12-08 23:10:05] [INFO] Current GPU memory usage: 15593.9833984375 MB
[2024-12-08 23:10:06] [INFO] State: {}
[2024-12-08 23:10:06] [INFO] Progress: 80.6% (2016/2500)
 PPL: 19.5624292875183
[2024-12-08 23:10:06] [INFO] Current GPU memory usage: 15593.97802734375 MB
[2024-12-08 23:10:08] [INFO] State: {}
[2024-12-08 23:10:08] [INFO] Progress: 81.1% (2028/2500)
 PPL: 19.56444268182323
[2024-12-08 23:10:08] [INFO] Current GPU memory usage: 15593.998046875 MB
[2024-12-08 23:10:09] [INFO] State: {}
[2024-12-08 23:10:09] [INFO] Progress: 81.6% (2040/2500)
 PPL: 19.57055977044632
[2024-12-08 23:10:09] [INFO] Current GPU memory usage: 15593.98681640625 MB
[2024-12-08 23:10:11] [INFO] State: {}
[2024-12-08 23:10:11] [INFO] Progress: 82.1% (2052/2500)
 PPL: 19.57116559027625
[2024-12-08 23:10:11] [INFO] Current GPU memory usage: 15593.98388671875 MB
[2024-12-08 23:10:12] [INFO] State: {}
[2024-12-08 23:10:12] [INFO] Progress: 82.6% (2064/2500)
 PPL: 19.582475752005625
[2024-12-08 23:10:12] [INFO] Current GPU memory usage: 15593.98876953125 MB
[2024-12-08 23:10:13] [INFO] State: {}
[2024-12-08 23:10:13] [INFO] Progress: 83.0% (2076/2500)
 PPL: 19.581438704838593
[2024-12-08 23:10:13] [INFO] Current GPU memory usage: 15593.98974609375 MB
[2024-12-08 23:10:15] [INFO] State: {}
[2024-12-08 23:10:15] [INFO] Progress: 83.5% (2088/2500)
 PPL: 19.60913544544772
[2024-12-08 23:10:15] [INFO] Current GPU memory usage: 15593.9931640625 MB
[2024-12-08 23:10:16] [INFO] State: {}
[2024-12-08 23:10:16] [INFO] Progress: 84.0% (2100/2500)
 PPL: 19.6107701855499
[2024-12-08 23:10:16] [INFO] Current GPU memory usage: 15593.986328125 MB
[2024-12-08 23:10:18] [INFO] State: {}
[2024-12-08 23:10:18] [INFO] Progress: 84.5% (2112/2500)
 PPL: 19.632655694200434
[2024-12-08 23:10:18] [INFO] Current GPU memory usage: 15593.9912109375 MB
[2024-12-08 23:10:19] [INFO] State: {}
[2024-12-08 23:10:19] [INFO] Progress: 85.0% (2124/2500)
 PPL: 19.617837412787445
[2024-12-08 23:10:19] [INFO] Current GPU memory usage: 15593.99951171875 MB
[2024-12-08 23:10:21] [INFO] State: {}
[2024-12-08 23:10:21] [INFO] Progress: 85.4% (2136/2500)
 PPL: 19.624900103711088
[2024-12-08 23:10:21] [INFO] Current GPU memory usage: 15593.978515625 MB
[2024-12-08 23:10:23] [INFO] State: {}
[2024-12-08 23:10:23] [INFO] Progress: 85.9% (2148/2500)
 PPL: 19.621510920616913
[2024-12-08 23:10:23] [INFO] Current GPU memory usage: 15593.9833984375 MB
[2024-12-08 23:10:24] [INFO] State: {}
[2024-12-08 23:10:24] [INFO] Progress: 86.4% (2160/2500)
 PPL: 19.626596955042498
[2024-12-08 23:10:24] [INFO] Current GPU memory usage: 15593.9833984375 MB
[2024-12-08 23:10:26] [INFO] State: {}
[2024-12-08 23:10:26] [INFO] Progress: 86.9% (2172/2500)
 PPL: 19.630688278685255
[2024-12-08 23:10:26] [INFO] Current GPU memory usage: 15593.9853515625 MB
[2024-12-08 23:10:27] [INFO] State: {}
[2024-12-08 23:10:27] [INFO] Progress: 87.4% (2184/2500)
 PPL: 19.61401022427268
[2024-12-08 23:10:27] [INFO] Current GPU memory usage: 15593.98779296875 MB
[2024-12-08 23:10:29] [INFO] State: {}
[2024-12-08 23:10:29] [INFO] Progress: 87.8% (2196/2500)
 PPL: 19.615304225213677
[2024-12-08 23:10:29] [INFO] Current GPU memory usage: 15593.99072265625 MB
[2024-12-08 23:10:31] [INFO] State: {}
[2024-12-08 23:10:31] [INFO] Progress: 88.3% (2208/2500)
 PPL: 19.60836649440257
[2024-12-08 23:10:31] [INFO] Current GPU memory usage: 15593.98193359375 MB
[2024-12-08 23:10:32] [INFO] State: {}
[2024-12-08 23:10:32] [INFO] Progress: 88.8% (2220/2500)
 PPL: 19.620172769737934
[2024-12-08 23:10:32] [INFO] Current GPU memory usage: 15593.98828125 MB
[2024-12-08 23:10:34] [INFO] State: {}
[2024-12-08 23:10:34] [INFO] Progress: 89.3% (2232/2500)
 PPL: 19.61794139782837
[2024-12-08 23:10:34] [INFO] Current GPU memory usage: 15593.98388671875 MB
[2024-12-08 23:10:35] [INFO] State: {}
[2024-12-08 23:10:35] [INFO] Progress: 89.8% (2244/2500)
 PPL: 19.622086051057654
[2024-12-08 23:10:35] [INFO] Current GPU memory usage: 15593.9853515625 MB
[2024-12-08 23:10:37] [INFO] State: {}
[2024-12-08 23:10:37] [INFO] Progress: 90.2% (2256/2500)
 PPL: 19.638680164654495
[2024-12-08 23:10:37] [INFO] Current GPU memory usage: 15593.99755859375 MB
[2024-12-08 23:10:38] [INFO] State: {}
[2024-12-08 23:10:38] [INFO] Progress: 90.7% (2268/2500)
 PPL: 19.636348111821505
[2024-12-08 23:10:38] [INFO] Current GPU memory usage: 15593.99560546875 MB
[2024-12-08 23:10:40] [INFO] State: {}
[2024-12-08 23:10:40] [INFO] Progress: 91.2% (2280/2500)
 PPL: 19.64227856818294
[2024-12-08 23:10:40] [INFO] Current GPU memory usage: 15593.99072265625 MB
[2024-12-08 23:10:41] [INFO] State: {}
[2024-12-08 23:10:41] [INFO] Progress: 91.7% (2292/2500)
 PPL: 19.637715209588215
[2024-12-08 23:10:41] [INFO] Current GPU memory usage: 15593.98779296875 MB
[2024-12-08 23:10:43] [INFO] State: {}
[2024-12-08 23:10:43] [INFO] Progress: 92.2% (2304/2500)
 PPL: 19.632651228028333
[2024-12-08 23:10:43] [INFO] Current GPU memory usage: 15593.99267578125 MB
[2024-12-08 23:10:45] [INFO] State: {}
[2024-12-08 23:10:45] [INFO] Progress: 92.6% (2316/2500)
 PPL: 19.63676927675167
[2024-12-08 23:10:45] [INFO] Current GPU memory usage: 15593.98876953125 MB
[2024-12-08 23:10:46] [INFO] State: {}
[2024-12-08 23:10:46] [INFO] Progress: 93.1% (2328/2500)
 PPL: 19.629709703945068
[2024-12-08 23:10:46] [INFO] Current GPU memory usage: 15593.9921875 MB
[2024-12-08 23:10:48] [INFO] State: {}
[2024-12-08 23:10:48] [INFO] Progress: 93.6% (2340/2500)
 PPL: 19.627778416997142
[2024-12-08 23:10:48] [INFO] Current GPU memory usage: 15593.99560546875 MB
[2024-12-08 23:10:49] [INFO] State: {}
[2024-12-08 23:10:49] [INFO] Progress: 94.1% (2352/2500)
 PPL: 19.622293747740542
[2024-12-08 23:10:49] [INFO] Current GPU memory usage: 15593.984375 MB
[2024-12-08 23:10:51] [INFO] State: {}
[2024-12-08 23:10:51] [INFO] Progress: 94.6% (2364/2500)
 PPL: 19.619515161316816
[2024-12-08 23:10:51] [INFO] Current GPU memory usage: 15593.98681640625 MB
[2024-12-08 23:10:52] [INFO] State: {}
[2024-12-08 23:10:52] [INFO] Progress: 95.0% (2376/2500)
 PPL: 19.6178835499377
[2024-12-08 23:10:52] [INFO] Current GPU memory usage: 15593.98583984375 MB
[2024-12-08 23:10:54] [INFO] State: {}
[2024-12-08 23:10:54] [INFO] Progress: 95.5% (2388/2500)
 PPL: 19.611780619185964
[2024-12-08 23:10:54] [INFO] Current GPU memory usage: 15593.990234375 MB
[2024-12-08 23:10:56] [INFO] State: {}
[2024-12-08 23:10:56] [INFO] Progress: 96.0% (2400/2500)
 PPL: 19.597313498942622
[2024-12-08 23:10:56] [INFO] Current GPU memory usage: 15593.98828125 MB
[2024-12-08 23:10:57] [INFO] State: {}
[2024-12-08 23:10:57] [INFO] Progress: 96.5% (2412/2500)
 PPL: 19.592453585165696
[2024-12-08 23:10:57] [INFO] Current GPU memory usage: 15593.9892578125 MB
[2024-12-08 23:10:59] [INFO] State: {}
[2024-12-08 23:10:59] [INFO] Progress: 97.0% (2424/2500)
 PPL: 19.59480910641805
[2024-12-08 23:10:59] [INFO] Current GPU memory usage: 15593.9892578125 MB
[2024-12-08 23:11:00] [INFO] State: {}
[2024-12-08 23:11:00] [INFO] Progress: 97.4% (2436/2500)
 PPL: 19.60567370871593
[2024-12-08 23:11:00] [INFO] Current GPU memory usage: 15593.982421875 MB
[2024-12-08 23:11:02] [INFO] State: {}
[2024-12-08 23:11:02] [INFO] Progress: 97.9% (2448/2500)
 PPL: 19.60686237723825
[2024-12-08 23:11:02] [INFO] Current GPU memory usage: 15593.9921875 MB
[2024-12-08 23:11:03] [INFO] State: {}
[2024-12-08 23:11:03] [INFO] Progress: 98.4% (2460/2500)
 PPL: 19.608254099466127
[2024-12-08 23:11:03] [INFO] Current GPU memory usage: 15593.984375 MB
[2024-12-08 23:11:05] [INFO] State: {}
[2024-12-08 23:11:05] [INFO] Progress: 98.9% (2472/2500)
 PPL: 19.609458959146878
[2024-12-08 23:11:05] [INFO] Current GPU memory usage: 15593.98681640625 MB
[2024-12-08 23:11:06] [INFO] State: {}
[2024-12-08 23:11:06] [INFO] Progress: 99.4% (2484/2500)
 PPL: 19.61093286620475
[2024-12-08 23:11:06] [INFO] Current GPU memory usage: 15593.98583984375 MB
[2024-12-08 23:11:08] [INFO] State: {}
[2024-12-08 23:11:08] [INFO] Progress: 99.8% (2496/2500)
 PPL: 19.615037538202852
[2024-12-08 23:11:08] [INFO] Current GPU memory usage: 15593.984375 MB
[2024-12-08 23:11:09] [INFO] Perplexity: 19.61957042835024
[2024-12-08 23:11:09] [INFO] CUDA Memory Summary:
[2024-12-08 23:11:09] [INFO] |===========================================================================|
|                  PyTorch CUDA memory summary, device ID 0                 |
|---------------------------------------------------------------------------|
|            CUDA OOMs: 0            |        cudaMalloc retries: 0         |
|===========================================================================|
|        Metric         | Cur Usage  | Peak Usage | Tot Alloc  | Tot Freed  |
|---------------------------------------------------------------------------|
| Allocated memory      |  15593 MiB |  19602 MiB |  54304 GiB |  54289 GiB |
|       from large pool |  15593 MiB |  19601 MiB |  54278 GiB |  54263 GiB |
|       from small pool |      0 MiB |      8 MiB |     26 GiB |     26 GiB |
|---------------------------------------------------------------------------|
| Active memory         |  15593 MiB |  19602 MiB |  54304 GiB |  54289 GiB |
|       from large pool |  15593 MiB |  19601 MiB |  54278 GiB |  54263 GiB |
|       from small pool |      0 MiB |      8 MiB |     26 GiB |     26 GiB |
|---------------------------------------------------------------------------|
| Requested memory      |  15593 MiB |  19602 MiB |  54304 GiB |  54289 GiB |
|       from large pool |  15593 MiB |  19601 MiB |  54278 GiB |  54263 GiB |
|       from small pool |      0 MiB |      8 MiB |     25 GiB |     25 GiB |
|---------------------------------------------------------------------------|
| GPU reserved memory   |  20730 MiB |  20730 MiB |  20730 MiB |      0 B   |
|       from large pool |  20720 MiB |  20720 MiB |  20720 MiB |      0 B   |
|       from small pool |     10 MiB |     10 MiB |     10 MiB |      0 B   |
|---------------------------------------------------------------------------|
| Non-releasable memory |      0 B   |      0 B   |      0 B   |      0 B   |
|       from large pool |      0 B   |      0 B   |      0 B   |      0 B   |
|       from small pool |      0 B   |      0 B   |      0 B   |      0 B   |
|---------------------------------------------------------------------------|
| Allocations           |     323    |     346    |    3378 K  |    3377 K  |
|       from large pool |     258    |     269    |    2824 K  |    2824 K  |
|       from small pool |      65    |      85    |     553 K  |     553 K  |
|---------------------------------------------------------------------------|
| Active allocs         |     323    |     346    |    3378 K  |    3377 K  |
|       from large pool |     258    |     269    |    2824 K  |    2824 K  |
|       from small pool |      65    |      85    |     553 K  |     553 K  |
|---------------------------------------------------------------------------|
| GPU reserved segments |       0    |       0    |       0    |       0    |
|       from large pool |       0    |       0    |       0    |       0    |
|       from small pool |       0    |       0    |       0    |       0    |
|---------------------------------------------------------------------------|
| Non-releasable allocs |       0    |       0    |       0    |       0    |
|       from large pool |       0    |       0    |       0    |       0    |
|       from small pool |       0    |       0    |       0    |       0    |
|---------------------------------------------------------------------------|
| Oversize allocations  |       0    |       0    |       0    |       0    |
|---------------------------------------------------------------------------|
| Oversize GPU segments |       0    |       0    |       0    |       0    |
|===========================================================================|

[2024-12-08 23:11:09] [INFO] FIN.
