[2024-12-08 23:11:13] [INFO] #### Starting activation capture script.
[2024-12-08 23:11:13] [INFO] #### Arguments:
[2024-12-08 23:11:13] [INFO] # model_dir=/workspace/llama_3.2-3B_model/original
[2024-12-08 23:11:13] [INFO] # sae_dir=/workspace/sae_final_2024-10-28.pth
[2024-12-08 23:11:13] [INFO] # num_samples=20000
[2024-12-08 23:11:13] [INFO] # drop latents=30
[2024-12-08 23:11:13] [INFO] #### GPU Configuration:
[2024-12-08 23:11:13] [INFO] # device=cuda
[2024-12-08 23:11:13] [INFO] #### Configuration:
[2024-12-08 23:11:13] [INFO] # batch_size=8
[2024-12-08 23:11:13] [INFO] # dataloader_num_workers=4
[2024-12-08 23:11:13] [INFO] # dtype=torch.bfloat16
[2024-12-08 23:11:13] [INFO] # max_token_length=512
[2024-12-08 23:11:13] [INFO] # add_bos_token=True
[2024-12-08 23:11:13] [INFO] # dataset_shuffle=True
[2024-12-08 23:11:13] [INFO] Loading tokenizer...
[2024-12-08 23:11:13] [INFO] Creating dataset, sampler and dataloader...
[2024-12-08 23:11:13] [INFO] Initializing Wikitext2 Dataset with max_token_length=512...
[2024-12-08 23:11:14] [INFO] Shuffling the dataset...
[2024-12-08 23:11:14] [INFO] Dataset size: 20000 samples
[2024-12-08 23:11:14] [INFO] Dataloader created with 2500 batches.
[2024-12-08 23:11:14] [INFO] Loading activation mask masks/mask_30
[2024-12-08 23:11:14] [INFO] Initializing SAE from /workspace/sae_final_2024-10-28.pth
[2024-12-08 23:11:14] [INFO] Loading TopK SAE model weights and config from: /workspace/sae_final_2024-10-28.pth
[2024-12-08 23:11:15] [INFO] Initializing TopK SAE model and loading state dict...
[2024-12-08 23:11:37] [INFO] Moving model to device cuda and setting to eval mode...
[2024-12-08 23:11:37] [INFO] Loading model parameters from /workspace/llama_3.2-3B_model/original/params.json...
[2024-12-08 23:11:37] [INFO] Initializing model on CPU...
[2024-12-08 23:12:12] [INFO] Loading model weights into CPU memory...
[2024-12-08 23:12:15] [INFO] Loading model weights into model...
[2024-12-08 23:12:19] [INFO] Model weights loaded successfully. Moving model to device cuda...
[2024-12-08 23:12:20] [INFO] Setting model to eval mode...
[2024-12-08 23:12:20] [INFO] Model created successfully.
[2024-12-08 23:12:20] [INFO] Starting capture of activations...
[2024-12-08 23:12:24] [INFO] State: {}
[2024-12-08 23:12:24] [INFO] Progress: 0.5% (12/2500)
 PPL: 19.006672434127672
[2024-12-08 23:12:24] [INFO] Current GPU memory usage: 15593.9853515625 MB
[2024-12-08 23:12:26] [INFO] State: {}
[2024-12-08 23:12:26] [INFO] Progress: 1.0% (24/2500)
 PPL: 19.783902622335308
[2024-12-08 23:12:26] [INFO] Current GPU memory usage: 15593.9873046875 MB
[2024-12-08 23:12:28] [INFO] State: {}
[2024-12-08 23:12:28] [INFO] Progress: 1.4% (36/2500)
 PPL: 19.19111958153832
[2024-12-08 23:12:28] [INFO] Current GPU memory usage: 15593.9921875 MB
[2024-12-08 23:12:30] [INFO] State: {}
[2024-12-08 23:12:30] [INFO] Progress: 1.9% (48/2500)
 PPL: 19.005920933437817
[2024-12-08 23:12:30] [INFO] Current GPU memory usage: 15593.98486328125 MB
[2024-12-08 23:12:31] [INFO] State: {}
[2024-12-08 23:12:31] [INFO] Progress: 2.4% (60/2500)
 PPL: 19.309870230041085
[2024-12-08 23:12:31] [INFO] Current GPU memory usage: 15593.998046875 MB
[2024-12-08 23:12:32] [INFO] State: {}
[2024-12-08 23:12:32] [INFO] Progress: 2.9% (72/2500)
 PPL: 19.298627466035782
[2024-12-08 23:12:32] [INFO] Current GPU memory usage: 15593.974609375 MB
[2024-12-08 23:12:34] [INFO] State: {}
[2024-12-08 23:12:34] [INFO] Progress: 3.4% (84/2500)
 PPL: 19.34350756970892
[2024-12-08 23:12:34] [INFO] Current GPU memory usage: 15593.99658203125 MB
[2024-12-08 23:12:35] [INFO] State: {}
[2024-12-08 23:12:35] [INFO] Progress: 3.8% (96/2500)
 PPL: 19.78655152599661
[2024-12-08 23:12:35] [INFO] Current GPU memory usage: 15593.982421875 MB
[2024-12-08 23:12:37] [INFO] State: {}
[2024-12-08 23:12:37] [INFO] Progress: 4.3% (108/2500)
 PPL: 19.739208506365983
[2024-12-08 23:12:37] [INFO] Current GPU memory usage: 15593.9853515625 MB
[2024-12-08 23:12:38] [INFO] State: {}
[2024-12-08 23:12:38] [INFO] Progress: 4.8% (120/2500)
 PPL: 20.07436510916884
[2024-12-08 23:12:38] [INFO] Current GPU memory usage: 15593.974609375 MB
[2024-12-08 23:12:40] [INFO] State: {}
[2024-12-08 23:12:40] [INFO] Progress: 5.3% (132/2500)
 PPL: 20.174287064557518
[2024-12-08 23:12:40] [INFO] Current GPU memory usage: 15593.98828125 MB
[2024-12-08 23:12:41] [INFO] State: {}
[2024-12-08 23:12:41] [INFO] Progress: 5.8% (144/2500)
 PPL: 20.171365436685235
[2024-12-08 23:12:41] [INFO] Current GPU memory usage: 15593.98095703125 MB
[2024-12-08 23:12:43] [INFO] State: {}
[2024-12-08 23:12:43] [INFO] Progress: 6.2% (156/2500)
 PPL: 20.077732780997238
[2024-12-08 23:12:43] [INFO] Current GPU memory usage: 15593.98583984375 MB
[2024-12-08 23:12:44] [INFO] State: {}
[2024-12-08 23:12:44] [INFO] Progress: 6.7% (168/2500)
 PPL: 20.14106238721946
[2024-12-08 23:12:44] [INFO] Current GPU memory usage: 15593.98486328125 MB
[2024-12-08 23:12:46] [INFO] State: {}
[2024-12-08 23:12:46] [INFO] Progress: 7.2% (180/2500)
 PPL: 20.097791818902937
[2024-12-08 23:12:46] [INFO] Current GPU memory usage: 15594.00390625 MB
[2024-12-08 23:12:48] [INFO] State: {}
[2024-12-08 23:12:48] [INFO] Progress: 7.7% (192/2500)
 PPL: 20.160544508314384
[2024-12-08 23:12:48] [INFO] Current GPU memory usage: 15594.0 MB
[2024-12-08 23:12:49] [INFO] State: {}
[2024-12-08 23:12:49] [INFO] Progress: 8.2% (204/2500)
 PPL: 19.928606111316448
[2024-12-08 23:12:49] [INFO] Current GPU memory usage: 15593.984375 MB
[2024-12-08 23:12:51] [INFO] State: {}
[2024-12-08 23:12:51] [INFO] Progress: 8.6% (216/2500)
 PPL: 19.874128267029946
[2024-12-08 23:12:51] [INFO] Current GPU memory usage: 15594.00439453125 MB
[2024-12-08 23:12:53] [INFO] State: {}
[2024-12-08 23:12:53] [INFO] Progress: 9.1% (228/2500)
 PPL: 19.84792650957247
[2024-12-08 23:12:53] [INFO] Current GPU memory usage: 15593.9951171875 MB
[2024-12-08 23:12:55] [INFO] State: {}
[2024-12-08 23:12:55] [INFO] Progress: 9.6% (240/2500)
 PPL: 19.77122069376399
[2024-12-08 23:12:55] [INFO] Current GPU memory usage: 15593.98388671875 MB
[2024-12-08 23:12:57] [INFO] State: {}
[2024-12-08 23:12:57] [INFO] Progress: 10.1% (252/2500)
 PPL: 19.649200258994448
[2024-12-08 23:12:57] [INFO] Current GPU memory usage: 15593.9833984375 MB
[2024-12-08 23:12:58] [INFO] State: {}
[2024-12-08 23:12:58] [INFO] Progress: 10.6% (264/2500)
 PPL: 19.716325878641484
[2024-12-08 23:12:58] [INFO] Current GPU memory usage: 15593.98388671875 MB
[2024-12-08 23:13:00] [INFO] State: {}
[2024-12-08 23:13:00] [INFO] Progress: 11.0% (276/2500)
 PPL: 19.712310877841926
[2024-12-08 23:13:00] [INFO] Current GPU memory usage: 15593.9853515625 MB
[2024-12-08 23:13:01] [INFO] State: {}
[2024-12-08 23:13:01] [INFO] Progress: 11.5% (288/2500)
 PPL: 19.749498106023427
[2024-12-08 23:13:01] [INFO] Current GPU memory usage: 15593.986328125 MB
[2024-12-08 23:13:03] [INFO] State: {}
[2024-12-08 23:13:03] [INFO] Progress: 12.0% (300/2500)
 PPL: 19.745841648705103
[2024-12-08 23:13:03] [INFO] Current GPU memory usage: 15593.99755859375 MB
[2024-12-08 23:13:04] [INFO] State: {}
[2024-12-08 23:13:04] [INFO] Progress: 12.5% (312/2500)
 PPL: 19.684995002275137
[2024-12-08 23:13:04] [INFO] Current GPU memory usage: 15593.9775390625 MB
[2024-12-08 23:13:06] [INFO] State: {}
[2024-12-08 23:13:06] [INFO] Progress: 13.0% (324/2500)
 PPL: 19.708074162555803
[2024-12-08 23:13:06] [INFO] Current GPU memory usage: 15593.99462890625 MB
[2024-12-08 23:13:08] [INFO] State: {}
[2024-12-08 23:13:08] [INFO] Progress: 13.4% (336/2500)
 PPL: 19.750523940538674
[2024-12-08 23:13:08] [INFO] Current GPU memory usage: 15593.990234375 MB
[2024-12-08 23:13:09] [INFO] State: {}
[2024-12-08 23:13:09] [INFO] Progress: 13.9% (348/2500)
 PPL: 19.723116633752756
[2024-12-08 23:13:09] [INFO] Current GPU memory usage: 15593.98193359375 MB
[2024-12-08 23:13:11] [INFO] State: {}
[2024-12-08 23:13:11] [INFO] Progress: 14.4% (360/2500)
 PPL: 19.79182773396055
[2024-12-08 23:13:11] [INFO] Current GPU memory usage: 15593.9794921875 MB
[2024-12-08 23:13:12] [INFO] State: {}
[2024-12-08 23:13:12] [INFO] Progress: 14.9% (372/2500)
 PPL: 19.77288183822194
[2024-12-08 23:13:12] [INFO] Current GPU memory usage: 15593.982421875 MB
[2024-12-08 23:13:14] [INFO] State: {}
[2024-12-08 23:13:14] [INFO] Progress: 15.4% (384/2500)
 PPL: 19.804280808037745
[2024-12-08 23:13:14] [INFO] Current GPU memory usage: 15593.99072265625 MB
[2024-12-08 23:13:15] [INFO] State: {}
[2024-12-08 23:13:15] [INFO] Progress: 15.8% (396/2500)
 PPL: 19.94078413058852
[2024-12-08 23:13:15] [INFO] Current GPU memory usage: 15593.9912109375 MB
[2024-12-08 23:13:17] [INFO] State: {}
[2024-12-08 23:13:17] [INFO] Progress: 16.3% (408/2500)
 PPL: 20.00653533969641
[2024-12-08 23:13:17] [INFO] Current GPU memory usage: 15593.9892578125 MB
[2024-12-08 23:13:19] [INFO] State: {}
[2024-12-08 23:13:19] [INFO] Progress: 16.8% (420/2500)
 PPL: 19.95874816812429
[2024-12-08 23:13:19] [INFO] Current GPU memory usage: 15593.9970703125 MB
[2024-12-08 23:13:21] [INFO] State: {}
[2024-12-08 23:13:21] [INFO] Progress: 17.3% (432/2500)
 PPL: 19.945886717641233
[2024-12-08 23:13:21] [INFO] Current GPU memory usage: 15593.99072265625 MB
[2024-12-08 23:13:22] [INFO] State: {}
[2024-12-08 23:13:22] [INFO] Progress: 17.8% (444/2500)
 PPL: 19.895735133747277
[2024-12-08 23:13:22] [INFO] Current GPU memory usage: 15593.98388671875 MB
[2024-12-08 23:13:24] [INFO] State: {}
[2024-12-08 23:13:24] [INFO] Progress: 18.2% (456/2500)
 PPL: 19.86679297580297
[2024-12-08 23:13:24] [INFO] Current GPU memory usage: 15593.9853515625 MB
[2024-12-08 23:13:26] [INFO] State: {}
[2024-12-08 23:13:26] [INFO] Progress: 18.7% (468/2500)
 PPL: 19.915018168489887
[2024-12-08 23:13:26] [INFO] Current GPU memory usage: 15593.994140625 MB
[2024-12-08 23:13:27] [INFO] State: {}
[2024-12-08 23:13:27] [INFO] Progress: 19.2% (480/2500)
 PPL: 19.901505389834476
[2024-12-08 23:13:27] [INFO] Current GPU memory usage: 15593.98876953125 MB
[2024-12-08 23:13:29] [INFO] State: {}
[2024-12-08 23:13:29] [INFO] Progress: 19.7% (492/2500)
 PPL: 19.8796397779587
[2024-12-08 23:13:29] [INFO] Current GPU memory usage: 15593.98681640625 MB
[2024-12-08 23:13:31] [INFO] State: {}
[2024-12-08 23:13:31] [INFO] Progress: 20.2% (504/2500)
 PPL: 19.850964765231602
[2024-12-08 23:13:31] [INFO] Current GPU memory usage: 15593.98681640625 MB
[2024-12-08 23:13:32] [INFO] State: {}
[2024-12-08 23:13:32] [INFO] Progress: 20.6% (516/2500)
 PPL: 19.862159056506407
[2024-12-08 23:13:32] [INFO] Current GPU memory usage: 15593.99658203125 MB
[2024-12-08 23:13:34] [INFO] State: {}
[2024-12-08 23:13:34] [INFO] Progress: 21.1% (528/2500)
 PPL: 19.79928479945331
[2024-12-08 23:13:34] [INFO] Current GPU memory usage: 15593.984375 MB
[2024-12-08 23:13:36] [INFO] State: {}
[2024-12-08 23:13:36] [INFO] Progress: 21.6% (540/2500)
 PPL: 19.787342584426934
[2024-12-08 23:13:36] [INFO] Current GPU memory usage: 15593.99169921875 MB
[2024-12-08 23:13:37] [INFO] State: {}
[2024-12-08 23:13:37] [INFO] Progress: 22.1% (552/2500)
 PPL: 19.822240573594293
[2024-12-08 23:13:37] [INFO] Current GPU memory usage: 15593.98388671875 MB
[2024-12-08 23:13:39] [INFO] State: {}
[2024-12-08 23:13:39] [INFO] Progress: 22.6% (564/2500)
 PPL: 19.798975186200007
[2024-12-08 23:13:39] [INFO] Current GPU memory usage: 15593.99072265625 MB
[2024-12-08 23:13:40] [INFO] State: {}
[2024-12-08 23:13:40] [INFO] Progress: 23.0% (576/2500)
 PPL: 19.803347367142152
[2024-12-08 23:13:40] [INFO] Current GPU memory usage: 15593.98779296875 MB
[2024-12-08 23:13:43] [INFO] State: {}
[2024-12-08 23:13:43] [INFO] Progress: 23.5% (588/2500)
 PPL: 19.832984429520646
[2024-12-08 23:13:43] [INFO] Current GPU memory usage: 15593.9892578125 MB
[2024-12-08 23:13:44] [INFO] State: {}
[2024-12-08 23:13:44] [INFO] Progress: 24.0% (600/2500)
 PPL: 19.83179576207959
[2024-12-08 23:13:44] [INFO] Current GPU memory usage: 15593.9794921875 MB
[2024-12-08 23:13:46] [INFO] State: {}
[2024-12-08 23:13:46] [INFO] Progress: 24.5% (612/2500)
 PPL: 19.852350960651428
[2024-12-08 23:13:46] [INFO] Current GPU memory usage: 15593.982421875 MB
[2024-12-08 23:13:47] [INFO] State: {}
[2024-12-08 23:13:47] [INFO] Progress: 25.0% (624/2500)
 PPL: 19.876683357683792
[2024-12-08 23:13:47] [INFO] Current GPU memory usage: 15593.98486328125 MB
[2024-12-08 23:13:49] [INFO] State: {}
[2024-12-08 23:13:49] [INFO] Progress: 25.4% (636/2500)
 PPL: 19.87644552827842
[2024-12-08 23:13:49] [INFO] Current GPU memory usage: 15593.98681640625 MB
[2024-12-08 23:13:51] [INFO] State: {}
[2024-12-08 23:13:51] [INFO] Progress: 25.9% (648/2500)
 PPL: 19.912552574670237
[2024-12-08 23:13:51] [INFO] Current GPU memory usage: 15593.98193359375 MB
[2024-12-08 23:13:52] [INFO] State: {}
[2024-12-08 23:13:52] [INFO] Progress: 26.4% (660/2500)
 PPL: 19.93798213251707
[2024-12-08 23:13:52] [INFO] Current GPU memory usage: 15593.98876953125 MB
[2024-12-08 23:13:54] [INFO] State: {}
[2024-12-08 23:13:54] [INFO] Progress: 26.9% (672/2500)
 PPL: 19.977683256016384
[2024-12-08 23:13:54] [INFO] Current GPU memory usage: 15593.98583984375 MB
[2024-12-08 23:13:55] [INFO] State: {}
[2024-12-08 23:13:55] [INFO] Progress: 27.4% (684/2500)
 PPL: 19.967533167899873
[2024-12-08 23:13:55] [INFO] Current GPU memory usage: 15593.97509765625 MB
[2024-12-08 23:13:57] [INFO] State: {}
[2024-12-08 23:13:57] [INFO] Progress: 27.8% (696/2500)
 PPL: 19.902241085463825
[2024-12-08 23:13:57] [INFO] Current GPU memory usage: 15593.98486328125 MB
[2024-12-08 23:13:58] [INFO] State: {}
[2024-12-08 23:13:58] [INFO] Progress: 28.3% (708/2500)
 PPL: 19.922188301706242
[2024-12-08 23:13:58] [INFO] Current GPU memory usage: 15593.99072265625 MB
[2024-12-08 23:14:00] [INFO] State: {}
[2024-12-08 23:14:00] [INFO] Progress: 28.8% (720/2500)
 PPL: 19.91137301302172
[2024-12-08 23:14:00] [INFO] Current GPU memory usage: 15593.99365234375 MB
[2024-12-08 23:14:01] [INFO] State: {}
[2024-12-08 23:14:01] [INFO] Progress: 29.3% (732/2500)
 PPL: 19.922126876365624
[2024-12-08 23:14:01] [INFO] Current GPU memory usage: 15593.9853515625 MB
[2024-12-08 23:14:03] [INFO] State: {}
[2024-12-08 23:14:03] [INFO] Progress: 29.8% (744/2500)
 PPL: 19.92399833029561
[2024-12-08 23:14:03] [INFO] Current GPU memory usage: 15593.98388671875 MB
[2024-12-08 23:14:05] [INFO] State: {}
[2024-12-08 23:14:05] [INFO] Progress: 30.2% (756/2500)
 PPL: 19.86460281321944
[2024-12-08 23:14:05] [INFO] Current GPU memory usage: 15593.9853515625 MB
[2024-12-08 23:14:06] [INFO] State: {}
[2024-12-08 23:14:06] [INFO] Progress: 30.7% (768/2500)
 PPL: 19.87354918707454
[2024-12-08 23:14:06] [INFO] Current GPU memory usage: 15593.98828125 MB
[2024-12-08 23:14:08] [INFO] State: {}
[2024-12-08 23:14:08] [INFO] Progress: 31.2% (780/2500)
 PPL: 19.909981200665186
[2024-12-08 23:14:08] [INFO] Current GPU memory usage: 15593.98388671875 MB
[2024-12-08 23:14:09] [INFO] State: {}
[2024-12-08 23:14:09] [INFO] Progress: 31.7% (792/2500)
 PPL: 19.92514657624
[2024-12-08 23:14:09] [INFO] Current GPU memory usage: 15593.9833984375 MB
[2024-12-08 23:14:11] [INFO] State: {}
[2024-12-08 23:14:11] [INFO] Progress: 32.2% (804/2500)
 PPL: 19.940919189312567
[2024-12-08 23:14:11] [INFO] Current GPU memory usage: 15593.97900390625 MB
[2024-12-08 23:14:12] [INFO] State: {}
[2024-12-08 23:14:12] [INFO] Progress: 32.6% (816/2500)
 PPL: 19.956562095324752
[2024-12-08 23:14:12] [INFO] Current GPU memory usage: 15593.98583984375 MB
[2024-12-08 23:14:13] [INFO] State: {}
[2024-12-08 23:14:13] [INFO] Progress: 33.1% (828/2500)
 PPL: 19.975053511691623
[2024-12-08 23:14:13] [INFO] Current GPU memory usage: 15593.98486328125 MB
[2024-12-08 23:14:15] [INFO] State: {}
[2024-12-08 23:14:15] [INFO] Progress: 33.6% (840/2500)
 PPL: 19.95915731229022
[2024-12-08 23:14:15] [INFO] Current GPU memory usage: 15593.994140625 MB
[2024-12-08 23:14:17] [INFO] State: {}
[2024-12-08 23:14:17] [INFO] Progress: 34.1% (852/2500)
 PPL: 19.948773413888933
[2024-12-08 23:14:17] [INFO] Current GPU memory usage: 15593.98388671875 MB
[2024-12-08 23:14:18] [INFO] State: {}
[2024-12-08 23:14:18] [INFO] Progress: 34.6% (864/2500)
 PPL: 19.938662084265214
[2024-12-08 23:14:18] [INFO] Current GPU memory usage: 15593.98486328125 MB
[2024-12-08 23:14:20] [INFO] State: {}
[2024-12-08 23:14:20] [INFO] Progress: 35.0% (876/2500)
 PPL: 19.91659663795567
[2024-12-08 23:14:20] [INFO] Current GPU memory usage: 15593.9931640625 MB
[2024-12-08 23:14:22] [INFO] State: {}
[2024-12-08 23:14:22] [INFO] Progress: 35.5% (888/2500)
 PPL: 19.932450274164605
[2024-12-08 23:14:22] [INFO] Current GPU memory usage: 15593.98974609375 MB
[2024-12-08 23:14:23] [INFO] State: {}
[2024-12-08 23:14:23] [INFO] Progress: 36.0% (900/2500)
 PPL: 19.903928136673024
[2024-12-08 23:14:23] [INFO] Current GPU memory usage: 15593.984375 MB
[2024-12-08 23:14:25] [INFO] State: {}
[2024-12-08 23:14:25] [INFO] Progress: 36.5% (912/2500)
 PPL: 19.863372422806588
[2024-12-08 23:14:25] [INFO] Current GPU memory usage: 15593.9921875 MB
[2024-12-08 23:14:26] [INFO] State: {}
[2024-12-08 23:14:26] [INFO] Progress: 37.0% (924/2500)
 PPL: 19.84358101149793
[2024-12-08 23:14:26] [INFO] Current GPU memory usage: 15593.97802734375 MB
[2024-12-08 23:14:28] [INFO] State: {}
[2024-12-08 23:14:28] [INFO] Progress: 37.4% (936/2500)
 PPL: 19.816997255274412
[2024-12-08 23:14:28] [INFO] Current GPU memory usage: 15593.98291015625 MB
[2024-12-08 23:14:29] [INFO] State: {}
[2024-12-08 23:14:29] [INFO] Progress: 37.9% (948/2500)
 PPL: 19.828947940605026
[2024-12-08 23:14:29] [INFO] Current GPU memory usage: 15593.98388671875 MB
[2024-12-08 23:14:31] [INFO] State: {}
[2024-12-08 23:14:31] [INFO] Progress: 38.4% (960/2500)
 PPL: 19.818661797835162
[2024-12-08 23:14:31] [INFO] Current GPU memory usage: 15594.00048828125 MB
[2024-12-08 23:14:32] [INFO] State: {}
[2024-12-08 23:14:32] [INFO] Progress: 38.9% (972/2500)
 PPL: 19.842863569132845
[2024-12-08 23:14:32] [INFO] Current GPU memory usage: 15593.986328125 MB
[2024-12-08 23:14:34] [INFO] State: {}
[2024-12-08 23:14:34] [INFO] Progress: 39.4% (984/2500)
 PPL: 19.82315304461988
[2024-12-08 23:14:34] [INFO] Current GPU memory usage: 15593.9873046875 MB
[2024-12-08 23:14:35] [INFO] State: {}
[2024-12-08 23:14:35] [INFO] Progress: 39.8% (996/2500)
 PPL: 19.83399689695771
[2024-12-08 23:14:35] [INFO] Current GPU memory usage: 15593.9853515625 MB
[2024-12-08 23:14:37] [INFO] State: {}
[2024-12-08 23:14:37] [INFO] Progress: 40.3% (1008/2500)
 PPL: 19.815095278770766
[2024-12-08 23:14:37] [INFO] Current GPU memory usage: 15593.98486328125 MB
[2024-12-08 23:14:38] [INFO] State: {}
[2024-12-08 23:14:38] [INFO] Progress: 40.8% (1020/2500)
 PPL: 19.80771781888342
[2024-12-08 23:14:38] [INFO] Current GPU memory usage: 15593.9921875 MB
[2024-12-08 23:14:40] [INFO] State: {}
[2024-12-08 23:14:40] [INFO] Progress: 41.3% (1032/2500)
 PPL: 19.818645190278282
[2024-12-08 23:14:40] [INFO] Current GPU memory usage: 15593.9755859375 MB
[2024-12-08 23:14:42] [INFO] State: {}
[2024-12-08 23:14:42] [INFO] Progress: 41.8% (1044/2500)
 PPL: 19.818968925131344
[2024-12-08 23:14:42] [INFO] Current GPU memory usage: 15594.0048828125 MB
[2024-12-08 23:14:43] [INFO] State: {}
[2024-12-08 23:14:43] [INFO] Progress: 42.2% (1056/2500)
 PPL: 19.815131587094687
[2024-12-08 23:14:43] [INFO] Current GPU memory usage: 15593.9951171875 MB
[2024-12-08 23:14:45] [INFO] State: {}
[2024-12-08 23:14:45] [INFO] Progress: 42.7% (1068/2500)
 PPL: 19.792946878357423
[2024-12-08 23:14:45] [INFO] Current GPU memory usage: 15593.982421875 MB
[2024-12-08 23:14:47] [INFO] State: {}
[2024-12-08 23:14:47] [INFO] Progress: 43.2% (1080/2500)
 PPL: 19.779876729389372
[2024-12-08 23:14:47] [INFO] Current GPU memory usage: 15593.982421875 MB
[2024-12-08 23:14:49] [INFO] State: {}
[2024-12-08 23:14:49] [INFO] Progress: 43.7% (1092/2500)
 PPL: 19.78352250090038
[2024-12-08 23:14:49] [INFO] Current GPU memory usage: 15593.98486328125 MB
[2024-12-08 23:14:50] [INFO] State: {}
[2024-12-08 23:14:50] [INFO] Progress: 44.2% (1104/2500)
 PPL: 19.791085360699327
[2024-12-08 23:14:50] [INFO] Current GPU memory usage: 15593.9951171875 MB
[2024-12-08 23:14:52] [INFO] State: {}
[2024-12-08 23:14:52] [INFO] Progress: 44.6% (1116/2500)
 PPL: 19.786030199258807
[2024-12-08 23:14:52] [INFO] Current GPU memory usage: 15593.98193359375 MB
[2024-12-08 23:14:53] [INFO] State: {}
[2024-12-08 23:14:53] [INFO] Progress: 45.1% (1128/2500)
 PPL: 19.788544403975845
[2024-12-08 23:14:53] [INFO] Current GPU memory usage: 15593.98876953125 MB
[2024-12-08 23:14:55] [INFO] State: {}
[2024-12-08 23:14:55] [INFO] Progress: 45.6% (1140/2500)
 PPL: 19.79610332363726
[2024-12-08 23:14:55] [INFO] Current GPU memory usage: 15593.9912109375 MB
[2024-12-08 23:14:56] [INFO] State: {}
[2024-12-08 23:14:56] [INFO] Progress: 46.1% (1152/2500)
 PPL: 19.769533915333152
[2024-12-08 23:14:56] [INFO] Current GPU memory usage: 15593.986328125 MB
[2024-12-08 23:14:58] [INFO] State: {}
[2024-12-08 23:14:58] [INFO] Progress: 46.6% (1164/2500)
 PPL: 19.77693717501507
[2024-12-08 23:14:58] [INFO] Current GPU memory usage: 15593.9833984375 MB
[2024-12-08 23:15:00] [INFO] State: {}
[2024-12-08 23:15:00] [INFO] Progress: 47.0% (1176/2500)
 PPL: 19.76188492662287
[2024-12-08 23:15:00] [INFO] Current GPU memory usage: 15593.9951171875 MB
[2024-12-08 23:15:01] [INFO] State: {}
[2024-12-08 23:15:01] [INFO] Progress: 47.5% (1188/2500)
 PPL: 19.771963227956398
[2024-12-08 23:15:01] [INFO] Current GPU memory usage: 15593.984375 MB
[2024-12-08 23:15:03] [INFO] State: {}
[2024-12-08 23:15:03] [INFO] Progress: 48.0% (1200/2500)
 PPL: 19.751439024203457
[2024-12-08 23:15:03] [INFO] Current GPU memory usage: 15593.986328125 MB
[2024-12-08 23:15:05] [INFO] State: {}
[2024-12-08 23:15:05] [INFO] Progress: 48.5% (1212/2500)
 PPL: 19.7444784668778
[2024-12-08 23:15:05] [INFO] Current GPU memory usage: 15593.99365234375 MB
[2024-12-08 23:15:06] [INFO] State: {}
[2024-12-08 23:15:06] [INFO] Progress: 49.0% (1224/2500)
 PPL: 19.73581926575809
[2024-12-08 23:15:06] [INFO] Current GPU memory usage: 15593.98876953125 MB
[2024-12-08 23:15:08] [INFO] State: {}
[2024-12-08 23:15:08] [INFO] Progress: 49.4% (1236/2500)
 PPL: 19.736431480833403
[2024-12-08 23:15:08] [INFO] Current GPU memory usage: 15593.9873046875 MB
[2024-12-08 23:15:09] [INFO] State: {}
[2024-12-08 23:15:09] [INFO] Progress: 49.9% (1248/2500)
 PPL: 19.727181845854183
[2024-12-08 23:15:09] [INFO] Current GPU memory usage: 15593.984375 MB
[2024-12-08 23:15:11] [INFO] State: {}
[2024-12-08 23:15:11] [INFO] Progress: 50.4% (1260/2500)
 PPL: 19.72826461889623
[2024-12-08 23:15:11] [INFO] Current GPU memory usage: 15593.994140625 MB
[2024-12-08 23:15:13] [INFO] State: {}
[2024-12-08 23:15:13] [INFO] Progress: 50.9% (1272/2500)
 PPL: 19.712148892832897
[2024-12-08 23:15:13] [INFO] Current GPU memory usage: 15593.9990234375 MB
[2024-12-08 23:15:14] [INFO] State: {}
[2024-12-08 23:15:14] [INFO] Progress: 51.4% (1284/2500)
 PPL: 19.701307113602923
[2024-12-08 23:15:14] [INFO] Current GPU memory usage: 15593.9814453125 MB
[2024-12-08 23:15:16] [INFO] State: {}
[2024-12-08 23:15:16] [INFO] Progress: 51.8% (1296/2500)
 PPL: 19.665561724354518
[2024-12-08 23:15:16] [INFO] Current GPU memory usage: 15593.984375 MB
[2024-12-08 23:15:17] [INFO] State: {}
[2024-12-08 23:15:17] [INFO] Progress: 52.3% (1308/2500)
 PPL: 19.646808041786542
[2024-12-08 23:15:17] [INFO] Current GPU memory usage: 15593.9814453125 MB
[2024-12-08 23:15:19] [INFO] State: {}
[2024-12-08 23:15:19] [INFO] Progress: 52.8% (1320/2500)
 PPL: 19.62495928710019
[2024-12-08 23:15:19] [INFO] Current GPU memory usage: 15593.9892578125 MB
[2024-12-08 23:15:21] [INFO] State: {}
[2024-12-08 23:15:21] [INFO] Progress: 53.3% (1332/2500)
 PPL: 19.611794746517567
[2024-12-08 23:15:21] [INFO] Current GPU memory usage: 15593.99951171875 MB
[2024-12-08 23:15:22] [INFO] State: {}
[2024-12-08 23:15:22] [INFO] Progress: 53.8% (1344/2500)
 PPL: 19.602314500189177
[2024-12-08 23:15:22] [INFO] Current GPU memory usage: 15593.98828125 MB
[2024-12-08 23:15:24] [INFO] State: {}
[2024-12-08 23:15:24] [INFO] Progress: 54.2% (1356/2500)
 PPL: 19.6103442393036
[2024-12-08 23:15:24] [INFO] Current GPU memory usage: 15593.97998046875 MB
[2024-12-08 23:15:26] [INFO] State: {}
[2024-12-08 23:15:26] [INFO] Progress: 54.7% (1368/2500)
 PPL: 19.636995543042154
[2024-12-08 23:15:26] [INFO] Current GPU memory usage: 15593.9931640625 MB
[2024-12-08 23:15:27] [INFO] State: {}
[2024-12-08 23:15:27] [INFO] Progress: 55.2% (1380/2500)
 PPL: 19.65081908390064
[2024-12-08 23:15:27] [INFO] Current GPU memory usage: 15593.99169921875 MB
[2024-12-08 23:15:29] [INFO] State: {}
[2024-12-08 23:15:29] [INFO] Progress: 55.7% (1392/2500)
 PPL: 19.625115349636264
[2024-12-08 23:15:29] [INFO] Current GPU memory usage: 15593.990234375 MB
[2024-12-08 23:15:30] [INFO] State: {}
[2024-12-08 23:15:30] [INFO] Progress: 56.2% (1404/2500)
 PPL: 19.618505999496467
[2024-12-08 23:15:30] [INFO] Current GPU memory usage: 15593.990234375 MB
[2024-12-08 23:15:32] [INFO] State: {}
[2024-12-08 23:15:32] [INFO] Progress: 56.6% (1416/2500)
 PPL: 19.619377078059294
[2024-12-08 23:15:32] [INFO] Current GPU memory usage: 15593.9853515625 MB
[2024-12-08 23:15:33] [INFO] State: {}
[2024-12-08 23:15:33] [INFO] Progress: 57.1% (1428/2500)
 PPL: 19.642065028040363
[2024-12-08 23:15:33] [INFO] Current GPU memory usage: 15593.9755859375 MB
[2024-12-08 23:15:35] [INFO] State: {}
[2024-12-08 23:15:35] [INFO] Progress: 57.6% (1440/2500)
 PPL: 19.647034106301827
[2024-12-08 23:15:35] [INFO] Current GPU memory usage: 15593.98046875 MB
[2024-12-08 23:15:36] [INFO] State: {}
[2024-12-08 23:15:36] [INFO] Progress: 58.1% (1452/2500)
 PPL: 19.64859520228924
[2024-12-08 23:15:36] [INFO] Current GPU memory usage: 15593.98779296875 MB
[2024-12-08 23:15:39] [INFO] State: {}
[2024-12-08 23:15:39] [INFO] Progress: 58.6% (1464/2500)
 PPL: 19.643805859509687
[2024-12-08 23:15:39] [INFO] Current GPU memory usage: 15593.98486328125 MB
[2024-12-08 23:15:40] [INFO] State: {}
[2024-12-08 23:15:40] [INFO] Progress: 59.0% (1476/2500)
 PPL: 19.643343445965765
[2024-12-08 23:15:40] [INFO] Current GPU memory usage: 15593.98046875 MB
[2024-12-08 23:15:41] [INFO] State: {}
[2024-12-08 23:15:41] [INFO] Progress: 59.5% (1488/2500)
 PPL: 19.659319350750906
[2024-12-08 23:15:41] [INFO] Current GPU memory usage: 15593.98193359375 MB
[2024-12-08 23:15:43] [INFO] State: {}
[2024-12-08 23:15:43] [INFO] Progress: 60.0% (1500/2500)
 PPL: 19.668782938290686
[2024-12-08 23:15:43] [INFO] Current GPU memory usage: 15593.98486328125 MB
[2024-12-08 23:15:44] [INFO] State: {}
[2024-12-08 23:15:44] [INFO] Progress: 60.5% (1512/2500)
 PPL: 19.674187480813202
[2024-12-08 23:15:44] [INFO] Current GPU memory usage: 15593.98486328125 MB
[2024-12-08 23:15:46] [INFO] State: {}
[2024-12-08 23:15:46] [INFO] Progress: 61.0% (1524/2500)
 PPL: 19.678600708797674
[2024-12-08 23:15:46] [INFO] Current GPU memory usage: 15593.986328125 MB
[2024-12-08 23:15:47] [INFO] State: {}
[2024-12-08 23:15:47] [INFO] Progress: 61.4% (1536/2500)
 PPL: 19.679586180332027
[2024-12-08 23:15:47] [INFO] Current GPU memory usage: 15593.98876953125 MB
[2024-12-08 23:15:49] [INFO] State: {}
[2024-12-08 23:15:49] [INFO] Progress: 61.9% (1548/2500)
 PPL: 19.670669473022926
[2024-12-08 23:15:49] [INFO] Current GPU memory usage: 15593.98974609375 MB
[2024-12-08 23:15:50] [INFO] State: {}
[2024-12-08 23:15:50] [INFO] Progress: 62.4% (1560/2500)
 PPL: 19.687857705266044
[2024-12-08 23:15:50] [INFO] Current GPU memory usage: 15593.9970703125 MB
[2024-12-08 23:15:51] [INFO] State: {}
[2024-12-08 23:15:51] [INFO] Progress: 62.9% (1572/2500)
 PPL: 19.69111763793653
[2024-12-08 23:15:51] [INFO] Current GPU memory usage: 15593.98486328125 MB
[2024-12-08 23:15:53] [INFO] State: {}
[2024-12-08 23:15:53] [INFO] Progress: 63.4% (1584/2500)
 PPL: 19.70167092124231
[2024-12-08 23:15:53] [INFO] Current GPU memory usage: 15593.98828125 MB
[2024-12-08 23:15:55] [INFO] State: {}
[2024-12-08 23:15:55] [INFO] Progress: 63.8% (1596/2500)
 PPL: 19.676691288015704
[2024-12-08 23:15:55] [INFO] Current GPU memory usage: 15593.98828125 MB
[2024-12-08 23:15:56] [INFO] State: {}
[2024-12-08 23:15:56] [INFO] Progress: 64.3% (1608/2500)
 PPL: 19.680093142674536
[2024-12-08 23:15:56] [INFO] Current GPU memory usage: 15593.9873046875 MB
[2024-12-08 23:15:58] [INFO] State: {}
[2024-12-08 23:15:58] [INFO] Progress: 64.8% (1620/2500)
 PPL: 19.68281452092529
[2024-12-08 23:15:58] [INFO] Current GPU memory usage: 15594.0048828125 MB
[2024-12-08 23:16:00] [INFO] State: {}
[2024-12-08 23:16:00] [INFO] Progress: 65.3% (1632/2500)
 PPL: 19.67031997396677
[2024-12-08 23:16:00] [INFO] Current GPU memory usage: 15593.986328125 MB
[2024-12-08 23:16:01] [INFO] State: {}
[2024-12-08 23:16:01] [INFO] Progress: 65.8% (1644/2500)
 PPL: 19.678129815585855
[2024-12-08 23:16:01] [INFO] Current GPU memory usage: 15593.9912109375 MB
[2024-12-08 23:16:03] [INFO] State: {}
[2024-12-08 23:16:03] [INFO] Progress: 66.2% (1656/2500)
 PPL: 19.67644905758865
[2024-12-08 23:16:03] [INFO] Current GPU memory usage: 15593.986328125 MB
[2024-12-08 23:16:05] [INFO] State: {}
[2024-12-08 23:16:05] [INFO] Progress: 66.7% (1668/2500)
 PPL: 19.67370744731609
[2024-12-08 23:16:05] [INFO] Current GPU memory usage: 15593.98388671875 MB
[2024-12-08 23:16:06] [INFO] State: {}
[2024-12-08 23:16:06] [INFO] Progress: 67.2% (1680/2500)
 PPL: 19.673091617174617
[2024-12-08 23:16:06] [INFO] Current GPU memory usage: 15593.98388671875 MB
[2024-12-08 23:16:08] [INFO] State: {}
[2024-12-08 23:16:08] [INFO] Progress: 67.7% (1692/2500)
 PPL: 19.664292106012244
[2024-12-08 23:16:08] [INFO] Current GPU memory usage: 15593.98583984375 MB
[2024-12-08 23:16:10] [INFO] State: {}
[2024-12-08 23:16:10] [INFO] Progress: 68.2% (1704/2500)
 PPL: 19.67881360924458
[2024-12-08 23:16:10] [INFO] Current GPU memory usage: 15593.9814453125 MB
[2024-12-08 23:16:11] [INFO] State: {}
[2024-12-08 23:16:11] [INFO] Progress: 68.6% (1716/2500)
 PPL: 19.68390071521292
[2024-12-08 23:16:11] [INFO] Current GPU memory usage: 15593.984375 MB
[2024-12-08 23:16:13] [INFO] State: {}
[2024-12-08 23:16:13] [INFO] Progress: 69.1% (1728/2500)
 PPL: 19.690648029586576
[2024-12-08 23:16:13] [INFO] Current GPU memory usage: 15593.98388671875 MB
[2024-12-08 23:16:15] [INFO] State: {}
[2024-12-08 23:16:15] [INFO] Progress: 69.6% (1740/2500)
 PPL: 19.694195435653256
[2024-12-08 23:16:15] [INFO] Current GPU memory usage: 15593.990234375 MB
[2024-12-08 23:16:16] [INFO] State: {}
[2024-12-08 23:16:16] [INFO] Progress: 70.1% (1752/2500)
 PPL: 19.68930754476055
[2024-12-08 23:16:16] [INFO] Current GPU memory usage: 15593.9892578125 MB
[2024-12-08 23:16:18] [INFO] State: {}
[2024-12-08 23:16:18] [INFO] Progress: 70.6% (1764/2500)
 PPL: 19.68363978815275
[2024-12-08 23:16:18] [INFO] Current GPU memory usage: 15593.98095703125 MB
[2024-12-08 23:16:20] [INFO] State: {}
[2024-12-08 23:16:20] [INFO] Progress: 71.0% (1776/2500)
 PPL: 19.679401592542742
[2024-12-08 23:16:20] [INFO] Current GPU memory usage: 15593.99658203125 MB
[2024-12-08 23:16:21] [INFO] State: {}
[2024-12-08 23:16:21] [INFO] Progress: 71.5% (1788/2500)
 PPL: 19.67379599931358
[2024-12-08 23:16:21] [INFO] Current GPU memory usage: 15593.984375 MB
[2024-12-08 23:16:23] [INFO] State: {}
[2024-12-08 23:16:23] [INFO] Progress: 72.0% (1800/2500)
 PPL: 19.660502844819284
[2024-12-08 23:16:23] [INFO] Current GPU memory usage: 15593.98828125 MB
[2024-12-08 23:16:24] [INFO] State: {}
[2024-12-08 23:16:24] [INFO] Progress: 72.5% (1812/2500)
 PPL: 19.663328143183882
[2024-12-08 23:16:24] [INFO] Current GPU memory usage: 15593.99755859375 MB
[2024-12-08 23:16:26] [INFO] State: {}
[2024-12-08 23:16:26] [INFO] Progress: 73.0% (1824/2500)
 PPL: 19.66944065622355
[2024-12-08 23:16:26] [INFO] Current GPU memory usage: 15593.98779296875 MB
[2024-12-08 23:16:28] [INFO] State: {}
[2024-12-08 23:16:28] [INFO] Progress: 73.4% (1836/2500)
 PPL: 19.646500982426467
[2024-12-08 23:16:28] [INFO] Current GPU memory usage: 15593.994140625 MB
[2024-12-08 23:16:29] [INFO] State: {}
[2024-12-08 23:16:29] [INFO] Progress: 73.9% (1848/2500)
 PPL: 19.649071106521625
[2024-12-08 23:16:29] [INFO] Current GPU memory usage: 15593.990234375 MB
[2024-12-08 23:16:31] [INFO] State: {}
[2024-12-08 23:16:31] [INFO] Progress: 74.4% (1860/2500)
 PPL: 19.635232035325203
[2024-12-08 23:16:31] [INFO] Current GPU memory usage: 15593.98046875 MB
[2024-12-08 23:16:33] [INFO] State: {}
[2024-12-08 23:16:33] [INFO] Progress: 74.9% (1872/2500)
 PPL: 19.6454762318375
[2024-12-08 23:16:33] [INFO] Current GPU memory usage: 15593.98388671875 MB
[2024-12-08 23:16:34] [INFO] State: {}
[2024-12-08 23:16:34] [INFO] Progress: 75.4% (1884/2500)
 PPL: 19.642507266533613
[2024-12-08 23:16:34] [INFO] Current GPU memory usage: 15593.99072265625 MB
[2024-12-08 23:16:36] [INFO] State: {}
[2024-12-08 23:16:36] [INFO] Progress: 75.8% (1896/2500)
 PPL: 19.624008471837875
[2024-12-08 23:16:36] [INFO] Current GPU memory usage: 15593.98291015625 MB
[2024-12-08 23:16:37] [INFO] State: {}
[2024-12-08 23:16:37] [INFO] Progress: 76.3% (1908/2500)
 PPL: 19.64178713328135
[2024-12-08 23:16:37] [INFO] Current GPU memory usage: 15593.9892578125 MB
[2024-12-08 23:16:39] [INFO] State: {}
[2024-12-08 23:16:39] [INFO] Progress: 76.8% (1920/2500)
 PPL: 19.64517153569312
[2024-12-08 23:16:39] [INFO] Current GPU memory usage: 15593.9853515625 MB
[2024-12-08 23:16:40] [INFO] State: {}
[2024-12-08 23:16:40] [INFO] Progress: 77.3% (1932/2500)
 PPL: 19.644937443050168
[2024-12-08 23:16:40] [INFO] Current GPU memory usage: 15593.99365234375 MB
[2024-12-08 23:16:42] [INFO] State: {}
[2024-12-08 23:16:42] [INFO] Progress: 77.8% (1944/2500)
 PPL: 19.64131651044521
[2024-12-08 23:16:42] [INFO] Current GPU memory usage: 15593.98583984375 MB
[2024-12-08 23:16:43] [INFO] State: {}
[2024-12-08 23:16:43] [INFO] Progress: 78.2% (1956/2500)
 PPL: 19.64749542013463
[2024-12-08 23:16:43] [INFO] Current GPU memory usage: 15594.0 MB
[2024-12-08 23:16:45] [INFO] State: {}
[2024-12-08 23:16:45] [INFO] Progress: 78.7% (1968/2500)
 PPL: 19.639539707643525
[2024-12-08 23:16:45] [INFO] Current GPU memory usage: 15593.9912109375 MB
[2024-12-08 23:16:47] [INFO] State: {}
[2024-12-08 23:16:47] [INFO] Progress: 79.2% (1980/2500)
 PPL: 19.623715823043707
[2024-12-08 23:16:47] [INFO] Current GPU memory usage: 15593.98583984375 MB
[2024-12-08 23:16:49] [INFO] State: {}
[2024-12-08 23:16:49] [INFO] Progress: 79.7% (1992/2500)
 PPL: 19.63374005154046
[2024-12-08 23:16:49] [INFO] Current GPU memory usage: 15593.9814453125 MB
[2024-12-08 23:16:50] [INFO] State: {}
[2024-12-08 23:16:50] [INFO] Progress: 80.2% (2004/2500)
 PPL: 19.64513454255013
[2024-12-08 23:16:50] [INFO] Current GPU memory usage: 15593.9833984375 MB
[2024-12-08 23:16:52] [INFO] State: {}
[2024-12-08 23:16:52] [INFO] Progress: 80.6% (2016/2500)
 PPL: 19.63944891248204
[2024-12-08 23:16:52] [INFO] Current GPU memory usage: 15593.97802734375 MB
[2024-12-08 23:16:54] [INFO] State: {}
[2024-12-08 23:16:54] [INFO] Progress: 81.1% (2028/2500)
 PPL: 19.641476532305763
[2024-12-08 23:16:54] [INFO] Current GPU memory usage: 15593.998046875 MB
[2024-12-08 23:16:55] [INFO] State: {}
[2024-12-08 23:16:55] [INFO] Progress: 81.6% (2040/2500)
 PPL: 19.64754727553697
[2024-12-08 23:16:55] [INFO] Current GPU memory usage: 15593.98681640625 MB
[2024-12-08 23:16:56] [INFO] State: {}
[2024-12-08 23:16:56] [INFO] Progress: 82.1% (2052/2500)
 PPL: 19.648034407079724
[2024-12-08 23:16:56] [INFO] Current GPU memory usage: 15593.98388671875 MB
[2024-12-08 23:16:58] [INFO] State: {}
[2024-12-08 23:16:58] [INFO] Progress: 82.6% (2064/2500)
 PPL: 19.65941084767505
[2024-12-08 23:16:58] [INFO] Current GPU memory usage: 15593.98876953125 MB
[2024-12-08 23:16:59] [INFO] State: {}
[2024-12-08 23:16:59] [INFO] Progress: 83.0% (2076/2500)
 PPL: 19.658403576506075
[2024-12-08 23:16:59] [INFO] Current GPU memory usage: 15593.98974609375 MB
[2024-12-08 23:17:01] [INFO] State: {}
[2024-12-08 23:17:01] [INFO] Progress: 83.5% (2088/2500)
 PPL: 19.686280618666405
[2024-12-08 23:17:01] [INFO] Current GPU memory usage: 15593.9931640625 MB
[2024-12-08 23:17:02] [INFO] State: {}
[2024-12-08 23:17:02] [INFO] Progress: 84.0% (2100/2500)
 PPL: 19.688143917923483
[2024-12-08 23:17:02] [INFO] Current GPU memory usage: 15593.986328125 MB
[2024-12-08 23:17:04] [INFO] State: {}
[2024-12-08 23:17:04] [INFO] Progress: 84.5% (2112/2500)
 PPL: 19.710268401920008
[2024-12-08 23:17:04] [INFO] Current GPU memory usage: 15593.9912109375 MB
[2024-12-08 23:17:05] [INFO] State: {}
[2024-12-08 23:17:05] [INFO] Progress: 85.0% (2124/2500)
 PPL: 19.69560840697133
[2024-12-08 23:17:05] [INFO] Current GPU memory usage: 15593.99951171875 MB
[2024-12-08 23:17:07] [INFO] State: {}
[2024-12-08 23:17:07] [INFO] Progress: 85.4% (2136/2500)
 PPL: 19.702686876179833
[2024-12-08 23:17:07] [INFO] Current GPU memory usage: 15593.978515625 MB
[2024-12-08 23:17:09] [INFO] State: {}
[2024-12-08 23:17:09] [INFO] Progress: 85.9% (2148/2500)
 PPL: 19.699275315777523
[2024-12-08 23:17:09] [INFO] Current GPU memory usage: 15593.9833984375 MB
[2024-12-08 23:17:10] [INFO] State: {}
[2024-12-08 23:17:10] [INFO] Progress: 86.4% (2160/2500)
 PPL: 19.704204580779603
[2024-12-08 23:17:10] [INFO] Current GPU memory usage: 15593.9833984375 MB
[2024-12-08 23:17:12] [INFO] State: {}
[2024-12-08 23:17:12] [INFO] Progress: 86.9% (2172/2500)
 PPL: 19.708367192794437
[2024-12-08 23:17:12] [INFO] Current GPU memory usage: 15593.9853515625 MB
[2024-12-08 23:17:13] [INFO] State: {}
[2024-12-08 23:17:13] [INFO] Progress: 87.4% (2184/2500)
 PPL: 19.691733002589213
[2024-12-08 23:17:13] [INFO] Current GPU memory usage: 15593.98779296875 MB
[2024-12-08 23:17:15] [INFO] State: {}
[2024-12-08 23:17:15] [INFO] Progress: 87.8% (2196/2500)
 PPL: 19.693043601271512
[2024-12-08 23:17:15] [INFO] Current GPU memory usage: 15593.99072265625 MB
[2024-12-08 23:17:16] [INFO] State: {}
[2024-12-08 23:17:16] [INFO] Progress: 88.3% (2208/2500)
 PPL: 19.686353743668587
[2024-12-08 23:17:16] [INFO] Current GPU memory usage: 15593.98193359375 MB
[2024-12-08 23:17:18] [INFO] State: {}
[2024-12-08 23:17:18] [INFO] Progress: 88.8% (2220/2500)
 PPL: 19.698294356114857
[2024-12-08 23:17:18] [INFO] Current GPU memory usage: 15593.98828125 MB
[2024-12-08 23:17:19] [INFO] State: {}
[2024-12-08 23:17:19] [INFO] Progress: 89.3% (2232/2500)
 PPL: 19.695896905026263
[2024-12-08 23:17:19] [INFO] Current GPU memory usage: 15593.98388671875 MB
[2024-12-08 23:17:21] [INFO] State: {}
[2024-12-08 23:17:21] [INFO] Progress: 89.8% (2244/2500)
 PPL: 19.70012867106593
[2024-12-08 23:17:21] [INFO] Current GPU memory usage: 15593.9853515625 MB
[2024-12-08 23:17:23] [INFO] State: {}
[2024-12-08 23:17:23] [INFO] Progress: 90.2% (2256/2500)
 PPL: 19.716936919235803
[2024-12-08 23:17:23] [INFO] Current GPU memory usage: 15593.99755859375 MB
[2024-12-08 23:17:24] [INFO] State: {}
[2024-12-08 23:17:24] [INFO] Progress: 90.7% (2268/2500)
 PPL: 19.714541165682974
[2024-12-08 23:17:24] [INFO] Current GPU memory usage: 15593.99560546875 MB
[2024-12-08 23:17:26] [INFO] State: {}
[2024-12-08 23:17:26] [INFO] Progress: 91.2% (2280/2500)
 PPL: 19.720406803029316
[2024-12-08 23:17:26] [INFO] Current GPU memory usage: 15593.99072265625 MB
[2024-12-08 23:17:27] [INFO] State: {}
[2024-12-08 23:17:27] [INFO] Progress: 91.7% (2292/2500)
 PPL: 19.715578211995133
[2024-12-08 23:17:27] [INFO] Current GPU memory usage: 15593.98779296875 MB
[2024-12-08 23:17:29] [INFO] State: {}
[2024-12-08 23:17:29] [INFO] Progress: 92.2% (2304/2500)
 PPL: 19.71019377223077
[2024-12-08 23:17:29] [INFO] Current GPU memory usage: 15593.99267578125 MB
[2024-12-08 23:17:31] [INFO] State: {}
[2024-12-08 23:17:31] [INFO] Progress: 92.6% (2316/2500)
 PPL: 19.71455592553549
[2024-12-08 23:17:31] [INFO] Current GPU memory usage: 15593.98876953125 MB
[2024-12-08 23:17:32] [INFO] State: {}
[2024-12-08 23:17:32] [INFO] Progress: 93.1% (2328/2500)
 PPL: 19.707576351599453
[2024-12-08 23:17:32] [INFO] Current GPU memory usage: 15593.9921875 MB
[2024-12-08 23:17:34] [INFO] State: {}
[2024-12-08 23:17:34] [INFO] Progress: 93.6% (2340/2500)
 PPL: 19.705768467514496
[2024-12-08 23:17:34] [INFO] Current GPU memory usage: 15593.99560546875 MB
[2024-12-08 23:17:35] [INFO] State: {}
[2024-12-08 23:17:35] [INFO] Progress: 94.1% (2352/2500)
 PPL: 19.700206582691088
[2024-12-08 23:17:35] [INFO] Current GPU memory usage: 15593.984375 MB
[2024-12-08 23:17:37] [INFO] State: {}
[2024-12-08 23:17:37] [INFO] Progress: 94.6% (2364/2500)
 PPL: 19.697399924631032
[2024-12-08 23:17:37] [INFO] Current GPU memory usage: 15593.98681640625 MB
[2024-12-08 23:17:38] [INFO] State: {}
[2024-12-08 23:17:38] [INFO] Progress: 95.0% (2376/2500)
 PPL: 19.695738350637846
[2024-12-08 23:17:38] [INFO] Current GPU memory usage: 15593.98583984375 MB
[2024-12-08 23:17:40] [INFO] State: {}
[2024-12-08 23:17:40] [INFO] Progress: 95.5% (2388/2500)
 PPL: 19.68955954434745
[2024-12-08 23:17:40] [INFO] Current GPU memory usage: 15593.990234375 MB
[2024-12-08 23:17:42] [INFO] State: {}
[2024-12-08 23:17:42] [INFO] Progress: 96.0% (2400/2500)
 PPL: 19.675090561256592
[2024-12-08 23:17:42] [INFO] Current GPU memory usage: 15593.98828125 MB
[2024-12-08 23:17:43] [INFO] State: {}
[2024-12-08 23:17:43] [INFO] Progress: 96.5% (2412/2500)
 PPL: 19.670169099445765
[2024-12-08 23:17:43] [INFO] Current GPU memory usage: 15593.9892578125 MB
[2024-12-08 23:17:45] [INFO] State: {}
[2024-12-08 23:17:45] [INFO] Progress: 97.0% (2424/2500)
 PPL: 19.67251723645471
[2024-12-08 23:17:45] [INFO] Current GPU memory usage: 15593.9892578125 MB
[2024-12-08 23:17:46] [INFO] State: {}
[2024-12-08 23:17:46] [INFO] Progress: 97.4% (2436/2500)
 PPL: 19.68339243502963
[2024-12-08 23:17:46] [INFO] Current GPU memory usage: 15593.982421875 MB
[2024-12-08 23:17:48] [INFO] State: {}
[2024-12-08 23:17:48] [INFO] Progress: 97.9% (2448/2500)
 PPL: 19.68463875875022
[2024-12-08 23:17:48] [INFO] Current GPU memory usage: 15593.9921875 MB
[2024-12-08 23:17:49] [INFO] State: {}
[2024-12-08 23:17:49] [INFO] Progress: 98.4% (2460/2500)
 PPL: 19.685779244095126
[2024-12-08 23:17:49] [INFO] Current GPU memory usage: 15593.984375 MB
[2024-12-08 23:17:50] [INFO] State: {}
[2024-12-08 23:17:50] [INFO] Progress: 98.9% (2472/2500)
 PPL: 19.686939416322392
[2024-12-08 23:17:50] [INFO] Current GPU memory usage: 15593.98681640625 MB
[2024-12-08 23:17:52] [INFO] State: {}
[2024-12-08 23:17:52] [INFO] Progress: 99.4% (2484/2500)
 PPL: 19.688312172012918
[2024-12-08 23:17:52] [INFO] Current GPU memory usage: 15593.98583984375 MB
[2024-12-08 23:17:54] [INFO] State: {}
[2024-12-08 23:17:54] [INFO] Progress: 99.8% (2496/2500)
 PPL: 19.692319581144417
[2024-12-08 23:17:54] [INFO] Current GPU memory usage: 15593.984375 MB
[2024-12-08 23:17:55] [INFO] Perplexity: 19.696853559098493
[2024-12-08 23:17:55] [INFO] CUDA Memory Summary:
[2024-12-08 23:17:55] [INFO] |===========================================================================|
|                  PyTorch CUDA memory summary, device ID 0                 |
|---------------------------------------------------------------------------|
|            CUDA OOMs: 0            |        cudaMalloc retries: 0         |
|===========================================================================|
|        Metric         | Cur Usage  | Peak Usage | Tot Alloc  | Tot Freed  |
|---------------------------------------------------------------------------|
| Allocated memory      |  15593 MiB |  19602 MiB |  54304 GiB |  54289 GiB |
|       from large pool |  15593 MiB |  19601 MiB |  54278 GiB |  54263 GiB |
|       from small pool |      0 MiB |      8 MiB |     26 GiB |     26 GiB |
|---------------------------------------------------------------------------|
| Active memory         |  15593 MiB |  19602 MiB |  54304 GiB |  54289 GiB |
|       from large pool |  15593 MiB |  19601 MiB |  54278 GiB |  54263 GiB |
|       from small pool |      0 MiB |      8 MiB |     26 GiB |     26 GiB |
|---------------------------------------------------------------------------|
| Requested memory      |  15593 MiB |  19602 MiB |  54304 GiB |  54289 GiB |
|       from large pool |  15593 MiB |  19601 MiB |  54278 GiB |  54263 GiB |
|       from small pool |      0 MiB |      8 MiB |     25 GiB |     25 GiB |
|---------------------------------------------------------------------------|
| GPU reserved memory   |  20730 MiB |  20730 MiB |  20730 MiB |      0 B   |
|       from large pool |  20720 MiB |  20720 MiB |  20720 MiB |      0 B   |
|       from small pool |     10 MiB |     10 MiB |     10 MiB |      0 B   |
|---------------------------------------------------------------------------|
| Non-releasable memory |      0 B   |      0 B   |      0 B   |      0 B   |
|       from large pool |      0 B   |      0 B   |      0 B   |      0 B   |
|       from small pool |      0 B   |      0 B   |      0 B   |      0 B   |
|---------------------------------------------------------------------------|
| Allocations           |     323    |     346    |    3378 K  |    3377 K  |
|       from large pool |     258    |     269    |    2824 K  |    2824 K  |
|       from small pool |      65    |      85    |     553 K  |     553 K  |
|---------------------------------------------------------------------------|
| Active allocs         |     323    |     346    |    3378 K  |    3377 K  |
|       from large pool |     258    |     269    |    2824 K  |    2824 K  |
|       from small pool |      65    |      85    |     553 K  |     553 K  |
|---------------------------------------------------------------------------|
| GPU reserved segments |       0    |       0    |       0    |       0    |
|       from large pool |       0    |       0    |       0    |       0    |
|       from small pool |       0    |       0    |       0    |       0    |
|---------------------------------------------------------------------------|
| Non-releasable allocs |       0    |       0    |       0    |       0    |
|       from large pool |       0    |       0    |       0    |       0    |
|       from small pool |       0    |       0    |       0    |       0    |
|---------------------------------------------------------------------------|
| Oversize allocations  |       0    |       0    |       0    |       0    |
|---------------------------------------------------------------------------|
| Oversize GPU segments |       0    |       0    |       0    |       0    |
|===========================================================================|

[2024-12-08 23:17:55] [INFO] FIN.
