[2024-12-08 23:17:58] [INFO] #### Starting activation capture script.
[2024-12-08 23:17:58] [INFO] #### Arguments:
[2024-12-08 23:17:58] [INFO] # model_dir=/workspace/llama_3.2-3B_model/original
[2024-12-08 23:17:58] [INFO] # sae_dir=/workspace/sae_final_2024-10-28.pth
[2024-12-08 23:17:58] [INFO] # num_samples=20000
[2024-12-08 23:17:58] [INFO] # drop latents=40
[2024-12-08 23:17:58] [INFO] #### GPU Configuration:
[2024-12-08 23:17:58] [INFO] # device=cuda
[2024-12-08 23:17:58] [INFO] #### Configuration:
[2024-12-08 23:17:58] [INFO] # batch_size=8
[2024-12-08 23:17:58] [INFO] # dataloader_num_workers=4
[2024-12-08 23:17:58] [INFO] # dtype=torch.bfloat16
[2024-12-08 23:17:58] [INFO] # max_token_length=512
[2024-12-08 23:17:58] [INFO] # add_bos_token=True
[2024-12-08 23:17:58] [INFO] # dataset_shuffle=True
[2024-12-08 23:17:58] [INFO] Loading tokenizer...
[2024-12-08 23:17:59] [INFO] Creating dataset, sampler and dataloader...
[2024-12-08 23:17:59] [INFO] Initializing Wikitext2 Dataset with max_token_length=512...
[2024-12-08 23:18:00] [INFO] Shuffling the dataset...
[2024-12-08 23:18:00] [INFO] Dataset size: 20000 samples
[2024-12-08 23:18:00] [INFO] Dataloader created with 2500 batches.
[2024-12-08 23:18:00] [INFO] Loading activation mask masks/mask_40
[2024-12-08 23:18:00] [INFO] Initializing SAE from /workspace/sae_final_2024-10-28.pth
[2024-12-08 23:18:00] [INFO] Loading TopK SAE model weights and config from: /workspace/sae_final_2024-10-28.pth
[2024-12-08 23:18:01] [INFO] Initializing TopK SAE model and loading state dict...
[2024-12-08 23:18:22] [INFO] Moving model to device cuda and setting to eval mode...
[2024-12-08 23:18:23] [INFO] Loading model parameters from /workspace/llama_3.2-3B_model/original/params.json...
[2024-12-08 23:18:23] [INFO] Initializing model on CPU...
[2024-12-08 23:18:57] [INFO] Loading model weights into CPU memory...
[2024-12-08 23:19:00] [INFO] Loading model weights into model...
[2024-12-08 23:19:03] [INFO] Model weights loaded successfully. Moving model to device cuda...
[2024-12-08 23:19:05] [INFO] Setting model to eval mode...
[2024-12-08 23:19:05] [INFO] Model created successfully.
[2024-12-08 23:19:05] [INFO] Starting capture of activations...
[2024-12-08 23:19:09] [INFO] State: {}
[2024-12-08 23:19:09] [INFO] Progress: 0.5% (12/2500)
 PPL: 19.16266840722177
[2024-12-08 23:19:09] [INFO] Current GPU memory usage: 15593.9853515625 MB
[2024-12-08 23:19:10] [INFO] State: {}
[2024-12-08 23:19:10] [INFO] Progress: 1.0% (24/2500)
 PPL: 19.92910588217093
[2024-12-08 23:19:10] [INFO] Current GPU memory usage: 15593.9873046875 MB
[2024-12-08 23:19:12] [INFO] State: {}
[2024-12-08 23:19:12] [INFO] Progress: 1.4% (36/2500)
 PPL: 19.346774690362214
[2024-12-08 23:19:12] [INFO] Current GPU memory usage: 15593.9921875 MB
[2024-12-08 23:19:14] [INFO] State: {}
[2024-12-08 23:19:14] [INFO] Progress: 1.9% (48/2500)
 PPL: 19.152322208613672
[2024-12-08 23:19:14] [INFO] Current GPU memory usage: 15593.98486328125 MB
[2024-12-08 23:19:15] [INFO] State: {}
[2024-12-08 23:19:15] [INFO] Progress: 2.4% (60/2500)
 PPL: 19.450209060898906
[2024-12-08 23:19:15] [INFO] Current GPU memory usage: 15593.998046875 MB
[2024-12-08 23:19:17] [INFO] State: {}
[2024-12-08 23:19:17] [INFO] Progress: 2.9% (72/2500)
 PPL: 19.429916753062614
[2024-12-08 23:19:17] [INFO] Current GPU memory usage: 15593.974609375 MB
[2024-12-08 23:19:18] [INFO] State: {}
[2024-12-08 23:19:18] [INFO] Progress: 3.4% (84/2500)
 PPL: 19.48395746703246
[2024-12-08 23:19:18] [INFO] Current GPU memory usage: 15593.99658203125 MB
[2024-12-08 23:19:20] [INFO] State: {}
[2024-12-08 23:19:20] [INFO] Progress: 3.8% (96/2500)
 PPL: 19.93556720307074
[2024-12-08 23:19:20] [INFO] Current GPU memory usage: 15593.982421875 MB
[2024-12-08 23:19:21] [INFO] State: {}
[2024-12-08 23:19:21] [INFO] Progress: 4.3% (108/2500)
 PPL: 19.89131681152807
[2024-12-08 23:19:21] [INFO] Current GPU memory usage: 15593.9853515625 MB
[2024-12-08 23:19:22] [INFO] State: {}
[2024-12-08 23:19:22] [INFO] Progress: 4.8% (120/2500)
 PPL: 20.227178638871496
[2024-12-08 23:19:22] [INFO] Current GPU memory usage: 15593.974609375 MB
[2024-12-08 23:19:24] [INFO] State: {}
[2024-12-08 23:19:24] [INFO] Progress: 5.3% (132/2500)
 PPL: 20.33177434768111
[2024-12-08 23:19:24] [INFO] Current GPU memory usage: 15593.98828125 MB
[2024-12-08 23:19:25] [INFO] State: {}
[2024-12-08 23:19:25] [INFO] Progress: 5.8% (144/2500)
 PPL: 20.331953617962967
[2024-12-08 23:19:25] [INFO] Current GPU memory usage: 15593.98095703125 MB
[2024-12-08 23:19:27] [INFO] State: {}
[2024-12-08 23:19:27] [INFO] Progress: 6.2% (156/2500)
 PPL: 20.237338660315462
[2024-12-08 23:19:27] [INFO] Current GPU memory usage: 15593.98583984375 MB
[2024-12-08 23:19:28] [INFO] State: {}
[2024-12-08 23:19:28] [INFO] Progress: 6.7% (168/2500)
 PPL: 20.30089267197604
[2024-12-08 23:19:28] [INFO] Current GPU memory usage: 15593.98486328125 MB
[2024-12-08 23:19:30] [INFO] State: {}
[2024-12-08 23:19:30] [INFO] Progress: 7.2% (180/2500)
 PPL: 20.25446995310998
[2024-12-08 23:19:30] [INFO] Current GPU memory usage: 15594.00390625 MB
[2024-12-08 23:19:32] [INFO] State: {}
[2024-12-08 23:19:32] [INFO] Progress: 7.7% (192/2500)
 PPL: 20.317809558826013
[2024-12-08 23:19:32] [INFO] Current GPU memory usage: 15594.0 MB
[2024-12-08 23:19:34] [INFO] State: {}
[2024-12-08 23:19:34] [INFO] Progress: 8.2% (204/2500)
 PPL: 20.085421480400285
[2024-12-08 23:19:34] [INFO] Current GPU memory usage: 15593.984375 MB
[2024-12-08 23:19:35] [INFO] State: {}
[2024-12-08 23:19:35] [INFO] Progress: 8.6% (216/2500)
 PPL: 20.031901485415048
[2024-12-08 23:19:35] [INFO] Current GPU memory usage: 15594.00439453125 MB
[2024-12-08 23:19:37] [INFO] State: {}
[2024-12-08 23:19:37] [INFO] Progress: 9.1% (228/2500)
 PPL: 20.00388507667876
[2024-12-08 23:19:37] [INFO] Current GPU memory usage: 15593.9951171875 MB
[2024-12-08 23:19:39] [INFO] State: {}
[2024-12-08 23:19:39] [INFO] Progress: 9.6% (240/2500)
 PPL: 19.9263775154295
[2024-12-08 23:19:39] [INFO] Current GPU memory usage: 15593.98388671875 MB
[2024-12-08 23:19:41] [INFO] State: {}
[2024-12-08 23:19:41] [INFO] Progress: 10.1% (252/2500)
 PPL: 19.803524811046806
[2024-12-08 23:19:41] [INFO] Current GPU memory usage: 15593.9833984375 MB
[2024-12-08 23:19:42] [INFO] State: {}
[2024-12-08 23:19:42] [INFO] Progress: 10.6% (264/2500)
 PPL: 19.872468297906615
[2024-12-08 23:19:42] [INFO] Current GPU memory usage: 15593.98388671875 MB
[2024-12-08 23:19:44] [INFO] State: {}
[2024-12-08 23:19:44] [INFO] Progress: 11.0% (276/2500)
 PPL: 19.86707877687056
[2024-12-08 23:19:44] [INFO] Current GPU memory usage: 15593.9853515625 MB
[2024-12-08 23:19:45] [INFO] State: {}
[2024-12-08 23:19:45] [INFO] Progress: 11.5% (288/2500)
 PPL: 19.902611808429842
[2024-12-08 23:19:45] [INFO] Current GPU memory usage: 15593.986328125 MB
[2024-12-08 23:19:47] [INFO] State: {}
[2024-12-08 23:19:47] [INFO] Progress: 12.0% (300/2500)
 PPL: 19.898531513044354
[2024-12-08 23:19:47] [INFO] Current GPU memory usage: 15593.99755859375 MB
[2024-12-08 23:19:49] [INFO] State: {}
[2024-12-08 23:19:49] [INFO] Progress: 12.5% (312/2500)
 PPL: 19.835941007637413
[2024-12-08 23:19:49] [INFO] Current GPU memory usage: 15593.9775390625 MB
[2024-12-08 23:19:50] [INFO] State: {}
[2024-12-08 23:19:50] [INFO] Progress: 13.0% (324/2500)
 PPL: 19.86110753459593
[2024-12-08 23:19:50] [INFO] Current GPU memory usage: 15593.99462890625 MB
[2024-12-08 23:19:52] [INFO] State: {}
[2024-12-08 23:19:52] [INFO] Progress: 13.4% (336/2500)
 PPL: 19.90508673420529
[2024-12-08 23:19:52] [INFO] Current GPU memory usage: 15593.990234375 MB
[2024-12-08 23:19:54] [INFO] State: {}
[2024-12-08 23:19:54] [INFO] Progress: 13.9% (348/2500)
 PPL: 19.87842713607901
[2024-12-08 23:19:54] [INFO] Current GPU memory usage: 15593.98193359375 MB
[2024-12-08 23:19:55] [INFO] State: {}
[2024-12-08 23:19:55] [INFO] Progress: 14.4% (360/2500)
 PPL: 19.949928885538394
[2024-12-08 23:19:55] [INFO] Current GPU memory usage: 15593.9794921875 MB
[2024-12-08 23:19:57] [INFO] State: {}
[2024-12-08 23:19:57] [INFO] Progress: 14.9% (372/2500)
 PPL: 19.93188317902634
[2024-12-08 23:19:57] [INFO] Current GPU memory usage: 15593.982421875 MB
[2024-12-08 23:19:58] [INFO] State: {}
[2024-12-08 23:19:58] [INFO] Progress: 15.4% (384/2500)
 PPL: 19.96420743766156
[2024-12-08 23:19:58] [INFO] Current GPU memory usage: 15593.99072265625 MB
[2024-12-08 23:20:00] [INFO] State: {}
[2024-12-08 23:20:00] [INFO] Progress: 15.8% (396/2500)
 PPL: 20.101200936306228
[2024-12-08 23:20:00] [INFO] Current GPU memory usage: 15593.9912109375 MB
[2024-12-08 23:20:01] [INFO] State: {}
[2024-12-08 23:20:01] [INFO] Progress: 16.3% (408/2500)
 PPL: 20.17237559590826
[2024-12-08 23:20:01] [INFO] Current GPU memory usage: 15593.9892578125 MB
[2024-12-08 23:20:03] [INFO] State: {}
[2024-12-08 23:20:03] [INFO] Progress: 16.8% (420/2500)
 PPL: 20.125480347159282
[2024-12-08 23:20:03] [INFO] Current GPU memory usage: 15593.9970703125 MB
[2024-12-08 23:20:05] [INFO] State: {}
[2024-12-08 23:20:05] [INFO] Progress: 17.3% (432/2500)
 PPL: 20.113222536802585
[2024-12-08 23:20:05] [INFO] Current GPU memory usage: 15593.99072265625 MB
[2024-12-08 23:20:07] [INFO] State: {}
[2024-12-08 23:20:07] [INFO] Progress: 17.8% (444/2500)
 PPL: 20.06346144867768
[2024-12-08 23:20:07] [INFO] Current GPU memory usage: 15593.98388671875 MB
[2024-12-08 23:20:08] [INFO] State: {}
[2024-12-08 23:20:08] [INFO] Progress: 18.2% (456/2500)
 PPL: 20.033768475587202
[2024-12-08 23:20:08] [INFO] Current GPU memory usage: 15593.9853515625 MB
[2024-12-08 23:20:10] [INFO] State: {}
[2024-12-08 23:20:10] [INFO] Progress: 18.7% (468/2500)
 PPL: 20.08133735390126
[2024-12-08 23:20:10] [INFO] Current GPU memory usage: 15593.994140625 MB
[2024-12-08 23:20:12] [INFO] State: {}
[2024-12-08 23:20:12] [INFO] Progress: 19.2% (480/2500)
 PPL: 20.068863586205797
[2024-12-08 23:20:12] [INFO] Current GPU memory usage: 15593.98876953125 MB
[2024-12-08 23:20:13] [INFO] State: {}
[2024-12-08 23:20:13] [INFO] Progress: 19.7% (492/2500)
 PPL: 20.047367392570862
[2024-12-08 23:20:13] [INFO] Current GPU memory usage: 15593.98681640625 MB
[2024-12-08 23:20:15] [INFO] State: {}
[2024-12-08 23:20:15] [INFO] Progress: 20.2% (504/2500)
 PPL: 20.018749105943083
[2024-12-08 23:20:15] [INFO] Current GPU memory usage: 15593.98681640625 MB
[2024-12-08 23:20:17] [INFO] State: {}
[2024-12-08 23:20:17] [INFO] Progress: 20.6% (516/2500)
 PPL: 20.029533234566426
[2024-12-08 23:20:17] [INFO] Current GPU memory usage: 15593.99658203125 MB
[2024-12-08 23:20:18] [INFO] State: {}
[2024-12-08 23:20:18] [INFO] Progress: 21.1% (528/2500)
 PPL: 19.96707785481895
[2024-12-08 23:20:18] [INFO] Current GPU memory usage: 15593.984375 MB
[2024-12-08 23:20:20] [INFO] State: {}
[2024-12-08 23:20:20] [INFO] Progress: 21.6% (540/2500)
 PPL: 19.955600626386236
[2024-12-08 23:20:20] [INFO] Current GPU memory usage: 15593.99169921875 MB
[2024-12-08 23:20:21] [INFO] State: {}
[2024-12-08 23:20:21] [INFO] Progress: 22.1% (552/2500)
 PPL: 19.98954517479888
[2024-12-08 23:20:21] [INFO] Current GPU memory usage: 15593.98388671875 MB
[2024-12-08 23:20:23] [INFO] State: {}
[2024-12-08 23:20:23] [INFO] Progress: 22.6% (564/2500)
 PPL: 19.965951428361045
[2024-12-08 23:20:23] [INFO] Current GPU memory usage: 15593.99072265625 MB
[2024-12-08 23:20:25] [INFO] State: {}
[2024-12-08 23:20:25] [INFO] Progress: 23.0% (576/2500)
 PPL: 19.970505447478626
[2024-12-08 23:20:25] [INFO] Current GPU memory usage: 15593.98779296875 MB
[2024-12-08 23:20:27] [INFO] State: {}
[2024-12-08 23:20:27] [INFO] Progress: 23.5% (588/2500)
 PPL: 20.000405066348954
[2024-12-08 23:20:27] [INFO] Current GPU memory usage: 15593.9892578125 MB
[2024-12-08 23:20:28] [INFO] State: {}
[2024-12-08 23:20:28] [INFO] Progress: 24.0% (600/2500)
 PPL: 19.99974558101859
[2024-12-08 23:20:28] [INFO] Current GPU memory usage: 15593.9794921875 MB
[2024-12-08 23:20:30] [INFO] State: {}
[2024-12-08 23:20:30] [INFO] Progress: 24.5% (612/2500)
 PPL: 20.021209484074227
[2024-12-08 23:20:30] [INFO] Current GPU memory usage: 15593.982421875 MB
[2024-12-08 23:20:32] [INFO] State: {}
[2024-12-08 23:20:32] [INFO] Progress: 25.0% (624/2500)
 PPL: 20.046162079188
[2024-12-08 23:20:32] [INFO] Current GPU memory usage: 15593.98486328125 MB
[2024-12-08 23:20:33] [INFO] State: {}
[2024-12-08 23:20:33] [INFO] Progress: 25.4% (636/2500)
 PPL: 20.048865011445127
[2024-12-08 23:20:33] [INFO] Current GPU memory usage: 15593.98681640625 MB
[2024-12-08 23:20:35] [INFO] State: {}
[2024-12-08 23:20:35] [INFO] Progress: 25.9% (648/2500)
 PPL: 20.08565169996825
[2024-12-08 23:20:35] [INFO] Current GPU memory usage: 15593.98193359375 MB
[2024-12-08 23:20:37] [INFO] State: {}
[2024-12-08 23:20:37] [INFO] Progress: 26.4% (660/2500)
 PPL: 20.11137473938293
[2024-12-08 23:20:37] [INFO] Current GPU memory usage: 15593.98876953125 MB
[2024-12-08 23:20:38] [INFO] State: {}
[2024-12-08 23:20:38] [INFO] Progress: 26.9% (672/2500)
 PPL: 20.150693808696182
[2024-12-08 23:20:38] [INFO] Current GPU memory usage: 15593.98583984375 MB
[2024-12-08 23:20:39] [INFO] State: {}
[2024-12-08 23:20:39] [INFO] Progress: 27.4% (684/2500)
 PPL: 20.139906364691978
[2024-12-08 23:20:39] [INFO] Current GPU memory usage: 15593.97509765625 MB
[2024-12-08 23:20:41] [INFO] State: {}
[2024-12-08 23:20:41] [INFO] Progress: 27.8% (696/2500)
 PPL: 20.074213794622725
[2024-12-08 23:20:41] [INFO] Current GPU memory usage: 15593.98486328125 MB
[2024-12-08 23:20:42] [INFO] State: {}
[2024-12-08 23:20:42] [INFO] Progress: 28.3% (708/2500)
 PPL: 20.09402573045855
[2024-12-08 23:20:42] [INFO] Current GPU memory usage: 15593.99072265625 MB
[2024-12-08 23:20:44] [INFO] State: {}
[2024-12-08 23:20:44] [INFO] Progress: 28.8% (720/2500)
 PPL: 20.08196790189289
[2024-12-08 23:20:44] [INFO] Current GPU memory usage: 15593.99365234375 MB
[2024-12-08 23:20:46] [INFO] State: {}
[2024-12-08 23:20:46] [INFO] Progress: 29.3% (732/2500)
 PPL: 20.092361185998975
[2024-12-08 23:20:46] [INFO] Current GPU memory usage: 15593.9853515625 MB
[2024-12-08 23:20:47] [INFO] State: {}
[2024-12-08 23:20:47] [INFO] Progress: 29.8% (744/2500)
 PPL: 20.093763362583193
[2024-12-08 23:20:47] [INFO] Current GPU memory usage: 15593.98388671875 MB
[2024-12-08 23:20:49] [INFO] State: {}
[2024-12-08 23:20:49] [INFO] Progress: 30.2% (756/2500)
 PPL: 20.033401940382735
[2024-12-08 23:20:49] [INFO] Current GPU memory usage: 15593.9853515625 MB
[2024-12-08 23:20:50] [INFO] State: {}
[2024-12-08 23:20:50] [INFO] Progress: 30.7% (768/2500)
 PPL: 20.041990661659494
[2024-12-08 23:20:50] [INFO] Current GPU memory usage: 15593.98828125 MB
[2024-12-08 23:20:52] [INFO] State: {}
[2024-12-08 23:20:52] [INFO] Progress: 31.2% (780/2500)
 PPL: 20.078366766210475
[2024-12-08 23:20:52] [INFO] Current GPU memory usage: 15593.98388671875 MB
[2024-12-08 23:20:53] [INFO] State: {}
[2024-12-08 23:20:53] [INFO] Progress: 31.7% (792/2500)
 PPL: 20.093237470037437
[2024-12-08 23:20:53] [INFO] Current GPU memory usage: 15593.9833984375 MB
[2024-12-08 23:20:55] [INFO] State: {}
[2024-12-08 23:20:55] [INFO] Progress: 32.2% (804/2500)
 PPL: 20.109348014011605
[2024-12-08 23:20:55] [INFO] Current GPU memory usage: 15593.97900390625 MB
[2024-12-08 23:20:56] [INFO] State: {}
[2024-12-08 23:20:56] [INFO] Progress: 32.6% (816/2500)
 PPL: 20.124651912078903
[2024-12-08 23:20:56] [INFO] Current GPU memory usage: 15593.98583984375 MB
[2024-12-08 23:20:58] [INFO] State: {}
[2024-12-08 23:20:58] [INFO] Progress: 33.1% (828/2500)
 PPL: 20.143417903068347
[2024-12-08 23:20:58] [INFO] Current GPU memory usage: 15593.98486328125 MB
[2024-12-08 23:20:59] [INFO] State: {}
[2024-12-08 23:20:59] [INFO] Progress: 33.6% (840/2500)
 PPL: 20.127337510015316
[2024-12-08 23:20:59] [INFO] Current GPU memory usage: 15593.994140625 MB
[2024-12-08 23:21:01] [INFO] State: {}
[2024-12-08 23:21:01] [INFO] Progress: 34.1% (852/2500)
 PPL: 20.11630599138657
[2024-12-08 23:21:01] [INFO] Current GPU memory usage: 15593.98388671875 MB
[2024-12-08 23:21:02] [INFO] State: {}
[2024-12-08 23:21:02] [INFO] Progress: 34.6% (864/2500)
 PPL: 20.106712546341022
[2024-12-08 23:21:02] [INFO] Current GPU memory usage: 15593.98486328125 MB
[2024-12-08 23:21:04] [INFO] State: {}
[2024-12-08 23:21:04] [INFO] Progress: 35.0% (876/2500)
 PPL: 20.084896988244807
[2024-12-08 23:21:04] [INFO] Current GPU memory usage: 15593.9931640625 MB
[2024-12-08 23:21:06] [INFO] State: {}
[2024-12-08 23:21:06] [INFO] Progress: 35.5% (888/2500)
 PPL: 20.100739415866745
[2024-12-08 23:21:06] [INFO] Current GPU memory usage: 15593.98974609375 MB
[2024-12-08 23:21:07] [INFO] State: {}
[2024-12-08 23:21:07] [INFO] Progress: 36.0% (900/2500)
 PPL: 20.072603210743765
[2024-12-08 23:21:07] [INFO] Current GPU memory usage: 15593.984375 MB
[2024-12-08 23:21:09] [INFO] State: {}
[2024-12-08 23:21:09] [INFO] Progress: 36.5% (912/2500)
 PPL: 20.031394629177544
[2024-12-08 23:21:09] [INFO] Current GPU memory usage: 15593.9921875 MB
[2024-12-08 23:21:10] [INFO] State: {}
[2024-12-08 23:21:10] [INFO] Progress: 37.0% (924/2500)
 PPL: 20.01159328203607
[2024-12-08 23:21:10] [INFO] Current GPU memory usage: 15593.97802734375 MB
[2024-12-08 23:21:12] [INFO] State: {}
[2024-12-08 23:21:12] [INFO] Progress: 37.4% (936/2500)
 PPL: 19.985457842967367
[2024-12-08 23:21:12] [INFO] Current GPU memory usage: 15593.98291015625 MB
[2024-12-08 23:21:13] [INFO] State: {}
[2024-12-08 23:21:13] [INFO] Progress: 37.9% (948/2500)
 PPL: 19.997095367450665
[2024-12-08 23:21:13] [INFO] Current GPU memory usage: 15593.98388671875 MB
[2024-12-08 23:21:15] [INFO] State: {}
[2024-12-08 23:21:15] [INFO] Progress: 38.4% (960/2500)
 PPL: 19.986678714219952
[2024-12-08 23:21:15] [INFO] Current GPU memory usage: 15594.00048828125 MB
[2024-12-08 23:21:16] [INFO] State: {}
[2024-12-08 23:21:16] [INFO] Progress: 38.9% (972/2500)
 PPL: 20.01064587087211
[2024-12-08 23:21:16] [INFO] Current GPU memory usage: 15593.986328125 MB
[2024-12-08 23:21:18] [INFO] State: {}
[2024-12-08 23:21:18] [INFO] Progress: 39.4% (984/2500)
 PPL: 19.990705981649075
[2024-12-08 23:21:18] [INFO] Current GPU memory usage: 15593.9873046875 MB
[2024-12-08 23:21:19] [INFO] State: {}
[2024-12-08 23:21:19] [INFO] Progress: 39.8% (996/2500)
 PPL: 20.001610503020682
[2024-12-08 23:21:19] [INFO] Current GPU memory usage: 15593.9853515625 MB
[2024-12-08 23:21:21] [INFO] State: {}
[2024-12-08 23:21:21] [INFO] Progress: 40.3% (1008/2500)
 PPL: 19.982782778257317
[2024-12-08 23:21:21] [INFO] Current GPU memory usage: 15593.98486328125 MB
[2024-12-08 23:21:23] [INFO] State: {}
[2024-12-08 23:21:23] [INFO] Progress: 40.8% (1020/2500)
 PPL: 19.97560911464953
[2024-12-08 23:21:23] [INFO] Current GPU memory usage: 15593.9921875 MB
[2024-12-08 23:21:24] [INFO] State: {}
[2024-12-08 23:21:24] [INFO] Progress: 41.3% (1032/2500)
 PPL: 19.9873742594023
[2024-12-08 23:21:24] [INFO] Current GPU memory usage: 15593.9755859375 MB
[2024-12-08 23:21:26] [INFO] State: {}
[2024-12-08 23:21:26] [INFO] Progress: 41.8% (1044/2500)
 PPL: 19.987242572470468
[2024-12-08 23:21:26] [INFO] Current GPU memory usage: 15594.0048828125 MB
[2024-12-08 23:21:27] [INFO] State: {}
[2024-12-08 23:21:27] [INFO] Progress: 42.2% (1056/2500)
 PPL: 19.983714692110755
[2024-12-08 23:21:27] [INFO] Current GPU memory usage: 15593.9951171875 MB
[2024-12-08 23:21:29] [INFO] State: {}
[2024-12-08 23:21:29] [INFO] Progress: 42.7% (1068/2500)
 PPL: 19.961122050163016
[2024-12-08 23:21:29] [INFO] Current GPU memory usage: 15593.982421875 MB
[2024-12-08 23:21:31] [INFO] State: {}
[2024-12-08 23:21:31] [INFO] Progress: 43.2% (1080/2500)
 PPL: 19.947704687899385
[2024-12-08 23:21:31] [INFO] Current GPU memory usage: 15593.982421875 MB
[2024-12-08 23:21:33] [INFO] State: {}
[2024-12-08 23:21:33] [INFO] Progress: 43.7% (1092/2500)
 PPL: 19.950522244266075
[2024-12-08 23:21:33] [INFO] Current GPU memory usage: 15593.98486328125 MB
[2024-12-08 23:21:35] [INFO] State: {}
[2024-12-08 23:21:35] [INFO] Progress: 44.2% (1104/2500)
 PPL: 19.958281178751623
[2024-12-08 23:21:35] [INFO] Current GPU memory usage: 15593.9951171875 MB
[2024-12-08 23:21:36] [INFO] State: {}
[2024-12-08 23:21:36] [INFO] Progress: 44.6% (1116/2500)
 PPL: 19.953166733264545
[2024-12-08 23:21:36] [INFO] Current GPU memory usage: 15593.98193359375 MB
[2024-12-08 23:21:38] [INFO] State: {}
[2024-12-08 23:21:38] [INFO] Progress: 45.1% (1128/2500)
 PPL: 19.95540070037709
[2024-12-08 23:21:38] [INFO] Current GPU memory usage: 15593.98876953125 MB
[2024-12-08 23:21:39] [INFO] State: {}
[2024-12-08 23:21:39] [INFO] Progress: 45.6% (1140/2500)
 PPL: 19.96287312249891
[2024-12-08 23:21:39] [INFO] Current GPU memory usage: 15593.9912109375 MB
[2024-12-08 23:21:41] [INFO] State: {}
[2024-12-08 23:21:41] [INFO] Progress: 46.1% (1152/2500)
 PPL: 19.936243046326968
[2024-12-08 23:21:41] [INFO] Current GPU memory usage: 15593.986328125 MB
[2024-12-08 23:21:42] [INFO] State: {}
[2024-12-08 23:21:42] [INFO] Progress: 46.6% (1164/2500)
 PPL: 19.943685476621905
[2024-12-08 23:21:42] [INFO] Current GPU memory usage: 15593.9833984375 MB
[2024-12-08 23:21:44] [INFO] State: {}
[2024-12-08 23:21:44] [INFO] Progress: 47.0% (1176/2500)
 PPL: 19.928696282603816
[2024-12-08 23:21:44] [INFO] Current GPU memory usage: 15593.9951171875 MB
[2024-12-08 23:21:45] [INFO] State: {}
[2024-12-08 23:21:45] [INFO] Progress: 47.5% (1188/2500)
 PPL: 19.938887058970497
[2024-12-08 23:21:45] [INFO] Current GPU memory usage: 15593.984375 MB
[2024-12-08 23:21:47] [INFO] State: {}
[2024-12-08 23:21:47] [INFO] Progress: 48.0% (1200/2500)
 PPL: 19.91872732264715
[2024-12-08 23:21:47] [INFO] Current GPU memory usage: 15593.986328125 MB
[2024-12-08 23:21:49] [INFO] State: {}
[2024-12-08 23:21:49] [INFO] Progress: 48.5% (1212/2500)
 PPL: 19.911524996483834
[2024-12-08 23:21:49] [INFO] Current GPU memory usage: 15593.99365234375 MB
[2024-12-08 23:21:50] [INFO] State: {}
[2024-12-08 23:21:50] [INFO] Progress: 49.0% (1224/2500)
 PPL: 19.90254401386535
[2024-12-08 23:21:50] [INFO] Current GPU memory usage: 15593.98876953125 MB
[2024-12-08 23:21:52] [INFO] State: {}
[2024-12-08 23:21:52] [INFO] Progress: 49.4% (1236/2500)
 PPL: 19.90318747310954
[2024-12-08 23:21:52] [INFO] Current GPU memory usage: 15593.9873046875 MB
[2024-12-08 23:21:53] [INFO] State: {}
[2024-12-08 23:21:53] [INFO] Progress: 49.9% (1248/2500)
 PPL: 19.894693068946196
[2024-12-08 23:21:53] [INFO] Current GPU memory usage: 15593.984375 MB
[2024-12-08 23:21:55] [INFO] State: {}
[2024-12-08 23:21:55] [INFO] Progress: 50.4% (1260/2500)
 PPL: 19.895434488696125
[2024-12-08 23:21:55] [INFO] Current GPU memory usage: 15593.994140625 MB
[2024-12-08 23:21:57] [INFO] State: {}
[2024-12-08 23:21:57] [INFO] Progress: 50.9% (1272/2500)
 PPL: 19.87929229568133
[2024-12-08 23:21:57] [INFO] Current GPU memory usage: 15593.9990234375 MB
[2024-12-08 23:21:58] [INFO] State: {}
[2024-12-08 23:21:58] [INFO] Progress: 51.4% (1284/2500)
 PPL: 19.868251515626632
[2024-12-08 23:21:58] [INFO] Current GPU memory usage: 15593.9814453125 MB
[2024-12-08 23:22:00] [INFO] State: {}
[2024-12-08 23:22:00] [INFO] Progress: 51.8% (1296/2500)
 PPL: 19.832047060568915
[2024-12-08 23:22:00] [INFO] Current GPU memory usage: 15593.984375 MB
[2024-12-08 23:22:02] [INFO] State: {}
[2024-12-08 23:22:02] [INFO] Progress: 52.3% (1308/2500)
 PPL: 19.81329570667164
[2024-12-08 23:22:02] [INFO] Current GPU memory usage: 15593.9814453125 MB
[2024-12-08 23:22:03] [INFO] State: {}
[2024-12-08 23:22:03] [INFO] Progress: 52.8% (1320/2500)
 PPL: 19.791439212108294
[2024-12-08 23:22:03] [INFO] Current GPU memory usage: 15593.9892578125 MB
[2024-12-08 23:22:05] [INFO] State: {}
[2024-12-08 23:22:05] [INFO] Progress: 53.3% (1332/2500)
 PPL: 19.778063624892738
[2024-12-08 23:22:05] [INFO] Current GPU memory usage: 15593.99951171875 MB
[2024-12-08 23:22:06] [INFO] State: {}
[2024-12-08 23:22:06] [INFO] Progress: 53.8% (1344/2500)
 PPL: 19.768052102641438
[2024-12-08 23:22:06] [INFO] Current GPU memory usage: 15593.98828125 MB
[2024-12-08 23:22:08] [INFO] State: {}
[2024-12-08 23:22:08] [INFO] Progress: 54.2% (1356/2500)
 PPL: 19.776218536545382
[2024-12-08 23:22:08] [INFO] Current GPU memory usage: 15593.97998046875 MB
[2024-12-08 23:22:10] [INFO] State: {}
[2024-12-08 23:22:10] [INFO] Progress: 54.7% (1368/2500)
 PPL: 19.803433193013817
[2024-12-08 23:22:10] [INFO] Current GPU memory usage: 15593.9931640625 MB
[2024-12-08 23:22:11] [INFO] State: {}
[2024-12-08 23:22:11] [INFO] Progress: 55.2% (1380/2500)
 PPL: 19.817618308384855
[2024-12-08 23:22:11] [INFO] Current GPU memory usage: 15593.99169921875 MB
[2024-12-08 23:22:13] [INFO] State: {}
[2024-12-08 23:22:13] [INFO] Progress: 55.7% (1392/2500)
 PPL: 19.79130915598699
[2024-12-08 23:22:13] [INFO] Current GPU memory usage: 15593.990234375 MB
[2024-12-08 23:22:15] [INFO] State: {}
[2024-12-08 23:22:15] [INFO] Progress: 56.2% (1404/2500)
 PPL: 19.7857875727229
[2024-12-08 23:22:15] [INFO] Current GPU memory usage: 15593.990234375 MB
[2024-12-08 23:22:16] [INFO] State: {}
[2024-12-08 23:22:16] [INFO] Progress: 56.6% (1416/2500)
 PPL: 19.78673391781953
[2024-12-08 23:22:16] [INFO] Current GPU memory usage: 15593.9853515625 MB
[2024-12-08 23:22:17] [INFO] State: {}
[2024-12-08 23:22:17] [INFO] Progress: 57.1% (1428/2500)
 PPL: 19.809957678634618
[2024-12-08 23:22:17] [INFO] Current GPU memory usage: 15593.9755859375 MB
[2024-12-08 23:22:19] [INFO] State: {}
[2024-12-08 23:22:19] [INFO] Progress: 57.6% (1440/2500)
 PPL: 19.814596755620595
[2024-12-08 23:22:19] [INFO] Current GPU memory usage: 15593.98046875 MB
[2024-12-08 23:22:21] [INFO] State: {}
[2024-12-08 23:22:21] [INFO] Progress: 58.1% (1452/2500)
 PPL: 19.81587915177444
[2024-12-08 23:22:21] [INFO] Current GPU memory usage: 15593.98779296875 MB
[2024-12-08 23:22:23] [INFO] State: {}
[2024-12-08 23:22:23] [INFO] Progress: 58.6% (1464/2500)
 PPL: 19.811301481960726
[2024-12-08 23:22:23] [INFO] Current GPU memory usage: 15593.98486328125 MB
[2024-12-08 23:22:24] [INFO] State: {}
[2024-12-08 23:22:24] [INFO] Progress: 59.0% (1476/2500)
 PPL: 19.81123473981478
[2024-12-08 23:22:24] [INFO] Current GPU memory usage: 15593.98046875 MB
[2024-12-08 23:22:26] [INFO] State: {}
[2024-12-08 23:22:26] [INFO] Progress: 59.5% (1488/2500)
 PPL: 19.82715758215368
[2024-12-08 23:22:26] [INFO] Current GPU memory usage: 15593.98193359375 MB
[2024-12-08 23:22:27] [INFO] State: {}
[2024-12-08 23:22:27] [INFO] Progress: 60.0% (1500/2500)
 PPL: 19.836496960851644
[2024-12-08 23:22:27] [INFO] Current GPU memory usage: 15593.98486328125 MB
[2024-12-08 23:22:28] [INFO] State: {}
[2024-12-08 23:22:28] [INFO] Progress: 60.5% (1512/2500)
 PPL: 19.8418866963734
[2024-12-08 23:22:28] [INFO] Current GPU memory usage: 15593.98486328125 MB
[2024-12-08 23:22:30] [INFO] State: {}
[2024-12-08 23:22:30] [INFO] Progress: 61.0% (1524/2500)
 PPL: 19.84623323624829
[2024-12-08 23:22:30] [INFO] Current GPU memory usage: 15593.986328125 MB
[2024-12-08 23:22:31] [INFO] State: {}
[2024-12-08 23:22:31] [INFO] Progress: 61.4% (1536/2500)
 PPL: 19.847266829758727
[2024-12-08 23:22:31] [INFO] Current GPU memory usage: 15593.98876953125 MB
[2024-12-08 23:22:33] [INFO] State: {}
[2024-12-08 23:22:33] [INFO] Progress: 61.9% (1548/2500)
 PPL: 19.837996908966016
[2024-12-08 23:22:33] [INFO] Current GPU memory usage: 15593.98974609375 MB
[2024-12-08 23:22:34] [INFO] State: {}
[2024-12-08 23:22:34] [INFO] Progress: 62.4% (1560/2500)
 PPL: 19.855099862297468
[2024-12-08 23:22:34] [INFO] Current GPU memory usage: 15593.9970703125 MB
[2024-12-08 23:22:35] [INFO] State: {}
[2024-12-08 23:22:35] [INFO] Progress: 62.9% (1572/2500)
 PPL: 19.858634499055174
[2024-12-08 23:22:35] [INFO] Current GPU memory usage: 15593.98486328125 MB
[2024-12-08 23:22:37] [INFO] State: {}
[2024-12-08 23:22:37] [INFO] Progress: 63.4% (1584/2500)
 PPL: 19.869271377189587
[2024-12-08 23:22:37] [INFO] Current GPU memory usage: 15593.98828125 MB
[2024-12-08 23:22:39] [INFO] State: {}
[2024-12-08 23:22:39] [INFO] Progress: 63.8% (1596/2500)
 PPL: 19.844488683261247
[2024-12-08 23:22:39] [INFO] Current GPU memory usage: 15593.98828125 MB
[2024-12-08 23:22:41] [INFO] State: {}
[2024-12-08 23:22:41] [INFO] Progress: 64.3% (1608/2500)
 PPL: 19.8482169874459
[2024-12-08 23:22:41] [INFO] Current GPU memory usage: 15593.9873046875 MB
[2024-12-08 23:22:42] [INFO] State: {}
[2024-12-08 23:22:42] [INFO] Progress: 64.8% (1620/2500)
 PPL: 19.85090132019695
[2024-12-08 23:22:42] [INFO] Current GPU memory usage: 15594.0048828125 MB
[2024-12-08 23:22:44] [INFO] State: {}
[2024-12-08 23:22:44] [INFO] Progress: 65.3% (1632/2500)
 PPL: 19.83832759152929
[2024-12-08 23:22:44] [INFO] Current GPU memory usage: 15593.986328125 MB
[2024-12-08 23:22:46] [INFO] State: {}
[2024-12-08 23:22:46] [INFO] Progress: 65.8% (1644/2500)
 PPL: 19.84592882546284
[2024-12-08 23:22:46] [INFO] Current GPU memory usage: 15593.9912109375 MB
[2024-12-08 23:22:47] [INFO] State: {}
[2024-12-08 23:22:47] [INFO] Progress: 66.2% (1656/2500)
 PPL: 19.844414340281297
[2024-12-08 23:22:47] [INFO] Current GPU memory usage: 15593.986328125 MB
[2024-12-08 23:22:49] [INFO] State: {}
[2024-12-08 23:22:49] [INFO] Progress: 66.7% (1668/2500)
 PPL: 19.841747628920892
[2024-12-08 23:22:49] [INFO] Current GPU memory usage: 15593.98388671875 MB
[2024-12-08 23:22:51] [INFO] State: {}
[2024-12-08 23:22:51] [INFO] Progress: 67.2% (1680/2500)
 PPL: 19.841584970472493
[2024-12-08 23:22:51] [INFO] Current GPU memory usage: 15593.98388671875 MB
[2024-12-08 23:22:52] [INFO] State: {}
[2024-12-08 23:22:52] [INFO] Progress: 67.7% (1692/2500)
 PPL: 19.83231962263632
[2024-12-08 23:22:52] [INFO] Current GPU memory usage: 15593.98583984375 MB
[2024-12-08 23:22:54] [INFO] State: {}
[2024-12-08 23:22:54] [INFO] Progress: 68.2% (1704/2500)
 PPL: 19.846592141736288
[2024-12-08 23:22:54] [INFO] Current GPU memory usage: 15593.9814453125 MB
[2024-12-08 23:22:55] [INFO] State: {}
[2024-12-08 23:22:55] [INFO] Progress: 68.6% (1716/2500)
 PPL: 19.85222029936276
[2024-12-08 23:22:55] [INFO] Current GPU memory usage: 15593.984375 MB
[2024-12-08 23:22:57] [INFO] State: {}
[2024-12-08 23:22:57] [INFO] Progress: 69.1% (1728/2500)
 PPL: 19.858406634468853
[2024-12-08 23:22:57] [INFO] Current GPU memory usage: 15593.98388671875 MB
[2024-12-08 23:22:59] [INFO] State: {}
[2024-12-08 23:22:59] [INFO] Progress: 69.6% (1740/2500)
 PPL: 19.862245116085628
[2024-12-08 23:22:59] [INFO] Current GPU memory usage: 15593.990234375 MB
[2024-12-08 23:23:00] [INFO] State: {}
[2024-12-08 23:23:00] [INFO] Progress: 70.1% (1752/2500)
 PPL: 19.85740969812609
[2024-12-08 23:23:00] [INFO] Current GPU memory usage: 15593.9892578125 MB
[2024-12-08 23:23:02] [INFO] State: {}
[2024-12-08 23:23:02] [INFO] Progress: 70.6% (1764/2500)
 PPL: 19.85196896994529
[2024-12-08 23:23:02] [INFO] Current GPU memory usage: 15593.98095703125 MB
[2024-12-08 23:23:04] [INFO] State: {}
[2024-12-08 23:23:04] [INFO] Progress: 71.0% (1776/2500)
 PPL: 19.847537240206155
[2024-12-08 23:23:04] [INFO] Current GPU memory usage: 15593.99658203125 MB
[2024-12-08 23:23:05] [INFO] State: {}
[2024-12-08 23:23:05] [INFO] Progress: 71.5% (1788/2500)
 PPL: 19.84165726798475
[2024-12-08 23:23:05] [INFO] Current GPU memory usage: 15593.984375 MB
[2024-12-08 23:23:07] [INFO] State: {}
[2024-12-08 23:23:07] [INFO] Progress: 72.0% (1800/2500)
 PPL: 19.828437579111252
[2024-12-08 23:23:07] [INFO] Current GPU memory usage: 15593.98828125 MB
[2024-12-08 23:23:09] [INFO] State: {}
[2024-12-08 23:23:09] [INFO] Progress: 72.5% (1812/2500)
 PPL: 19.83161528899883
[2024-12-08 23:23:09] [INFO] Current GPU memory usage: 15593.99755859375 MB
[2024-12-08 23:23:10] [INFO] State: {}
[2024-12-08 23:23:10] [INFO] Progress: 73.0% (1824/2500)
 PPL: 19.838057834104372
[2024-12-08 23:23:10] [INFO] Current GPU memory usage: 15593.98779296875 MB
[2024-12-08 23:23:12] [INFO] State: {}
[2024-12-08 23:23:12] [INFO] Progress: 73.4% (1836/2500)
 PPL: 19.815177053768565
[2024-12-08 23:23:12] [INFO] Current GPU memory usage: 15593.994140625 MB
[2024-12-08 23:23:14] [INFO] State: {}
[2024-12-08 23:23:14] [INFO] Progress: 73.9% (1848/2500)
 PPL: 19.817782752999584
[2024-12-08 23:23:14] [INFO] Current GPU memory usage: 15593.990234375 MB
[2024-12-08 23:23:15] [INFO] State: {}
[2024-12-08 23:23:15] [INFO] Progress: 74.4% (1860/2500)
 PPL: 19.804061867566958
[2024-12-08 23:23:15] [INFO] Current GPU memory usage: 15593.98046875 MB
[2024-12-08 23:23:17] [INFO] State: {}
[2024-12-08 23:23:17] [INFO] Progress: 74.9% (1872/2500)
 PPL: 19.81460509903175
[2024-12-08 23:23:17] [INFO] Current GPU memory usage: 15593.98388671875 MB
[2024-12-08 23:23:18] [INFO] State: {}
[2024-12-08 23:23:18] [INFO] Progress: 75.4% (1884/2500)
 PPL: 19.811843228801077
[2024-12-08 23:23:18] [INFO] Current GPU memory usage: 15593.99072265625 MB
[2024-12-08 23:23:20] [INFO] State: {}
[2024-12-08 23:23:20] [INFO] Progress: 75.8% (1896/2500)
 PPL: 19.793453556595075
[2024-12-08 23:23:20] [INFO] Current GPU memory usage: 15593.98291015625 MB
[2024-12-08 23:23:21] [INFO] State: {}
[2024-12-08 23:23:21] [INFO] Progress: 76.3% (1908/2500)
 PPL: 19.811273587584036
[2024-12-08 23:23:21] [INFO] Current GPU memory usage: 15593.9892578125 MB
[2024-12-08 23:23:23] [INFO] State: {}
[2024-12-08 23:23:23] [INFO] Progress: 76.8% (1920/2500)
 PPL: 19.814773642241214
[2024-12-08 23:23:23] [INFO] Current GPU memory usage: 15593.9853515625 MB
[2024-12-08 23:23:24] [INFO] State: {}
[2024-12-08 23:23:24] [INFO] Progress: 77.3% (1932/2500)
 PPL: 19.814440332768037
[2024-12-08 23:23:24] [INFO] Current GPU memory usage: 15593.99365234375 MB
[2024-12-08 23:23:26] [INFO] State: {}
[2024-12-08 23:23:26] [INFO] Progress: 77.8% (1944/2500)
 PPL: 19.81083534285095
[2024-12-08 23:23:26] [INFO] Current GPU memory usage: 15593.98583984375 MB
[2024-12-08 23:23:27] [INFO] State: {}
[2024-12-08 23:23:27] [INFO] Progress: 78.2% (1956/2500)
 PPL: 19.817202926558814
[2024-12-08 23:23:27] [INFO] Current GPU memory usage: 15594.0 MB
[2024-12-08 23:23:29] [INFO] State: {}
[2024-12-08 23:23:29] [INFO] Progress: 78.7% (1968/2500)
 PPL: 19.80933348101629
[2024-12-08 23:23:29] [INFO] Current GPU memory usage: 15593.9912109375 MB
[2024-12-08 23:23:31] [INFO] State: {}
[2024-12-08 23:23:31] [INFO] Progress: 79.2% (1980/2500)
 PPL: 19.793234024760796
[2024-12-08 23:23:31] [INFO] Current GPU memory usage: 15593.98583984375 MB
[2024-12-08 23:23:33] [INFO] State: {}
[2024-12-08 23:23:33] [INFO] Progress: 79.7% (1992/2500)
 PPL: 19.803409266976445
[2024-12-08 23:23:33] [INFO] Current GPU memory usage: 15593.9814453125 MB
[2024-12-08 23:23:34] [INFO] State: {}
[2024-12-08 23:23:34] [INFO] Progress: 80.2% (2004/2500)
 PPL: 19.814691825412417
[2024-12-08 23:23:34] [INFO] Current GPU memory usage: 15593.9833984375 MB
[2024-12-08 23:23:36] [INFO] State: {}
[2024-12-08 23:23:36] [INFO] Progress: 80.6% (2016/2500)
 PPL: 19.808977101357907
[2024-12-08 23:23:36] [INFO] Current GPU memory usage: 15593.97802734375 MB
[2024-12-08 23:23:38] [INFO] State: {}
[2024-12-08 23:23:38] [INFO] Progress: 81.1% (2028/2500)
 PPL: 19.811482705900968
[2024-12-08 23:23:38] [INFO] Current GPU memory usage: 15593.998046875 MB
[2024-12-08 23:23:39] [INFO] State: {}
[2024-12-08 23:23:39] [INFO] Progress: 81.6% (2040/2500)
 PPL: 19.817378196076426
[2024-12-08 23:23:39] [INFO] Current GPU memory usage: 15593.98681640625 MB
[2024-12-08 23:23:41] [INFO] State: {}
[2024-12-08 23:23:41] [INFO] Progress: 82.1% (2052/2500)
 PPL: 19.817864975837608
[2024-12-08 23:23:41] [INFO] Current GPU memory usage: 15593.98388671875 MB
[2024-12-08 23:23:42] [INFO] State: {}
[2024-12-08 23:23:42] [INFO] Progress: 82.6% (2064/2500)
 PPL: 19.829231361668562
[2024-12-08 23:23:42] [INFO] Current GPU memory usage: 15593.98876953125 MB
[2024-12-08 23:23:43] [INFO] State: {}
[2024-12-08 23:23:43] [INFO] Progress: 83.0% (2076/2500)
 PPL: 19.82806267735148
[2024-12-08 23:23:43] [INFO] Current GPU memory usage: 15593.98974609375 MB
[2024-12-08 23:23:45] [INFO] State: {}
[2024-12-08 23:23:45] [INFO] Progress: 83.5% (2088/2500)
 PPL: 19.855701217612868
[2024-12-08 23:23:45] [INFO] Current GPU memory usage: 15593.9931640625 MB
[2024-12-08 23:23:46] [INFO] State: {}
[2024-12-08 23:23:46] [INFO] Progress: 84.0% (2100/2500)
 PPL: 19.857610653412657
[2024-12-08 23:23:46] [INFO] Current GPU memory usage: 15593.986328125 MB
[2024-12-08 23:23:48] [INFO] State: {}
[2024-12-08 23:23:48] [INFO] Progress: 84.5% (2112/2500)
 PPL: 19.87968788764979
[2024-12-08 23:23:48] [INFO] Current GPU memory usage: 15593.9912109375 MB
[2024-12-08 23:23:49] [INFO] State: {}
[2024-12-08 23:23:49] [INFO] Progress: 85.0% (2124/2500)
 PPL: 19.864576543902764
[2024-12-08 23:23:49] [INFO] Current GPU memory usage: 15593.99951171875 MB
[2024-12-08 23:23:51] [INFO] State: {}
[2024-12-08 23:23:51] [INFO] Progress: 85.4% (2136/2500)
 PPL: 19.87139442748527
[2024-12-08 23:23:51] [INFO] Current GPU memory usage: 15593.978515625 MB
[2024-12-08 23:23:53] [INFO] State: {}
[2024-12-08 23:23:53] [INFO] Progress: 85.9% (2148/2500)
 PPL: 19.868047748525644
[2024-12-08 23:23:53] [INFO] Current GPU memory usage: 15593.9833984375 MB
[2024-12-08 23:23:54] [INFO] State: {}
[2024-12-08 23:23:54] [INFO] Progress: 86.4% (2160/2500)
 PPL: 19.87291398322245
[2024-12-08 23:23:54] [INFO] Current GPU memory usage: 15593.9833984375 MB
[2024-12-08 23:23:56] [INFO] State: {}
[2024-12-08 23:23:56] [INFO] Progress: 86.9% (2172/2500)
 PPL: 19.877134090829557
[2024-12-08 23:23:56] [INFO] Current GPU memory usage: 15593.9853515625 MB
[2024-12-08 23:23:57] [INFO] State: {}
[2024-12-08 23:23:57] [INFO] Progress: 87.4% (2184/2500)
 PPL: 19.860225143936955
[2024-12-08 23:23:57] [INFO] Current GPU memory usage: 15593.98779296875 MB
[2024-12-08 23:23:59] [INFO] State: {}
[2024-12-08 23:23:59] [INFO] Progress: 87.8% (2196/2500)
 PPL: 19.86179005374415
[2024-12-08 23:23:59] [INFO] Current GPU memory usage: 15593.99072265625 MB
[2024-12-08 23:24:00] [INFO] State: {}
[2024-12-08 23:24:00] [INFO] Progress: 88.3% (2208/2500)
 PPL: 19.855236494704315
[2024-12-08 23:24:00] [INFO] Current GPU memory usage: 15593.98193359375 MB
[2024-12-08 23:24:02] [INFO] State: {}
[2024-12-08 23:24:02] [INFO] Progress: 88.8% (2220/2500)
 PPL: 19.867183052623723
[2024-12-08 23:24:02] [INFO] Current GPU memory usage: 15593.98828125 MB
[2024-12-08 23:24:04] [INFO] State: {}
[2024-12-08 23:24:04] [INFO] Progress: 89.3% (2232/2500)
 PPL: 19.864945828358426
[2024-12-08 23:24:04] [INFO] Current GPU memory usage: 15593.98388671875 MB
[2024-12-08 23:24:05] [INFO] State: {}
[2024-12-08 23:24:05] [INFO] Progress: 89.8% (2244/2500)
 PPL: 19.869271847555886
[2024-12-08 23:24:05] [INFO] Current GPU memory usage: 15593.9853515625 MB
[2024-12-08 23:24:07] [INFO] State: {}
[2024-12-08 23:24:07] [INFO] Progress: 90.2% (2256/2500)
 PPL: 19.886035671449775
[2024-12-08 23:24:07] [INFO] Current GPU memory usage: 15593.99755859375 MB
[2024-12-08 23:24:08] [INFO] State: {}
[2024-12-08 23:24:08] [INFO] Progress: 90.7% (2268/2500)
 PPL: 19.883692379443367
[2024-12-08 23:24:08] [INFO] Current GPU memory usage: 15593.99560546875 MB
[2024-12-08 23:24:10] [INFO] State: {}
[2024-12-08 23:24:10] [INFO] Progress: 91.2% (2280/2500)
 PPL: 19.889405980751622
[2024-12-08 23:24:10] [INFO] Current GPU memory usage: 15593.99072265625 MB
[2024-12-08 23:24:11] [INFO] State: {}
[2024-12-08 23:24:11] [INFO] Progress: 91.7% (2292/2500)
 PPL: 19.88442444967009
[2024-12-08 23:24:11] [INFO] Current GPU memory usage: 15593.98779296875 MB
[2024-12-08 23:24:13] [INFO] State: {}
[2024-12-08 23:24:13] [INFO] Progress: 92.2% (2304/2500)
 PPL: 19.87907891047493
[2024-12-08 23:24:13] [INFO] Current GPU memory usage: 15593.99267578125 MB
[2024-12-08 23:24:15] [INFO] State: {}
[2024-12-08 23:24:15] [INFO] Progress: 92.6% (2316/2500)
 PPL: 19.883183137936204
[2024-12-08 23:24:15] [INFO] Current GPU memory usage: 15593.98876953125 MB
[2024-12-08 23:24:16] [INFO] State: {}
[2024-12-08 23:24:16] [INFO] Progress: 93.1% (2328/2500)
 PPL: 19.87629964754296
[2024-12-08 23:24:16] [INFO] Current GPU memory usage: 15593.9921875 MB
[2024-12-08 23:24:18] [INFO] State: {}
[2024-12-08 23:24:18] [INFO] Progress: 93.6% (2340/2500)
 PPL: 19.87420313559836
[2024-12-08 23:24:18] [INFO] Current GPU memory usage: 15593.99560546875 MB
[2024-12-08 23:24:19] [INFO] State: {}
[2024-12-08 23:24:19] [INFO] Progress: 94.1% (2352/2500)
 PPL: 19.86833035400688
[2024-12-08 23:24:19] [INFO] Current GPU memory usage: 15593.984375 MB
[2024-12-08 23:24:21] [INFO] State: {}
[2024-12-08 23:24:21] [INFO] Progress: 94.6% (2364/2500)
 PPL: 19.8654905942257
[2024-12-08 23:24:21] [INFO] Current GPU memory usage: 15593.98681640625 MB
[2024-12-08 23:24:22] [INFO] State: {}
[2024-12-08 23:24:22] [INFO] Progress: 95.0% (2376/2500)
 PPL: 19.863786059411346
[2024-12-08 23:24:22] [INFO] Current GPU memory usage: 15593.98583984375 MB
[2024-12-08 23:24:24] [INFO] State: {}
[2024-12-08 23:24:24] [INFO] Progress: 95.5% (2388/2500)
 PPL: 19.857473744179902
[2024-12-08 23:24:24] [INFO] Current GPU memory usage: 15593.990234375 MB
[2024-12-08 23:24:26] [INFO] State: {}
[2024-12-08 23:24:26] [INFO] Progress: 96.0% (2400/2500)
 PPL: 19.842881589734564
[2024-12-08 23:24:26] [INFO] Current GPU memory usage: 15593.98828125 MB
[2024-12-08 23:24:27] [INFO] State: {}
[2024-12-08 23:24:27] [INFO] Progress: 96.5% (2412/2500)
 PPL: 19.837897421333732
[2024-12-08 23:24:27] [INFO] Current GPU memory usage: 15593.9892578125 MB
[2024-12-08 23:24:29] [INFO] State: {}
[2024-12-08 23:24:29] [INFO] Progress: 97.0% (2424/2500)
 PPL: 19.840388419320746
[2024-12-08 23:24:29] [INFO] Current GPU memory usage: 15593.9892578125 MB
[2024-12-08 23:24:30] [INFO] State: {}
[2024-12-08 23:24:30] [INFO] Progress: 97.4% (2436/2500)
 PPL: 19.851251839081375
[2024-12-08 23:24:30] [INFO] Current GPU memory usage: 15593.982421875 MB
[2024-12-08 23:24:32] [INFO] State: {}
[2024-12-08 23:24:32] [INFO] Progress: 97.9% (2448/2500)
 PPL: 19.852354513525807
[2024-12-08 23:24:32] [INFO] Current GPU memory usage: 15593.9921875 MB
[2024-12-08 23:24:33] [INFO] State: {}
[2024-12-08 23:24:33] [INFO] Progress: 98.4% (2460/2500)
 PPL: 19.853796137809073
[2024-12-08 23:24:33] [INFO] Current GPU memory usage: 15593.984375 MB
[2024-12-08 23:24:35] [INFO] State: {}
[2024-12-08 23:24:35] [INFO] Progress: 98.9% (2472/2500)
 PPL: 19.85497077200965
[2024-12-08 23:24:35] [INFO] Current GPU memory usage: 15593.98681640625 MB
[2024-12-08 23:24:36] [INFO] State: {}
[2024-12-08 23:24:36] [INFO] Progress: 99.4% (2484/2500)
 PPL: 19.856426773537716
[2024-12-08 23:24:36] [INFO] Current GPU memory usage: 15593.98583984375 MB
[2024-12-08 23:24:38] [INFO] State: {}
[2024-12-08 23:24:38] [INFO] Progress: 99.8% (2496/2500)
 PPL: 19.860227365391054
[2024-12-08 23:24:38] [INFO] Current GPU memory usage: 15593.984375 MB
[2024-12-08 23:24:39] [INFO] Perplexity: 19.864885219028096
[2024-12-08 23:24:39] [INFO] CUDA Memory Summary:
[2024-12-08 23:24:39] [INFO] |===========================================================================|
|                  PyTorch CUDA memory summary, device ID 0                 |
|---------------------------------------------------------------------------|
|            CUDA OOMs: 0            |        cudaMalloc retries: 0         |
|===========================================================================|
|        Metric         | Cur Usage  | Peak Usage | Tot Alloc  | Tot Freed  |
|---------------------------------------------------------------------------|
| Allocated memory      |  15593 MiB |  19602 MiB |  54304 GiB |  54289 GiB |
|       from large pool |  15593 MiB |  19601 MiB |  54278 GiB |  54263 GiB |
|       from small pool |      0 MiB |      8 MiB |     26 GiB |     26 GiB |
|---------------------------------------------------------------------------|
| Active memory         |  15593 MiB |  19602 MiB |  54304 GiB |  54289 GiB |
|       from large pool |  15593 MiB |  19601 MiB |  54278 GiB |  54263 GiB |
|       from small pool |      0 MiB |      8 MiB |     26 GiB |     26 GiB |
|---------------------------------------------------------------------------|
| Requested memory      |  15593 MiB |  19602 MiB |  54304 GiB |  54289 GiB |
|       from large pool |  15593 MiB |  19601 MiB |  54278 GiB |  54263 GiB |
|       from small pool |      0 MiB |      8 MiB |     25 GiB |     25 GiB |
|---------------------------------------------------------------------------|
| GPU reserved memory   |  20730 MiB |  20730 MiB |  20730 MiB |      0 B   |
|       from large pool |  20720 MiB |  20720 MiB |  20720 MiB |      0 B   |
|       from small pool |     10 MiB |     10 MiB |     10 MiB |      0 B   |
|---------------------------------------------------------------------------|
| Non-releasable memory |      0 B   |      0 B   |      0 B   |      0 B   |
|       from large pool |      0 B   |      0 B   |      0 B   |      0 B   |
|       from small pool |      0 B   |      0 B   |      0 B   |      0 B   |
|---------------------------------------------------------------------------|
| Allocations           |     323    |     346    |    3378 K  |    3377 K  |
|       from large pool |     258    |     269    |    2824 K  |    2824 K  |
|       from small pool |      65    |      85    |     553 K  |     553 K  |
|---------------------------------------------------------------------------|
| Active allocs         |     323    |     346    |    3378 K  |    3377 K  |
|       from large pool |     258    |     269    |    2824 K  |    2824 K  |
|       from small pool |      65    |      85    |     553 K  |     553 K  |
|---------------------------------------------------------------------------|
| GPU reserved segments |       0    |       0    |       0    |       0    |
|       from large pool |       0    |       0    |       0    |       0    |
|       from small pool |       0    |       0    |       0    |       0    |
|---------------------------------------------------------------------------|
| Non-releasable allocs |       0    |       0    |       0    |       0    |
|       from large pool |       0    |       0    |       0    |       0    |
|       from small pool |       0    |       0    |       0    |       0    |
|---------------------------------------------------------------------------|
| Oversize allocations  |       0    |       0    |       0    |       0    |
|---------------------------------------------------------------------------|
| Oversize GPU segments |       0    |       0    |       0    |       0    |
|===========================================================================|

[2024-12-08 23:24:39] [INFO] FIN.
