[2024-12-08 23:24:43] [INFO] #### Starting activation capture script.
[2024-12-08 23:24:43] [INFO] #### Arguments:
[2024-12-08 23:24:43] [INFO] # model_dir=/workspace/llama_3.2-3B_model/original
[2024-12-08 23:24:43] [INFO] # sae_dir=/workspace/sae_final_2024-10-28.pth
[2024-12-08 23:24:43] [INFO] # num_samples=20000
[2024-12-08 23:24:43] [INFO] # drop latents=50
[2024-12-08 23:24:43] [INFO] #### GPU Configuration:
[2024-12-08 23:24:43] [INFO] # device=cuda
[2024-12-08 23:24:43] [INFO] #### Configuration:
[2024-12-08 23:24:43] [INFO] # batch_size=8
[2024-12-08 23:24:43] [INFO] # dataloader_num_workers=4
[2024-12-08 23:24:43] [INFO] # dtype=torch.bfloat16
[2024-12-08 23:24:43] [INFO] # max_token_length=512
[2024-12-08 23:24:43] [INFO] # add_bos_token=True
[2024-12-08 23:24:43] [INFO] # dataset_shuffle=True
[2024-12-08 23:24:43] [INFO] Loading tokenizer...
[2024-12-08 23:24:43] [INFO] Creating dataset, sampler and dataloader...
[2024-12-08 23:24:43] [INFO] Initializing Wikitext2 Dataset with max_token_length=512...
[2024-12-08 23:24:44] [INFO] Shuffling the dataset...
[2024-12-08 23:24:44] [INFO] Dataset size: 20000 samples
[2024-12-08 23:24:44] [INFO] Dataloader created with 2500 batches.
[2024-12-08 23:24:44] [INFO] Loading activation mask masks/mask_50
[2024-12-08 23:24:44] [INFO] Initializing SAE from /workspace/sae_final_2024-10-28.pth
[2024-12-08 23:24:44] [INFO] Loading TopK SAE model weights and config from: /workspace/sae_final_2024-10-28.pth
[2024-12-08 23:24:45] [INFO] Initializing TopK SAE model and loading state dict...
[2024-12-08 23:25:06] [INFO] Moving model to device cuda and setting to eval mode...
[2024-12-08 23:25:06] [INFO] Loading model parameters from /workspace/llama_3.2-3B_model/original/params.json...
[2024-12-08 23:25:06] [INFO] Initializing model on CPU...
[2024-12-08 23:25:40] [INFO] Loading model weights into CPU memory...
[2024-12-08 23:25:44] [INFO] Loading model weights into model...
[2024-12-08 23:25:47] [INFO] Model weights loaded successfully. Moving model to device cuda...
[2024-12-08 23:25:49] [INFO] Setting model to eval mode...
[2024-12-08 23:25:49] [INFO] Model created successfully.
[2024-12-08 23:25:49] [INFO] Starting capture of activations...
[2024-12-08 23:25:53] [INFO] State: {}
[2024-12-08 23:25:53] [INFO] Progress: 0.5% (12/2500)
 PPL: 19.24022149622902
[2024-12-08 23:25:53] [INFO] Current GPU memory usage: 15593.9853515625 MB
[2024-12-08 23:25:55] [INFO] State: {}
[2024-12-08 23:25:55] [INFO] Progress: 1.0% (24/2500)
 PPL: 20.047408232540473
[2024-12-08 23:25:55] [INFO] Current GPU memory usage: 15593.9873046875 MB
[2024-12-08 23:25:57] [INFO] State: {}
[2024-12-08 23:25:57] [INFO] Progress: 1.4% (36/2500)
 PPL: 19.46111644838308
[2024-12-08 23:25:57] [INFO] Current GPU memory usage: 15593.9921875 MB
[2024-12-08 23:25:58] [INFO] State: {}
[2024-12-08 23:25:58] [INFO] Progress: 1.9% (48/2500)
 PPL: 19.259039123067623
[2024-12-08 23:25:58] [INFO] Current GPU memory usage: 15593.98486328125 MB
[2024-12-08 23:26:00] [INFO] State: {}
[2024-12-08 23:26:00] [INFO] Progress: 2.4% (60/2500)
 PPL: 19.570689468294898
[2024-12-08 23:26:00] [INFO] Current GPU memory usage: 15593.998046875 MB
[2024-12-08 23:26:01] [INFO] State: {}
[2024-12-08 23:26:01] [INFO] Progress: 2.9% (72/2500)
 PPL: 19.54594005286441
[2024-12-08 23:26:01] [INFO] Current GPU memory usage: 15593.974609375 MB
[2024-12-08 23:26:03] [INFO] State: {}
[2024-12-08 23:26:03] [INFO] Progress: 3.4% (84/2500)
 PPL: 19.607308220195645
[2024-12-08 23:26:03] [INFO] Current GPU memory usage: 15593.99658203125 MB
[2024-12-08 23:26:04] [INFO] State: {}
[2024-12-08 23:26:04] [INFO] Progress: 3.8% (96/2500)
 PPL: 20.06230353282333
[2024-12-08 23:26:04] [INFO] Current GPU memory usage: 15593.982421875 MB
[2024-12-08 23:26:05] [INFO] State: {}
[2024-12-08 23:26:05] [INFO] Progress: 4.3% (108/2500)
 PPL: 20.023068918460122
[2024-12-08 23:26:05] [INFO] Current GPU memory usage: 15593.9853515625 MB
[2024-12-08 23:26:07] [INFO] State: {}
[2024-12-08 23:26:07] [INFO] Progress: 4.8% (120/2500)
 PPL: 20.36217701170935
[2024-12-08 23:26:07] [INFO] Current GPU memory usage: 15593.974609375 MB
[2024-12-08 23:26:08] [INFO] State: {}
[2024-12-08 23:26:08] [INFO] Progress: 5.3% (132/2500)
 PPL: 20.466814077964838
[2024-12-08 23:26:08] [INFO] Current GPU memory usage: 15593.98828125 MB
[2024-12-08 23:26:10] [INFO] State: {}
[2024-12-08 23:26:10] [INFO] Progress: 5.8% (144/2500)
 PPL: 20.463034206391317
[2024-12-08 23:26:10] [INFO] Current GPU memory usage: 15593.98095703125 MB
[2024-12-08 23:26:11] [INFO] State: {}
[2024-12-08 23:26:11] [INFO] Progress: 6.2% (156/2500)
 PPL: 20.373875783662818
[2024-12-08 23:26:11] [INFO] Current GPU memory usage: 15593.98583984375 MB
[2024-12-08 23:26:13] [INFO] State: {}
[2024-12-08 23:26:13] [INFO] Progress: 6.7% (168/2500)
 PPL: 20.437560811062486
[2024-12-08 23:26:13] [INFO] Current GPU memory usage: 15593.98486328125 MB
[2024-12-08 23:26:15] [INFO] State: {}
[2024-12-08 23:26:15] [INFO] Progress: 7.2% (180/2500)
 PPL: 20.391074708413573
[2024-12-08 23:26:15] [INFO] Current GPU memory usage: 15594.00390625 MB
[2024-12-08 23:26:17] [INFO] State: {}
[2024-12-08 23:26:17] [INFO] Progress: 7.7% (192/2500)
 PPL: 20.450751435522363
[2024-12-08 23:26:17] [INFO] Current GPU memory usage: 15594.0 MB
[2024-12-08 23:26:18] [INFO] State: {}
[2024-12-08 23:26:18] [INFO] Progress: 8.2% (204/2500)
 PPL: 20.216405816224512
[2024-12-08 23:26:18] [INFO] Current GPU memory usage: 15593.984375 MB
[2024-12-08 23:26:20] [INFO] State: {}
[2024-12-08 23:26:20] [INFO] Progress: 8.6% (216/2500)
 PPL: 20.160300052696787
[2024-12-08 23:26:20] [INFO] Current GPU memory usage: 15594.00439453125 MB
[2024-12-08 23:26:21] [INFO] State: {}
[2024-12-08 23:26:21] [INFO] Progress: 9.1% (228/2500)
 PPL: 20.133867836313833
[2024-12-08 23:26:21] [INFO] Current GPU memory usage: 15593.9951171875 MB
[2024-12-08 23:26:23] [INFO] State: {}
[2024-12-08 23:26:23] [INFO] Progress: 9.6% (240/2500)
 PPL: 20.057841237915977
[2024-12-08 23:26:23] [INFO] Current GPU memory usage: 15593.98388671875 MB
[2024-12-08 23:26:25] [INFO] State: {}
[2024-12-08 23:26:25] [INFO] Progress: 10.1% (252/2500)
 PPL: 19.936292574532466
[2024-12-08 23:26:25] [INFO] Current GPU memory usage: 15593.9833984375 MB
[2024-12-08 23:26:27] [INFO] State: {}
[2024-12-08 23:26:27] [INFO] Progress: 10.6% (264/2500)
 PPL: 20.005754978343923
[2024-12-08 23:26:27] [INFO] Current GPU memory usage: 15593.98388671875 MB
[2024-12-08 23:26:28] [INFO] State: {}
[2024-12-08 23:26:28] [INFO] Progress: 11.0% (276/2500)
 PPL: 19.99987148390176
[2024-12-08 23:26:28] [INFO] Current GPU memory usage: 15593.9853515625 MB
[2024-12-08 23:26:30] [INFO] State: {}
[2024-12-08 23:26:30] [INFO] Progress: 11.5% (288/2500)
 PPL: 20.037623364021908
[2024-12-08 23:26:30] [INFO] Current GPU memory usage: 15593.986328125 MB
[2024-12-08 23:26:31] [INFO] State: {}
[2024-12-08 23:26:31] [INFO] Progress: 12.0% (300/2500)
 PPL: 20.0331523020596
[2024-12-08 23:26:31] [INFO] Current GPU memory usage: 15593.99755859375 MB
[2024-12-08 23:26:33] [INFO] State: {}
[2024-12-08 23:26:33] [INFO] Progress: 12.5% (312/2500)
 PPL: 19.97113729473013
[2024-12-08 23:26:33] [INFO] Current GPU memory usage: 15593.9775390625 MB
[2024-12-08 23:26:35] [INFO] State: {}
[2024-12-08 23:26:35] [INFO] Progress: 13.0% (324/2500)
 PPL: 19.997718153270302
[2024-12-08 23:26:35] [INFO] Current GPU memory usage: 15593.99462890625 MB
[2024-12-08 23:26:37] [INFO] State: {}
[2024-12-08 23:26:37] [INFO] Progress: 13.4% (336/2500)
 PPL: 20.041740703005747
[2024-12-08 23:26:37] [INFO] Current GPU memory usage: 15593.990234375 MB
[2024-12-08 23:26:38] [INFO] State: {}
[2024-12-08 23:26:38] [INFO] Progress: 13.9% (348/2500)
 PPL: 20.015332604359852
[2024-12-08 23:26:38] [INFO] Current GPU memory usage: 15593.98193359375 MB
[2024-12-08 23:26:40] [INFO] State: {}
[2024-12-08 23:26:40] [INFO] Progress: 14.4% (360/2500)
 PPL: 20.085504258969472
[2024-12-08 23:26:40] [INFO] Current GPU memory usage: 15593.9794921875 MB
[2024-12-08 23:26:41] [INFO] State: {}
[2024-12-08 23:26:41] [INFO] Progress: 14.9% (372/2500)
 PPL: 20.068241083943782
[2024-12-08 23:26:41] [INFO] Current GPU memory usage: 15593.982421875 MB
[2024-12-08 23:26:42] [INFO] State: {}
[2024-12-08 23:26:42] [INFO] Progress: 15.4% (384/2500)
 PPL: 20.10175726323408
[2024-12-08 23:26:42] [INFO] Current GPU memory usage: 15593.99072265625 MB
[2024-12-08 23:26:44] [INFO] State: {}
[2024-12-08 23:26:44] [INFO] Progress: 15.8% (396/2500)
 PPL: 20.2391460870673
[2024-12-08 23:26:44] [INFO] Current GPU memory usage: 15593.9912109375 MB
[2024-12-08 23:26:46] [INFO] State: {}
[2024-12-08 23:26:46] [INFO] Progress: 16.3% (408/2500)
 PPL: 20.31033726875822
[2024-12-08 23:26:46] [INFO] Current GPU memory usage: 15593.9892578125 MB
[2024-12-08 23:26:48] [INFO] State: {}
[2024-12-08 23:26:48] [INFO] Progress: 16.8% (420/2500)
 PPL: 20.26213865075226
[2024-12-08 23:26:48] [INFO] Current GPU memory usage: 15593.9970703125 MB
[2024-12-08 23:26:49] [INFO] State: {}
[2024-12-08 23:26:49] [INFO] Progress: 17.3% (432/2500)
 PPL: 20.250077118822205
[2024-12-08 23:26:49] [INFO] Current GPU memory usage: 15593.99072265625 MB
[2024-12-08 23:26:51] [INFO] State: {}
[2024-12-08 23:26:51] [INFO] Progress: 17.8% (444/2500)
 PPL: 20.200123112143483
[2024-12-08 23:26:51] [INFO] Current GPU memory usage: 15593.98388671875 MB
[2024-12-08 23:26:53] [INFO] State: {}
[2024-12-08 23:26:53] [INFO] Progress: 18.2% (456/2500)
 PPL: 20.169654505492773
[2024-12-08 23:26:53] [INFO] Current GPU memory usage: 15593.9853515625 MB
[2024-12-08 23:26:54] [INFO] State: {}
[2024-12-08 23:26:54] [INFO] Progress: 18.7% (468/2500)
 PPL: 20.217907130558494
[2024-12-08 23:26:54] [INFO] Current GPU memory usage: 15593.994140625 MB
[2024-12-08 23:26:56] [INFO] State: {}
[2024-12-08 23:26:56] [INFO] Progress: 19.2% (480/2500)
 PPL: 20.204773504084947
[2024-12-08 23:26:56] [INFO] Current GPU memory usage: 15593.98876953125 MB
[2024-12-08 23:26:57] [INFO] State: {}
[2024-12-08 23:26:57] [INFO] Progress: 19.7% (492/2500)
 PPL: 20.182994703557988
[2024-12-08 23:26:57] [INFO] Current GPU memory usage: 15593.98681640625 MB
[2024-12-08 23:26:59] [INFO] State: {}
[2024-12-08 23:26:59] [INFO] Progress: 20.2% (504/2500)
 PPL: 20.154085526851777
[2024-12-08 23:26:59] [INFO] Current GPU memory usage: 15593.98681640625 MB
[2024-12-08 23:27:01] [INFO] State: {}
[2024-12-08 23:27:01] [INFO] Progress: 20.6% (516/2500)
 PPL: 20.163815362723483
[2024-12-08 23:27:01] [INFO] Current GPU memory usage: 15593.99658203125 MB
[2024-12-08 23:27:03] [INFO] State: {}
[2024-12-08 23:27:03] [INFO] Progress: 21.1% (528/2500)
 PPL: 20.1000599994869
[2024-12-08 23:27:03] [INFO] Current GPU memory usage: 15593.984375 MB
[2024-12-08 23:27:04] [INFO] State: {}
[2024-12-08 23:27:04] [INFO] Progress: 21.6% (540/2500)
 PPL: 20.088544238219196
[2024-12-08 23:27:04] [INFO] Current GPU memory usage: 15593.99169921875 MB
[2024-12-08 23:27:06] [INFO] State: {}
[2024-12-08 23:27:06] [INFO] Progress: 22.1% (552/2500)
 PPL: 20.122947434037048
[2024-12-08 23:27:06] [INFO] Current GPU memory usage: 15593.98388671875 MB
[2024-12-08 23:27:07] [INFO] State: {}
[2024-12-08 23:27:07] [INFO] Progress: 22.6% (564/2500)
 PPL: 20.099201315212387
[2024-12-08 23:27:07] [INFO] Current GPU memory usage: 15593.99072265625 MB
[2024-12-08 23:27:09] [INFO] State: {}
[2024-12-08 23:27:09] [INFO] Progress: 23.0% (576/2500)
 PPL: 20.103424676650313
[2024-12-08 23:27:09] [INFO] Current GPU memory usage: 15593.98779296875 MB
[2024-12-08 23:27:11] [INFO] State: {}
[2024-12-08 23:27:11] [INFO] Progress: 23.5% (588/2500)
 PPL: 20.132686797926663
[2024-12-08 23:27:11] [INFO] Current GPU memory usage: 15593.9892578125 MB
[2024-12-08 23:27:13] [INFO] State: {}
[2024-12-08 23:27:13] [INFO] Progress: 24.0% (600/2500)
 PPL: 20.13237102833489
[2024-12-08 23:27:13] [INFO] Current GPU memory usage: 15593.9794921875 MB
[2024-12-08 23:27:14] [INFO] State: {}
[2024-12-08 23:27:14] [INFO] Progress: 24.5% (612/2500)
 PPL: 20.153469311495563
[2024-12-08 23:27:14] [INFO] Current GPU memory usage: 15593.982421875 MB
[2024-12-08 23:27:16] [INFO] State: {}
[2024-12-08 23:27:16] [INFO] Progress: 25.0% (624/2500)
 PPL: 20.178185364516704
[2024-12-08 23:27:16] [INFO] Current GPU memory usage: 15593.98486328125 MB
[2024-12-08 23:27:18] [INFO] State: {}
[2024-12-08 23:27:18] [INFO] Progress: 25.4% (636/2500)
 PPL: 20.179903872366744
[2024-12-08 23:27:18] [INFO] Current GPU memory usage: 15593.98681640625 MB
[2024-12-08 23:27:19] [INFO] State: {}
[2024-12-08 23:27:19] [INFO] Progress: 25.9% (648/2500)
 PPL: 20.21693029179976
[2024-12-08 23:27:19] [INFO] Current GPU memory usage: 15593.98193359375 MB
[2024-12-08 23:27:21] [INFO] State: {}
[2024-12-08 23:27:21] [INFO] Progress: 26.4% (660/2500)
 PPL: 20.242942644354788
[2024-12-08 23:27:21] [INFO] Current GPU memory usage: 15593.98876953125 MB
[2024-12-08 23:27:23] [INFO] State: {}
[2024-12-08 23:27:23] [INFO] Progress: 26.9% (672/2500)
 PPL: 20.282822042306517
[2024-12-08 23:27:23] [INFO] Current GPU memory usage: 15593.98583984375 MB
[2024-12-08 23:27:24] [INFO] State: {}
[2024-12-08 23:27:24] [INFO] Progress: 27.4% (684/2500)
 PPL: 20.27220121631625
[2024-12-08 23:27:24] [INFO] Current GPU memory usage: 15593.97509765625 MB
[2024-12-08 23:27:26] [INFO] State: {}
[2024-12-08 23:27:26] [INFO] Progress: 27.8% (696/2500)
 PPL: 20.206141706296542
[2024-12-08 23:27:26] [INFO] Current GPU memory usage: 15593.98486328125 MB
[2024-12-08 23:27:27] [INFO] State: {}
[2024-12-08 23:27:27] [INFO] Progress: 28.3% (708/2500)
 PPL: 20.225018046119065
[2024-12-08 23:27:27] [INFO] Current GPU memory usage: 15593.99072265625 MB
[2024-12-08 23:27:29] [INFO] State: {}
[2024-12-08 23:27:29] [INFO] Progress: 28.8% (720/2500)
 PPL: 20.213213234635127
[2024-12-08 23:27:29] [INFO] Current GPU memory usage: 15593.99365234375 MB
[2024-12-08 23:27:30] [INFO] State: {}
[2024-12-08 23:27:30] [INFO] Progress: 29.3% (732/2500)
 PPL: 20.223829677266117
[2024-12-08 23:27:30] [INFO] Current GPU memory usage: 15593.9853515625 MB
[2024-12-08 23:27:32] [INFO] State: {}
[2024-12-08 23:27:32] [INFO] Progress: 29.8% (744/2500)
 PPL: 20.225235110503714
[2024-12-08 23:27:32] [INFO] Current GPU memory usage: 15593.98388671875 MB
[2024-12-08 23:27:33] [INFO] State: {}
[2024-12-08 23:27:33] [INFO] Progress: 30.2% (756/2500)
 PPL: 20.164816313090675
[2024-12-08 23:27:33] [INFO] Current GPU memory usage: 15593.9853515625 MB
[2024-12-08 23:27:35] [INFO] State: {}
[2024-12-08 23:27:35] [INFO] Progress: 30.7% (768/2500)
 PPL: 20.17399404459497
[2024-12-08 23:27:35] [INFO] Current GPU memory usage: 15593.98828125 MB
[2024-12-08 23:27:36] [INFO] State: {}
[2024-12-08 23:27:36] [INFO] Progress: 31.2% (780/2500)
 PPL: 20.211152856279323
[2024-12-08 23:27:36] [INFO] Current GPU memory usage: 15593.98388671875 MB
[2024-12-08 23:27:38] [INFO] State: {}
[2024-12-08 23:27:38] [INFO] Progress: 31.7% (792/2500)
 PPL: 20.225630748849497
[2024-12-08 23:27:38] [INFO] Current GPU memory usage: 15593.9833984375 MB
[2024-12-08 23:27:39] [INFO] State: {}
[2024-12-08 23:27:39] [INFO] Progress: 32.2% (804/2500)
 PPL: 20.241680363174297
[2024-12-08 23:27:39] [INFO] Current GPU memory usage: 15593.97900390625 MB
[2024-12-08 23:27:41] [INFO] State: {}
[2024-12-08 23:27:41] [INFO] Progress: 32.6% (816/2500)
 PPL: 20.256886190932104
[2024-12-08 23:27:41] [INFO] Current GPU memory usage: 15593.98583984375 MB
[2024-12-08 23:27:42] [INFO] State: {}
[2024-12-08 23:27:42] [INFO] Progress: 33.1% (828/2500)
 PPL: 20.27594884728277
[2024-12-08 23:27:42] [INFO] Current GPU memory usage: 15593.98486328125 MB
[2024-12-08 23:27:44] [INFO] State: {}
[2024-12-08 23:27:44] [INFO] Progress: 33.6% (840/2500)
 PPL: 20.259085165418373
[2024-12-08 23:27:44] [INFO] Current GPU memory usage: 15593.994140625 MB
[2024-12-08 23:27:45] [INFO] State: {}
[2024-12-08 23:27:45] [INFO] Progress: 34.1% (852/2500)
 PPL: 20.2485213052765
[2024-12-08 23:27:45] [INFO] Current GPU memory usage: 15593.98388671875 MB
[2024-12-08 23:27:47] [INFO] State: {}
[2024-12-08 23:27:47] [INFO] Progress: 34.6% (864/2500)
 PPL: 20.238701145363304
[2024-12-08 23:27:47] [INFO] Current GPU memory usage: 15593.98486328125 MB
[2024-12-08 23:27:48] [INFO] State: {}
[2024-12-08 23:27:48] [INFO] Progress: 35.0% (876/2500)
 PPL: 20.216300993866646
[2024-12-08 23:27:48] [INFO] Current GPU memory usage: 15593.9931640625 MB
[2024-12-08 23:27:50] [INFO] State: {}
[2024-12-08 23:27:50] [INFO] Progress: 35.5% (888/2500)
 PPL: 20.23215002860534
[2024-12-08 23:27:50] [INFO] Current GPU memory usage: 15593.98974609375 MB
[2024-12-08 23:27:52] [INFO] State: {}
[2024-12-08 23:27:52] [INFO] Progress: 36.0% (900/2500)
 PPL: 20.202999204280776
[2024-12-08 23:27:52] [INFO] Current GPU memory usage: 15593.984375 MB
[2024-12-08 23:27:53] [INFO] State: {}
[2024-12-08 23:27:53] [INFO] Progress: 36.5% (912/2500)
 PPL: 20.161744320366008
[2024-12-08 23:27:53] [INFO] Current GPU memory usage: 15593.9921875 MB
[2024-12-08 23:27:55] [INFO] State: {}
[2024-12-08 23:27:55] [INFO] Progress: 37.0% (924/2500)
 PPL: 20.141396950675592
[2024-12-08 23:27:55] [INFO] Current GPU memory usage: 15593.97802734375 MB
[2024-12-08 23:27:57] [INFO] State: {}
[2024-12-08 23:27:57] [INFO] Progress: 37.4% (936/2500)
 PPL: 20.115336122825763
[2024-12-08 23:27:57] [INFO] Current GPU memory usage: 15593.98291015625 MB
[2024-12-08 23:27:58] [INFO] State: {}
[2024-12-08 23:27:58] [INFO] Progress: 37.9% (948/2500)
 PPL: 20.127281407426665
[2024-12-08 23:27:58] [INFO] Current GPU memory usage: 15593.98388671875 MB
[2024-12-08 23:27:59] [INFO] State: {}
[2024-12-08 23:27:59] [INFO] Progress: 38.4% (960/2500)
 PPL: 20.117223859594958
[2024-12-08 23:27:59] [INFO] Current GPU memory usage: 15594.00048828125 MB
[2024-12-08 23:28:01] [INFO] State: {}
[2024-12-08 23:28:01] [INFO] Progress: 38.9% (972/2500)
 PPL: 20.14145624566572
[2024-12-08 23:28:01] [INFO] Current GPU memory usage: 15593.986328125 MB
[2024-12-08 23:28:03] [INFO] State: {}
[2024-12-08 23:28:03] [INFO] Progress: 39.4% (984/2500)
 PPL: 20.12109109543089
[2024-12-08 23:28:03] [INFO] Current GPU memory usage: 15593.9873046875 MB
[2024-12-08 23:28:04] [INFO] State: {}
[2024-12-08 23:28:04] [INFO] Progress: 39.8% (996/2500)
 PPL: 20.13212022796448
[2024-12-08 23:28:04] [INFO] Current GPU memory usage: 15593.9853515625 MB
[2024-12-08 23:28:05] [INFO] State: {}
[2024-12-08 23:28:05] [INFO] Progress: 40.3% (1008/2500)
 PPL: 20.11347590539223
[2024-12-08 23:28:05] [INFO] Current GPU memory usage: 15593.98486328125 MB
[2024-12-08 23:28:07] [INFO] State: {}
[2024-12-08 23:28:07] [INFO] Progress: 40.8% (1020/2500)
 PPL: 20.106046648994607
[2024-12-08 23:28:07] [INFO] Current GPU memory usage: 15593.9921875 MB
[2024-12-08 23:28:08] [INFO] State: {}
[2024-12-08 23:28:08] [INFO] Progress: 41.3% (1032/2500)
 PPL: 20.11838629792986
[2024-12-08 23:28:08] [INFO] Current GPU memory usage: 15593.9755859375 MB
[2024-12-08 23:28:10] [INFO] State: {}
[2024-12-08 23:28:10] [INFO] Progress: 41.8% (1044/2500)
 PPL: 20.118469123101008
[2024-12-08 23:28:10] [INFO] Current GPU memory usage: 15594.0048828125 MB
[2024-12-08 23:28:12] [INFO] State: {}
[2024-12-08 23:28:12] [INFO] Progress: 42.2% (1056/2500)
 PPL: 20.114726642682875
[2024-12-08 23:28:12] [INFO] Current GPU memory usage: 15593.9951171875 MB
[2024-12-08 23:28:14] [INFO] State: {}
[2024-12-08 23:28:14] [INFO] Progress: 42.7% (1068/2500)
 PPL: 20.091920695817308
[2024-12-08 23:28:14] [INFO] Current GPU memory usage: 15593.982421875 MB
[2024-12-08 23:28:16] [INFO] State: {}
[2024-12-08 23:28:16] [INFO] Progress: 43.2% (1080/2500)
 PPL: 20.078384186280598
[2024-12-08 23:28:16] [INFO] Current GPU memory usage: 15593.982421875 MB
[2024-12-08 23:28:17] [INFO] State: {}
[2024-12-08 23:28:17] [INFO] Progress: 43.7% (1092/2500)
 PPL: 20.08171274458265
[2024-12-08 23:28:17] [INFO] Current GPU memory usage: 15593.98486328125 MB
[2024-12-08 23:28:19] [INFO] State: {}
[2024-12-08 23:28:19] [INFO] Progress: 44.2% (1104/2500)
 PPL: 20.089230304112238
[2024-12-08 23:28:19] [INFO] Current GPU memory usage: 15593.9951171875 MB
[2024-12-08 23:28:21] [INFO] State: {}
[2024-12-08 23:28:21] [INFO] Progress: 44.6% (1116/2500)
 PPL: 20.083594460071154
[2024-12-08 23:28:21] [INFO] Current GPU memory usage: 15593.98193359375 MB
[2024-12-08 23:28:22] [INFO] State: {}
[2024-12-08 23:28:22] [INFO] Progress: 45.1% (1128/2500)
 PPL: 20.08580145133349
[2024-12-08 23:28:22] [INFO] Current GPU memory usage: 15593.98876953125 MB
[2024-12-08 23:28:24] [INFO] State: {}
[2024-12-08 23:28:24] [INFO] Progress: 45.6% (1140/2500)
 PPL: 20.09348000876324
[2024-12-08 23:28:24] [INFO] Current GPU memory usage: 15593.9912109375 MB
[2024-12-08 23:28:25] [INFO] State: {}
[2024-12-08 23:28:25] [INFO] Progress: 46.1% (1152/2500)
 PPL: 20.066782520383555
[2024-12-08 23:28:25] [INFO] Current GPU memory usage: 15593.986328125 MB
[2024-12-08 23:28:27] [INFO] State: {}
[2024-12-08 23:28:27] [INFO] Progress: 46.6% (1164/2500)
 PPL: 20.074812882445592
[2024-12-08 23:28:27] [INFO] Current GPU memory usage: 15593.9833984375 MB
[2024-12-08 23:28:29] [INFO] State: {}
[2024-12-08 23:28:29] [INFO] Progress: 47.0% (1176/2500)
 PPL: 20.059326551891015
[2024-12-08 23:28:29] [INFO] Current GPU memory usage: 15593.9951171875 MB
[2024-12-08 23:28:30] [INFO] State: {}
[2024-12-08 23:28:30] [INFO] Progress: 47.5% (1188/2500)
 PPL: 20.069877329294947
[2024-12-08 23:28:30] [INFO] Current GPU memory usage: 15593.984375 MB
[2024-12-08 23:28:32] [INFO] State: {}
[2024-12-08 23:28:32] [INFO] Progress: 48.0% (1200/2500)
 PPL: 20.04979269313003
[2024-12-08 23:28:32] [INFO] Current GPU memory usage: 15593.986328125 MB
[2024-12-08 23:28:34] [INFO] State: {}
[2024-12-08 23:28:34] [INFO] Progress: 48.5% (1212/2500)
 PPL: 20.042850342401838
[2024-12-08 23:28:34] [INFO] Current GPU memory usage: 15593.99365234375 MB
[2024-12-08 23:28:35] [INFO] State: {}
[2024-12-08 23:28:35] [INFO] Progress: 49.0% (1224/2500)
 PPL: 20.03404087380202
[2024-12-08 23:28:35] [INFO] Current GPU memory usage: 15593.98876953125 MB
[2024-12-08 23:28:36] [INFO] State: {}
[2024-12-08 23:28:36] [INFO] Progress: 49.4% (1236/2500)
 PPL: 20.034422434982865
[2024-12-08 23:28:36] [INFO] Current GPU memory usage: 15593.9873046875 MB
[2024-12-08 23:28:38] [INFO] State: {}
[2024-12-08 23:28:38] [INFO] Progress: 49.9% (1248/2500)
 PPL: 20.02570056174382
[2024-12-08 23:28:38] [INFO] Current GPU memory usage: 15593.984375 MB
[2024-12-08 23:28:40] [INFO] State: {}
[2024-12-08 23:28:40] [INFO] Progress: 50.4% (1260/2500)
 PPL: 20.026449618242243
[2024-12-08 23:28:40] [INFO] Current GPU memory usage: 15593.994140625 MB
[2024-12-08 23:28:41] [INFO] State: {}
[2024-12-08 23:28:41] [INFO] Progress: 50.9% (1272/2500)
 PPL: 20.010556618351885
[2024-12-08 23:28:41] [INFO] Current GPU memory usage: 15593.9990234375 MB
[2024-12-08 23:28:43] [INFO] State: {}
[2024-12-08 23:28:43] [INFO] Progress: 51.4% (1284/2500)
 PPL: 19.999698875330026
[2024-12-08 23:28:43] [INFO] Current GPU memory usage: 15593.9814453125 MB
[2024-12-08 23:28:45] [INFO] State: {}
[2024-12-08 23:28:45] [INFO] Progress: 51.8% (1296/2500)
 PPL: 19.962633224287124
[2024-12-08 23:28:45] [INFO] Current GPU memory usage: 15593.984375 MB
[2024-12-08 23:28:46] [INFO] State: {}
[2024-12-08 23:28:46] [INFO] Progress: 52.3% (1308/2500)
 PPL: 19.94383006944944
[2024-12-08 23:28:46] [INFO] Current GPU memory usage: 15593.9814453125 MB
[2024-12-08 23:28:48] [INFO] State: {}
[2024-12-08 23:28:48] [INFO] Progress: 52.8% (1320/2500)
 PPL: 19.921465481869806
[2024-12-08 23:28:48] [INFO] Current GPU memory usage: 15593.9892578125 MB
[2024-12-08 23:28:49] [INFO] State: {}
[2024-12-08 23:28:49] [INFO] Progress: 53.3% (1332/2500)
 PPL: 19.90789428244623
[2024-12-08 23:28:49] [INFO] Current GPU memory usage: 15593.99951171875 MB
[2024-12-08 23:28:51] [INFO] State: {}
[2024-12-08 23:28:51] [INFO] Progress: 53.8% (1344/2500)
 PPL: 19.898153129470405
[2024-12-08 23:28:51] [INFO] Current GPU memory usage: 15593.98828125 MB
[2024-12-08 23:28:53] [INFO] State: {}
[2024-12-08 23:28:53] [INFO] Progress: 54.2% (1356/2500)
 PPL: 19.906090817426936
[2024-12-08 23:28:53] [INFO] Current GPU memory usage: 15593.97998046875 MB
[2024-12-08 23:28:55] [INFO] State: {}
[2024-12-08 23:28:55] [INFO] Progress: 54.7% (1368/2500)
 PPL: 19.933711185614772
[2024-12-08 23:28:55] [INFO] Current GPU memory usage: 15593.9931640625 MB
[2024-12-08 23:28:56] [INFO] State: {}
[2024-12-08 23:28:56] [INFO] Progress: 55.2% (1380/2500)
 PPL: 19.948143379277305
[2024-12-08 23:28:56] [INFO] Current GPU memory usage: 15593.99169921875 MB
[2024-12-08 23:28:58] [INFO] State: {}
[2024-12-08 23:28:58] [INFO] Progress: 55.7% (1392/2500)
 PPL: 19.92188763756105
[2024-12-08 23:28:58] [INFO] Current GPU memory usage: 15593.990234375 MB
[2024-12-08 23:28:59] [INFO] State: {}
[2024-12-08 23:28:59] [INFO] Progress: 56.2% (1404/2500)
 PPL: 19.91610734899036
[2024-12-08 23:28:59] [INFO] Current GPU memory usage: 15593.990234375 MB
[2024-12-08 23:29:01] [INFO] State: {}
[2024-12-08 23:29:01] [INFO] Progress: 56.6% (1416/2500)
 PPL: 19.91698035283917
[2024-12-08 23:29:01] [INFO] Current GPU memory usage: 15593.9853515625 MB
[2024-12-08 23:29:02] [INFO] State: {}
[2024-12-08 23:29:02] [INFO] Progress: 57.1% (1428/2500)
 PPL: 19.940000234110038
[2024-12-08 23:29:02] [INFO] Current GPU memory usage: 15593.9755859375 MB
[2024-12-08 23:29:04] [INFO] State: {}
[2024-12-08 23:29:04] [INFO] Progress: 57.6% (1440/2500)
 PPL: 19.944767592947763
[2024-12-08 23:29:04] [INFO] Current GPU memory usage: 15593.98046875 MB
[2024-12-08 23:29:05] [INFO] State: {}
[2024-12-08 23:29:05] [INFO] Progress: 58.1% (1452/2500)
 PPL: 19.945921979191702
[2024-12-08 23:29:05] [INFO] Current GPU memory usage: 15593.98779296875 MB
[2024-12-08 23:29:07] [INFO] State: {}
[2024-12-08 23:29:07] [INFO] Progress: 58.6% (1464/2500)
 PPL: 19.941639152321116
[2024-12-08 23:29:07] [INFO] Current GPU memory usage: 15593.98486328125 MB
[2024-12-08 23:29:09] [INFO] State: {}
[2024-12-08 23:29:09] [INFO] Progress: 59.0% (1476/2500)
 PPL: 19.94139353960757
[2024-12-08 23:29:09] [INFO] Current GPU memory usage: 15593.98046875 MB
[2024-12-08 23:29:10] [INFO] State: {}
[2024-12-08 23:29:10] [INFO] Progress: 59.5% (1488/2500)
 PPL: 19.95745452836081
[2024-12-08 23:29:10] [INFO] Current GPU memory usage: 15593.98193359375 MB
[2024-12-08 23:29:12] [INFO] State: {}
[2024-12-08 23:29:12] [INFO] Progress: 60.0% (1500/2500)
 PPL: 19.96692280156039
[2024-12-08 23:29:12] [INFO] Current GPU memory usage: 15593.98486328125 MB
[2024-12-08 23:29:13] [INFO] State: {}
[2024-12-08 23:29:13] [INFO] Progress: 60.5% (1512/2500)
 PPL: 19.972421776093334
[2024-12-08 23:29:13] [INFO] Current GPU memory usage: 15593.98486328125 MB
[2024-12-08 23:29:14] [INFO] State: {}
[2024-12-08 23:29:14] [INFO] Progress: 61.0% (1524/2500)
 PPL: 19.97661814379586
[2024-12-08 23:29:14] [INFO] Current GPU memory usage: 15593.986328125 MB
[2024-12-08 23:29:16] [INFO] State: {}
[2024-12-08 23:29:16] [INFO] Progress: 61.4% (1536/2500)
 PPL: 19.977720025740627
[2024-12-08 23:29:16] [INFO] Current GPU memory usage: 15593.98876953125 MB
[2024-12-08 23:29:17] [INFO] State: {}
[2024-12-08 23:29:17] [INFO] Progress: 61.9% (1548/2500)
 PPL: 19.968410340594062
[2024-12-08 23:29:17] [INFO] Current GPU memory usage: 15593.98974609375 MB
[2024-12-08 23:29:19] [INFO] State: {}
[2024-12-08 23:29:19] [INFO] Progress: 62.4% (1560/2500)
 PPL: 19.986266366795395
[2024-12-08 23:29:19] [INFO] Current GPU memory usage: 15593.9970703125 MB
[2024-12-08 23:29:20] [INFO] State: {}
[2024-12-08 23:29:20] [INFO] Progress: 62.9% (1572/2500)
 PPL: 19.990299837850692
[2024-12-08 23:29:20] [INFO] Current GPU memory usage: 15593.98486328125 MB
[2024-12-08 23:29:22] [INFO] State: {}
[2024-12-08 23:29:22] [INFO] Progress: 63.4% (1584/2500)
 PPL: 20.000870739761364
[2024-12-08 23:29:22] [INFO] Current GPU memory usage: 15593.98828125 MB
[2024-12-08 23:29:24] [INFO] State: {}
[2024-12-08 23:29:24] [INFO] Progress: 63.8% (1596/2500)
 PPL: 19.975891633804526
[2024-12-08 23:29:24] [INFO] Current GPU memory usage: 15593.98828125 MB
[2024-12-08 23:29:25] [INFO] State: {}
[2024-12-08 23:29:25] [INFO] Progress: 64.3% (1608/2500)
 PPL: 19.97972259615682
[2024-12-08 23:29:25] [INFO] Current GPU memory usage: 15593.9873046875 MB
[2024-12-08 23:29:27] [INFO] State: {}
[2024-12-08 23:29:27] [INFO] Progress: 64.8% (1620/2500)
 PPL: 19.982397821183575
[2024-12-08 23:29:27] [INFO] Current GPU memory usage: 15594.0048828125 MB
[2024-12-08 23:29:29] [INFO] State: {}
[2024-12-08 23:29:29] [INFO] Progress: 65.3% (1632/2500)
 PPL: 19.969859357444058
[2024-12-08 23:29:29] [INFO] Current GPU memory usage: 15593.986328125 MB
[2024-12-08 23:29:30] [INFO] State: {}
[2024-12-08 23:29:30] [INFO] Progress: 65.8% (1644/2500)
 PPL: 19.977665527926472
[2024-12-08 23:29:30] [INFO] Current GPU memory usage: 15593.9912109375 MB
[2024-12-08 23:29:32] [INFO] State: {}
[2024-12-08 23:29:32] [INFO] Progress: 66.2% (1656/2500)
 PPL: 19.975748220041165
[2024-12-08 23:29:32] [INFO] Current GPU memory usage: 15593.986328125 MB
[2024-12-08 23:29:33] [INFO] State: {}
[2024-12-08 23:29:33] [INFO] Progress: 66.7% (1668/2500)
 PPL: 19.973411706026678
[2024-12-08 23:29:33] [INFO] Current GPU memory usage: 15593.98388671875 MB
[2024-12-08 23:29:35] [INFO] State: {}
[2024-12-08 23:29:35] [INFO] Progress: 67.2% (1680/2500)
 PPL: 19.97331107569214
[2024-12-08 23:29:35] [INFO] Current GPU memory usage: 15593.98388671875 MB
[2024-12-08 23:29:37] [INFO] State: {}
[2024-12-08 23:29:37] [INFO] Progress: 67.7% (1692/2500)
 PPL: 19.96414199021413
[2024-12-08 23:29:37] [INFO] Current GPU memory usage: 15593.98583984375 MB
[2024-12-08 23:29:38] [INFO] State: {}
[2024-12-08 23:29:38] [INFO] Progress: 68.2% (1704/2500)
 PPL: 19.978369688051973
[2024-12-08 23:29:38] [INFO] Current GPU memory usage: 15593.9814453125 MB
[2024-12-08 23:29:40] [INFO] State: {}
[2024-12-08 23:29:40] [INFO] Progress: 68.6% (1716/2500)
 PPL: 19.98418250542848
[2024-12-08 23:29:40] [INFO] Current GPU memory usage: 15593.984375 MB
[2024-12-08 23:29:42] [INFO] State: {}
[2024-12-08 23:29:42] [INFO] Progress: 69.1% (1728/2500)
 PPL: 19.990723305168732
[2024-12-08 23:29:42] [INFO] Current GPU memory usage: 15593.98388671875 MB
[2024-12-08 23:29:43] [INFO] State: {}
[2024-12-08 23:29:43] [INFO] Progress: 69.6% (1740/2500)
 PPL: 19.99466616653213
[2024-12-08 23:29:43] [INFO] Current GPU memory usage: 15593.990234375 MB
[2024-12-08 23:29:45] [INFO] State: {}
[2024-12-08 23:29:45] [INFO] Progress: 70.1% (1752/2500)
 PPL: 19.989998868656677
[2024-12-08 23:29:45] [INFO] Current GPU memory usage: 15593.9892578125 MB
[2024-12-08 23:29:47] [INFO] State: {}
[2024-12-08 23:29:47] [INFO] Progress: 70.6% (1764/2500)
 PPL: 19.984316930270257
[2024-12-08 23:29:47] [INFO] Current GPU memory usage: 15593.98095703125 MB
[2024-12-08 23:29:48] [INFO] State: {}
[2024-12-08 23:29:48] [INFO] Progress: 71.0% (1776/2500)
 PPL: 19.979673759170165
[2024-12-08 23:29:48] [INFO] Current GPU memory usage: 15593.99658203125 MB
[2024-12-08 23:29:50] [INFO] State: {}
[2024-12-08 23:29:50] [INFO] Progress: 71.5% (1788/2500)
 PPL: 19.973957788834827
[2024-12-08 23:29:50] [INFO] Current GPU memory usage: 15593.984375 MB
[2024-12-08 23:29:51] [INFO] State: {}
[2024-12-08 23:29:51] [INFO] Progress: 72.0% (1800/2500)
 PPL: 19.96050783334966
[2024-12-08 23:29:51] [INFO] Current GPU memory usage: 15593.98828125 MB
[2024-12-08 23:29:53] [INFO] State: {}
[2024-12-08 23:29:53] [INFO] Progress: 72.5% (1812/2500)
 PPL: 19.963947893190696
[2024-12-08 23:29:53] [INFO] Current GPU memory usage: 15593.99755859375 MB
[2024-12-08 23:29:55] [INFO] State: {}
[2024-12-08 23:29:55] [INFO] Progress: 73.0% (1824/2500)
 PPL: 19.9702195428991
[2024-12-08 23:29:55] [INFO] Current GPU memory usage: 15593.98779296875 MB
[2024-12-08 23:29:56] [INFO] State: {}
[2024-12-08 23:29:56] [INFO] Progress: 73.4% (1836/2500)
 PPL: 19.946850935580176
[2024-12-08 23:29:56] [INFO] Current GPU memory usage: 15593.994140625 MB
[2024-12-08 23:29:58] [INFO] State: {}
[2024-12-08 23:29:58] [INFO] Progress: 73.9% (1848/2500)
 PPL: 19.94982307239103
[2024-12-08 23:29:58] [INFO] Current GPU memory usage: 15593.990234375 MB
[2024-12-08 23:30:00] [INFO] State: {}
[2024-12-08 23:30:00] [INFO] Progress: 74.4% (1860/2500)
 PPL: 19.935831091715055
[2024-12-08 23:30:00] [INFO] Current GPU memory usage: 15593.98046875 MB
[2024-12-08 23:30:01] [INFO] State: {}
[2024-12-08 23:30:01] [INFO] Progress: 74.9% (1872/2500)
 PPL: 19.946756445254298
[2024-12-08 23:30:01] [INFO] Current GPU memory usage: 15593.98388671875 MB
[2024-12-08 23:30:03] [INFO] State: {}
[2024-12-08 23:30:03] [INFO] Progress: 75.4% (1884/2500)
 PPL: 19.943855303366007
[2024-12-08 23:30:03] [INFO] Current GPU memory usage: 15593.99072265625 MB
[2024-12-08 23:30:04] [INFO] State: {}
[2024-12-08 23:30:04] [INFO] Progress: 75.8% (1896/2500)
 PPL: 19.925334808365903
[2024-12-08 23:30:04] [INFO] Current GPU memory usage: 15593.98291015625 MB
[2024-12-08 23:30:06] [INFO] State: {}
[2024-12-08 23:30:06] [INFO] Progress: 76.3% (1908/2500)
 PPL: 19.943228031240576
[2024-12-08 23:30:06] [INFO] Current GPU memory usage: 15593.9892578125 MB
[2024-12-08 23:30:07] [INFO] State: {}
[2024-12-08 23:30:07] [INFO] Progress: 76.8% (1920/2500)
 PPL: 19.94700438026462
[2024-12-08 23:30:07] [INFO] Current GPU memory usage: 15593.9853515625 MB
[2024-12-08 23:30:09] [INFO] State: {}
[2024-12-08 23:30:09] [INFO] Progress: 77.3% (1932/2500)
 PPL: 19.946639666426105
[2024-12-08 23:30:09] [INFO] Current GPU memory usage: 15593.99365234375 MB
[2024-12-08 23:30:10] [INFO] State: {}
[2024-12-08 23:30:10] [INFO] Progress: 77.8% (1944/2500)
 PPL: 19.942982586215187
[2024-12-08 23:30:10] [INFO] Current GPU memory usage: 15593.98583984375 MB
[2024-12-08 23:30:12] [INFO] State: {}
[2024-12-08 23:30:12] [INFO] Progress: 78.2% (1956/2500)
 PPL: 19.949302602649905
[2024-12-08 23:30:12] [INFO] Current GPU memory usage: 15594.0 MB
[2024-12-08 23:30:14] [INFO] State: {}
[2024-12-08 23:30:14] [INFO] Progress: 78.7% (1968/2500)
 PPL: 19.941358590507118
[2024-12-08 23:30:14] [INFO] Current GPU memory usage: 15593.9912109375 MB
[2024-12-08 23:30:16] [INFO] State: {}
[2024-12-08 23:30:16] [INFO] Progress: 79.2% (1980/2500)
 PPL: 19.924842081083995
[2024-12-08 23:30:16] [INFO] Current GPU memory usage: 15593.98583984375 MB
[2024-12-08 23:30:17] [INFO] State: {}
[2024-12-08 23:30:17] [INFO] Progress: 79.7% (1992/2500)
 PPL: 19.935051610786623
[2024-12-08 23:30:17] [INFO] Current GPU memory usage: 15593.9814453125 MB
[2024-12-08 23:30:19] [INFO] State: {}
[2024-12-08 23:30:19] [INFO] Progress: 80.2% (2004/2500)
 PPL: 19.94634743250238
[2024-12-08 23:30:19] [INFO] Current GPU memory usage: 15593.9833984375 MB
[2024-12-08 23:30:21] [INFO] State: {}
[2024-12-08 23:30:21] [INFO] Progress: 80.6% (2016/2500)
 PPL: 19.940530233204647
[2024-12-08 23:30:21] [INFO] Current GPU memory usage: 15593.97802734375 MB
[2024-12-08 23:30:22] [INFO] State: {}
[2024-12-08 23:30:22] [INFO] Progress: 81.1% (2028/2500)
 PPL: 19.94290385977474
[2024-12-08 23:30:22] [INFO] Current GPU memory usage: 15593.998046875 MB
[2024-12-08 23:30:24] [INFO] State: {}
[2024-12-08 23:30:24] [INFO] Progress: 81.6% (2040/2500)
 PPL: 19.94896252379722
[2024-12-08 23:30:24] [INFO] Current GPU memory usage: 15593.98681640625 MB
[2024-12-08 23:30:25] [INFO] State: {}
[2024-12-08 23:30:25] [INFO] Progress: 82.1% (2052/2500)
 PPL: 19.94937637501053
[2024-12-08 23:30:25] [INFO] Current GPU memory usage: 15593.98388671875 MB
[2024-12-08 23:30:26] [INFO] State: {}
[2024-12-08 23:30:26] [INFO] Progress: 82.6% (2064/2500)
 PPL: 19.96086925079783
[2024-12-08 23:30:26] [INFO] Current GPU memory usage: 15593.98876953125 MB
[2024-12-08 23:30:28] [INFO] State: {}
[2024-12-08 23:30:28] [INFO] Progress: 83.0% (2076/2500)
 PPL: 19.959501235751343
[2024-12-08 23:30:28] [INFO] Current GPU memory usage: 15593.98974609375 MB
[2024-12-08 23:30:29] [INFO] State: {}
[2024-12-08 23:30:29] [INFO] Progress: 83.5% (2088/2500)
 PPL: 19.987333738464145
[2024-12-08 23:30:29] [INFO] Current GPU memory usage: 15593.9931640625 MB
[2024-12-08 23:30:31] [INFO] State: {}
[2024-12-08 23:30:31] [INFO] Progress: 84.0% (2100/2500)
 PPL: 19.989153467233532
[2024-12-08 23:30:31] [INFO] Current GPU memory usage: 15593.986328125 MB
[2024-12-08 23:30:32] [INFO] State: {}
[2024-12-08 23:30:32] [INFO] Progress: 84.5% (2112/2500)
 PPL: 20.01149336434698
[2024-12-08 23:30:32] [INFO] Current GPU memory usage: 15593.9912109375 MB
[2024-12-08 23:30:34] [INFO] State: {}
[2024-12-08 23:30:34] [INFO] Progress: 85.0% (2124/2500)
 PPL: 19.996313862544994
[2024-12-08 23:30:34] [INFO] Current GPU memory usage: 15593.99951171875 MB
[2024-12-08 23:30:35] [INFO] State: {}
[2024-12-08 23:30:35] [INFO] Progress: 85.4% (2136/2500)
 PPL: 20.003424149004527
[2024-12-08 23:30:35] [INFO] Current GPU memory usage: 15593.978515625 MB
[2024-12-08 23:30:37] [INFO] State: {}
[2024-12-08 23:30:37] [INFO] Progress: 85.9% (2148/2500)
 PPL: 20.00009252397209
[2024-12-08 23:30:37] [INFO] Current GPU memory usage: 15593.9833984375 MB
[2024-12-08 23:30:38] [INFO] State: {}
[2024-12-08 23:30:38] [INFO] Progress: 86.4% (2160/2500)
 PPL: 20.00506529097244
[2024-12-08 23:30:38] [INFO] Current GPU memory usage: 15593.9833984375 MB
[2024-12-08 23:30:40] [INFO] State: {}
[2024-12-08 23:30:40] [INFO] Progress: 86.9% (2172/2500)
 PPL: 20.009159524751006
[2024-12-08 23:30:40] [INFO] Current GPU memory usage: 15593.9853515625 MB
[2024-12-08 23:30:41] [INFO] State: {}
[2024-12-08 23:30:41] [INFO] Progress: 87.4% (2184/2500)
 PPL: 19.991944219665257
[2024-12-08 23:30:41] [INFO] Current GPU memory usage: 15593.98779296875 MB
[2024-12-08 23:30:43] [INFO] State: {}
[2024-12-08 23:30:43] [INFO] Progress: 87.8% (2196/2500)
 PPL: 19.993558931888483
[2024-12-08 23:30:43] [INFO] Current GPU memory usage: 15593.99072265625 MB
[2024-12-08 23:30:45] [INFO] State: {}
[2024-12-08 23:30:45] [INFO] Progress: 88.3% (2208/2500)
 PPL: 19.986807847593084
[2024-12-08 23:30:45] [INFO] Current GPU memory usage: 15593.98193359375 MB
[2024-12-08 23:30:46] [INFO] State: {}
[2024-12-08 23:30:46] [INFO] Progress: 88.8% (2220/2500)
 PPL: 19.998429283509527
[2024-12-08 23:30:46] [INFO] Current GPU memory usage: 15593.98828125 MB
[2024-12-08 23:30:48] [INFO] State: {}
[2024-12-08 23:30:48] [INFO] Progress: 89.3% (2232/2500)
 PPL: 19.995957677990788
[2024-12-08 23:30:48] [INFO] Current GPU memory usage: 15593.98388671875 MB
[2024-12-08 23:30:49] [INFO] State: {}
[2024-12-08 23:30:49] [INFO] Progress: 89.8% (2244/2500)
 PPL: 20.00005007263569
[2024-12-08 23:30:49] [INFO] Current GPU memory usage: 15593.9853515625 MB
[2024-12-08 23:30:51] [INFO] State: {}
[2024-12-08 23:30:51] [INFO] Progress: 90.2% (2256/2500)
 PPL: 20.016884899517883
[2024-12-08 23:30:51] [INFO] Current GPU memory usage: 15593.99755859375 MB
[2024-12-08 23:30:52] [INFO] State: {}
[2024-12-08 23:30:52] [INFO] Progress: 90.7% (2268/2500)
 PPL: 20.014680233426127
[2024-12-08 23:30:52] [INFO] Current GPU memory usage: 15593.99560546875 MB
[2024-12-08 23:30:54] [INFO] State: {}
[2024-12-08 23:30:54] [INFO] Progress: 91.2% (2280/2500)
 PPL: 20.02046175883618
[2024-12-08 23:30:54] [INFO] Current GPU memory usage: 15593.99072265625 MB
[2024-12-08 23:30:55] [INFO] State: {}
[2024-12-08 23:30:55] [INFO] Progress: 91.7% (2292/2500)
 PPL: 20.015432931881893
[2024-12-08 23:30:55] [INFO] Current GPU memory usage: 15593.98779296875 MB
[2024-12-08 23:30:57] [INFO] State: {}
[2024-12-08 23:30:57] [INFO] Progress: 92.2% (2304/2500)
 PPL: 20.01015464874023
[2024-12-08 23:30:57] [INFO] Current GPU memory usage: 15593.99267578125 MB
[2024-12-08 23:30:59] [INFO] State: {}
[2024-12-08 23:30:59] [INFO] Progress: 92.6% (2316/2500)
 PPL: 20.014167371640468
[2024-12-08 23:30:59] [INFO] Current GPU memory usage: 15593.98876953125 MB
[2024-12-08 23:31:00] [INFO] State: {}
[2024-12-08 23:31:00] [INFO] Progress: 93.1% (2328/2500)
 PPL: 20.007125351305685
[2024-12-08 23:31:00] [INFO] Current GPU memory usage: 15593.9921875 MB
[2024-12-08 23:31:02] [INFO] State: {}
[2024-12-08 23:31:02] [INFO] Progress: 93.6% (2340/2500)
 PPL: 20.005064150310233
[2024-12-08 23:31:02] [INFO] Current GPU memory usage: 15593.99560546875 MB
[2024-12-08 23:31:03] [INFO] State: {}
[2024-12-08 23:31:03] [INFO] Progress: 94.1% (2352/2500)
 PPL: 19.99927064843797
[2024-12-08 23:31:03] [INFO] Current GPU memory usage: 15593.984375 MB
[2024-12-08 23:31:05] [INFO] State: {}
[2024-12-08 23:31:05] [INFO] Progress: 94.6% (2364/2500)
 PPL: 19.996269156474277
[2024-12-08 23:31:05] [INFO] Current GPU memory usage: 15593.98681640625 MB
[2024-12-08 23:31:06] [INFO] State: {}
[2024-12-08 23:31:06] [INFO] Progress: 95.0% (2376/2500)
 PPL: 19.994722180627697
[2024-12-08 23:31:06] [INFO] Current GPU memory usage: 15593.98583984375 MB
[2024-12-08 23:31:08] [INFO] State: {}
[2024-12-08 23:31:08] [INFO] Progress: 95.5% (2388/2500)
 PPL: 19.988230354485314
[2024-12-08 23:31:08] [INFO] Current GPU memory usage: 15593.990234375 MB
[2024-12-08 23:31:10] [INFO] State: {}
[2024-12-08 23:31:10] [INFO] Progress: 96.0% (2400/2500)
 PPL: 19.973299479414802
[2024-12-08 23:31:10] [INFO] Current GPU memory usage: 15593.98828125 MB
[2024-12-08 23:31:11] [INFO] State: {}
[2024-12-08 23:31:11] [INFO] Progress: 96.5% (2412/2500)
 PPL: 19.968331502289697
[2024-12-08 23:31:11] [INFO] Current GPU memory usage: 15593.9892578125 MB
[2024-12-08 23:31:13] [INFO] State: {}
[2024-12-08 23:31:13] [INFO] Progress: 97.0% (2424/2500)
 PPL: 19.970949877036592
[2024-12-08 23:31:13] [INFO] Current GPU memory usage: 15593.9892578125 MB
[2024-12-08 23:31:14] [INFO] State: {}
[2024-12-08 23:31:14] [INFO] Progress: 97.4% (2436/2500)
 PPL: 19.981968603106257
[2024-12-08 23:31:14] [INFO] Current GPU memory usage: 15593.982421875 MB
[2024-12-08 23:31:16] [INFO] State: {}
[2024-12-08 23:31:16] [INFO] Progress: 97.9% (2448/2500)
 PPL: 19.983056603205874
[2024-12-08 23:31:16] [INFO] Current GPU memory usage: 15593.9921875 MB
[2024-12-08 23:31:17] [INFO] State: {}
[2024-12-08 23:31:17] [INFO] Progress: 98.4% (2460/2500)
 PPL: 19.98460358667685
[2024-12-08 23:31:17] [INFO] Current GPU memory usage: 15593.984375 MB
[2024-12-08 23:31:19] [INFO] State: {}
[2024-12-08 23:31:19] [INFO] Progress: 98.9% (2472/2500)
 PPL: 19.98544937564253
[2024-12-08 23:31:19] [INFO] Current GPU memory usage: 15593.98681640625 MB
[2024-12-08 23:31:20] [INFO] State: {}
[2024-12-08 23:31:20] [INFO] Progress: 99.4% (2484/2500)
 PPL: 19.987185310807885
[2024-12-08 23:31:20] [INFO] Current GPU memory usage: 15593.98583984375 MB
[2024-12-08 23:31:22] [INFO] State: {}
[2024-12-08 23:31:22] [INFO] Progress: 99.8% (2496/2500)
 PPL: 19.99107641101261
[2024-12-08 23:31:22] [INFO] Current GPU memory usage: 15593.984375 MB
[2024-12-08 23:31:23] [INFO] Perplexity: 19.995840044990373
[2024-12-08 23:31:23] [INFO] CUDA Memory Summary:
[2024-12-08 23:31:23] [INFO] |===========================================================================|
|                  PyTorch CUDA memory summary, device ID 0                 |
|---------------------------------------------------------------------------|
|            CUDA OOMs: 0            |        cudaMalloc retries: 0         |
|===========================================================================|
|        Metric         | Cur Usage  | Peak Usage | Tot Alloc  | Tot Freed  |
|---------------------------------------------------------------------------|
| Allocated memory      |  15593 MiB |  19602 MiB |  54304 GiB |  54289 GiB |
|       from large pool |  15593 MiB |  19601 MiB |  54278 GiB |  54263 GiB |
|       from small pool |      0 MiB |      8 MiB |     26 GiB |     26 GiB |
|---------------------------------------------------------------------------|
| Active memory         |  15593 MiB |  19602 MiB |  54304 GiB |  54289 GiB |
|       from large pool |  15593 MiB |  19601 MiB |  54278 GiB |  54263 GiB |
|       from small pool |      0 MiB |      8 MiB |     26 GiB |     26 GiB |
|---------------------------------------------------------------------------|
| Requested memory      |  15593 MiB |  19602 MiB |  54304 GiB |  54289 GiB |
|       from large pool |  15593 MiB |  19601 MiB |  54278 GiB |  54263 GiB |
|       from small pool |      0 MiB |      8 MiB |     25 GiB |     25 GiB |
|---------------------------------------------------------------------------|
| GPU reserved memory   |  20730 MiB |  20730 MiB |  20730 MiB |      0 B   |
|       from large pool |  20720 MiB |  20720 MiB |  20720 MiB |      0 B   |
|       from small pool |     10 MiB |     10 MiB |     10 MiB |      0 B   |
|---------------------------------------------------------------------------|
| Non-releasable memory |      0 B   |      0 B   |      0 B   |      0 B   |
|       from large pool |      0 B   |      0 B   |      0 B   |      0 B   |
|       from small pool |      0 B   |      0 B   |      0 B   |      0 B   |
|---------------------------------------------------------------------------|
| Allocations           |     323    |     346    |    3378 K  |    3377 K  |
|       from large pool |     258    |     269    |    2824 K  |    2824 K  |
|       from small pool |      65    |      85    |     553 K  |     553 K  |
|---------------------------------------------------------------------------|
| Active allocs         |     323    |     346    |    3378 K  |    3377 K  |
|       from large pool |     258    |     269    |    2824 K  |    2824 K  |
|       from small pool |      65    |      85    |     553 K  |     553 K  |
|---------------------------------------------------------------------------|
| GPU reserved segments |       0    |       0    |       0    |       0    |
|       from large pool |       0    |       0    |       0    |       0    |
|       from small pool |       0    |       0    |       0    |       0    |
|---------------------------------------------------------------------------|
| Non-releasable allocs |       0    |       0    |       0    |       0    |
|       from large pool |       0    |       0    |       0    |       0    |
|       from small pool |       0    |       0    |       0    |       0    |
|---------------------------------------------------------------------------|
| Oversize allocations  |       0    |       0    |       0    |       0    |
|---------------------------------------------------------------------------|
| Oversize GPU segments |       0    |       0    |       0    |       0    |
|===========================================================================|

[2024-12-08 23:31:23] [INFO] FIN.
