[2024-12-08 23:31:26] [INFO] #### Starting activation capture script.
[2024-12-08 23:31:26] [INFO] #### Arguments:
[2024-12-08 23:31:26] [INFO] # model_dir=/workspace/llama_3.2-3B_model/original
[2024-12-08 23:31:26] [INFO] # sae_dir=/workspace/sae_final_2024-10-28.pth
[2024-12-08 23:31:26] [INFO] # num_samples=20000
[2024-12-08 23:31:26] [INFO] # drop latents=60
[2024-12-08 23:31:26] [INFO] #### GPU Configuration:
[2024-12-08 23:31:26] [INFO] # device=cuda
[2024-12-08 23:31:26] [INFO] #### Configuration:
[2024-12-08 23:31:26] [INFO] # batch_size=8
[2024-12-08 23:31:26] [INFO] # dataloader_num_workers=4
[2024-12-08 23:31:26] [INFO] # dtype=torch.bfloat16
[2024-12-08 23:31:26] [INFO] # max_token_length=512
[2024-12-08 23:31:26] [INFO] # add_bos_token=True
[2024-12-08 23:31:26] [INFO] # dataset_shuffle=True
[2024-12-08 23:31:26] [INFO] Loading tokenizer...
[2024-12-08 23:31:26] [INFO] Creating dataset, sampler and dataloader...
[2024-12-08 23:31:26] [INFO] Initializing Wikitext2 Dataset with max_token_length=512...
[2024-12-08 23:31:27] [INFO] Shuffling the dataset...
[2024-12-08 23:31:27] [INFO] Dataset size: 20000 samples
[2024-12-08 23:31:27] [INFO] Dataloader created with 2500 batches.
[2024-12-08 23:31:27] [INFO] Loading activation mask masks/mask_60
[2024-12-08 23:31:27] [INFO] Initializing SAE from /workspace/sae_final_2024-10-28.pth
[2024-12-08 23:31:27] [INFO] Loading TopK SAE model weights and config from: /workspace/sae_final_2024-10-28.pth
[2024-12-08 23:31:28] [INFO] Initializing TopK SAE model and loading state dict...
[2024-12-08 23:31:49] [INFO] Moving model to device cuda and setting to eval mode...
[2024-12-08 23:31:49] [INFO] Loading model parameters from /workspace/llama_3.2-3B_model/original/params.json...
[2024-12-08 23:31:49] [INFO] Initializing model on CPU...
[2024-12-08 23:32:22] [INFO] Loading model weights into CPU memory...
[2024-12-08 23:32:25] [INFO] Loading model weights into model...
[2024-12-08 23:32:28] [INFO] Model weights loaded successfully. Moving model to device cuda...
[2024-12-08 23:32:30] [INFO] Setting model to eval mode...
[2024-12-08 23:32:30] [INFO] Model created successfully.
[2024-12-08 23:32:30] [INFO] Starting capture of activations...
[2024-12-08 23:32:34] [INFO] State: {}
[2024-12-08 23:32:34] [INFO] Progress: 0.5% (12/2500)
 PPL: 19.42058170007405
[2024-12-08 23:32:34] [INFO] Current GPU memory usage: 15593.9853515625 MB
[2024-12-08 23:32:36] [INFO] State: {}
[2024-12-08 23:32:36] [INFO] Progress: 1.0% (24/2500)
 PPL: 20.226204627247448
[2024-12-08 23:32:36] [INFO] Current GPU memory usage: 15593.9873046875 MB
[2024-12-08 23:32:38] [INFO] State: {}
[2024-12-08 23:32:38] [INFO] Progress: 1.4% (36/2500)
 PPL: 19.660334370022383
[2024-12-08 23:32:38] [INFO] Current GPU memory usage: 15593.9921875 MB
[2024-12-08 23:32:39] [INFO] State: {}
[2024-12-08 23:32:39] [INFO] Progress: 1.9% (48/2500)
 PPL: 19.460927188895358
[2024-12-08 23:32:39] [INFO] Current GPU memory usage: 15593.98486328125 MB
[2024-12-08 23:32:41] [INFO] State: {}
[2024-12-08 23:32:41] [INFO] Progress: 2.4% (60/2500)
 PPL: 19.771656024003196
[2024-12-08 23:32:41] [INFO] Current GPU memory usage: 15593.998046875 MB
[2024-12-08 23:32:42] [INFO] State: {}
[2024-12-08 23:32:42] [INFO] Progress: 2.9% (72/2500)
 PPL: 19.746406329436024
[2024-12-08 23:32:42] [INFO] Current GPU memory usage: 15593.974609375 MB
[2024-12-08 23:32:44] [INFO] State: {}
[2024-12-08 23:32:44] [INFO] Progress: 3.4% (84/2500)
 PPL: 19.801046378567563
[2024-12-08 23:32:44] [INFO] Current GPU memory usage: 15593.99658203125 MB
[2024-12-08 23:32:45] [INFO] State: {}
[2024-12-08 23:32:45] [INFO] Progress: 3.8% (96/2500)
 PPL: 20.260181683800003
[2024-12-08 23:32:45] [INFO] Current GPU memory usage: 15593.982421875 MB
[2024-12-08 23:32:46] [INFO] State: {}
[2024-12-08 23:32:46] [INFO] Progress: 4.3% (108/2500)
 PPL: 20.22145211513296
[2024-12-08 23:32:46] [INFO] Current GPU memory usage: 15593.9853515625 MB
[2024-12-08 23:32:48] [INFO] State: {}
[2024-12-08 23:32:48] [INFO] Progress: 4.8% (120/2500)
 PPL: 20.562785236037136
[2024-12-08 23:32:48] [INFO] Current GPU memory usage: 15593.974609375 MB
[2024-12-08 23:32:49] [INFO] State: {}
[2024-12-08 23:32:49] [INFO] Progress: 5.3% (132/2500)
 PPL: 20.66964916880399
[2024-12-08 23:32:49] [INFO] Current GPU memory usage: 15593.98828125 MB
[2024-12-08 23:32:51] [INFO] State: {}
[2024-12-08 23:32:51] [INFO] Progress: 5.8% (144/2500)
 PPL: 20.66519967513347
[2024-12-08 23:32:51] [INFO] Current GPU memory usage: 15593.98095703125 MB
[2024-12-08 23:32:52] [INFO] State: {}
[2024-12-08 23:32:52] [INFO] Progress: 6.2% (156/2500)
 PPL: 20.576892032897113
[2024-12-08 23:32:52] [INFO] Current GPU memory usage: 15593.98583984375 MB
[2024-12-08 23:32:54] [INFO] State: {}
[2024-12-08 23:32:54] [INFO] Progress: 6.7% (168/2500)
 PPL: 20.639405726295507
[2024-12-08 23:32:54] [INFO] Current GPU memory usage: 15593.98486328125 MB
[2024-12-08 23:32:56] [INFO] State: {}
[2024-12-08 23:32:56] [INFO] Progress: 7.2% (180/2500)
 PPL: 20.592156287016994
[2024-12-08 23:32:56] [INFO] Current GPU memory usage: 15594.00390625 MB
[2024-12-08 23:32:58] [INFO] State: {}
[2024-12-08 23:32:58] [INFO] Progress: 7.7% (192/2500)
 PPL: 20.65409919601516
[2024-12-08 23:32:58] [INFO] Current GPU memory usage: 15594.0 MB
[2024-12-08 23:32:59] [INFO] State: {}
[2024-12-08 23:32:59] [INFO] Progress: 8.2% (204/2500)
 PPL: 20.41664771372848
[2024-12-08 23:32:59] [INFO] Current GPU memory usage: 15593.984375 MB
[2024-12-08 23:33:01] [INFO] State: {}
[2024-12-08 23:33:01] [INFO] Progress: 8.6% (216/2500)
 PPL: 20.356528828220828
[2024-12-08 23:33:01] [INFO] Current GPU memory usage: 15594.00439453125 MB
[2024-12-08 23:33:02] [INFO] State: {}
[2024-12-08 23:33:02] [INFO] Progress: 9.1% (228/2500)
 PPL: 20.33018346124681
[2024-12-08 23:33:02] [INFO] Current GPU memory usage: 15593.9951171875 MB
[2024-12-08 23:33:05] [INFO] State: {}
[2024-12-08 23:33:05] [INFO] Progress: 9.6% (240/2500)
 PPL: 20.254191008785572
[2024-12-08 23:33:05] [INFO] Current GPU memory usage: 15593.98388671875 MB
[2024-12-08 23:33:06] [INFO] State: {}
[2024-12-08 23:33:06] [INFO] Progress: 10.1% (252/2500)
 PPL: 20.129574921685794
[2024-12-08 23:33:06] [INFO] Current GPU memory usage: 15593.9833984375 MB
[2024-12-08 23:33:08] [INFO] State: {}
[2024-12-08 23:33:08] [INFO] Progress: 10.6% (264/2500)
 PPL: 20.19703199061929
[2024-12-08 23:33:08] [INFO] Current GPU memory usage: 15593.98388671875 MB
[2024-12-08 23:33:09] [INFO] State: {}
[2024-12-08 23:33:09] [INFO] Progress: 11.0% (276/2500)
 PPL: 20.18849961416981
[2024-12-08 23:33:09] [INFO] Current GPU memory usage: 15593.9853515625 MB
[2024-12-08 23:33:11] [INFO] State: {}
[2024-12-08 23:33:11] [INFO] Progress: 11.5% (288/2500)
 PPL: 20.225241695911834
[2024-12-08 23:33:11] [INFO] Current GPU memory usage: 15593.986328125 MB
[2024-12-08 23:33:12] [INFO] State: {}
[2024-12-08 23:33:12] [INFO] Progress: 12.0% (300/2500)
 PPL: 20.218853184554913
[2024-12-08 23:33:12] [INFO] Current GPU memory usage: 15593.99755859375 MB
[2024-12-08 23:33:14] [INFO] State: {}
[2024-12-08 23:33:14] [INFO] Progress: 12.5% (312/2500)
 PPL: 20.157797000510538
[2024-12-08 23:33:14] [INFO] Current GPU memory usage: 15593.9775390625 MB
[2024-12-08 23:33:16] [INFO] State: {}
[2024-12-08 23:33:16] [INFO] Progress: 13.0% (324/2500)
 PPL: 20.18555006106005
[2024-12-08 23:33:16] [INFO] Current GPU memory usage: 15593.99462890625 MB
[2024-12-08 23:33:17] [INFO] State: {}
[2024-12-08 23:33:17] [INFO] Progress: 13.4% (336/2500)
 PPL: 20.22852003201431
[2024-12-08 23:33:17] [INFO] Current GPU memory usage: 15593.990234375 MB
[2024-12-08 23:33:19] [INFO] State: {}
[2024-12-08 23:33:19] [INFO] Progress: 13.9% (348/2500)
 PPL: 20.20128337738322
[2024-12-08 23:33:19] [INFO] Current GPU memory usage: 15593.98193359375 MB
[2024-12-08 23:33:21] [INFO] State: {}
[2024-12-08 23:33:21] [INFO] Progress: 14.4% (360/2500)
 PPL: 20.273848417430766
[2024-12-08 23:33:21] [INFO] Current GPU memory usage: 15593.9794921875 MB
[2024-12-08 23:33:22] [INFO] State: {}
[2024-12-08 23:33:22] [INFO] Progress: 14.9% (372/2500)
 PPL: 20.256888087049663
[2024-12-08 23:33:22] [INFO] Current GPU memory usage: 15593.982421875 MB
[2024-12-08 23:33:23] [INFO] State: {}
[2024-12-08 23:33:23] [INFO] Progress: 15.4% (384/2500)
 PPL: 20.292622194021035
[2024-12-08 23:33:23] [INFO] Current GPU memory usage: 15593.99072265625 MB
[2024-12-08 23:33:25] [INFO] State: {}
[2024-12-08 23:33:25] [INFO] Progress: 15.8% (396/2500)
 PPL: 20.431697593876546
[2024-12-08 23:33:25] [INFO] Current GPU memory usage: 15593.9912109375 MB
[2024-12-08 23:33:27] [INFO] State: {}
[2024-12-08 23:33:27] [INFO] Progress: 16.3% (408/2500)
 PPL: 20.5076632870785
[2024-12-08 23:33:27] [INFO] Current GPU memory usage: 15593.9892578125 MB
[2024-12-08 23:33:28] [INFO] State: {}
[2024-12-08 23:33:28] [INFO] Progress: 16.8% (420/2500)
 PPL: 20.460188580582834
[2024-12-08 23:33:28] [INFO] Current GPU memory usage: 15593.9970703125 MB
[2024-12-08 23:33:30] [INFO] State: {}
[2024-12-08 23:33:30] [INFO] Progress: 17.3% (432/2500)
 PPL: 20.448054985898086
[2024-12-08 23:33:30] [INFO] Current GPU memory usage: 15593.99072265625 MB
[2024-12-08 23:33:32] [INFO] State: {}
[2024-12-08 23:33:32] [INFO] Progress: 17.8% (444/2500)
 PPL: 20.398266872508433
[2024-12-08 23:33:32] [INFO] Current GPU memory usage: 15593.98388671875 MB
[2024-12-08 23:33:34] [INFO] State: {}
[2024-12-08 23:33:34] [INFO] Progress: 18.2% (456/2500)
 PPL: 20.368711577121946
[2024-12-08 23:33:34] [INFO] Current GPU memory usage: 15593.9853515625 MB
[2024-12-08 23:33:35] [INFO] State: {}
[2024-12-08 23:33:35] [INFO] Progress: 18.7% (468/2500)
 PPL: 20.41739125330416
[2024-12-08 23:33:35] [INFO] Current GPU memory usage: 15593.994140625 MB
[2024-12-08 23:33:37] [INFO] State: {}
[2024-12-08 23:33:37] [INFO] Progress: 19.2% (480/2500)
 PPL: 20.403662239420402
[2024-12-08 23:33:37] [INFO] Current GPU memory usage: 15593.98876953125 MB
[2024-12-08 23:33:38] [INFO] State: {}
[2024-12-08 23:33:38] [INFO] Progress: 19.7% (492/2500)
 PPL: 20.382341622071984
[2024-12-08 23:33:38] [INFO] Current GPU memory usage: 15593.98681640625 MB
[2024-12-08 23:33:40] [INFO] State: {}
[2024-12-08 23:33:40] [INFO] Progress: 20.2% (504/2500)
 PPL: 20.353922973426943
[2024-12-08 23:33:40] [INFO] Current GPU memory usage: 15593.98681640625 MB
[2024-12-08 23:33:42] [INFO] State: {}
[2024-12-08 23:33:42] [INFO] Progress: 20.6% (516/2500)
 PPL: 20.36400859056688
[2024-12-08 23:33:42] [INFO] Current GPU memory usage: 15593.99658203125 MB
[2024-12-08 23:33:44] [INFO] State: {}
[2024-12-08 23:33:44] [INFO] Progress: 21.1% (528/2500)
 PPL: 20.298838415614636
[2024-12-08 23:33:44] [INFO] Current GPU memory usage: 15593.984375 MB
[2024-12-08 23:33:45] [INFO] State: {}
[2024-12-08 23:33:45] [INFO] Progress: 21.6% (540/2500)
 PPL: 20.28559413278262
[2024-12-08 23:33:45] [INFO] Current GPU memory usage: 15593.99169921875 MB
[2024-12-08 23:33:47] [INFO] State: {}
[2024-12-08 23:33:47] [INFO] Progress: 22.1% (552/2500)
 PPL: 20.31923370419212
[2024-12-08 23:33:47] [INFO] Current GPU memory usage: 15593.98388671875 MB
[2024-12-08 23:33:48] [INFO] State: {}
[2024-12-08 23:33:48] [INFO] Progress: 22.6% (564/2500)
 PPL: 20.296294390466695
[2024-12-08 23:33:48] [INFO] Current GPU memory usage: 15593.99072265625 MB
[2024-12-08 23:33:50] [INFO] State: {}
[2024-12-08 23:33:50] [INFO] Progress: 23.0% (576/2500)
 PPL: 20.301072418883045
[2024-12-08 23:33:50] [INFO] Current GPU memory usage: 15593.98779296875 MB
[2024-12-08 23:33:52] [INFO] State: {}
[2024-12-08 23:33:52] [INFO] Progress: 23.5% (588/2500)
 PPL: 20.331819541570034
[2024-12-08 23:33:52] [INFO] Current GPU memory usage: 15593.9892578125 MB
[2024-12-08 23:33:54] [INFO] State: {}
[2024-12-08 23:33:54] [INFO] Progress: 24.0% (600/2500)
 PPL: 20.331753766792687
[2024-12-08 23:33:54] [INFO] Current GPU memory usage: 15593.9794921875 MB
[2024-12-08 23:33:55] [INFO] State: {}
[2024-12-08 23:33:55] [INFO] Progress: 24.5% (612/2500)
 PPL: 20.353143330139726
[2024-12-08 23:33:55] [INFO] Current GPU memory usage: 15593.982421875 MB
[2024-12-08 23:33:57] [INFO] State: {}
[2024-12-08 23:33:57] [INFO] Progress: 25.0% (624/2500)
 PPL: 20.37867705363804
[2024-12-08 23:33:57] [INFO] Current GPU memory usage: 15593.98486328125 MB
[2024-12-08 23:33:58] [INFO] State: {}
[2024-12-08 23:33:58] [INFO] Progress: 25.4% (636/2500)
 PPL: 20.38206690148945
[2024-12-08 23:33:58] [INFO] Current GPU memory usage: 15593.98681640625 MB
[2024-12-08 23:34:00] [INFO] State: {}
[2024-12-08 23:34:00] [INFO] Progress: 25.9% (648/2500)
 PPL: 20.41913350247956
[2024-12-08 23:34:00] [INFO] Current GPU memory usage: 15593.98193359375 MB
[2024-12-08 23:34:02] [INFO] State: {}
[2024-12-08 23:34:02] [INFO] Progress: 26.4% (660/2500)
 PPL: 20.446196707312836
[2024-12-08 23:34:02] [INFO] Current GPU memory usage: 15593.98876953125 MB
[2024-12-08 23:34:03] [INFO] State: {}
[2024-12-08 23:34:03] [INFO] Progress: 26.9% (672/2500)
 PPL: 20.486710764832424
[2024-12-08 23:34:03] [INFO] Current GPU memory usage: 15593.98583984375 MB
[2024-12-08 23:34:05] [INFO] State: {}
[2024-12-08 23:34:05] [INFO] Progress: 27.4% (684/2500)
 PPL: 20.476075532708933
[2024-12-08 23:34:05] [INFO] Current GPU memory usage: 15593.97509765625 MB
[2024-12-08 23:34:06] [INFO] State: {}
[2024-12-08 23:34:06] [INFO] Progress: 27.8% (696/2500)
 PPL: 20.40872874390033
[2024-12-08 23:34:06] [INFO] Current GPU memory usage: 15593.98486328125 MB
[2024-12-08 23:34:08] [INFO] State: {}
[2024-12-08 23:34:08] [INFO] Progress: 28.3% (708/2500)
 PPL: 20.426648194231287
[2024-12-08 23:34:08] [INFO] Current GPU memory usage: 15593.99072265625 MB
[2024-12-08 23:34:09] [INFO] State: {}
[2024-12-08 23:34:09] [INFO] Progress: 28.8% (720/2500)
 PPL: 20.415340317963054
[2024-12-08 23:34:09] [INFO] Current GPU memory usage: 15593.99365234375 MB
[2024-12-08 23:34:11] [INFO] State: {}
[2024-12-08 23:34:11] [INFO] Progress: 29.3% (732/2500)
 PPL: 20.425407082052562
[2024-12-08 23:34:11] [INFO] Current GPU memory usage: 15593.9853515625 MB
[2024-12-08 23:34:12] [INFO] State: {}
[2024-12-08 23:34:12] [INFO] Progress: 29.8% (744/2500)
 PPL: 20.4261415032004
[2024-12-08 23:34:12] [INFO] Current GPU memory usage: 15593.98388671875 MB
[2024-12-08 23:34:14] [INFO] State: {}
[2024-12-08 23:34:14] [INFO] Progress: 30.2% (756/2500)
 PPL: 20.364745961303775
[2024-12-08 23:34:14] [INFO] Current GPU memory usage: 15593.9853515625 MB
[2024-12-08 23:34:16] [INFO] State: {}
[2024-12-08 23:34:16] [INFO] Progress: 30.7% (768/2500)
 PPL: 20.37389904756478
[2024-12-08 23:34:16] [INFO] Current GPU memory usage: 15593.98828125 MB
[2024-12-08 23:34:17] [INFO] State: {}
[2024-12-08 23:34:17] [INFO] Progress: 31.2% (780/2500)
 PPL: 20.41080783554893
[2024-12-08 23:34:17] [INFO] Current GPU memory usage: 15593.98388671875 MB
[2024-12-08 23:34:19] [INFO] State: {}
[2024-12-08 23:34:19] [INFO] Progress: 31.7% (792/2500)
 PPL: 20.425301000812723
[2024-12-08 23:34:19] [INFO] Current GPU memory usage: 15593.9833984375 MB
[2024-12-08 23:34:20] [INFO] State: {}
[2024-12-08 23:34:20] [INFO] Progress: 32.2% (804/2500)
 PPL: 20.441338671391872
[2024-12-08 23:34:20] [INFO] Current GPU memory usage: 15593.97900390625 MB
[2024-12-08 23:34:21] [INFO] State: {}
[2024-12-08 23:34:21] [INFO] Progress: 32.6% (816/2500)
 PPL: 20.45654764356482
[2024-12-08 23:34:21] [INFO] Current GPU memory usage: 15593.98583984375 MB
[2024-12-08 23:34:23] [INFO] State: {}
[2024-12-08 23:34:23] [INFO] Progress: 33.1% (828/2500)
 PPL: 20.475652858394728
[2024-12-08 23:34:23] [INFO] Current GPU memory usage: 15593.98486328125 MB
[2024-12-08 23:34:24] [INFO] State: {}
[2024-12-08 23:34:24] [INFO] Progress: 33.6% (840/2500)
 PPL: 20.458844289451417
[2024-12-08 23:34:24] [INFO] Current GPU memory usage: 15593.994140625 MB
[2024-12-08 23:34:26] [INFO] State: {}
[2024-12-08 23:34:26] [INFO] Progress: 34.1% (852/2500)
 PPL: 20.447499531392747
[2024-12-08 23:34:26] [INFO] Current GPU memory usage: 15593.98388671875 MB
[2024-12-08 23:34:28] [INFO] State: {}
[2024-12-08 23:34:28] [INFO] Progress: 34.6% (864/2500)
 PPL: 20.437330351115996
[2024-12-08 23:34:28] [INFO] Current GPU memory usage: 15593.98486328125 MB
[2024-12-08 23:34:29] [INFO] State: {}
[2024-12-08 23:34:29] [INFO] Progress: 35.0% (876/2500)
 PPL: 20.415241273629253
[2024-12-08 23:34:29] [INFO] Current GPU memory usage: 15593.9931640625 MB
[2024-12-08 23:34:31] [INFO] State: {}
[2024-12-08 23:34:31] [INFO] Progress: 35.5% (888/2500)
 PPL: 20.430775087809053
[2024-12-08 23:34:31] [INFO] Current GPU memory usage: 15593.98974609375 MB
[2024-12-08 23:34:32] [INFO] State: {}
[2024-12-08 23:34:32] [INFO] Progress: 36.0% (900/2500)
 PPL: 20.401737710863827
[2024-12-08 23:34:32] [INFO] Current GPU memory usage: 15593.984375 MB
[2024-12-08 23:34:34] [INFO] State: {}
[2024-12-08 23:34:34] [INFO] Progress: 36.5% (912/2500)
 PPL: 20.359912105729407
[2024-12-08 23:34:34] [INFO] Current GPU memory usage: 15593.9921875 MB
[2024-12-08 23:34:36] [INFO] State: {}
[2024-12-08 23:34:36] [INFO] Progress: 37.0% (924/2500)
 PPL: 20.3398883291297
[2024-12-08 23:34:36] [INFO] Current GPU memory usage: 15593.97802734375 MB
[2024-12-08 23:34:37] [INFO] State: {}
[2024-12-08 23:34:37] [INFO] Progress: 37.4% (936/2500)
 PPL: 20.313761734255102
[2024-12-08 23:34:37] [INFO] Current GPU memory usage: 15593.98291015625 MB
[2024-12-08 23:34:39] [INFO] State: {}
[2024-12-08 23:34:39] [INFO] Progress: 37.9% (948/2500)
 PPL: 20.325198143299847
[2024-12-08 23:34:39] [INFO] Current GPU memory usage: 15593.98388671875 MB
[2024-12-08 23:34:40] [INFO] State: {}
[2024-12-08 23:34:40] [INFO] Progress: 38.4% (960/2500)
 PPL: 20.315405220359885
[2024-12-08 23:34:40] [INFO] Current GPU memory usage: 15594.00048828125 MB
[2024-12-08 23:34:42] [INFO] State: {}
[2024-12-08 23:34:42] [INFO] Progress: 38.9% (972/2500)
 PPL: 20.33920049697472
[2024-12-08 23:34:42] [INFO] Current GPU memory usage: 15593.986328125 MB
[2024-12-08 23:34:43] [INFO] State: {}
[2024-12-08 23:34:43] [INFO] Progress: 39.4% (984/2500)
 PPL: 20.318264701876416
[2024-12-08 23:34:43] [INFO] Current GPU memory usage: 15593.9873046875 MB
[2024-12-08 23:34:45] [INFO] State: {}
[2024-12-08 23:34:45] [INFO] Progress: 39.8% (996/2500)
 PPL: 20.329153203773757
[2024-12-08 23:34:45] [INFO] Current GPU memory usage: 15593.9853515625 MB
[2024-12-08 23:34:46] [INFO] State: {}
[2024-12-08 23:34:46] [INFO] Progress: 40.3% (1008/2500)
 PPL: 20.310038418208077
[2024-12-08 23:34:46] [INFO] Current GPU memory usage: 15593.98486328125 MB
[2024-12-08 23:34:48] [INFO] State: {}
[2024-12-08 23:34:48] [INFO] Progress: 40.8% (1020/2500)
 PPL: 20.30309860247841
[2024-12-08 23:34:48] [INFO] Current GPU memory usage: 15593.9921875 MB
[2024-12-08 23:34:49] [INFO] State: {}
[2024-12-08 23:34:49] [INFO] Progress: 41.3% (1032/2500)
 PPL: 20.31621076473741
[2024-12-08 23:34:49] [INFO] Current GPU memory usage: 15593.9755859375 MB
[2024-12-08 23:34:51] [INFO] State: {}
[2024-12-08 23:34:51] [INFO] Progress: 41.8% (1044/2500)
 PPL: 20.316138336952243
[2024-12-08 23:34:51] [INFO] Current GPU memory usage: 15594.0048828125 MB
[2024-12-08 23:34:53] [INFO] State: {}
[2024-12-08 23:34:53] [INFO] Progress: 42.2% (1056/2500)
 PPL: 20.312488273482153
[2024-12-08 23:34:53] [INFO] Current GPU memory usage: 15593.9951171875 MB
[2024-12-08 23:34:55] [INFO] State: {}
[2024-12-08 23:34:55] [INFO] Progress: 42.7% (1068/2500)
 PPL: 20.28962414414758
[2024-12-08 23:34:55] [INFO] Current GPU memory usage: 15593.982421875 MB
[2024-12-08 23:34:56] [INFO] State: {}
[2024-12-08 23:34:56] [INFO] Progress: 43.2% (1080/2500)
 PPL: 20.275881468473813
[2024-12-08 23:34:56] [INFO] Current GPU memory usage: 15593.982421875 MB
[2024-12-08 23:34:58] [INFO] State: {}
[2024-12-08 23:34:58] [INFO] Progress: 43.7% (1092/2500)
 PPL: 20.278535256421183
[2024-12-08 23:34:58] [INFO] Current GPU memory usage: 15593.98486328125 MB
[2024-12-08 23:35:00] [INFO] State: {}
[2024-12-08 23:35:00] [INFO] Progress: 44.2% (1104/2500)
 PPL: 20.285987275008377
[2024-12-08 23:35:00] [INFO] Current GPU memory usage: 15593.9951171875 MB
[2024-12-08 23:35:01] [INFO] State: {}
[2024-12-08 23:35:01] [INFO] Progress: 44.6% (1116/2500)
 PPL: 20.28049817594724
[2024-12-08 23:35:01] [INFO] Current GPU memory usage: 15593.98193359375 MB
[2024-12-08 23:35:03] [INFO] State: {}
[2024-12-08 23:35:03] [INFO] Progress: 45.1% (1128/2500)
 PPL: 20.282098578927723
[2024-12-08 23:35:03] [INFO] Current GPU memory usage: 15593.98876953125 MB
[2024-12-08 23:35:04] [INFO] State: {}
[2024-12-08 23:35:04] [INFO] Progress: 45.6% (1140/2500)
 PPL: 20.289454373005476
[2024-12-08 23:35:04] [INFO] Current GPU memory usage: 15593.9912109375 MB
[2024-12-08 23:35:06] [INFO] State: {}
[2024-12-08 23:35:06] [INFO] Progress: 46.1% (1152/2500)
 PPL: 20.262401902010062
[2024-12-08 23:35:06] [INFO] Current GPU memory usage: 15593.986328125 MB
[2024-12-08 23:35:07] [INFO] State: {}
[2024-12-08 23:35:07] [INFO] Progress: 46.6% (1164/2500)
 PPL: 20.270535402679204
[2024-12-08 23:35:07] [INFO] Current GPU memory usage: 15593.9833984375 MB
[2024-12-08 23:35:09] [INFO] State: {}
[2024-12-08 23:35:09] [INFO] Progress: 47.0% (1176/2500)
 PPL: 20.254757224917803
[2024-12-08 23:35:09] [INFO] Current GPU memory usage: 15593.9951171875 MB
[2024-12-08 23:35:11] [INFO] State: {}
[2024-12-08 23:35:11] [INFO] Progress: 47.5% (1188/2500)
 PPL: 20.26576828237899
[2024-12-08 23:35:11] [INFO] Current GPU memory usage: 15593.984375 MB
[2024-12-08 23:35:13] [INFO] State: {}
[2024-12-08 23:35:13] [INFO] Progress: 48.0% (1200/2500)
 PPL: 20.24578427073727
[2024-12-08 23:35:13] [INFO] Current GPU memory usage: 15593.986328125 MB
[2024-12-08 23:35:14] [INFO] State: {}
[2024-12-08 23:35:14] [INFO] Progress: 48.5% (1212/2500)
 PPL: 20.23872631244118
[2024-12-08 23:35:14] [INFO] Current GPU memory usage: 15593.99365234375 MB
[2024-12-08 23:35:16] [INFO] State: {}
[2024-12-08 23:35:16] [INFO] Progress: 49.0% (1224/2500)
 PPL: 20.229371778853316
[2024-12-08 23:35:16] [INFO] Current GPU memory usage: 15593.98876953125 MB
[2024-12-08 23:35:17] [INFO] State: {}
[2024-12-08 23:35:17] [INFO] Progress: 49.4% (1236/2500)
 PPL: 20.22983388975363
[2024-12-08 23:35:17] [INFO] Current GPU memory usage: 15593.9873046875 MB
[2024-12-08 23:35:19] [INFO] State: {}
[2024-12-08 23:35:19] [INFO] Progress: 49.9% (1248/2500)
 PPL: 20.22082332297037
[2024-12-08 23:35:19] [INFO] Current GPU memory usage: 15593.984375 MB
[2024-12-08 23:35:20] [INFO] State: {}
[2024-12-08 23:35:20] [INFO] Progress: 50.4% (1260/2500)
 PPL: 20.22106720116768
[2024-12-08 23:35:20] [INFO] Current GPU memory usage: 15593.994140625 MB
[2024-12-08 23:35:22] [INFO] State: {}
[2024-12-08 23:35:22] [INFO] Progress: 50.9% (1272/2500)
 PPL: 20.20502671670195
[2024-12-08 23:35:22] [INFO] Current GPU memory usage: 15593.9990234375 MB
[2024-12-08 23:35:24] [INFO] State: {}
[2024-12-08 23:35:24] [INFO] Progress: 51.4% (1284/2500)
 PPL: 20.193494036835908
[2024-12-08 23:35:24] [INFO] Current GPU memory usage: 15593.9814453125 MB
[2024-12-08 23:35:25] [INFO] State: {}
[2024-12-08 23:35:25] [INFO] Progress: 51.8% (1296/2500)
 PPL: 20.156097335797295
[2024-12-08 23:35:25] [INFO] Current GPU memory usage: 15593.984375 MB
[2024-12-08 23:35:27] [INFO] State: {}
[2024-12-08 23:35:27] [INFO] Progress: 52.3% (1308/2500)
 PPL: 20.136898238068124
[2024-12-08 23:35:27] [INFO] Current GPU memory usage: 15593.9814453125 MB
[2024-12-08 23:35:28] [INFO] State: {}
[2024-12-08 23:35:28] [INFO] Progress: 52.8% (1320/2500)
 PPL: 20.114792334111996
[2024-12-08 23:35:28] [INFO] Current GPU memory usage: 15593.9892578125 MB
[2024-12-08 23:35:30] [INFO] State: {}
[2024-12-08 23:35:30] [INFO] Progress: 53.3% (1332/2500)
 PPL: 20.101420695128215
[2024-12-08 23:35:30] [INFO] Current GPU memory usage: 15593.99951171875 MB
[2024-12-08 23:35:32] [INFO] State: {}
[2024-12-08 23:35:32] [INFO] Progress: 53.8% (1344/2500)
 PPL: 20.091147542813655
[2024-12-08 23:35:32] [INFO] Current GPU memory usage: 15593.98828125 MB
[2024-12-08 23:35:33] [INFO] State: {}
[2024-12-08 23:35:33] [INFO] Progress: 54.2% (1356/2500)
 PPL: 20.099809577219066
[2024-12-08 23:35:33] [INFO] Current GPU memory usage: 15593.97998046875 MB
[2024-12-08 23:35:35] [INFO] State: {}
[2024-12-08 23:35:35] [INFO] Progress: 54.7% (1368/2500)
 PPL: 20.126951790227288
[2024-12-08 23:35:35] [INFO] Current GPU memory usage: 15593.9931640625 MB
[2024-12-08 23:35:37] [INFO] State: {}
[2024-12-08 23:35:37] [INFO] Progress: 55.2% (1380/2500)
 PPL: 20.14181968613893
[2024-12-08 23:35:37] [INFO] Current GPU memory usage: 15593.99169921875 MB
[2024-12-08 23:35:38] [INFO] State: {}
[2024-12-08 23:35:38] [INFO] Progress: 55.7% (1392/2500)
 PPL: 20.11483152077166
[2024-12-08 23:35:38] [INFO] Current GPU memory usage: 15593.990234375 MB
[2024-12-08 23:35:40] [INFO] State: {}
[2024-12-08 23:35:40] [INFO] Progress: 56.2% (1404/2500)
 PPL: 20.109399262725773
[2024-12-08 23:35:40] [INFO] Current GPU memory usage: 15593.990234375 MB
[2024-12-08 23:35:41] [INFO] State: {}
[2024-12-08 23:35:41] [INFO] Progress: 56.6% (1416/2500)
 PPL: 20.110699391525195
[2024-12-08 23:35:41] [INFO] Current GPU memory usage: 15593.9853515625 MB
[2024-12-08 23:35:43] [INFO] State: {}
[2024-12-08 23:35:43] [INFO] Progress: 57.1% (1428/2500)
 PPL: 20.13370710216056
[2024-12-08 23:35:43] [INFO] Current GPU memory usage: 15593.9755859375 MB
[2024-12-08 23:35:44] [INFO] State: {}
[2024-12-08 23:35:44] [INFO] Progress: 57.6% (1440/2500)
 PPL: 20.138861054057973
[2024-12-08 23:35:44] [INFO] Current GPU memory usage: 15593.98046875 MB
[2024-12-08 23:35:46] [INFO] State: {}
[2024-12-08 23:35:46] [INFO] Progress: 58.1% (1452/2500)
 PPL: 20.13961875762495
[2024-12-08 23:35:46] [INFO] Current GPU memory usage: 15593.98779296875 MB
[2024-12-08 23:35:48] [INFO] State: {}
[2024-12-08 23:35:48] [INFO] Progress: 58.6% (1464/2500)
 PPL: 20.134935069632323
[2024-12-08 23:35:48] [INFO] Current GPU memory usage: 15593.98486328125 MB
[2024-12-08 23:35:49] [INFO] State: {}
[2024-12-08 23:35:49] [INFO] Progress: 59.0% (1476/2500)
 PPL: 20.134869756712984
[2024-12-08 23:35:49] [INFO] Current GPU memory usage: 15593.98046875 MB
[2024-12-08 23:35:51] [INFO] State: {}
[2024-12-08 23:35:51] [INFO] Progress: 59.5% (1488/2500)
 PPL: 20.150952930312364
[2024-12-08 23:35:51] [INFO] Current GPU memory usage: 15593.98193359375 MB
[2024-12-08 23:35:52] [INFO] State: {}
[2024-12-08 23:35:52] [INFO] Progress: 60.0% (1500/2500)
 PPL: 20.16062576610071
[2024-12-08 23:35:52] [INFO] Current GPU memory usage: 15593.98486328125 MB
[2024-12-08 23:35:53] [INFO] State: {}
[2024-12-08 23:35:53] [INFO] Progress: 60.5% (1512/2500)
 PPL: 20.166512885008387
[2024-12-08 23:35:53] [INFO] Current GPU memory usage: 15593.98486328125 MB
[2024-12-08 23:35:55] [INFO] State: {}
[2024-12-08 23:35:55] [INFO] Progress: 61.0% (1524/2500)
 PPL: 20.171049132287237
[2024-12-08 23:35:55] [INFO] Current GPU memory usage: 15593.986328125 MB
[2024-12-08 23:35:56] [INFO] State: {}
[2024-12-08 23:35:56] [INFO] Progress: 61.4% (1536/2500)
 PPL: 20.172614997639936
[2024-12-08 23:35:56] [INFO] Current GPU memory usage: 15593.98876953125 MB
[2024-12-08 23:35:58] [INFO] State: {}
[2024-12-08 23:35:58] [INFO] Progress: 61.9% (1548/2500)
 PPL: 20.163420437496065
[2024-12-08 23:35:58] [INFO] Current GPU memory usage: 15593.98974609375 MB
[2024-12-08 23:35:59] [INFO] State: {}
[2024-12-08 23:35:59] [INFO] Progress: 62.4% (1560/2500)
 PPL: 20.180933379736565
[2024-12-08 23:35:59] [INFO] Current GPU memory usage: 15593.9970703125 MB
[2024-12-08 23:36:01] [INFO] State: {}
[2024-12-08 23:36:01] [INFO] Progress: 62.9% (1572/2500)
 PPL: 20.18555727120218
[2024-12-08 23:36:01] [INFO] Current GPU memory usage: 15593.98486328125 MB
[2024-12-08 23:36:02] [INFO] State: {}
[2024-12-08 23:36:02] [INFO] Progress: 63.4% (1584/2500)
 PPL: 20.19695069292201
[2024-12-08 23:36:02] [INFO] Current GPU memory usage: 15593.98828125 MB
[2024-12-08 23:36:04] [INFO] State: {}
[2024-12-08 23:36:04] [INFO] Progress: 63.8% (1596/2500)
 PPL: 20.17158906705715
[2024-12-08 23:36:04] [INFO] Current GPU memory usage: 15593.98828125 MB
[2024-12-08 23:36:06] [INFO] State: {}
[2024-12-08 23:36:06] [INFO] Progress: 64.3% (1608/2500)
 PPL: 20.175448690084057
[2024-12-08 23:36:06] [INFO] Current GPU memory usage: 15593.9873046875 MB
[2024-12-08 23:36:07] [INFO] State: {}
[2024-12-08 23:36:07] [INFO] Progress: 64.8% (1620/2500)
 PPL: 20.178247548387766
[2024-12-08 23:36:07] [INFO] Current GPU memory usage: 15594.0048828125 MB
[2024-12-08 23:36:09] [INFO] State: {}
[2024-12-08 23:36:09] [INFO] Progress: 65.3% (1632/2500)
 PPL: 20.16583042422015
[2024-12-08 23:36:09] [INFO] Current GPU memory usage: 15593.986328125 MB
[2024-12-08 23:36:11] [INFO] State: {}
[2024-12-08 23:36:11] [INFO] Progress: 65.8% (1644/2500)
 PPL: 20.173679324935733
[2024-12-08 23:36:11] [INFO] Current GPU memory usage: 15593.9912109375 MB
[2024-12-08 23:36:12] [INFO] State: {}
[2024-12-08 23:36:12] [INFO] Progress: 66.2% (1656/2500)
 PPL: 20.171725511026402
[2024-12-08 23:36:12] [INFO] Current GPU memory usage: 15593.986328125 MB
[2024-12-08 23:36:14] [INFO] State: {}
[2024-12-08 23:36:14] [INFO] Progress: 66.7% (1668/2500)
 PPL: 20.169089274583836
[2024-12-08 23:36:14] [INFO] Current GPU memory usage: 15593.98388671875 MB
[2024-12-08 23:36:16] [INFO] State: {}
[2024-12-08 23:36:16] [INFO] Progress: 67.2% (1680/2500)
 PPL: 20.16910037951649
[2024-12-08 23:36:16] [INFO] Current GPU memory usage: 15593.98388671875 MB
[2024-12-08 23:36:17] [INFO] State: {}
[2024-12-08 23:36:17] [INFO] Progress: 67.7% (1692/2500)
 PPL: 20.159725006003768
[2024-12-08 23:36:17] [INFO] Current GPU memory usage: 15593.98583984375 MB
[2024-12-08 23:36:19] [INFO] State: {}
[2024-12-08 23:36:19] [INFO] Progress: 68.2% (1704/2500)
 PPL: 20.174070347758416
[2024-12-08 23:36:19] [INFO] Current GPU memory usage: 15593.9814453125 MB
[2024-12-08 23:36:20] [INFO] State: {}
[2024-12-08 23:36:20] [INFO] Progress: 68.6% (1716/2500)
 PPL: 20.179727081020612
[2024-12-08 23:36:20] [INFO] Current GPU memory usage: 15593.984375 MB
[2024-12-08 23:36:22] [INFO] State: {}
[2024-12-08 23:36:22] [INFO] Progress: 69.1% (1728/2500)
 PPL: 20.186256243813332
[2024-12-08 23:36:22] [INFO] Current GPU memory usage: 15593.98388671875 MB
[2024-12-08 23:36:24] [INFO] State: {}
[2024-12-08 23:36:24] [INFO] Progress: 69.6% (1740/2500)
 PPL: 20.190397139524965
[2024-12-08 23:36:24] [INFO] Current GPU memory usage: 15593.990234375 MB
[2024-12-08 23:36:25] [INFO] State: {}
[2024-12-08 23:36:25] [INFO] Progress: 70.1% (1752/2500)
 PPL: 20.185741375587366
[2024-12-08 23:36:25] [INFO] Current GPU memory usage: 15593.9892578125 MB
[2024-12-08 23:36:27] [INFO] State: {}
[2024-12-08 23:36:27] [INFO] Progress: 70.6% (1764/2500)
 PPL: 20.180193345200365
[2024-12-08 23:36:27] [INFO] Current GPU memory usage: 15593.98095703125 MB
[2024-12-08 23:36:29] [INFO] State: {}
[2024-12-08 23:36:29] [INFO] Progress: 71.0% (1776/2500)
 PPL: 20.17547983899775
[2024-12-08 23:36:29] [INFO] Current GPU memory usage: 15593.99658203125 MB
[2024-12-08 23:36:30] [INFO] State: {}
[2024-12-08 23:36:30] [INFO] Progress: 71.5% (1788/2500)
 PPL: 20.169238150835458
[2024-12-08 23:36:30] [INFO] Current GPU memory usage: 15593.984375 MB
[2024-12-08 23:36:32] [INFO] State: {}
[2024-12-08 23:36:32] [INFO] Progress: 72.0% (1800/2500)
 PPL: 20.155350499897008
[2024-12-08 23:36:32] [INFO] Current GPU memory usage: 15593.98828125 MB
[2024-12-08 23:36:34] [INFO] State: {}
[2024-12-08 23:36:34] [INFO] Progress: 72.5% (1812/2500)
 PPL: 20.15921700388179
[2024-12-08 23:36:34] [INFO] Current GPU memory usage: 15593.99755859375 MB
[2024-12-08 23:36:35] [INFO] State: {}
[2024-12-08 23:36:35] [INFO] Progress: 73.0% (1824/2500)
 PPL: 20.165427154852587
[2024-12-08 23:36:35] [INFO] Current GPU memory usage: 15593.98779296875 MB
[2024-12-08 23:36:37] [INFO] State: {}
[2024-12-08 23:36:37] [INFO] Progress: 73.4% (1836/2500)
 PPL: 20.14176817412429
[2024-12-08 23:36:37] [INFO] Current GPU memory usage: 15593.994140625 MB
[2024-12-08 23:36:38] [INFO] State: {}
[2024-12-08 23:36:38] [INFO] Progress: 73.9% (1848/2500)
 PPL: 20.14467310150811
[2024-12-08 23:36:38] [INFO] Current GPU memory usage: 15593.990234375 MB
[2024-12-08 23:36:40] [INFO] State: {}
[2024-12-08 23:36:40] [INFO] Progress: 74.4% (1860/2500)
 PPL: 20.130940274580684
[2024-12-08 23:36:40] [INFO] Current GPU memory usage: 15593.98046875 MB
[2024-12-08 23:36:42] [INFO] State: {}
[2024-12-08 23:36:42] [INFO] Progress: 74.9% (1872/2500)
 PPL: 20.142148437149768
[2024-12-08 23:36:42] [INFO] Current GPU memory usage: 15593.98388671875 MB
[2024-12-08 23:36:43] [INFO] State: {}
[2024-12-08 23:36:43] [INFO] Progress: 75.4% (1884/2500)
 PPL: 20.139079098738836
[2024-12-08 23:36:43] [INFO] Current GPU memory usage: 15593.99072265625 MB
[2024-12-08 23:36:45] [INFO] State: {}
[2024-12-08 23:36:45] [INFO] Progress: 75.8% (1896/2500)
 PPL: 20.120788135299097
[2024-12-08 23:36:45] [INFO] Current GPU memory usage: 15593.98291015625 MB
[2024-12-08 23:36:46] [INFO] State: {}
[2024-12-08 23:36:46] [INFO] Progress: 76.3% (1908/2500)
 PPL: 20.138807764303557
[2024-12-08 23:36:46] [INFO] Current GPU memory usage: 15593.9892578125 MB
[2024-12-08 23:36:48] [INFO] State: {}
[2024-12-08 23:36:48] [INFO] Progress: 76.8% (1920/2500)
 PPL: 20.142552296109525
[2024-12-08 23:36:48] [INFO] Current GPU memory usage: 15593.9853515625 MB
[2024-12-08 23:36:49] [INFO] State: {}
[2024-12-08 23:36:49] [INFO] Progress: 77.3% (1932/2500)
 PPL: 20.1418655518835
[2024-12-08 23:36:49] [INFO] Current GPU memory usage: 15593.99365234375 MB
[2024-12-08 23:36:51] [INFO] State: {}
[2024-12-08 23:36:51] [INFO] Progress: 77.8% (1944/2500)
 PPL: 20.13777782609077
[2024-12-08 23:36:51] [INFO] Current GPU memory usage: 15593.98583984375 MB
[2024-12-08 23:36:52] [INFO] State: {}
[2024-12-08 23:36:52] [INFO] Progress: 78.2% (1956/2500)
 PPL: 20.144056997739217
[2024-12-08 23:36:52] [INFO] Current GPU memory usage: 15594.0 MB
[2024-12-08 23:36:54] [INFO] State: {}
[2024-12-08 23:36:54] [INFO] Progress: 78.7% (1968/2500)
 PPL: 20.1361374938887
[2024-12-08 23:36:54] [INFO] Current GPU memory usage: 15593.9912109375 MB
[2024-12-08 23:36:56] [INFO] State: {}
[2024-12-08 23:36:56] [INFO] Progress: 79.2% (1980/2500)
 PPL: 20.11964825955191
[2024-12-08 23:36:56] [INFO] Current GPU memory usage: 15593.98583984375 MB
[2024-12-08 23:36:58] [INFO] State: {}
[2024-12-08 23:36:58] [INFO] Progress: 79.7% (1992/2500)
 PPL: 20.13037084725034
[2024-12-08 23:36:58] [INFO] Current GPU memory usage: 15593.9814453125 MB
[2024-12-08 23:36:59] [INFO] State: {}
[2024-12-08 23:36:59] [INFO] Progress: 80.2% (2004/2500)
 PPL: 20.141742538941553
[2024-12-08 23:36:59] [INFO] Current GPU memory usage: 15593.9833984375 MB
[2024-12-08 23:37:01] [INFO] State: {}
[2024-12-08 23:37:01] [INFO] Progress: 80.6% (2016/2500)
 PPL: 20.1359029731397
[2024-12-08 23:37:01] [INFO] Current GPU memory usage: 15593.97802734375 MB
[2024-12-08 23:37:03] [INFO] State: {}
[2024-12-08 23:37:03] [INFO] Progress: 81.1% (2028/2500)
 PPL: 20.138560155379214
[2024-12-08 23:37:03] [INFO] Current GPU memory usage: 15593.998046875 MB
[2024-12-08 23:37:04] [INFO] State: {}
[2024-12-08 23:37:04] [INFO] Progress: 81.6% (2040/2500)
 PPL: 20.144640881860443
[2024-12-08 23:37:04] [INFO] Current GPU memory usage: 15593.98681640625 MB
[2024-12-08 23:37:05] [INFO] State: {}
[2024-12-08 23:37:05] [INFO] Progress: 82.1% (2052/2500)
 PPL: 20.144779016853047
[2024-12-08 23:37:05] [INFO] Current GPU memory usage: 15593.98388671875 MB
[2024-12-08 23:37:07] [INFO] State: {}
[2024-12-08 23:37:07] [INFO] Progress: 82.6% (2064/2500)
 PPL: 20.15626040155673
[2024-12-08 23:37:07] [INFO] Current GPU memory usage: 15593.98876953125 MB
[2024-12-08 23:37:08] [INFO] State: {}
[2024-12-08 23:37:08] [INFO] Progress: 83.0% (2076/2500)
 PPL: 20.15481743771203
[2024-12-08 23:37:08] [INFO] Current GPU memory usage: 15593.98974609375 MB
[2024-12-08 23:37:09] [INFO] State: {}
[2024-12-08 23:37:09] [INFO] Progress: 83.5% (2088/2500)
 PPL: 20.182578810554677
[2024-12-08 23:37:09] [INFO] Current GPU memory usage: 15593.9931640625 MB
[2024-12-08 23:37:11] [INFO] State: {}
[2024-12-08 23:37:11] [INFO] Progress: 84.0% (2100/2500)
 PPL: 20.184602403866265
[2024-12-08 23:37:11] [INFO] Current GPU memory usage: 15593.986328125 MB
[2024-12-08 23:37:12] [INFO] State: {}
[2024-12-08 23:37:12] [INFO] Progress: 84.5% (2112/2500)
 PPL: 20.207097002117617
[2024-12-08 23:37:12] [INFO] Current GPU memory usage: 15593.9912109375 MB
[2024-12-08 23:37:14] [INFO] State: {}
[2024-12-08 23:37:14] [INFO] Progress: 85.0% (2124/2500)
 PPL: 20.19180731698927
[2024-12-08 23:37:14] [INFO] Current GPU memory usage: 15593.99951171875 MB
[2024-12-08 23:37:16] [INFO] State: {}
[2024-12-08 23:37:16] [INFO] Progress: 85.4% (2136/2500)
 PPL: 20.198840302521027
[2024-12-08 23:37:16] [INFO] Current GPU memory usage: 15593.978515625 MB
[2024-12-08 23:37:17] [INFO] State: {}
[2024-12-08 23:37:17] [INFO] Progress: 85.9% (2148/2500)
 PPL: 20.19572636590021
[2024-12-08 23:37:17] [INFO] Current GPU memory usage: 15593.9833984375 MB
[2024-12-08 23:37:19] [INFO] State: {}
[2024-12-08 23:37:19] [INFO] Progress: 86.4% (2160/2500)
 PPL: 20.20046393000179
[2024-12-08 23:37:19] [INFO] Current GPU memory usage: 15593.9833984375 MB
[2024-12-08 23:37:20] [INFO] State: {}
[2024-12-08 23:37:20] [INFO] Progress: 86.9% (2172/2500)
 PPL: 20.20426774730385
[2024-12-08 23:37:20] [INFO] Current GPU memory usage: 15593.9853515625 MB
[2024-12-08 23:37:22] [INFO] State: {}
[2024-12-08 23:37:22] [INFO] Progress: 87.4% (2184/2500)
 PPL: 20.186975444358758
[2024-12-08 23:37:22] [INFO] Current GPU memory usage: 15593.98779296875 MB
[2024-12-08 23:37:24] [INFO] State: {}
[2024-12-08 23:37:24] [INFO] Progress: 87.8% (2196/2500)
 PPL: 20.18876084437706
[2024-12-08 23:37:24] [INFO] Current GPU memory usage: 15593.99072265625 MB
[2024-12-08 23:37:25] [INFO] State: {}
[2024-12-08 23:37:25] [INFO] Progress: 88.3% (2208/2500)
 PPL: 20.18234556803167
[2024-12-08 23:37:25] [INFO] Current GPU memory usage: 15593.98193359375 MB
[2024-12-08 23:37:27] [INFO] State: {}
[2024-12-08 23:37:27] [INFO] Progress: 88.8% (2220/2500)
 PPL: 20.19425712644707
[2024-12-08 23:37:27] [INFO] Current GPU memory usage: 15593.98828125 MB
[2024-12-08 23:37:28] [INFO] State: {}
[2024-12-08 23:37:28] [INFO] Progress: 89.3% (2232/2500)
 PPL: 20.191861393533724
[2024-12-08 23:37:28] [INFO] Current GPU memory usage: 15593.98388671875 MB
[2024-12-08 23:37:30] [INFO] State: {}
[2024-12-08 23:37:30] [INFO] Progress: 89.8% (2244/2500)
 PPL: 20.196243323834555
[2024-12-08 23:37:30] [INFO] Current GPU memory usage: 15593.9853515625 MB
[2024-12-08 23:37:31] [INFO] State: {}
[2024-12-08 23:37:31] [INFO] Progress: 90.2% (2256/2500)
 PPL: 20.21319379940019
[2024-12-08 23:37:31] [INFO] Current GPU memory usage: 15593.99755859375 MB
[2024-12-08 23:37:33] [INFO] State: {}
[2024-12-08 23:37:33] [INFO] Progress: 90.7% (2268/2500)
 PPL: 20.210614441652574
[2024-12-08 23:37:33] [INFO] Current GPU memory usage: 15593.99560546875 MB
[2024-12-08 23:37:34] [INFO] State: {}
[2024-12-08 23:37:34] [INFO] Progress: 91.2% (2280/2500)
 PPL: 20.216221796013283
[2024-12-08 23:37:34] [INFO] Current GPU memory usage: 15593.99072265625 MB
[2024-12-08 23:37:36] [INFO] State: {}
[2024-12-08 23:37:36] [INFO] Progress: 91.7% (2292/2500)
 PPL: 20.210912400601448
[2024-12-08 23:37:36] [INFO] Current GPU memory usage: 15593.98779296875 MB
[2024-12-08 23:37:37] [INFO] State: {}
[2024-12-08 23:37:37] [INFO] Progress: 92.2% (2304/2500)
 PPL: 20.205525116794526
[2024-12-08 23:37:37] [INFO] Current GPU memory usage: 15593.99267578125 MB
[2024-12-08 23:37:39] [INFO] State: {}
[2024-12-08 23:37:39] [INFO] Progress: 92.6% (2316/2500)
 PPL: 20.20963622983056
[2024-12-08 23:37:39] [INFO] Current GPU memory usage: 15593.98876953125 MB
[2024-12-08 23:37:41] [INFO] State: {}
[2024-12-08 23:37:41] [INFO] Progress: 93.1% (2328/2500)
 PPL: 20.20250298456639
[2024-12-08 23:37:41] [INFO] Current GPU memory usage: 15593.9921875 MB
[2024-12-08 23:37:42] [INFO] State: {}
[2024-12-08 23:37:42] [INFO] Progress: 93.6% (2340/2500)
 PPL: 20.200674491290705
[2024-12-08 23:37:42] [INFO] Current GPU memory usage: 15593.99560546875 MB
[2024-12-08 23:37:44] [INFO] State: {}
[2024-12-08 23:37:44] [INFO] Progress: 94.1% (2352/2500)
 PPL: 20.194776915045498
[2024-12-08 23:37:44] [INFO] Current GPU memory usage: 15593.984375 MB
[2024-12-08 23:37:45] [INFO] State: {}
[2024-12-08 23:37:45] [INFO] Progress: 94.6% (2364/2500)
 PPL: 20.19181229015793
[2024-12-08 23:37:45] [INFO] Current GPU memory usage: 15593.98681640625 MB
[2024-12-08 23:37:47] [INFO] State: {}
[2024-12-08 23:37:47] [INFO] Progress: 95.0% (2376/2500)
 PPL: 20.190061796093758
[2024-12-08 23:37:47] [INFO] Current GPU memory usage: 15593.98583984375 MB
[2024-12-08 23:37:49] [INFO] State: {}
[2024-12-08 23:37:49] [INFO] Progress: 95.5% (2388/2500)
 PPL: 20.183375935629318
[2024-12-08 23:37:49] [INFO] Current GPU memory usage: 15593.990234375 MB
[2024-12-08 23:37:50] [INFO] State: {}
[2024-12-08 23:37:50] [INFO] Progress: 96.0% (2400/2500)
 PPL: 20.168428866662985
[2024-12-08 23:37:50] [INFO] Current GPU memory usage: 15593.98828125 MB
[2024-12-08 23:37:52] [INFO] State: {}
[2024-12-08 23:37:52] [INFO] Progress: 96.5% (2412/2500)
 PPL: 20.16355126818906
[2024-12-08 23:37:52] [INFO] Current GPU memory usage: 15593.9892578125 MB
[2024-12-08 23:37:54] [INFO] State: {}
[2024-12-08 23:37:54] [INFO] Progress: 97.0% (2424/2500)
 PPL: 20.16618719597972
[2024-12-08 23:37:54] [INFO] Current GPU memory usage: 15593.9892578125 MB
[2024-12-08 23:37:55] [INFO] State: {}
[2024-12-08 23:37:55] [INFO] Progress: 97.4% (2436/2500)
 PPL: 20.177251166598403
[2024-12-08 23:37:55] [INFO] Current GPU memory usage: 15593.982421875 MB
[2024-12-08 23:37:56] [INFO] State: {}
[2024-12-08 23:37:56] [INFO] Progress: 97.9% (2448/2500)
 PPL: 20.178297063619596
[2024-12-08 23:37:56] [INFO] Current GPU memory usage: 15593.9921875 MB
[2024-12-08 23:37:58] [INFO] State: {}
[2024-12-08 23:37:58] [INFO] Progress: 98.4% (2460/2500)
 PPL: 20.179575633891826
[2024-12-08 23:37:58] [INFO] Current GPU memory usage: 15593.984375 MB
[2024-12-08 23:37:59] [INFO] State: {}
[2024-12-08 23:37:59] [INFO] Progress: 98.9% (2472/2500)
 PPL: 20.180417700220094
[2024-12-08 23:37:59] [INFO] Current GPU memory usage: 15593.98681640625 MB
[2024-12-08 23:38:01] [INFO] State: {}
[2024-12-08 23:38:01] [INFO] Progress: 99.4% (2484/2500)
 PPL: 20.181743554232025
[2024-12-08 23:38:01] [INFO] Current GPU memory usage: 15593.98583984375 MB
[2024-12-08 23:38:02] [INFO] State: {}
[2024-12-08 23:38:02] [INFO] Progress: 99.8% (2496/2500)
 PPL: 20.185408780841904
[2024-12-08 23:38:02] [INFO] Current GPU memory usage: 15593.984375 MB
[2024-12-08 23:38:03] [INFO] Perplexity: 20.19030653608845
[2024-12-08 23:38:03] [INFO] CUDA Memory Summary:
[2024-12-08 23:38:03] [INFO] |===========================================================================|
|                  PyTorch CUDA memory summary, device ID 0                 |
|---------------------------------------------------------------------------|
|            CUDA OOMs: 0            |        cudaMalloc retries: 0         |
|===========================================================================|
|        Metric         | Cur Usage  | Peak Usage | Tot Alloc  | Tot Freed  |
|---------------------------------------------------------------------------|
| Allocated memory      |  15593 MiB |  19602 MiB |  54304 GiB |  54289 GiB |
|       from large pool |  15593 MiB |  19601 MiB |  54278 GiB |  54263 GiB |
|       from small pool |      0 MiB |      8 MiB |     26 GiB |     26 GiB |
|---------------------------------------------------------------------------|
| Active memory         |  15593 MiB |  19602 MiB |  54304 GiB |  54289 GiB |
|       from large pool |  15593 MiB |  19601 MiB |  54278 GiB |  54263 GiB |
|       from small pool |      0 MiB |      8 MiB |     26 GiB |     26 GiB |
|---------------------------------------------------------------------------|
| Requested memory      |  15593 MiB |  19602 MiB |  54304 GiB |  54289 GiB |
|       from large pool |  15593 MiB |  19601 MiB |  54278 GiB |  54263 GiB |
|       from small pool |      0 MiB |      8 MiB |     25 GiB |     25 GiB |
|---------------------------------------------------------------------------|
| GPU reserved memory   |  20730 MiB |  20730 MiB |  20730 MiB |      0 B   |
|       from large pool |  20720 MiB |  20720 MiB |  20720 MiB |      0 B   |
|       from small pool |     10 MiB |     10 MiB |     10 MiB |      0 B   |
|---------------------------------------------------------------------------|
| Non-releasable memory |      0 B   |      0 B   |      0 B   |      0 B   |
|       from large pool |      0 B   |      0 B   |      0 B   |      0 B   |
|       from small pool |      0 B   |      0 B   |      0 B   |      0 B   |
|---------------------------------------------------------------------------|
| Allocations           |     323    |     346    |    3378 K  |    3377 K  |
|       from large pool |     258    |     269    |    2824 K  |    2824 K  |
|       from small pool |      65    |      85    |     553 K  |     553 K  |
|---------------------------------------------------------------------------|
| Active allocs         |     323    |     346    |    3378 K  |    3377 K  |
|       from large pool |     258    |     269    |    2824 K  |    2824 K  |
|       from small pool |      65    |      85    |     553 K  |     553 K  |
|---------------------------------------------------------------------------|
| GPU reserved segments |       0    |       0    |       0    |       0    |
|       from large pool |       0    |       0    |       0    |       0    |
|       from small pool |       0    |       0    |       0    |       0    |
|---------------------------------------------------------------------------|
| Non-releasable allocs |       0    |       0    |       0    |       0    |
|       from large pool |       0    |       0    |       0    |       0    |
|       from small pool |       0    |       0    |       0    |       0    |
|---------------------------------------------------------------------------|
| Oversize allocations  |       0    |       0    |       0    |       0    |
|---------------------------------------------------------------------------|
| Oversize GPU segments |       0    |       0    |       0    |       0    |
|===========================================================================|

[2024-12-08 23:38:03] [INFO] FIN.
