[2024-12-08 23:38:07] [INFO] #### Starting activation capture script.
[2024-12-08 23:38:07] [INFO] #### Arguments:
[2024-12-08 23:38:07] [INFO] # model_dir=/workspace/llama_3.2-3B_model/original
[2024-12-08 23:38:07] [INFO] # sae_dir=/workspace/sae_final_2024-10-28.pth
[2024-12-08 23:38:07] [INFO] # num_samples=20000
[2024-12-08 23:38:07] [INFO] # drop latents=70
[2024-12-08 23:38:07] [INFO] #### GPU Configuration:
[2024-12-08 23:38:07] [INFO] # device=cuda
[2024-12-08 23:38:07] [INFO] #### Configuration:
[2024-12-08 23:38:07] [INFO] # batch_size=8
[2024-12-08 23:38:07] [INFO] # dataloader_num_workers=4
[2024-12-08 23:38:07] [INFO] # dtype=torch.bfloat16
[2024-12-08 23:38:07] [INFO] # max_token_length=512
[2024-12-08 23:38:07] [INFO] # add_bos_token=True
[2024-12-08 23:38:07] [INFO] # dataset_shuffle=True
[2024-12-08 23:38:07] [INFO] Loading tokenizer...
[2024-12-08 23:38:07] [INFO] Creating dataset, sampler and dataloader...
[2024-12-08 23:38:07] [INFO] Initializing Wikitext2 Dataset with max_token_length=512...
[2024-12-08 23:38:09] [INFO] Shuffling the dataset...
[2024-12-08 23:38:09] [INFO] Dataset size: 20000 samples
[2024-12-08 23:38:09] [INFO] Dataloader created with 2500 batches.
[2024-12-08 23:38:09] [INFO] Loading activation mask masks/mask_70
[2024-12-08 23:38:09] [INFO] Initializing SAE from /workspace/sae_final_2024-10-28.pth
[2024-12-08 23:38:09] [INFO] Loading TopK SAE model weights and config from: /workspace/sae_final_2024-10-28.pth
[2024-12-08 23:38:10] [INFO] Initializing TopK SAE model and loading state dict...
[2024-12-08 23:38:30] [INFO] Moving model to device cuda and setting to eval mode...
[2024-12-08 23:38:30] [INFO] Loading model parameters from /workspace/llama_3.2-3B_model/original/params.json...
[2024-12-08 23:38:30] [INFO] Initializing model on CPU...
[2024-12-08 23:39:03] [INFO] Loading model weights into CPU memory...
[2024-12-08 23:39:07] [INFO] Loading model weights into model...
[2024-12-08 23:39:10] [INFO] Model weights loaded successfully. Moving model to device cuda...
[2024-12-08 23:39:12] [INFO] Setting model to eval mode...
[2024-12-08 23:39:12] [INFO] Model created successfully.
[2024-12-08 23:39:12] [INFO] Starting capture of activations...
[2024-12-08 23:39:16] [INFO] State: {}
[2024-12-08 23:39:16] [INFO] Progress: 0.5% (12/2500)
 PPL: 19.55579603837028
[2024-12-08 23:39:16] [INFO] Current GPU memory usage: 15593.9853515625 MB
[2024-12-08 23:39:17] [INFO] State: {}
[2024-12-08 23:39:17] [INFO] Progress: 1.0% (24/2500)
 PPL: 20.38643715633838
[2024-12-08 23:39:17] [INFO] Current GPU memory usage: 15593.9873046875 MB
[2024-12-08 23:39:19] [INFO] State: {}
[2024-12-08 23:39:19] [INFO] Progress: 1.4% (36/2500)
 PPL: 19.797016437843407
[2024-12-08 23:39:19] [INFO] Current GPU memory usage: 15593.9921875 MB
[2024-12-08 23:39:21] [INFO] State: {}
[2024-12-08 23:39:21] [INFO] Progress: 1.9% (48/2500)
 PPL: 19.58796294827022
[2024-12-08 23:39:21] [INFO] Current GPU memory usage: 15593.98486328125 MB
[2024-12-08 23:39:22] [INFO] State: {}
[2024-12-08 23:39:22] [INFO] Progress: 2.4% (60/2500)
 PPL: 19.89659701531307
[2024-12-08 23:39:22] [INFO] Current GPU memory usage: 15593.998046875 MB
[2024-12-08 23:39:24] [INFO] State: {}
[2024-12-08 23:39:24] [INFO] Progress: 2.9% (72/2500)
 PPL: 19.874126586966348
[2024-12-08 23:39:24] [INFO] Current GPU memory usage: 15593.974609375 MB
[2024-12-08 23:39:25] [INFO] State: {}
[2024-12-08 23:39:25] [INFO] Progress: 3.4% (84/2500)
 PPL: 19.925903075062706
[2024-12-08 23:39:25] [INFO] Current GPU memory usage: 15593.99658203125 MB
[2024-12-08 23:39:27] [INFO] State: {}
[2024-12-08 23:39:27] [INFO] Progress: 3.8% (96/2500)
 PPL: 20.38871372994875
[2024-12-08 23:39:27] [INFO] Current GPU memory usage: 15593.982421875 MB
[2024-12-08 23:39:28] [INFO] State: {}
[2024-12-08 23:39:28] [INFO] Progress: 4.3% (108/2500)
 PPL: 20.358158017135196
[2024-12-08 23:39:28] [INFO] Current GPU memory usage: 15593.9853515625 MB
[2024-12-08 23:39:29] [INFO] State: {}
[2024-12-08 23:39:29] [INFO] Progress: 4.8% (120/2500)
 PPL: 20.70635668493649
[2024-12-08 23:39:29] [INFO] Current GPU memory usage: 15593.974609375 MB
[2024-12-08 23:39:31] [INFO] State: {}
[2024-12-08 23:39:31] [INFO] Progress: 5.3% (132/2500)
 PPL: 20.81976959811275
[2024-12-08 23:39:31] [INFO] Current GPU memory usage: 15593.98828125 MB
[2024-12-08 23:39:32] [INFO] State: {}
[2024-12-08 23:39:32] [INFO] Progress: 5.8% (144/2500)
 PPL: 20.816588534072633
[2024-12-08 23:39:32] [INFO] Current GPU memory usage: 15593.98095703125 MB
[2024-12-08 23:39:34] [INFO] State: {}
[2024-12-08 23:39:34] [INFO] Progress: 6.2% (156/2500)
 PPL: 20.73181609904542
[2024-12-08 23:39:34] [INFO] Current GPU memory usage: 15593.98583984375 MB
[2024-12-08 23:39:35] [INFO] State: {}
[2024-12-08 23:39:35] [INFO] Progress: 6.7% (168/2500)
 PPL: 20.795737615061135
[2024-12-08 23:39:35] [INFO] Current GPU memory usage: 15593.98486328125 MB
[2024-12-08 23:39:37] [INFO] State: {}
[2024-12-08 23:39:37] [INFO] Progress: 7.2% (180/2500)
 PPL: 20.74588343161649
[2024-12-08 23:39:37] [INFO] Current GPU memory usage: 15594.00390625 MB
[2024-12-08 23:39:39] [INFO] State: {}
[2024-12-08 23:39:39] [INFO] Progress: 7.7% (192/2500)
 PPL: 20.808862882921282
[2024-12-08 23:39:39] [INFO] Current GPU memory usage: 15594.0 MB
[2024-12-08 23:39:41] [INFO] State: {}
[2024-12-08 23:39:41] [INFO] Progress: 8.2% (204/2500)
 PPL: 20.568937075681774
[2024-12-08 23:39:41] [INFO] Current GPU memory usage: 15593.984375 MB
[2024-12-08 23:39:42] [INFO] State: {}
[2024-12-08 23:39:42] [INFO] Progress: 8.6% (216/2500)
 PPL: 20.51082320433188
[2024-12-08 23:39:42] [INFO] Current GPU memory usage: 15594.00439453125 MB
[2024-12-08 23:39:44] [INFO] State: {}
[2024-12-08 23:39:44] [INFO] Progress: 9.1% (228/2500)
 PPL: 20.48576114725758
[2024-12-08 23:39:44] [INFO] Current GPU memory usage: 15593.9951171875 MB
[2024-12-08 23:39:46] [INFO] State: {}
[2024-12-08 23:39:46] [INFO] Progress: 9.6% (240/2500)
 PPL: 20.408659224398683
[2024-12-08 23:39:46] [INFO] Current GPU memory usage: 15593.98388671875 MB
[2024-12-08 23:39:48] [INFO] State: {}
[2024-12-08 23:39:48] [INFO] Progress: 10.1% (252/2500)
 PPL: 20.281740845441366
[2024-12-08 23:39:48] [INFO] Current GPU memory usage: 15593.9833984375 MB
[2024-12-08 23:39:49] [INFO] State: {}
[2024-12-08 23:39:49] [INFO] Progress: 10.6% (264/2500)
 PPL: 20.34948102852036
[2024-12-08 23:39:49] [INFO] Current GPU memory usage: 15593.98388671875 MB
[2024-12-08 23:39:51] [INFO] State: {}
[2024-12-08 23:39:51] [INFO] Progress: 11.0% (276/2500)
 PPL: 20.34274348679792
[2024-12-08 23:39:51] [INFO] Current GPU memory usage: 15593.9853515625 MB
[2024-12-08 23:39:52] [INFO] State: {}
[2024-12-08 23:39:52] [INFO] Progress: 11.5% (288/2500)
 PPL: 20.38023347251844
[2024-12-08 23:39:52] [INFO] Current GPU memory usage: 15593.986328125 MB
[2024-12-08 23:39:54] [INFO] State: {}
[2024-12-08 23:39:54] [INFO] Progress: 12.0% (300/2500)
 PPL: 20.37385454132232
[2024-12-08 23:39:54] [INFO] Current GPU memory usage: 15593.99755859375 MB
[2024-12-08 23:39:55] [INFO] State: {}
[2024-12-08 23:39:55] [INFO] Progress: 12.5% (312/2500)
 PPL: 20.31098897023163
[2024-12-08 23:39:55] [INFO] Current GPU memory usage: 15593.9775390625 MB
[2024-12-08 23:39:57] [INFO] State: {}
[2024-12-08 23:39:57] [INFO] Progress: 13.0% (324/2500)
 PPL: 20.338905551578595
[2024-12-08 23:39:57] [INFO] Current GPU memory usage: 15593.99462890625 MB
[2024-12-08 23:39:59] [INFO] State: {}
[2024-12-08 23:39:59] [INFO] Progress: 13.4% (336/2500)
 PPL: 20.384722885749287
[2024-12-08 23:39:59] [INFO] Current GPU memory usage: 15593.990234375 MB
[2024-12-08 23:40:00] [INFO] State: {}
[2024-12-08 23:40:00] [INFO] Progress: 13.9% (348/2500)
 PPL: 20.35671783205932
[2024-12-08 23:40:00] [INFO] Current GPU memory usage: 15593.98193359375 MB
[2024-12-08 23:40:02] [INFO] State: {}
[2024-12-08 23:40:02] [INFO] Progress: 14.4% (360/2500)
 PPL: 20.430505304054858
[2024-12-08 23:40:02] [INFO] Current GPU memory usage: 15593.9794921875 MB
[2024-12-08 23:40:03] [INFO] State: {}
[2024-12-08 23:40:03] [INFO] Progress: 14.9% (372/2500)
 PPL: 20.413152060418454
[2024-12-08 23:40:03] [INFO] Current GPU memory usage: 15593.982421875 MB
[2024-12-08 23:40:05] [INFO] State: {}
[2024-12-08 23:40:05] [INFO] Progress: 15.4% (384/2500)
 PPL: 20.44856291869525
[2024-12-08 23:40:05] [INFO] Current GPU memory usage: 15593.99072265625 MB
[2024-12-08 23:40:06] [INFO] State: {}
[2024-12-08 23:40:06] [INFO] Progress: 15.8% (396/2500)
 PPL: 20.589083558121178
[2024-12-08 23:40:06] [INFO] Current GPU memory usage: 15593.9912109375 MB
[2024-12-08 23:40:08] [INFO] State: {}
[2024-12-08 23:40:08] [INFO] Progress: 16.3% (408/2500)
 PPL: 20.66798232712236
[2024-12-08 23:40:08] [INFO] Current GPU memory usage: 15593.9892578125 MB
[2024-12-08 23:40:10] [INFO] State: {}
[2024-12-08 23:40:10] [INFO] Progress: 16.8% (420/2500)
 PPL: 20.62072548082589
[2024-12-08 23:40:10] [INFO] Current GPU memory usage: 15593.9970703125 MB
[2024-12-08 23:40:12] [INFO] State: {}
[2024-12-08 23:40:12] [INFO] Progress: 17.3% (432/2500)
 PPL: 20.608878128948128
[2024-12-08 23:40:12] [INFO] Current GPU memory usage: 15593.99072265625 MB
[2024-12-08 23:40:13] [INFO] State: {}
[2024-12-08 23:40:13] [INFO] Progress: 17.8% (444/2500)
 PPL: 20.55834999111017
[2024-12-08 23:40:13] [INFO] Current GPU memory usage: 15593.98388671875 MB
[2024-12-08 23:40:15] [INFO] State: {}
[2024-12-08 23:40:15] [INFO] Progress: 18.2% (456/2500)
 PPL: 20.52887491356097
[2024-12-08 23:40:15] [INFO] Current GPU memory usage: 15593.9853515625 MB
[2024-12-08 23:40:17] [INFO] State: {}
[2024-12-08 23:40:17] [INFO] Progress: 18.7% (468/2500)
 PPL: 20.578546930706523
[2024-12-08 23:40:17] [INFO] Current GPU memory usage: 15593.994140625 MB
[2024-12-08 23:40:18] [INFO] State: {}
[2024-12-08 23:40:18] [INFO] Progress: 19.2% (480/2500)
 PPL: 20.563165835474454
[2024-12-08 23:40:18] [INFO] Current GPU memory usage: 15593.98876953125 MB
[2024-12-08 23:40:20] [INFO] State: {}
[2024-12-08 23:40:20] [INFO] Progress: 19.7% (492/2500)
 PPL: 20.54186307096192
[2024-12-08 23:40:20] [INFO] Current GPU memory usage: 15593.98681640625 MB
[2024-12-08 23:40:22] [INFO] State: {}
[2024-12-08 23:40:22] [INFO] Progress: 20.2% (504/2500)
 PPL: 20.513485644087467
[2024-12-08 23:40:22] [INFO] Current GPU memory usage: 15593.98681640625 MB
[2024-12-08 23:40:23] [INFO] State: {}
[2024-12-08 23:40:23] [INFO] Progress: 20.6% (516/2500)
 PPL: 20.524137881203135
[2024-12-08 23:40:23] [INFO] Current GPU memory usage: 15593.99658203125 MB
[2024-12-08 23:40:25] [INFO] State: {}
[2024-12-08 23:40:25] [INFO] Progress: 21.1% (528/2500)
 PPL: 20.456870203752626
[2024-12-08 23:40:25] [INFO] Current GPU memory usage: 15593.984375 MB
[2024-12-08 23:40:27] [INFO] State: {}
[2024-12-08 23:40:27] [INFO] Progress: 21.6% (540/2500)
 PPL: 20.44472090467571
[2024-12-08 23:40:27] [INFO] Current GPU memory usage: 15593.99169921875 MB
[2024-12-08 23:40:28] [INFO] State: {}
[2024-12-08 23:40:28] [INFO] Progress: 22.1% (552/2500)
 PPL: 20.478842435502663
[2024-12-08 23:40:28] [INFO] Current GPU memory usage: 15593.98388671875 MB
[2024-12-08 23:40:30] [INFO] State: {}
[2024-12-08 23:40:30] [INFO] Progress: 22.6% (564/2500)
 PPL: 20.455260395037524
[2024-12-08 23:40:30] [INFO] Current GPU memory usage: 15593.99072265625 MB
[2024-12-08 23:40:31] [INFO] State: {}
[2024-12-08 23:40:31] [INFO] Progress: 23.0% (576/2500)
 PPL: 20.459945853155798
[2024-12-08 23:40:31] [INFO] Current GPU memory usage: 15593.98779296875 MB
[2024-12-08 23:40:33] [INFO] State: {}
[2024-12-08 23:40:33] [INFO] Progress: 23.5% (588/2500)
 PPL: 20.490507347243543
[2024-12-08 23:40:33] [INFO] Current GPU memory usage: 15593.9892578125 MB
[2024-12-08 23:40:35] [INFO] State: {}
[2024-12-08 23:40:35] [INFO] Progress: 24.0% (600/2500)
 PPL: 20.490616598642458
[2024-12-08 23:40:35] [INFO] Current GPU memory usage: 15593.9794921875 MB
[2024-12-08 23:40:37] [INFO] State: {}
[2024-12-08 23:40:37] [INFO] Progress: 24.5% (612/2500)
 PPL: 20.511833311958995
[2024-12-08 23:40:37] [INFO] Current GPU memory usage: 15593.982421875 MB
[2024-12-08 23:40:38] [INFO] State: {}
[2024-12-08 23:40:38] [INFO] Progress: 25.0% (624/2500)
 PPL: 20.537309912017005
[2024-12-08 23:40:38] [INFO] Current GPU memory usage: 15593.98486328125 MB
[2024-12-08 23:40:40] [INFO] State: {}
[2024-12-08 23:40:40] [INFO] Progress: 25.4% (636/2500)
 PPL: 20.540909259465376
[2024-12-08 23:40:40] [INFO] Current GPU memory usage: 15593.98681640625 MB
[2024-12-08 23:40:42] [INFO] State: {}
[2024-12-08 23:40:42] [INFO] Progress: 25.9% (648/2500)
 PPL: 20.57809844104715
[2024-12-08 23:40:42] [INFO] Current GPU memory usage: 15593.98193359375 MB
[2024-12-08 23:40:43] [INFO] State: {}
[2024-12-08 23:40:43] [INFO] Progress: 26.4% (660/2500)
 PPL: 20.605006600478998
[2024-12-08 23:40:43] [INFO] Current GPU memory usage: 15593.98876953125 MB
[2024-12-08 23:40:45] [INFO] State: {}
[2024-12-08 23:40:45] [INFO] Progress: 26.9% (672/2500)
 PPL: 20.645165171254675
[2024-12-08 23:40:45] [INFO] Current GPU memory usage: 15593.98583984375 MB
[2024-12-08 23:40:46] [INFO] State: {}
[2024-12-08 23:40:46] [INFO] Progress: 27.4% (684/2500)
 PPL: 20.634489389207317
[2024-12-08 23:40:46] [INFO] Current GPU memory usage: 15593.97509765625 MB
[2024-12-08 23:40:48] [INFO] State: {}
[2024-12-08 23:40:48] [INFO] Progress: 27.8% (696/2500)
 PPL: 20.56642463879868
[2024-12-08 23:40:48] [INFO] Current GPU memory usage: 15593.98486328125 MB
[2024-12-08 23:40:49] [INFO] State: {}
[2024-12-08 23:40:49] [INFO] Progress: 28.3% (708/2500)
 PPL: 20.583934078077018
[2024-12-08 23:40:49] [INFO] Current GPU memory usage: 15593.99072265625 MB
[2024-12-08 23:40:51] [INFO] State: {}
[2024-12-08 23:40:51] [INFO] Progress: 28.8% (720/2500)
 PPL: 20.5729798357358
[2024-12-08 23:40:51] [INFO] Current GPU memory usage: 15593.99365234375 MB
[2024-12-08 23:40:52] [INFO] State: {}
[2024-12-08 23:40:52] [INFO] Progress: 29.3% (732/2500)
 PPL: 20.58278502588213
[2024-12-08 23:40:52] [INFO] Current GPU memory usage: 15593.9853515625 MB
[2024-12-08 23:40:54] [INFO] State: {}
[2024-12-08 23:40:54] [INFO] Progress: 29.8% (744/2500)
 PPL: 20.583056239395756
[2024-12-08 23:40:54] [INFO] Current GPU memory usage: 15593.98388671875 MB
[2024-12-08 23:40:56] [INFO] State: {}
[2024-12-08 23:40:56] [INFO] Progress: 30.2% (756/2500)
 PPL: 20.521386112843324
[2024-12-08 23:40:56] [INFO] Current GPU memory usage: 15593.9853515625 MB
[2024-12-08 23:40:57] [INFO] State: {}
[2024-12-08 23:40:57] [INFO] Progress: 30.7% (768/2500)
 PPL: 20.530686382790872
[2024-12-08 23:40:57] [INFO] Current GPU memory usage: 15593.98828125 MB
[2024-12-08 23:40:59] [INFO] State: {}
[2024-12-08 23:40:59] [INFO] Progress: 31.2% (780/2500)
 PPL: 20.568245428549663
[2024-12-08 23:40:59] [INFO] Current GPU memory usage: 15593.98388671875 MB
[2024-12-08 23:41:00] [INFO] State: {}
[2024-12-08 23:41:00] [INFO] Progress: 31.7% (792/2500)
 PPL: 20.582898176804175
[2024-12-08 23:41:00] [INFO] Current GPU memory usage: 15593.9833984375 MB
[2024-12-08 23:41:02] [INFO] State: {}
[2024-12-08 23:41:02] [INFO] Progress: 32.2% (804/2500)
 PPL: 20.59962906654082
[2024-12-08 23:41:02] [INFO] Current GPU memory usage: 15593.97900390625 MB
[2024-12-08 23:41:03] [INFO] State: {}
[2024-12-08 23:41:03] [INFO] Progress: 32.6% (816/2500)
 PPL: 20.61558095603279
[2024-12-08 23:41:03] [INFO] Current GPU memory usage: 15593.98583984375 MB
[2024-12-08 23:41:04] [INFO] State: {}
[2024-12-08 23:41:04] [INFO] Progress: 33.1% (828/2500)
 PPL: 20.63510975521224
[2024-12-08 23:41:04] [INFO] Current GPU memory usage: 15593.98486328125 MB
[2024-12-08 23:41:06] [INFO] State: {}
[2024-12-08 23:41:06] [INFO] Progress: 33.6% (840/2500)
 PPL: 20.617719207108834
[2024-12-08 23:41:06] [INFO] Current GPU memory usage: 15593.994140625 MB
[2024-12-08 23:41:08] [INFO] State: {}
[2024-12-08 23:41:08] [INFO] Progress: 34.1% (852/2500)
 PPL: 20.6070946981091
[2024-12-08 23:41:08] [INFO] Current GPU memory usage: 15593.98388671875 MB
[2024-12-08 23:41:09] [INFO] State: {}
[2024-12-08 23:41:09] [INFO] Progress: 34.6% (864/2500)
 PPL: 20.597317431499828
[2024-12-08 23:41:09] [INFO] Current GPU memory usage: 15593.98486328125 MB
[2024-12-08 23:41:11] [INFO] State: {}
[2024-12-08 23:41:11] [INFO] Progress: 35.0% (876/2500)
 PPL: 20.574959957731995
[2024-12-08 23:41:11] [INFO] Current GPU memory usage: 15593.9931640625 MB
[2024-12-08 23:41:12] [INFO] State: {}
[2024-12-08 23:41:12] [INFO] Progress: 35.5% (888/2500)
 PPL: 20.590399306199124
[2024-12-08 23:41:12] [INFO] Current GPU memory usage: 15593.98974609375 MB
[2024-12-08 23:41:14] [INFO] State: {}
[2024-12-08 23:41:14] [INFO] Progress: 36.0% (900/2500)
 PPL: 20.560997366602656
[2024-12-08 23:41:14] [INFO] Current GPU memory usage: 15593.984375 MB
[2024-12-08 23:41:16] [INFO] State: {}
[2024-12-08 23:41:16] [INFO] Progress: 36.5% (912/2500)
 PPL: 20.519966339441485
[2024-12-08 23:41:16] [INFO] Current GPU memory usage: 15593.9921875 MB
[2024-12-08 23:41:17] [INFO] State: {}
[2024-12-08 23:41:17] [INFO] Progress: 37.0% (924/2500)
 PPL: 20.49954537065722
[2024-12-08 23:41:17] [INFO] Current GPU memory usage: 15593.97802734375 MB
[2024-12-08 23:41:19] [INFO] State: {}
[2024-12-08 23:41:19] [INFO] Progress: 37.4% (936/2500)
 PPL: 20.47345796430492
[2024-12-08 23:41:19] [INFO] Current GPU memory usage: 15593.98291015625 MB
[2024-12-08 23:41:20] [INFO] State: {}
[2024-12-08 23:41:20] [INFO] Progress: 37.9% (948/2500)
 PPL: 20.485085987627098
[2024-12-08 23:41:20] [INFO] Current GPU memory usage: 15593.98388671875 MB
[2024-12-08 23:41:22] [INFO] State: {}
[2024-12-08 23:41:22] [INFO] Progress: 38.4% (960/2500)
 PPL: 20.475834272544283
[2024-12-08 23:41:22] [INFO] Current GPU memory usage: 15594.00048828125 MB
[2024-12-08 23:41:23] [INFO] State: {}
[2024-12-08 23:41:23] [INFO] Progress: 38.9% (972/2500)
 PPL: 20.500069075691044
[2024-12-08 23:41:23] [INFO] Current GPU memory usage: 15593.986328125 MB
[2024-12-08 23:41:25] [INFO] State: {}
[2024-12-08 23:41:25] [INFO] Progress: 39.4% (984/2500)
 PPL: 20.47829933505023
[2024-12-08 23:41:25] [INFO] Current GPU memory usage: 15593.9873046875 MB
[2024-12-08 23:41:26] [INFO] State: {}
[2024-12-08 23:41:26] [INFO] Progress: 39.8% (996/2500)
 PPL: 20.489530655820843
[2024-12-08 23:41:26] [INFO] Current GPU memory usage: 15593.9853515625 MB
[2024-12-08 23:41:28] [INFO] State: {}
[2024-12-08 23:41:28] [INFO] Progress: 40.3% (1008/2500)
 PPL: 20.47091815380692
[2024-12-08 23:41:28] [INFO] Current GPU memory usage: 15593.98486328125 MB
[2024-12-08 23:41:29] [INFO] State: {}
[2024-12-08 23:41:29] [INFO] Progress: 40.8% (1020/2500)
 PPL: 20.463702833695518
[2024-12-08 23:41:29] [INFO] Current GPU memory usage: 15593.9921875 MB
[2024-12-08 23:41:31] [INFO] State: {}
[2024-12-08 23:41:31] [INFO] Progress: 41.3% (1032/2500)
 PPL: 20.477146229834425
[2024-12-08 23:41:31] [INFO] Current GPU memory usage: 15593.9755859375 MB
[2024-12-08 23:41:32] [INFO] State: {}
[2024-12-08 23:41:32] [INFO] Progress: 41.8% (1044/2500)
 PPL: 20.47761395949169
[2024-12-08 23:41:32] [INFO] Current GPU memory usage: 15594.0048828125 MB
[2024-12-08 23:41:34] [INFO] State: {}
[2024-12-08 23:41:34] [INFO] Progress: 42.2% (1056/2500)
 PPL: 20.473693684315773
[2024-12-08 23:41:34] [INFO] Current GPU memory usage: 15593.9951171875 MB
[2024-12-08 23:41:36] [INFO] State: {}
[2024-12-08 23:41:36] [INFO] Progress: 42.7% (1068/2500)
 PPL: 20.451167008918894
[2024-12-08 23:41:36] [INFO] Current GPU memory usage: 15593.982421875 MB
[2024-12-08 23:41:38] [INFO] State: {}
[2024-12-08 23:41:38] [INFO] Progress: 43.2% (1080/2500)
 PPL: 20.437048112346666
[2024-12-08 23:41:38] [INFO] Current GPU memory usage: 15593.982421875 MB
[2024-12-08 23:41:40] [INFO] State: {}
[2024-12-08 23:41:40] [INFO] Progress: 43.7% (1092/2500)
 PPL: 20.440065671471075
[2024-12-08 23:41:40] [INFO] Current GPU memory usage: 15593.98486328125 MB
[2024-12-08 23:41:41] [INFO] State: {}
[2024-12-08 23:41:41] [INFO] Progress: 44.2% (1104/2500)
 PPL: 20.4478930539585
[2024-12-08 23:41:41] [INFO] Current GPU memory usage: 15593.9951171875 MB
[2024-12-08 23:41:43] [INFO] State: {}
[2024-12-08 23:41:43] [INFO] Progress: 44.6% (1116/2500)
 PPL: 20.442261195623455
[2024-12-08 23:41:43] [INFO] Current GPU memory usage: 15593.98193359375 MB
[2024-12-08 23:41:44] [INFO] State: {}
[2024-12-08 23:41:44] [INFO] Progress: 45.1% (1128/2500)
 PPL: 20.444407293255015
[2024-12-08 23:41:44] [INFO] Current GPU memory usage: 15593.98876953125 MB
[2024-12-08 23:41:46] [INFO] State: {}
[2024-12-08 23:41:46] [INFO] Progress: 45.6% (1140/2500)
 PPL: 20.45226581799936
[2024-12-08 23:41:46] [INFO] Current GPU memory usage: 15593.9912109375 MB
[2024-12-08 23:41:47] [INFO] State: {}
[2024-12-08 23:41:47] [INFO] Progress: 46.1% (1152/2500)
 PPL: 20.42456553882656
[2024-12-08 23:41:47] [INFO] Current GPU memory usage: 15593.986328125 MB
[2024-12-08 23:41:49] [INFO] State: {}
[2024-12-08 23:41:49] [INFO] Progress: 46.6% (1164/2500)
 PPL: 20.433600628232856
[2024-12-08 23:41:49] [INFO] Current GPU memory usage: 15593.9833984375 MB
[2024-12-08 23:41:51] [INFO] State: {}
[2024-12-08 23:41:51] [INFO] Progress: 47.0% (1176/2500)
 PPL: 20.41770907822747
[2024-12-08 23:41:51] [INFO] Current GPU memory usage: 15593.9951171875 MB
[2024-12-08 23:41:52] [INFO] State: {}
[2024-12-08 23:41:52] [INFO] Progress: 47.5% (1188/2500)
 PPL: 20.429058973321823
[2024-12-08 23:41:52] [INFO] Current GPU memory usage: 15593.984375 MB
[2024-12-08 23:41:54] [INFO] State: {}
[2024-12-08 23:41:54] [INFO] Progress: 48.0% (1200/2500)
 PPL: 20.4091688011185
[2024-12-08 23:41:54] [INFO] Current GPU memory usage: 15593.986328125 MB
[2024-12-08 23:41:56] [INFO] State: {}
[2024-12-08 23:41:56] [INFO] Progress: 48.5% (1212/2500)
 PPL: 20.4027073085283
[2024-12-08 23:41:56] [INFO] Current GPU memory usage: 15593.99365234375 MB
[2024-12-08 23:41:57] [INFO] State: {}
[2024-12-08 23:41:57] [INFO] Progress: 49.0% (1224/2500)
 PPL: 20.39322419047706
[2024-12-08 23:41:57] [INFO] Current GPU memory usage: 15593.98876953125 MB
[2024-12-08 23:41:58] [INFO] State: {}
[2024-12-08 23:41:58] [INFO] Progress: 49.4% (1236/2500)
 PPL: 20.393134782843834
[2024-12-08 23:41:58] [INFO] Current GPU memory usage: 15593.9873046875 MB
[2024-12-08 23:42:00] [INFO] State: {}
[2024-12-08 23:42:00] [INFO] Progress: 49.9% (1248/2500)
 PPL: 20.38363651741769
[2024-12-08 23:42:00] [INFO] Current GPU memory usage: 15593.984375 MB
[2024-12-08 23:42:02] [INFO] State: {}
[2024-12-08 23:42:02] [INFO] Progress: 50.4% (1260/2500)
 PPL: 20.384007012412184
[2024-12-08 23:42:02] [INFO] Current GPU memory usage: 15593.994140625 MB
[2024-12-08 23:42:03] [INFO] State: {}
[2024-12-08 23:42:03] [INFO] Progress: 50.9% (1272/2500)
 PPL: 20.367365062207263
[2024-12-08 23:42:03] [INFO] Current GPU memory usage: 15593.9990234375 MB
[2024-12-08 23:42:05] [INFO] State: {}
[2024-12-08 23:42:05] [INFO] Progress: 51.4% (1284/2500)
 PPL: 20.356222849952786
[2024-12-08 23:42:05] [INFO] Current GPU memory usage: 15593.9814453125 MB
[2024-12-08 23:42:07] [INFO] State: {}
[2024-12-08 23:42:07] [INFO] Progress: 51.8% (1296/2500)
 PPL: 20.318136220024268
[2024-12-08 23:42:07] [INFO] Current GPU memory usage: 15593.984375 MB
[2024-12-08 23:42:08] [INFO] State: {}
[2024-12-08 23:42:08] [INFO] Progress: 52.3% (1308/2500)
 PPL: 20.300021916693133
[2024-12-08 23:42:08] [INFO] Current GPU memory usage: 15593.9814453125 MB
[2024-12-08 23:42:10] [INFO] State: {}
[2024-12-08 23:42:10] [INFO] Progress: 52.8% (1320/2500)
 PPL: 20.277378944837494
[2024-12-08 23:42:10] [INFO] Current GPU memory usage: 15593.9892578125 MB
[2024-12-08 23:42:12] [INFO] State: {}
[2024-12-08 23:42:12] [INFO] Progress: 53.3% (1332/2500)
 PPL: 20.264246171474998
[2024-12-08 23:42:12] [INFO] Current GPU memory usage: 15593.99951171875 MB
[2024-12-08 23:42:13] [INFO] State: {}
[2024-12-08 23:42:13] [INFO] Progress: 53.8% (1344/2500)
 PPL: 20.254584804931806
[2024-12-08 23:42:13] [INFO] Current GPU memory usage: 15593.98828125 MB
[2024-12-08 23:42:15] [INFO] State: {}
[2024-12-08 23:42:15] [INFO] Progress: 54.2% (1356/2500)
 PPL: 20.26285495744078
[2024-12-08 23:42:15] [INFO] Current GPU memory usage: 15593.97998046875 MB
[2024-12-08 23:42:17] [INFO] State: {}
[2024-12-08 23:42:17] [INFO] Progress: 54.7% (1368/2500)
 PPL: 20.289925445429574
[2024-12-08 23:42:17] [INFO] Current GPU memory usage: 15593.9931640625 MB
[2024-12-08 23:42:18] [INFO] State: {}
[2024-12-08 23:42:18] [INFO] Progress: 55.2% (1380/2500)
 PPL: 20.30519422512956
[2024-12-08 23:42:18] [INFO] Current GPU memory usage: 15593.99169921875 MB
[2024-12-08 23:42:20] [INFO] State: {}
[2024-12-08 23:42:20] [INFO] Progress: 55.7% (1392/2500)
 PPL: 20.277500420262395
[2024-12-08 23:42:20] [INFO] Current GPU memory usage: 15593.990234375 MB
[2024-12-08 23:42:21] [INFO] State: {}
[2024-12-08 23:42:21] [INFO] Progress: 56.2% (1404/2500)
 PPL: 20.273568238943543
[2024-12-08 23:42:21] [INFO] Current GPU memory usage: 15593.990234375 MB
[2024-12-08 23:42:23] [INFO] State: {}
[2024-12-08 23:42:23] [INFO] Progress: 56.6% (1416/2500)
 PPL: 20.27505624264312
[2024-12-08 23:42:23] [INFO] Current GPU memory usage: 15593.9853515625 MB
[2024-12-08 23:42:24] [INFO] State: {}
[2024-12-08 23:42:24] [INFO] Progress: 57.1% (1428/2500)
 PPL: 20.29809821782276
[2024-12-08 23:42:24] [INFO] Current GPU memory usage: 15593.9755859375 MB
[2024-12-08 23:42:26] [INFO] State: {}
[2024-12-08 23:42:26] [INFO] Progress: 57.6% (1440/2500)
 PPL: 20.303226996445165
[2024-12-08 23:42:26] [INFO] Current GPU memory usage: 15593.98046875 MB
[2024-12-08 23:42:27] [INFO] State: {}
[2024-12-08 23:42:27] [INFO] Progress: 58.1% (1452/2500)
 PPL: 20.30333170708373
[2024-12-08 23:42:27] [INFO] Current GPU memory usage: 15593.98779296875 MB
[2024-12-08 23:42:29] [INFO] State: {}
[2024-12-08 23:42:29] [INFO] Progress: 58.6% (1464/2500)
 PPL: 20.29894422331893
[2024-12-08 23:42:29] [INFO] Current GPU memory usage: 15593.98486328125 MB
[2024-12-08 23:42:31] [INFO] State: {}
[2024-12-08 23:42:31] [INFO] Progress: 59.0% (1476/2500)
 PPL: 20.299058678226512
[2024-12-08 23:42:31] [INFO] Current GPU memory usage: 15593.98046875 MB
[2024-12-08 23:42:32] [INFO] State: {}
[2024-12-08 23:42:32] [INFO] Progress: 59.5% (1488/2500)
 PPL: 20.31484502370269
[2024-12-08 23:42:32] [INFO] Current GPU memory usage: 15593.98193359375 MB
[2024-12-08 23:42:34] [INFO] State: {}
[2024-12-08 23:42:34] [INFO] Progress: 60.0% (1500/2500)
 PPL: 20.324672542982228
[2024-12-08 23:42:34] [INFO] Current GPU memory usage: 15593.98486328125 MB
[2024-12-08 23:42:35] [INFO] State: {}
[2024-12-08 23:42:35] [INFO] Progress: 60.5% (1512/2500)
 PPL: 20.33082297937037
[2024-12-08 23:42:35] [INFO] Current GPU memory usage: 15593.98486328125 MB
[2024-12-08 23:42:36] [INFO] State: {}
[2024-12-08 23:42:36] [INFO] Progress: 61.0% (1524/2500)
 PPL: 20.335279710404954
[2024-12-08 23:42:36] [INFO] Current GPU memory usage: 15593.986328125 MB
[2024-12-08 23:42:38] [INFO] State: {}
[2024-12-08 23:42:38] [INFO] Progress: 61.4% (1536/2500)
 PPL: 20.336965301485176
[2024-12-08 23:42:38] [INFO] Current GPU memory usage: 15593.98876953125 MB
[2024-12-08 23:42:40] [INFO] State: {}
[2024-12-08 23:42:40] [INFO] Progress: 61.9% (1548/2500)
 PPL: 20.327962534515663
[2024-12-08 23:42:40] [INFO] Current GPU memory usage: 15593.98974609375 MB
[2024-12-08 23:42:41] [INFO] State: {}
[2024-12-08 23:42:41] [INFO] Progress: 62.4% (1560/2500)
 PPL: 20.345456162208457
[2024-12-08 23:42:41] [INFO] Current GPU memory usage: 15593.9970703125 MB
[2024-12-08 23:42:42] [INFO] State: {}
[2024-12-08 23:42:42] [INFO] Progress: 62.9% (1572/2500)
 PPL: 20.350329874130786
[2024-12-08 23:42:42] [INFO] Current GPU memory usage: 15593.98486328125 MB
[2024-12-08 23:42:44] [INFO] State: {}
[2024-12-08 23:42:44] [INFO] Progress: 63.4% (1584/2500)
 PPL: 20.36169562852146
[2024-12-08 23:42:44] [INFO] Current GPU memory usage: 15593.98828125 MB
[2024-12-08 23:42:46] [INFO] State: {}
[2024-12-08 23:42:46] [INFO] Progress: 63.8% (1596/2500)
 PPL: 20.33636099288604
[2024-12-08 23:42:46] [INFO] Current GPU memory usage: 15593.98828125 MB
[2024-12-08 23:42:47] [INFO] State: {}
[2024-12-08 23:42:47] [INFO] Progress: 64.3% (1608/2500)
 PPL: 20.340262240174244
[2024-12-08 23:42:47] [INFO] Current GPU memory usage: 15593.9873046875 MB
[2024-12-08 23:42:49] [INFO] State: {}
[2024-12-08 23:42:49] [INFO] Progress: 64.8% (1620/2500)
 PPL: 20.342968181961794
[2024-12-08 23:42:49] [INFO] Current GPU memory usage: 15594.0048828125 MB
[2024-12-08 23:42:51] [INFO] State: {}
[2024-12-08 23:42:51] [INFO] Progress: 65.3% (1632/2500)
 PPL: 20.330274130341728
[2024-12-08 23:42:51] [INFO] Current GPU memory usage: 15593.986328125 MB
[2024-12-08 23:42:52] [INFO] State: {}
[2024-12-08 23:42:52] [INFO] Progress: 65.8% (1644/2500)
 PPL: 20.338361033660934
[2024-12-08 23:42:52] [INFO] Current GPU memory usage: 15593.9912109375 MB
[2024-12-08 23:42:54] [INFO] State: {}
[2024-12-08 23:42:54] [INFO] Progress: 66.2% (1656/2500)
 PPL: 20.33645031150545
[2024-12-08 23:42:54] [INFO] Current GPU memory usage: 15593.986328125 MB
[2024-12-08 23:42:56] [INFO] State: {}
[2024-12-08 23:42:56] [INFO] Progress: 66.7% (1668/2500)
 PPL: 20.33425630387307
[2024-12-08 23:42:56] [INFO] Current GPU memory usage: 15593.98388671875 MB
[2024-12-08 23:42:57] [INFO] State: {}
[2024-12-08 23:42:57] [INFO] Progress: 67.2% (1680/2500)
 PPL: 20.333949138028192
[2024-12-08 23:42:57] [INFO] Current GPU memory usage: 15593.98388671875 MB
[2024-12-08 23:42:59] [INFO] State: {}
[2024-12-08 23:42:59] [INFO] Progress: 67.7% (1692/2500)
 PPL: 20.3245592566716
[2024-12-08 23:42:59] [INFO] Current GPU memory usage: 15593.98583984375 MB
[2024-12-08 23:43:00] [INFO] State: {}
[2024-12-08 23:43:00] [INFO] Progress: 68.2% (1704/2500)
 PPL: 20.338749723926412
[2024-12-08 23:43:00] [INFO] Current GPU memory usage: 15593.9814453125 MB
[2024-12-08 23:43:02] [INFO] State: {}
[2024-12-08 23:43:02] [INFO] Progress: 68.6% (1716/2500)
 PPL: 20.344695924055298
[2024-12-08 23:43:02] [INFO] Current GPU memory usage: 15593.984375 MB
[2024-12-08 23:43:04] [INFO] State: {}
[2024-12-08 23:43:04] [INFO] Progress: 69.1% (1728/2500)
 PPL: 20.351336168569173
[2024-12-08 23:43:04] [INFO] Current GPU memory usage: 15593.98388671875 MB
[2024-12-08 23:43:05] [INFO] State: {}
[2024-12-08 23:43:05] [INFO] Progress: 69.6% (1740/2500)
 PPL: 20.35532388158669
[2024-12-08 23:43:05] [INFO] Current GPU memory usage: 15593.990234375 MB
[2024-12-08 23:43:07] [INFO] State: {}
[2024-12-08 23:43:07] [INFO] Progress: 70.1% (1752/2500)
 PPL: 20.350393202578157
[2024-12-08 23:43:07] [INFO] Current GPU memory usage: 15593.9892578125 MB
[2024-12-08 23:43:09] [INFO] State: {}
[2024-12-08 23:43:09] [INFO] Progress: 70.6% (1764/2500)
 PPL: 20.344710805554172
[2024-12-08 23:43:09] [INFO] Current GPU memory usage: 15593.98095703125 MB
[2024-12-08 23:43:11] [INFO] State: {}
[2024-12-08 23:43:11] [INFO] Progress: 71.0% (1776/2500)
 PPL: 20.339790142894806
[2024-12-08 23:43:11] [INFO] Current GPU memory usage: 15593.99658203125 MB
[2024-12-08 23:43:12] [INFO] State: {}
[2024-12-08 23:43:12] [INFO] Progress: 71.5% (1788/2500)
 PPL: 20.333939858126612
[2024-12-08 23:43:12] [INFO] Current GPU memory usage: 15593.984375 MB
[2024-12-08 23:43:13] [INFO] State: {}
[2024-12-08 23:43:13] [INFO] Progress: 72.0% (1800/2500)
 PPL: 20.320158013139455
[2024-12-08 23:43:13] [INFO] Current GPU memory usage: 15593.98828125 MB
[2024-12-08 23:43:15] [INFO] State: {}
[2024-12-08 23:43:15] [INFO] Progress: 72.5% (1812/2500)
 PPL: 20.323841940580316
[2024-12-08 23:43:15] [INFO] Current GPU memory usage: 15593.99755859375 MB
[2024-12-08 23:43:17] [INFO] State: {}
[2024-12-08 23:43:17] [INFO] Progress: 73.0% (1824/2500)
 PPL: 20.32998840457975
[2024-12-08 23:43:17] [INFO] Current GPU memory usage: 15593.98779296875 MB
[2024-12-08 23:43:19] [INFO] State: {}
[2024-12-08 23:43:19] [INFO] Progress: 73.4% (1836/2500)
 PPL: 20.306270846983146
[2024-12-08 23:43:19] [INFO] Current GPU memory usage: 15593.994140625 MB
[2024-12-08 23:43:20] [INFO] State: {}
[2024-12-08 23:43:20] [INFO] Progress: 73.9% (1848/2500)
 PPL: 20.309325882665235
[2024-12-08 23:43:20] [INFO] Current GPU memory usage: 15593.990234375 MB
[2024-12-08 23:43:22] [INFO] State: {}
[2024-12-08 23:43:22] [INFO] Progress: 74.4% (1860/2500)
 PPL: 20.295323464923385
[2024-12-08 23:43:22] [INFO] Current GPU memory usage: 15593.98046875 MB
[2024-12-08 23:43:23] [INFO] State: {}
[2024-12-08 23:43:23] [INFO] Progress: 74.9% (1872/2500)
 PPL: 20.306963854524813
[2024-12-08 23:43:23] [INFO] Current GPU memory usage: 15593.98388671875 MB
[2024-12-08 23:43:25] [INFO] State: {}
[2024-12-08 23:43:25] [INFO] Progress: 75.4% (1884/2500)
 PPL: 20.304080058314252
[2024-12-08 23:43:25] [INFO] Current GPU memory usage: 15593.99072265625 MB
[2024-12-08 23:43:27] [INFO] State: {}
[2024-12-08 23:43:27] [INFO] Progress: 75.8% (1896/2500)
 PPL: 20.28582526671464
[2024-12-08 23:43:27] [INFO] Current GPU memory usage: 15593.98291015625 MB
[2024-12-08 23:43:28] [INFO] State: {}
[2024-12-08 23:43:28] [INFO] Progress: 76.3% (1908/2500)
 PPL: 20.303855663376055
[2024-12-08 23:43:28] [INFO] Current GPU memory usage: 15593.9892578125 MB
[2024-12-08 23:43:29] [INFO] State: {}
[2024-12-08 23:43:29] [INFO] Progress: 76.8% (1920/2500)
 PPL: 20.307721879948595
[2024-12-08 23:43:29] [INFO] Current GPU memory usage: 15593.9853515625 MB
[2024-12-08 23:43:31] [INFO] State: {}
[2024-12-08 23:43:31] [INFO] Progress: 77.3% (1932/2500)
 PPL: 20.306794127008466
[2024-12-08 23:43:31] [INFO] Current GPU memory usage: 15593.99365234375 MB
[2024-12-08 23:43:32] [INFO] State: {}
[2024-12-08 23:43:32] [INFO] Progress: 77.8% (1944/2500)
 PPL: 20.30263520970714
[2024-12-08 23:43:32] [INFO] Current GPU memory usage: 15593.98583984375 MB
[2024-12-08 23:43:34] [INFO] State: {}
[2024-12-08 23:43:34] [INFO] Progress: 78.2% (1956/2500)
 PPL: 20.308635487956884
[2024-12-08 23:43:34] [INFO] Current GPU memory usage: 15594.0 MB
[2024-12-08 23:43:36] [INFO] State: {}
[2024-12-08 23:43:36] [INFO] Progress: 78.7% (1968/2500)
 PPL: 20.300733944084126
[2024-12-08 23:43:36] [INFO] Current GPU memory usage: 15593.9912109375 MB
[2024-12-08 23:43:38] [INFO] State: {}
[2024-12-08 23:43:38] [INFO] Progress: 79.2% (1980/2500)
 PPL: 20.28450569970424
[2024-12-08 23:43:38] [INFO] Current GPU memory usage: 15593.98583984375 MB
[2024-12-08 23:43:40] [INFO] State: {}
[2024-12-08 23:43:40] [INFO] Progress: 79.7% (1992/2500)
 PPL: 20.2953818331857
[2024-12-08 23:43:40] [INFO] Current GPU memory usage: 15593.9814453125 MB
[2024-12-08 23:43:41] [INFO] State: {}
[2024-12-08 23:43:41] [INFO] Progress: 80.2% (2004/2500)
 PPL: 20.306769631888628
[2024-12-08 23:43:41] [INFO] Current GPU memory usage: 15593.9833984375 MB
[2024-12-08 23:43:43] [INFO] State: {}
[2024-12-08 23:43:43] [INFO] Progress: 80.6% (2016/2500)
 PPL: 20.300845355693372
[2024-12-08 23:43:43] [INFO] Current GPU memory usage: 15593.97802734375 MB
[2024-12-08 23:43:44] [INFO] State: {}
[2024-12-08 23:43:44] [INFO] Progress: 81.1% (2028/2500)
 PPL: 20.303732264088598
[2024-12-08 23:43:44] [INFO] Current GPU memory usage: 15593.998046875 MB
[2024-12-08 23:43:46] [INFO] State: {}
[2024-12-08 23:43:46] [INFO] Progress: 81.6% (2040/2500)
 PPL: 20.309735522135487
[2024-12-08 23:43:46] [INFO] Current GPU memory usage: 15593.98681640625 MB
[2024-12-08 23:43:47] [INFO] State: {}
[2024-12-08 23:43:47] [INFO] Progress: 82.1% (2052/2500)
 PPL: 20.31001562490498
[2024-12-08 23:43:47] [INFO] Current GPU memory usage: 15593.98388671875 MB
[2024-12-08 23:43:48] [INFO] State: {}
[2024-12-08 23:43:48] [INFO] Progress: 82.6% (2064/2500)
 PPL: 20.321673607178123
[2024-12-08 23:43:48] [INFO] Current GPU memory usage: 15593.98876953125 MB
[2024-12-08 23:43:50] [INFO] State: {}
[2024-12-08 23:43:50] [INFO] Progress: 83.0% (2076/2500)
 PPL: 20.320226070608353
[2024-12-08 23:43:50] [INFO] Current GPU memory usage: 15593.98974609375 MB
[2024-12-08 23:43:51] [INFO] State: {}
[2024-12-08 23:43:51] [INFO] Progress: 83.5% (2088/2500)
 PPL: 20.34837337507109
[2024-12-08 23:43:51] [INFO] Current GPU memory usage: 15593.9931640625 MB
[2024-12-08 23:43:53] [INFO] State: {}
[2024-12-08 23:43:53] [INFO] Progress: 84.0% (2100/2500)
 PPL: 20.350336164952292
[2024-12-08 23:43:53] [INFO] Current GPU memory usage: 15593.986328125 MB
[2024-12-08 23:43:54] [INFO] State: {}
[2024-12-08 23:43:54] [INFO] Progress: 84.5% (2112/2500)
 PPL: 20.37302925639206
[2024-12-08 23:43:54] [INFO] Current GPU memory usage: 15593.9912109375 MB
[2024-12-08 23:43:56] [INFO] State: {}
[2024-12-08 23:43:56] [INFO] Progress: 85.0% (2124/2500)
 PPL: 20.35757704947529
[2024-12-08 23:43:56] [INFO] Current GPU memory usage: 15593.99951171875 MB
[2024-12-08 23:43:57] [INFO] State: {}
[2024-12-08 23:43:57] [INFO] Progress: 85.4% (2136/2500)
 PPL: 20.364649242767683
[2024-12-08 23:43:57] [INFO] Current GPU memory usage: 15593.978515625 MB
[2024-12-08 23:43:59] [INFO] State: {}
[2024-12-08 23:43:59] [INFO] Progress: 85.9% (2148/2500)
 PPL: 20.3618019116034
[2024-12-08 23:43:59] [INFO] Current GPU memory usage: 15593.9833984375 MB
[2024-12-08 23:44:01] [INFO] State: {}
[2024-12-08 23:44:01] [INFO] Progress: 86.4% (2160/2500)
 PPL: 20.366548479938615
[2024-12-08 23:44:01] [INFO] Current GPU memory usage: 15593.9833984375 MB
[2024-12-08 23:44:02] [INFO] State: {}
[2024-12-08 23:44:02] [INFO] Progress: 86.9% (2172/2500)
 PPL: 20.370465534744643
[2024-12-08 23:44:02] [INFO] Current GPU memory usage: 15593.9853515625 MB
[2024-12-08 23:44:04] [INFO] State: {}
[2024-12-08 23:44:04] [INFO] Progress: 87.4% (2184/2500)
 PPL: 20.353118245810524
[2024-12-08 23:44:04] [INFO] Current GPU memory usage: 15593.98779296875 MB
[2024-12-08 23:44:05] [INFO] State: {}
[2024-12-08 23:44:05] [INFO] Progress: 87.8% (2196/2500)
 PPL: 20.355117696737285
[2024-12-08 23:44:05] [INFO] Current GPU memory usage: 15593.99072265625 MB
[2024-12-08 23:44:07] [INFO] State: {}
[2024-12-08 23:44:07] [INFO] Progress: 88.3% (2208/2500)
 PPL: 20.348796804369012
[2024-12-08 23:44:07] [INFO] Current GPU memory usage: 15593.98193359375 MB
[2024-12-08 23:44:08] [INFO] State: {}
[2024-12-08 23:44:08] [INFO] Progress: 88.8% (2220/2500)
 PPL: 20.360522961854112
[2024-12-08 23:44:08] [INFO] Current GPU memory usage: 15593.98828125 MB
[2024-12-08 23:44:10] [INFO] State: {}
[2024-12-08 23:44:10] [INFO] Progress: 89.3% (2232/2500)
 PPL: 20.35822101220435
[2024-12-08 23:44:10] [INFO] Current GPU memory usage: 15593.98388671875 MB
[2024-12-08 23:44:12] [INFO] State: {}
[2024-12-08 23:44:12] [INFO] Progress: 89.8% (2244/2500)
 PPL: 20.36221945170283
[2024-12-08 23:44:12] [INFO] Current GPU memory usage: 15593.9853515625 MB
[2024-12-08 23:44:13] [INFO] State: {}
[2024-12-08 23:44:13] [INFO] Progress: 90.2% (2256/2500)
 PPL: 20.379374841915
[2024-12-08 23:44:13] [INFO] Current GPU memory usage: 15593.99755859375 MB
[2024-12-08 23:44:15] [INFO] State: {}
[2024-12-08 23:44:15] [INFO] Progress: 90.7% (2268/2500)
 PPL: 20.37666448309407
[2024-12-08 23:44:15] [INFO] Current GPU memory usage: 15593.99560546875 MB
[2024-12-08 23:44:16] [INFO] State: {}
[2024-12-08 23:44:16] [INFO] Progress: 91.2% (2280/2500)
 PPL: 20.382345613149923
[2024-12-08 23:44:16] [INFO] Current GPU memory usage: 15593.99072265625 MB
[2024-12-08 23:44:18] [INFO] State: {}
[2024-12-08 23:44:18] [INFO] Progress: 91.7% (2292/2500)
 PPL: 20.377064548228077
[2024-12-08 23:44:18] [INFO] Current GPU memory usage: 15593.98779296875 MB
[2024-12-08 23:44:19] [INFO] State: {}
[2024-12-08 23:44:19] [INFO] Progress: 92.2% (2304/2500)
 PPL: 20.371660118283867
[2024-12-08 23:44:19] [INFO] Current GPU memory usage: 15593.99267578125 MB
[2024-12-08 23:44:21] [INFO] State: {}
[2024-12-08 23:44:21] [INFO] Progress: 92.6% (2316/2500)
 PPL: 20.375410487033736
[2024-12-08 23:44:21] [INFO] Current GPU memory usage: 15593.98876953125 MB
[2024-12-08 23:44:23] [INFO] State: {}
[2024-12-08 23:44:23] [INFO] Progress: 93.1% (2328/2500)
 PPL: 20.36826181296004
[2024-12-08 23:44:23] [INFO] Current GPU memory usage: 15593.9921875 MB
[2024-12-08 23:44:24] [INFO] State: {}
[2024-12-08 23:44:24] [INFO] Progress: 93.6% (2340/2500)
 PPL: 20.366448058799428
[2024-12-08 23:44:24] [INFO] Current GPU memory usage: 15593.99560546875 MB
[2024-12-08 23:44:26] [INFO] State: {}
[2024-12-08 23:44:26] [INFO] Progress: 94.1% (2352/2500)
 PPL: 20.360294245323495
[2024-12-08 23:44:26] [INFO] Current GPU memory usage: 15593.984375 MB
[2024-12-08 23:44:27] [INFO] State: {}
[2024-12-08 23:44:27] [INFO] Progress: 94.6% (2364/2500)
 PPL: 20.357127152374794
[2024-12-08 23:44:27] [INFO] Current GPU memory usage: 15593.98681640625 MB
[2024-12-08 23:44:29] [INFO] State: {}
[2024-12-08 23:44:29] [INFO] Progress: 95.0% (2376/2500)
 PPL: 20.355368419399927
[2024-12-08 23:44:29] [INFO] Current GPU memory usage: 15593.98583984375 MB
[2024-12-08 23:44:30] [INFO] State: {}
[2024-12-08 23:44:30] [INFO] Progress: 95.5% (2388/2500)
 PPL: 20.348691733158358
[2024-12-08 23:44:30] [INFO] Current GPU memory usage: 15593.990234375 MB
[2024-12-08 23:44:32] [INFO] State: {}
[2024-12-08 23:44:32] [INFO] Progress: 96.0% (2400/2500)
 PPL: 20.333430890050586
[2024-12-08 23:44:32] [INFO] Current GPU memory usage: 15593.98828125 MB
[2024-12-08 23:44:34] [INFO] State: {}
[2024-12-08 23:44:34] [INFO] Progress: 96.5% (2412/2500)
 PPL: 20.328597232667995
[2024-12-08 23:44:34] [INFO] Current GPU memory usage: 15593.9892578125 MB
[2024-12-08 23:44:36] [INFO] State: {}
[2024-12-08 23:44:36] [INFO] Progress: 97.0% (2424/2500)
 PPL: 20.33123376403271
[2024-12-08 23:44:36] [INFO] Current GPU memory usage: 15593.9892578125 MB
[2024-12-08 23:44:37] [INFO] State: {}
[2024-12-08 23:44:37] [INFO] Progress: 97.4% (2436/2500)
 PPL: 20.342393180107024
[2024-12-08 23:44:37] [INFO] Current GPU memory usage: 15593.982421875 MB
[2024-12-08 23:44:38] [INFO] State: {}
[2024-12-08 23:44:38] [INFO] Progress: 97.9% (2448/2500)
 PPL: 20.343528818794553
[2024-12-08 23:44:38] [INFO] Current GPU memory usage: 15593.9921875 MB
[2024-12-08 23:44:40] [INFO] State: {}
[2024-12-08 23:44:40] [INFO] Progress: 98.4% (2460/2500)
 PPL: 20.344839808176637
[2024-12-08 23:44:40] [INFO] Current GPU memory usage: 15593.984375 MB
[2024-12-08 23:44:41] [INFO] State: {}
[2024-12-08 23:44:41] [INFO] Progress: 98.9% (2472/2500)
 PPL: 20.34573428004508
[2024-12-08 23:44:41] [INFO] Current GPU memory usage: 15593.98681640625 MB
[2024-12-08 23:44:43] [INFO] State: {}
[2024-12-08 23:44:43] [INFO] Progress: 99.4% (2484/2500)
 PPL: 20.347283401034886
[2024-12-08 23:44:43] [INFO] Current GPU memory usage: 15593.98583984375 MB
[2024-12-08 23:44:44] [INFO] State: {}
[2024-12-08 23:44:44] [INFO] Progress: 99.8% (2496/2500)
 PPL: 20.350984060498657
[2024-12-08 23:44:44] [INFO] Current GPU memory usage: 15593.984375 MB
[2024-12-08 23:44:45] [INFO] Perplexity: 20.355872381239056
[2024-12-08 23:44:45] [INFO] CUDA Memory Summary:
[2024-12-08 23:44:45] [INFO] |===========================================================================|
|                  PyTorch CUDA memory summary, device ID 0                 |
|---------------------------------------------------------------------------|
|            CUDA OOMs: 0            |        cudaMalloc retries: 0         |
|===========================================================================|
|        Metric         | Cur Usage  | Peak Usage | Tot Alloc  | Tot Freed  |
|---------------------------------------------------------------------------|
| Allocated memory      |  15593 MiB |  19602 MiB |  54304 GiB |  54289 GiB |
|       from large pool |  15593 MiB |  19601 MiB |  54278 GiB |  54263 GiB |
|       from small pool |      0 MiB |      8 MiB |     26 GiB |     26 GiB |
|---------------------------------------------------------------------------|
| Active memory         |  15593 MiB |  19602 MiB |  54304 GiB |  54289 GiB |
|       from large pool |  15593 MiB |  19601 MiB |  54278 GiB |  54263 GiB |
|       from small pool |      0 MiB |      8 MiB |     26 GiB |     26 GiB |
|---------------------------------------------------------------------------|
| Requested memory      |  15593 MiB |  19602 MiB |  54304 GiB |  54289 GiB |
|       from large pool |  15593 MiB |  19601 MiB |  54278 GiB |  54263 GiB |
|       from small pool |      0 MiB |      8 MiB |     25 GiB |     25 GiB |
|---------------------------------------------------------------------------|
| GPU reserved memory   |  20730 MiB |  20730 MiB |  20730 MiB |      0 B   |
|       from large pool |  20720 MiB |  20720 MiB |  20720 MiB |      0 B   |
|       from small pool |     10 MiB |     10 MiB |     10 MiB |      0 B   |
|---------------------------------------------------------------------------|
| Non-releasable memory |      0 B   |      0 B   |      0 B   |      0 B   |
|       from large pool |      0 B   |      0 B   |      0 B   |      0 B   |
|       from small pool |      0 B   |      0 B   |      0 B   |      0 B   |
|---------------------------------------------------------------------------|
| Allocations           |     323    |     346    |    3378 K  |    3377 K  |
|       from large pool |     258    |     269    |    2824 K  |    2824 K  |
|       from small pool |      65    |      85    |     553 K  |     553 K  |
|---------------------------------------------------------------------------|
| Active allocs         |     323    |     346    |    3378 K  |    3377 K  |
|       from large pool |     258    |     269    |    2824 K  |    2824 K  |
|       from small pool |      65    |      85    |     553 K  |     553 K  |
|---------------------------------------------------------------------------|
| GPU reserved segments |       0    |       0    |       0    |       0    |
|       from large pool |       0    |       0    |       0    |       0    |
|       from small pool |       0    |       0    |       0    |       0    |
|---------------------------------------------------------------------------|
| Non-releasable allocs |       0    |       0    |       0    |       0    |
|       from large pool |       0    |       0    |       0    |       0    |
|       from small pool |       0    |       0    |       0    |       0    |
|---------------------------------------------------------------------------|
| Oversize allocations  |       0    |       0    |       0    |       0    |
|---------------------------------------------------------------------------|
| Oversize GPU segments |       0    |       0    |       0    |       0    |
|===========================================================================|

[2024-12-08 23:44:45] [INFO] FIN.
