[2024-12-08 23:44:49] [INFO] #### Starting activation capture script.
[2024-12-08 23:44:49] [INFO] #### Arguments:
[2024-12-08 23:44:49] [INFO] # model_dir=/workspace/llama_3.2-3B_model/original
[2024-12-08 23:44:49] [INFO] # sae_dir=/workspace/sae_final_2024-10-28.pth
[2024-12-08 23:44:49] [INFO] # num_samples=20000
[2024-12-08 23:44:49] [INFO] # drop latents=80
[2024-12-08 23:44:49] [INFO] #### GPU Configuration:
[2024-12-08 23:44:49] [INFO] # device=cuda
[2024-12-08 23:44:49] [INFO] #### Configuration:
[2024-12-08 23:44:49] [INFO] # batch_size=8
[2024-12-08 23:44:49] [INFO] # dataloader_num_workers=4
[2024-12-08 23:44:49] [INFO] # dtype=torch.bfloat16
[2024-12-08 23:44:49] [INFO] # max_token_length=512
[2024-12-08 23:44:49] [INFO] # add_bos_token=True
[2024-12-08 23:44:49] [INFO] # dataset_shuffle=True
[2024-12-08 23:44:49] [INFO] Loading tokenizer...
[2024-12-08 23:44:49] [INFO] Creating dataset, sampler and dataloader...
[2024-12-08 23:44:49] [INFO] Initializing Wikitext2 Dataset with max_token_length=512...
[2024-12-08 23:44:51] [INFO] Shuffling the dataset...
[2024-12-08 23:44:51] [INFO] Dataset size: 20000 samples
[2024-12-08 23:44:51] [INFO] Dataloader created with 2500 batches.
[2024-12-08 23:44:51] [INFO] Loading activation mask masks/mask_80
[2024-12-08 23:44:51] [INFO] Initializing SAE from /workspace/sae_final_2024-10-28.pth
[2024-12-08 23:44:51] [INFO] Loading TopK SAE model weights and config from: /workspace/sae_final_2024-10-28.pth
[2024-12-08 23:44:52] [INFO] Initializing TopK SAE model and loading state dict...
[2024-12-08 23:45:13] [INFO] Moving model to device cuda and setting to eval mode...
[2024-12-08 23:45:13] [INFO] Loading model parameters from /workspace/llama_3.2-3B_model/original/params.json...
[2024-12-08 23:45:13] [INFO] Initializing model on CPU...
[2024-12-08 23:45:47] [INFO] Loading model weights into CPU memory...
[2024-12-08 23:45:50] [INFO] Loading model weights into model...
[2024-12-08 23:45:54] [INFO] Model weights loaded successfully. Moving model to device cuda...
[2024-12-08 23:45:55] [INFO] Setting model to eval mode...
[2024-12-08 23:45:55] [INFO] Model created successfully.
[2024-12-08 23:45:55] [INFO] Starting capture of activations...
[2024-12-08 23:45:59] [INFO] State: {}
[2024-12-08 23:45:59] [INFO] Progress: 0.5% (12/2500)
 PPL: 19.903569685868636
[2024-12-08 23:45:59] [INFO] Current GPU memory usage: 15593.9853515625 MB
[2024-12-08 23:46:01] [INFO] State: {}
[2024-12-08 23:46:01] [INFO] Progress: 1.0% (24/2500)
 PPL: 20.77700749594407
[2024-12-08 23:46:01] [INFO] Current GPU memory usage: 15593.9873046875 MB
[2024-12-08 23:46:03] [INFO] State: {}
[2024-12-08 23:46:03] [INFO] Progress: 1.4% (36/2500)
 PPL: 20.19683346188784
[2024-12-08 23:46:03] [INFO] Current GPU memory usage: 15593.9921875 MB
[2024-12-08 23:46:05] [INFO] State: {}
[2024-12-08 23:46:05] [INFO] Progress: 1.9% (48/2500)
 PPL: 19.971847513871655
[2024-12-08 23:46:05] [INFO] Current GPU memory usage: 15593.98486328125 MB
[2024-12-08 23:46:06] [INFO] State: {}
[2024-12-08 23:46:06] [INFO] Progress: 2.4% (60/2500)
 PPL: 20.279667154060952
[2024-12-08 23:46:06] [INFO] Current GPU memory usage: 15593.998046875 MB
[2024-12-08 23:46:07] [INFO] State: {}
[2024-12-08 23:46:07] [INFO] Progress: 2.9% (72/2500)
 PPL: 20.243953222582928
[2024-12-08 23:46:07] [INFO] Current GPU memory usage: 15593.974609375 MB
[2024-12-08 23:46:09] [INFO] State: {}
[2024-12-08 23:46:09] [INFO] Progress: 3.4% (84/2500)
 PPL: 20.298063689181284
[2024-12-08 23:46:09] [INFO] Current GPU memory usage: 15593.99658203125 MB
[2024-12-08 23:46:10] [INFO] State: {}
[2024-12-08 23:46:10] [INFO] Progress: 3.8% (96/2500)
 PPL: 20.766522694080262
[2024-12-08 23:46:10] [INFO] Current GPU memory usage: 15593.982421875 MB
[2024-12-08 23:46:12] [INFO] State: {}
[2024-12-08 23:46:12] [INFO] Progress: 4.3% (108/2500)
 PPL: 20.73763436351566
[2024-12-08 23:46:12] [INFO] Current GPU memory usage: 15593.9853515625 MB
[2024-12-08 23:46:13] [INFO] State: {}
[2024-12-08 23:46:13] [INFO] Progress: 4.8% (120/2500)
 PPL: 21.088053258315462
[2024-12-08 23:46:13] [INFO] Current GPU memory usage: 15593.974609375 MB
[2024-12-08 23:46:15] [INFO] State: {}
[2024-12-08 23:46:15] [INFO] Progress: 5.3% (132/2500)
 PPL: 21.20385539925412
[2024-12-08 23:46:15] [INFO] Current GPU memory usage: 15593.98828125 MB
[2024-12-08 23:46:16] [INFO] State: {}
[2024-12-08 23:46:16] [INFO] Progress: 5.8% (144/2500)
 PPL: 21.204345576293704
[2024-12-08 23:46:16] [INFO] Current GPU memory usage: 15593.98095703125 MB
[2024-12-08 23:46:18] [INFO] State: {}
[2024-12-08 23:46:18] [INFO] Progress: 6.2% (156/2500)
 PPL: 21.118621754872084
[2024-12-08 23:46:18] [INFO] Current GPU memory usage: 15593.98583984375 MB
[2024-12-08 23:46:19] [INFO] State: {}
[2024-12-08 23:46:19] [INFO] Progress: 6.7% (168/2500)
 PPL: 21.18049523650414
[2024-12-08 23:46:19] [INFO] Current GPU memory usage: 15593.98486328125 MB
[2024-12-08 23:46:21] [INFO] State: {}
[2024-12-08 23:46:21] [INFO] Progress: 7.2% (180/2500)
 PPL: 21.12846858679621
[2024-12-08 23:46:21] [INFO] Current GPU memory usage: 15594.00390625 MB
[2024-12-08 23:46:23] [INFO] State: {}
[2024-12-08 23:46:23] [INFO] Progress: 7.7% (192/2500)
 PPL: 21.18959086758999
[2024-12-08 23:46:23] [INFO] Current GPU memory usage: 15594.0 MB
[2024-12-08 23:46:25] [INFO] State: {}
[2024-12-08 23:46:25] [INFO] Progress: 8.2% (204/2500)
 PPL: 20.943750802434714
[2024-12-08 23:46:25] [INFO] Current GPU memory usage: 15593.984375 MB
[2024-12-08 23:46:26] [INFO] State: {}
[2024-12-08 23:46:26] [INFO] Progress: 8.6% (216/2500)
 PPL: 20.883973094247484
[2024-12-08 23:46:26] [INFO] Current GPU memory usage: 15594.00439453125 MB
[2024-12-08 23:46:28] [INFO] State: {}
[2024-12-08 23:46:28] [INFO] Progress: 9.1% (228/2500)
 PPL: 20.856164712115977
[2024-12-08 23:46:28] [INFO] Current GPU memory usage: 15593.9951171875 MB
[2024-12-08 23:46:30] [INFO] State: {}
[2024-12-08 23:46:30] [INFO] Progress: 9.6% (240/2500)
 PPL: 20.78137648662967
[2024-12-08 23:46:30] [INFO] Current GPU memory usage: 15593.98388671875 MB
[2024-12-08 23:46:32] [INFO] State: {}
[2024-12-08 23:46:32] [INFO] Progress: 10.1% (252/2500)
 PPL: 20.651435461064032
[2024-12-08 23:46:32] [INFO] Current GPU memory usage: 15593.9833984375 MB
[2024-12-08 23:46:33] [INFO] State: {}
[2024-12-08 23:46:33] [INFO] Progress: 10.6% (264/2500)
 PPL: 20.72045034302151
[2024-12-08 23:46:33] [INFO] Current GPU memory usage: 15593.98388671875 MB
[2024-12-08 23:46:35] [INFO] State: {}
[2024-12-08 23:46:35] [INFO] Progress: 11.0% (276/2500)
 PPL: 20.713500884028335
[2024-12-08 23:46:35] [INFO] Current GPU memory usage: 15593.9853515625 MB
[2024-12-08 23:46:36] [INFO] State: {}
[2024-12-08 23:46:36] [INFO] Progress: 11.5% (288/2500)
 PPL: 20.75112973944873
[2024-12-08 23:46:36] [INFO] Current GPU memory usage: 15593.986328125 MB
[2024-12-08 23:46:38] [INFO] State: {}
[2024-12-08 23:46:38] [INFO] Progress: 12.0% (300/2500)
 PPL: 20.743446953728938
[2024-12-08 23:46:38] [INFO] Current GPU memory usage: 15593.99755859375 MB
[2024-12-08 23:46:39] [INFO] State: {}
[2024-12-08 23:46:39] [INFO] Progress: 12.5% (312/2500)
 PPL: 20.679473111384738
[2024-12-08 23:46:39] [INFO] Current GPU memory usage: 15593.9775390625 MB
[2024-12-08 23:46:41] [INFO] State: {}
[2024-12-08 23:46:41] [INFO] Progress: 13.0% (324/2500)
 PPL: 20.707493318929274
[2024-12-08 23:46:41] [INFO] Current GPU memory usage: 15593.99462890625 MB
[2024-12-08 23:46:43] [INFO] State: {}
[2024-12-08 23:46:43] [INFO] Progress: 13.4% (336/2500)
 PPL: 20.755027474742615
[2024-12-08 23:46:43] [INFO] Current GPU memory usage: 15593.990234375 MB
[2024-12-08 23:46:45] [INFO] State: {}
[2024-12-08 23:46:45] [INFO] Progress: 13.9% (348/2500)
 PPL: 20.727369921300724
[2024-12-08 23:46:45] [INFO] Current GPU memory usage: 15593.98193359375 MB
[2024-12-08 23:46:46] [INFO] State: {}
[2024-12-08 23:46:46] [INFO] Progress: 14.4% (360/2500)
 PPL: 20.802439573982966
[2024-12-08 23:46:46] [INFO] Current GPU memory usage: 15593.9794921875 MB
[2024-12-08 23:46:47] [INFO] State: {}
[2024-12-08 23:46:47] [INFO] Progress: 14.9% (372/2500)
 PPL: 20.783215092429714
[2024-12-08 23:46:47] [INFO] Current GPU memory usage: 15593.982421875 MB
[2024-12-08 23:46:49] [INFO] State: {}
[2024-12-08 23:46:49] [INFO] Progress: 15.4% (384/2500)
 PPL: 20.821475519173852
[2024-12-08 23:46:49] [INFO] Current GPU memory usage: 15593.99072265625 MB
[2024-12-08 23:46:50] [INFO] State: {}
[2024-12-08 23:46:50] [INFO] Progress: 15.8% (396/2500)
 PPL: 20.963941025521606
[2024-12-08 23:46:50] [INFO] Current GPU memory usage: 15593.9912109375 MB
[2024-12-08 23:46:52] [INFO] State: {}
[2024-12-08 23:46:52] [INFO] Progress: 16.3% (408/2500)
 PPL: 21.04584182211312
[2024-12-08 23:46:52] [INFO] Current GPU memory usage: 15593.9892578125 MB
[2024-12-08 23:46:54] [INFO] State: {}
[2024-12-08 23:46:54] [INFO] Progress: 16.8% (420/2500)
 PPL: 20.99904734219519
[2024-12-08 23:46:54] [INFO] Current GPU memory usage: 15593.9970703125 MB
[2024-12-08 23:46:56] [INFO] State: {}
[2024-12-08 23:46:56] [INFO] Progress: 17.3% (432/2500)
 PPL: 20.98831227424677
[2024-12-08 23:46:56] [INFO] Current GPU memory usage: 15593.99072265625 MB
[2024-12-08 23:46:57] [INFO] State: {}
[2024-12-08 23:46:57] [INFO] Progress: 17.8% (444/2500)
 PPL: 20.93776803559094
[2024-12-08 23:46:57] [INFO] Current GPU memory usage: 15593.98388671875 MB
[2024-12-08 23:46:59] [INFO] State: {}
[2024-12-08 23:46:59] [INFO] Progress: 18.2% (456/2500)
 PPL: 20.907721625841223
[2024-12-08 23:46:59] [INFO] Current GPU memory usage: 15593.9853515625 MB
[2024-12-08 23:47:01] [INFO] State: {}
[2024-12-08 23:47:01] [INFO] Progress: 18.7% (468/2500)
 PPL: 20.957845469710215
[2024-12-08 23:47:01] [INFO] Current GPU memory usage: 15593.994140625 MB
[2024-12-08 23:47:03] [INFO] State: {}
[2024-12-08 23:47:03] [INFO] Progress: 19.2% (480/2500)
 PPL: 20.944805568134353
[2024-12-08 23:47:03] [INFO] Current GPU memory usage: 15593.98876953125 MB
[2024-12-08 23:47:04] [INFO] State: {}
[2024-12-08 23:47:04] [INFO] Progress: 19.7% (492/2500)
 PPL: 20.92118016141584
[2024-12-08 23:47:04] [INFO] Current GPU memory usage: 15593.98681640625 MB
[2024-12-08 23:47:06] [INFO] State: {}
[2024-12-08 23:47:06] [INFO] Progress: 20.2% (504/2500)
 PPL: 20.892428858673984
[2024-12-08 23:47:06] [INFO] Current GPU memory usage: 15593.98681640625 MB
[2024-12-08 23:47:07] [INFO] State: {}
[2024-12-08 23:47:07] [INFO] Progress: 20.6% (516/2500)
 PPL: 20.903128934946913
[2024-12-08 23:47:07] [INFO] Current GPU memory usage: 15593.99658203125 MB
[2024-12-08 23:47:09] [INFO] State: {}
[2024-12-08 23:47:09] [INFO] Progress: 21.1% (528/2500)
 PPL: 20.8336551776754
[2024-12-08 23:47:09] [INFO] Current GPU memory usage: 15593.984375 MB
[2024-12-08 23:47:11] [INFO] State: {}
[2024-12-08 23:47:11] [INFO] Progress: 21.6% (540/2500)
 PPL: 20.820451194100393
[2024-12-08 23:47:11] [INFO] Current GPU memory usage: 15593.99169921875 MB
[2024-12-08 23:47:12] [INFO] State: {}
[2024-12-08 23:47:12] [INFO] Progress: 22.1% (552/2500)
 PPL: 20.853677527277746
[2024-12-08 23:47:12] [INFO] Current GPU memory usage: 15593.98388671875 MB
[2024-12-08 23:47:14] [INFO] State: {}
[2024-12-08 23:47:14] [INFO] Progress: 22.6% (564/2500)
 PPL: 20.829339771321013
[2024-12-08 23:47:14] [INFO] Current GPU memory usage: 15593.99072265625 MB
[2024-12-08 23:47:16] [INFO] State: {}
[2024-12-08 23:47:16] [INFO] Progress: 23.0% (576/2500)
 PPL: 20.834343111756876
[2024-12-08 23:47:16] [INFO] Current GPU memory usage: 15593.98779296875 MB
[2024-12-08 23:47:18] [INFO] State: {}
[2024-12-08 23:47:18] [INFO] Progress: 23.5% (588/2500)
 PPL: 20.86666150821444
[2024-12-08 23:47:18] [INFO] Current GPU memory usage: 15593.9892578125 MB
[2024-12-08 23:47:19] [INFO] State: {}
[2024-12-08 23:47:19] [INFO] Progress: 24.0% (600/2500)
 PPL: 20.868137572758766
[2024-12-08 23:47:19] [INFO] Current GPU memory usage: 15593.9794921875 MB
[2024-12-08 23:47:21] [INFO] State: {}
[2024-12-08 23:47:21] [INFO] Progress: 24.5% (612/2500)
 PPL: 20.89035416104045
[2024-12-08 23:47:21] [INFO] Current GPU memory usage: 15593.982421875 MB
[2024-12-08 23:47:23] [INFO] State: {}
[2024-12-08 23:47:23] [INFO] Progress: 25.0% (624/2500)
 PPL: 20.916582394460182
[2024-12-08 23:47:23] [INFO] Current GPU memory usage: 15593.98486328125 MB
[2024-12-08 23:47:24] [INFO] State: {}
[2024-12-08 23:47:24] [INFO] Progress: 25.4% (636/2500)
 PPL: 20.92132351905341
[2024-12-08 23:47:24] [INFO] Current GPU memory usage: 15593.98681640625 MB
[2024-12-08 23:47:26] [INFO] State: {}
[2024-12-08 23:47:26] [INFO] Progress: 25.9% (648/2500)
 PPL: 20.95877483962821
[2024-12-08 23:47:26] [INFO] Current GPU memory usage: 15593.98193359375 MB
[2024-12-08 23:47:28] [INFO] State: {}
[2024-12-08 23:47:28] [INFO] Progress: 26.4% (660/2500)
 PPL: 20.986081101555836
[2024-12-08 23:47:28] [INFO] Current GPU memory usage: 15593.98876953125 MB
[2024-12-08 23:47:29] [INFO] State: {}
[2024-12-08 23:47:29] [INFO] Progress: 26.9% (672/2500)
 PPL: 21.02739474659644
[2024-12-08 23:47:29] [INFO] Current GPU memory usage: 15593.98583984375 MB
[2024-12-08 23:47:30] [INFO] State: {}
[2024-12-08 23:47:30] [INFO] Progress: 27.4% (684/2500)
 PPL: 21.01578227114934
[2024-12-08 23:47:30] [INFO] Current GPU memory usage: 15593.97509765625 MB
[2024-12-08 23:47:32] [INFO] State: {}
[2024-12-08 23:47:32] [INFO] Progress: 27.8% (696/2500)
 PPL: 20.946739553028944
[2024-12-08 23:47:32] [INFO] Current GPU memory usage: 15593.98486328125 MB
[2024-12-08 23:47:33] [INFO] State: {}
[2024-12-08 23:47:33] [INFO] Progress: 28.3% (708/2500)
 PPL: 20.964553100496055
[2024-12-08 23:47:33] [INFO] Current GPU memory usage: 15593.99072265625 MB
[2024-12-08 23:47:35] [INFO] State: {}
[2024-12-08 23:47:35] [INFO] Progress: 28.8% (720/2500)
 PPL: 20.953900404737478
[2024-12-08 23:47:35] [INFO] Current GPU memory usage: 15593.99365234375 MB
[2024-12-08 23:47:37] [INFO] State: {}
[2024-12-08 23:47:37] [INFO] Progress: 29.3% (732/2500)
 PPL: 20.963254473902598
[2024-12-08 23:47:37] [INFO] Current GPU memory usage: 15593.9853515625 MB
[2024-12-08 23:47:38] [INFO] State: {}
[2024-12-08 23:47:38] [INFO] Progress: 29.8% (744/2500)
 PPL: 20.96257351269277
[2024-12-08 23:47:38] [INFO] Current GPU memory usage: 15593.98388671875 MB
[2024-12-08 23:47:40] [INFO] State: {}
[2024-12-08 23:47:40] [INFO] Progress: 30.2% (756/2500)
 PPL: 20.899994480117655
[2024-12-08 23:47:40] [INFO] Current GPU memory usage: 15593.9853515625 MB
[2024-12-08 23:47:41] [INFO] State: {}
[2024-12-08 23:47:41] [INFO] Progress: 30.7% (768/2500)
 PPL: 20.909137468890542
[2024-12-08 23:47:41] [INFO] Current GPU memory usage: 15593.98828125 MB
[2024-12-08 23:47:43] [INFO] State: {}
[2024-12-08 23:47:43] [INFO] Progress: 31.2% (780/2500)
 PPL: 20.947200052099216
[2024-12-08 23:47:43] [INFO] Current GPU memory usage: 15593.98388671875 MB
[2024-12-08 23:47:44] [INFO] State: {}
[2024-12-08 23:47:44] [INFO] Progress: 31.7% (792/2500)
 PPL: 20.960619732539577
[2024-12-08 23:47:44] [INFO] Current GPU memory usage: 15593.9833984375 MB
[2024-12-08 23:47:46] [INFO] State: {}
[2024-12-08 23:47:46] [INFO] Progress: 32.2% (804/2500)
 PPL: 20.978216219904095
[2024-12-08 23:47:46] [INFO] Current GPU memory usage: 15593.97900390625 MB
[2024-12-08 23:47:47] [INFO] State: {}
[2024-12-08 23:47:47] [INFO] Progress: 32.6% (816/2500)
 PPL: 20.99347633084588
[2024-12-08 23:47:47] [INFO] Current GPU memory usage: 15593.98583984375 MB
[2024-12-08 23:47:49] [INFO] State: {}
[2024-12-08 23:47:49] [INFO] Progress: 33.1% (828/2500)
 PPL: 21.01357690793957
[2024-12-08 23:47:49] [INFO] Current GPU memory usage: 15593.98486328125 MB
[2024-12-08 23:47:50] [INFO] State: {}
[2024-12-08 23:47:50] [INFO] Progress: 33.6% (840/2500)
 PPL: 20.995185655060105
[2024-12-08 23:47:50] [INFO] Current GPU memory usage: 15593.994140625 MB
[2024-12-08 23:47:52] [INFO] State: {}
[2024-12-08 23:47:52] [INFO] Progress: 34.1% (852/2500)
 PPL: 20.984252154972822
[2024-12-08 23:47:52] [INFO] Current GPU memory usage: 15593.98388671875 MB
[2024-12-08 23:47:53] [INFO] State: {}
[2024-12-08 23:47:53] [INFO] Progress: 34.6% (864/2500)
 PPL: 20.97379205802982
[2024-12-08 23:47:53] [INFO] Current GPU memory usage: 15593.98486328125 MB
[2024-12-08 23:47:55] [INFO] State: {}
[2024-12-08 23:47:55] [INFO] Progress: 35.0% (876/2500)
 PPL: 20.950560161035618
[2024-12-08 23:47:55] [INFO] Current GPU memory usage: 15593.9931640625 MB
[2024-12-08 23:47:57] [INFO] State: {}
[2024-12-08 23:47:57] [INFO] Progress: 35.5% (888/2500)
 PPL: 20.96591819882883
[2024-12-08 23:47:57] [INFO] Current GPU memory usage: 15593.98974609375 MB
[2024-12-08 23:47:58] [INFO] State: {}
[2024-12-08 23:47:58] [INFO] Progress: 36.0% (900/2500)
 PPL: 20.935940846675596
[2024-12-08 23:47:58] [INFO] Current GPU memory usage: 15593.984375 MB
[2024-12-08 23:48:00] [INFO] State: {}
[2024-12-08 23:48:00] [INFO] Progress: 36.5% (912/2500)
 PPL: 20.89332571646526
[2024-12-08 23:48:00] [INFO] Current GPU memory usage: 15593.9921875 MB
[2024-12-08 23:48:02] [INFO] State: {}
[2024-12-08 23:48:02] [INFO] Progress: 37.0% (924/2500)
 PPL: 20.872022931434174
[2024-12-08 23:48:02] [INFO] Current GPU memory usage: 15593.97802734375 MB
[2024-12-08 23:48:03] [INFO] State: {}
[2024-12-08 23:48:03] [INFO] Progress: 37.4% (936/2500)
 PPL: 20.846468740775748
[2024-12-08 23:48:03] [INFO] Current GPU memory usage: 15593.98291015625 MB
[2024-12-08 23:48:05] [INFO] State: {}
[2024-12-08 23:48:05] [INFO] Progress: 37.9% (948/2500)
 PPL: 20.857652706700403
[2024-12-08 23:48:05] [INFO] Current GPU memory usage: 15593.98388671875 MB
[2024-12-08 23:48:06] [INFO] State: {}
[2024-12-08 23:48:06] [INFO] Progress: 38.4% (960/2500)
 PPL: 20.84854838535518
[2024-12-08 23:48:06] [INFO] Current GPU memory usage: 15594.00048828125 MB
[2024-12-08 23:48:07] [INFO] State: {}
[2024-12-08 23:48:07] [INFO] Progress: 38.9% (972/2500)
 PPL: 20.873689770187436
[2024-12-08 23:48:07] [INFO] Current GPU memory usage: 15593.986328125 MB
[2024-12-08 23:48:09] [INFO] State: {}
[2024-12-08 23:48:09] [INFO] Progress: 39.4% (984/2500)
 PPL: 20.851110161225506
[2024-12-08 23:48:09] [INFO] Current GPU memory usage: 15593.9873046875 MB
[2024-12-08 23:48:11] [INFO] State: {}
[2024-12-08 23:48:11] [INFO] Progress: 39.8% (996/2500)
 PPL: 20.862468524834483
[2024-12-08 23:48:11] [INFO] Current GPU memory usage: 15593.9853515625 MB
[2024-12-08 23:48:12] [INFO] State: {}
[2024-12-08 23:48:12] [INFO] Progress: 40.3% (1008/2500)
 PPL: 20.84399237300917
[2024-12-08 23:48:12] [INFO] Current GPU memory usage: 15593.98486328125 MB
[2024-12-08 23:48:14] [INFO] State: {}
[2024-12-08 23:48:14] [INFO] Progress: 40.8% (1020/2500)
 PPL: 20.83681222908171
[2024-12-08 23:48:14] [INFO] Current GPU memory usage: 15593.9921875 MB
[2024-12-08 23:48:15] [INFO] State: {}
[2024-12-08 23:48:15] [INFO] Progress: 41.3% (1032/2500)
 PPL: 20.851058132066182
[2024-12-08 23:48:15] [INFO] Current GPU memory usage: 15593.9755859375 MB
[2024-12-08 23:48:17] [INFO] State: {}
[2024-12-08 23:48:17] [INFO] Progress: 41.8% (1044/2500)
 PPL: 20.851525634068185
[2024-12-08 23:48:17] [INFO] Current GPU memory usage: 15594.0048828125 MB
[2024-12-08 23:48:19] [INFO] State: {}
[2024-12-08 23:48:19] [INFO] Progress: 42.2% (1056/2500)
 PPL: 20.84864480508102
[2024-12-08 23:48:19] [INFO] Current GPU memory usage: 15593.9951171875 MB
[2024-12-08 23:48:20] [INFO] State: {}
[2024-12-08 23:48:20] [INFO] Progress: 42.7% (1068/2500)
 PPL: 20.824960384811572
[2024-12-08 23:48:20] [INFO] Current GPU memory usage: 15593.982421875 MB
[2024-12-08 23:48:22] [INFO] State: {}
[2024-12-08 23:48:22] [INFO] Progress: 43.2% (1080/2500)
 PPL: 20.810309402866807
[2024-12-08 23:48:22] [INFO] Current GPU memory usage: 15593.982421875 MB
[2024-12-08 23:48:24] [INFO] State: {}
[2024-12-08 23:48:24] [INFO] Progress: 43.7% (1092/2500)
 PPL: 20.81350323174335
[2024-12-08 23:48:24] [INFO] Current GPU memory usage: 15593.98486328125 MB
[2024-12-08 23:48:26] [INFO] State: {}
[2024-12-08 23:48:26] [INFO] Progress: 44.2% (1104/2500)
 PPL: 20.8214387142464
[2024-12-08 23:48:26] [INFO] Current GPU memory usage: 15593.9951171875 MB
[2024-12-08 23:48:27] [INFO] State: {}
[2024-12-08 23:48:27] [INFO] Progress: 44.6% (1116/2500)
 PPL: 20.815807577696617
[2024-12-08 23:48:27] [INFO] Current GPU memory usage: 15593.98193359375 MB
[2024-12-08 23:48:29] [INFO] State: {}
[2024-12-08 23:48:29] [INFO] Progress: 45.1% (1128/2500)
 PPL: 20.81760181949042
[2024-12-08 23:48:29] [INFO] Current GPU memory usage: 15593.98876953125 MB
[2024-12-08 23:48:30] [INFO] State: {}
[2024-12-08 23:48:30] [INFO] Progress: 45.6% (1140/2500)
 PPL: 20.825576203792473
[2024-12-08 23:48:30] [INFO] Current GPU memory usage: 15593.9912109375 MB
[2024-12-08 23:48:32] [INFO] State: {}
[2024-12-08 23:48:32] [INFO] Progress: 46.1% (1152/2500)
 PPL: 20.797899682003187
[2024-12-08 23:48:32] [INFO] Current GPU memory usage: 15593.986328125 MB
[2024-12-08 23:48:33] [INFO] State: {}
[2024-12-08 23:48:33] [INFO] Progress: 46.6% (1164/2500)
 PPL: 20.80725059346034
[2024-12-08 23:48:33] [INFO] Current GPU memory usage: 15593.9833984375 MB
[2024-12-08 23:48:35] [INFO] State: {}
[2024-12-08 23:48:35] [INFO] Progress: 47.0% (1176/2500)
 PPL: 20.790897567931818
[2024-12-08 23:48:35] [INFO] Current GPU memory usage: 15593.9951171875 MB
[2024-12-08 23:48:37] [INFO] State: {}
[2024-12-08 23:48:37] [INFO] Progress: 47.5% (1188/2500)
 PPL: 20.802844646111343
[2024-12-08 23:48:37] [INFO] Current GPU memory usage: 15593.984375 MB
[2024-12-08 23:48:38] [INFO] State: {}
[2024-12-08 23:48:38] [INFO] Progress: 48.0% (1200/2500)
 PPL: 20.782628099253984
[2024-12-08 23:48:38] [INFO] Current GPU memory usage: 15593.986328125 MB
[2024-12-08 23:48:40] [INFO] State: {}
[2024-12-08 23:48:40] [INFO] Progress: 48.5% (1212/2500)
 PPL: 20.776389325781015
[2024-12-08 23:48:40] [INFO] Current GPU memory usage: 15593.99365234375 MB
[2024-12-08 23:48:41] [INFO] State: {}
[2024-12-08 23:48:41] [INFO] Progress: 49.0% (1224/2500)
 PPL: 20.766423534451
[2024-12-08 23:48:41] [INFO] Current GPU memory usage: 15593.98876953125 MB
[2024-12-08 23:48:43] [INFO] State: {}
[2024-12-08 23:48:43] [INFO] Progress: 49.4% (1236/2500)
 PPL: 20.76641501249766
[2024-12-08 23:48:43] [INFO] Current GPU memory usage: 15593.9873046875 MB
[2024-12-08 23:48:45] [INFO] State: {}
[2024-12-08 23:48:45] [INFO] Progress: 49.9% (1248/2500)
 PPL: 20.757209646072617
[2024-12-08 23:48:45] [INFO] Current GPU memory usage: 15593.984375 MB
[2024-12-08 23:48:46] [INFO] State: {}
[2024-12-08 23:48:46] [INFO] Progress: 50.4% (1260/2500)
 PPL: 20.757622076272526
[2024-12-08 23:48:46] [INFO] Current GPU memory usage: 15593.994140625 MB
[2024-12-08 23:48:48] [INFO] State: {}
[2024-12-08 23:48:48] [INFO] Progress: 50.9% (1272/2500)
 PPL: 20.74050249439513
[2024-12-08 23:48:48] [INFO] Current GPU memory usage: 15593.9990234375 MB
[2024-12-08 23:48:50] [INFO] State: {}
[2024-12-08 23:48:50] [INFO] Progress: 51.4% (1284/2500)
 PPL: 20.729439002594507
[2024-12-08 23:48:50] [INFO] Current GPU memory usage: 15593.9814453125 MB
[2024-12-08 23:48:51] [INFO] State: {}
[2024-12-08 23:48:51] [INFO] Progress: 51.8% (1296/2500)
 PPL: 20.690266965670745
[2024-12-08 23:48:51] [INFO] Current GPU memory usage: 15593.984375 MB
[2024-12-08 23:48:53] [INFO] State: {}
[2024-12-08 23:48:53] [INFO] Progress: 52.3% (1308/2500)
 PPL: 20.671602512156415
[2024-12-08 23:48:53] [INFO] Current GPU memory usage: 15593.9814453125 MB
[2024-12-08 23:48:54] [INFO] State: {}
[2024-12-08 23:48:54] [INFO] Progress: 52.8% (1320/2500)
 PPL: 20.648623229919497
[2024-12-08 23:48:54] [INFO] Current GPU memory usage: 15593.9892578125 MB
[2024-12-08 23:48:56] [INFO] State: {}
[2024-12-08 23:48:56] [INFO] Progress: 53.3% (1332/2500)
 PPL: 20.635215248417257
[2024-12-08 23:48:56] [INFO] Current GPU memory usage: 15593.99951171875 MB
[2024-12-08 23:48:57] [INFO] State: {}
[2024-12-08 23:48:57] [INFO] Progress: 53.8% (1344/2500)
 PPL: 20.62474885174768
[2024-12-08 23:48:57] [INFO] Current GPU memory usage: 15593.98828125 MB
[2024-12-08 23:48:59] [INFO] State: {}
[2024-12-08 23:48:59] [INFO] Progress: 54.2% (1356/2500)
 PPL: 20.633268021530355
[2024-12-08 23:48:59] [INFO] Current GPU memory usage: 15593.97998046875 MB
[2024-12-08 23:49:01] [INFO] State: {}
[2024-12-08 23:49:01] [INFO] Progress: 54.7% (1368/2500)
 PPL: 20.661244966072022
[2024-12-08 23:49:01] [INFO] Current GPU memory usage: 15593.9931640625 MB
[2024-12-08 23:49:02] [INFO] State: {}
[2024-12-08 23:49:02] [INFO] Progress: 55.2% (1380/2500)
 PPL: 20.677367104937073
[2024-12-08 23:49:02] [INFO] Current GPU memory usage: 15593.99169921875 MB
[2024-12-08 23:49:04] [INFO] State: {}
[2024-12-08 23:49:04] [INFO] Progress: 55.7% (1392/2500)
 PPL: 20.648969707898388
[2024-12-08 23:49:04] [INFO] Current GPU memory usage: 15593.990234375 MB
[2024-12-08 23:49:06] [INFO] State: {}
[2024-12-08 23:49:06] [INFO] Progress: 56.2% (1404/2500)
 PPL: 20.645076595404525
[2024-12-08 23:49:06] [INFO] Current GPU memory usage: 15593.990234375 MB
[2024-12-08 23:49:07] [INFO] State: {}
[2024-12-08 23:49:07] [INFO] Progress: 56.6% (1416/2500)
 PPL: 20.64702511444894
[2024-12-08 23:49:07] [INFO] Current GPU memory usage: 15593.9853515625 MB
[2024-12-08 23:49:08] [INFO] State: {}
[2024-12-08 23:49:08] [INFO] Progress: 57.1% (1428/2500)
 PPL: 20.670865141323496
[2024-12-08 23:49:08] [INFO] Current GPU memory usage: 15593.9755859375 MB
[2024-12-08 23:49:10] [INFO] State: {}
[2024-12-08 23:49:10] [INFO] Progress: 57.6% (1440/2500)
 PPL: 20.67595536609499
[2024-12-08 23:49:10] [INFO] Current GPU memory usage: 15593.98046875 MB
[2024-12-08 23:49:12] [INFO] State: {}
[2024-12-08 23:49:12] [INFO] Progress: 58.1% (1452/2500)
 PPL: 20.675082844006614
[2024-12-08 23:49:12] [INFO] Current GPU memory usage: 15593.98779296875 MB
[2024-12-08 23:49:14] [INFO] State: {}
[2024-12-08 23:49:14] [INFO] Progress: 58.6% (1464/2500)
 PPL: 20.6708141425724
[2024-12-08 23:49:14] [INFO] Current GPU memory usage: 15593.98486328125 MB
[2024-12-08 23:49:15] [INFO] State: {}
[2024-12-08 23:49:15] [INFO] Progress: 59.0% (1476/2500)
 PPL: 20.671219370720383
[2024-12-08 23:49:15] [INFO] Current GPU memory usage: 15593.98046875 MB
[2024-12-08 23:49:17] [INFO] State: {}
[2024-12-08 23:49:17] [INFO] Progress: 59.5% (1488/2500)
 PPL: 20.687583046146013
[2024-12-08 23:49:17] [INFO] Current GPU memory usage: 15593.98193359375 MB
[2024-12-08 23:49:18] [INFO] State: {}
[2024-12-08 23:49:18] [INFO] Progress: 60.0% (1500/2500)
 PPL: 20.697753305624516
[2024-12-08 23:49:18] [INFO] Current GPU memory usage: 15593.98486328125 MB
[2024-12-08 23:49:19] [INFO] State: {}
[2024-12-08 23:49:19] [INFO] Progress: 60.5% (1512/2500)
 PPL: 20.704263013534607
[2024-12-08 23:49:19] [INFO] Current GPU memory usage: 15593.98486328125 MB
[2024-12-08 23:49:21] [INFO] State: {}
[2024-12-08 23:49:21] [INFO] Progress: 61.0% (1524/2500)
 PPL: 20.708719303380672
[2024-12-08 23:49:21] [INFO] Current GPU memory usage: 15593.986328125 MB
[2024-12-08 23:49:22] [INFO] State: {}
[2024-12-08 23:49:22] [INFO] Progress: 61.4% (1536/2500)
 PPL: 20.71065458479277
[2024-12-08 23:49:22] [INFO] Current GPU memory usage: 15593.98876953125 MB
[2024-12-08 23:49:24] [INFO] State: {}
[2024-12-08 23:49:24] [INFO] Progress: 61.9% (1548/2500)
 PPL: 20.70133434253813
[2024-12-08 23:49:24] [INFO] Current GPU memory usage: 15593.98974609375 MB
[2024-12-08 23:49:25] [INFO] State: {}
[2024-12-08 23:49:25] [INFO] Progress: 62.4% (1560/2500)
 PPL: 20.719133103154725
[2024-12-08 23:49:25] [INFO] Current GPU memory usage: 15593.9970703125 MB
[2024-12-08 23:49:26] [INFO] State: {}
[2024-12-08 23:49:26] [INFO] Progress: 62.9% (1572/2500)
 PPL: 20.724988927922738
[2024-12-08 23:49:26] [INFO] Current GPU memory usage: 15593.98486328125 MB
[2024-12-08 23:49:28] [INFO] State: {}
[2024-12-08 23:49:28] [INFO] Progress: 63.4% (1584/2500)
 PPL: 20.7367509564199
[2024-12-08 23:49:28] [INFO] Current GPU memory usage: 15593.98828125 MB
[2024-12-08 23:49:30] [INFO] State: {}
[2024-12-08 23:49:30] [INFO] Progress: 63.8% (1596/2500)
 PPL: 20.711353671324954
[2024-12-08 23:49:30] [INFO] Current GPU memory usage: 15593.98828125 MB
[2024-12-08 23:49:32] [INFO] State: {}
[2024-12-08 23:49:32] [INFO] Progress: 64.3% (1608/2500)
 PPL: 20.715569908073082
[2024-12-08 23:49:32] [INFO] Current GPU memory usage: 15593.9873046875 MB
[2024-12-08 23:49:33] [INFO] State: {}
[2024-12-08 23:49:33] [INFO] Progress: 64.8% (1620/2500)
 PPL: 20.718145634763054
[2024-12-08 23:49:33] [INFO] Current GPU memory usage: 15594.0048828125 MB
[2024-12-08 23:49:35] [INFO] State: {}
[2024-12-08 23:49:35] [INFO] Progress: 65.3% (1632/2500)
 PPL: 20.705157063974287
[2024-12-08 23:49:35] [INFO] Current GPU memory usage: 15593.986328125 MB
[2024-12-08 23:49:37] [INFO] State: {}
[2024-12-08 23:49:37] [INFO] Progress: 65.8% (1644/2500)
 PPL: 20.713857673908326
[2024-12-08 23:49:37] [INFO] Current GPU memory usage: 15593.9912109375 MB
[2024-12-08 23:49:38] [INFO] State: {}
[2024-12-08 23:49:38] [INFO] Progress: 66.2% (1656/2500)
 PPL: 20.712390012512635
[2024-12-08 23:49:38] [INFO] Current GPU memory usage: 15593.986328125 MB
[2024-12-08 23:49:40] [INFO] State: {}
[2024-12-08 23:49:40] [INFO] Progress: 66.7% (1668/2500)
 PPL: 20.710097044564055
[2024-12-08 23:49:40] [INFO] Current GPU memory usage: 15593.98388671875 MB
[2024-12-08 23:49:41] [INFO] State: {}
[2024-12-08 23:49:41] [INFO] Progress: 67.2% (1680/2500)
 PPL: 20.710202394572097
[2024-12-08 23:49:41] [INFO] Current GPU memory usage: 15593.98388671875 MB
[2024-12-08 23:49:43] [INFO] State: {}
[2024-12-08 23:49:43] [INFO] Progress: 67.7% (1692/2500)
 PPL: 20.700681079227518
[2024-12-08 23:49:43] [INFO] Current GPU memory usage: 15593.98583984375 MB
[2024-12-08 23:49:45] [INFO] State: {}
[2024-12-08 23:49:45] [INFO] Progress: 68.2% (1704/2500)
 PPL: 20.7146062425841
[2024-12-08 23:49:45] [INFO] Current GPU memory usage: 15593.9814453125 MB
[2024-12-08 23:49:46] [INFO] State: {}
[2024-12-08 23:49:46] [INFO] Progress: 68.6% (1716/2500)
 PPL: 20.72097170976214
[2024-12-08 23:49:46] [INFO] Current GPU memory usage: 15593.984375 MB
[2024-12-08 23:49:48] [INFO] State: {}
[2024-12-08 23:49:48] [INFO] Progress: 69.1% (1728/2500)
 PPL: 20.727548232404697
[2024-12-08 23:49:48] [INFO] Current GPU memory usage: 15593.98388671875 MB
[2024-12-08 23:49:50] [INFO] State: {}
[2024-12-08 23:49:50] [INFO] Progress: 69.6% (1740/2500)
 PPL: 20.73191573808316
[2024-12-08 23:49:50] [INFO] Current GPU memory usage: 15593.990234375 MB
[2024-12-08 23:49:51] [INFO] State: {}
[2024-12-08 23:49:51] [INFO] Progress: 70.1% (1752/2500)
 PPL: 20.727202211007985
[2024-12-08 23:49:51] [INFO] Current GPU memory usage: 15593.9892578125 MB
[2024-12-08 23:49:53] [INFO] State: {}
[2024-12-08 23:49:53] [INFO] Progress: 70.6% (1764/2500)
 PPL: 20.721261093707312
[2024-12-08 23:49:53] [INFO] Current GPU memory usage: 15593.98095703125 MB
[2024-12-08 23:49:55] [INFO] State: {}
[2024-12-08 23:49:55] [INFO] Progress: 71.0% (1776/2500)
 PPL: 20.71608980977958
[2024-12-08 23:49:55] [INFO] Current GPU memory usage: 15593.99658203125 MB
[2024-12-08 23:49:56] [INFO] State: {}
[2024-12-08 23:49:56] [INFO] Progress: 71.5% (1788/2500)
 PPL: 20.70954690014833
[2024-12-08 23:49:56] [INFO] Current GPU memory usage: 15593.984375 MB
[2024-12-08 23:49:58] [INFO] State: {}
[2024-12-08 23:49:58] [INFO] Progress: 72.0% (1800/2500)
 PPL: 20.695659268391697
[2024-12-08 23:49:58] [INFO] Current GPU memory usage: 15593.98828125 MB
[2024-12-08 23:49:59] [INFO] State: {}
[2024-12-08 23:49:59] [INFO] Progress: 72.5% (1812/2500)
 PPL: 20.69986898646399
[2024-12-08 23:49:59] [INFO] Current GPU memory usage: 15593.99755859375 MB
[2024-12-08 23:50:01] [INFO] State: {}
[2024-12-08 23:50:01] [INFO] Progress: 73.0% (1824/2500)
 PPL: 20.70611467512925
[2024-12-08 23:50:01] [INFO] Current GPU memory usage: 15593.98779296875 MB
[2024-12-08 23:50:03] [INFO] State: {}
[2024-12-08 23:50:03] [INFO] Progress: 73.4% (1836/2500)
 PPL: 20.681748842625392
[2024-12-08 23:50:03] [INFO] Current GPU memory usage: 15593.994140625 MB
[2024-12-08 23:50:04] [INFO] State: {}
[2024-12-08 23:50:04] [INFO] Progress: 73.9% (1848/2500)
 PPL: 20.684902375294993
[2024-12-08 23:50:04] [INFO] Current GPU memory usage: 15593.990234375 MB
[2024-12-08 23:50:06] [INFO] State: {}
[2024-12-08 23:50:06] [INFO] Progress: 74.4% (1860/2500)
 PPL: 20.67136557337227
[2024-12-08 23:50:06] [INFO] Current GPU memory usage: 15593.98046875 MB
[2024-12-08 23:50:08] [INFO] State: {}
[2024-12-08 23:50:08] [INFO] Progress: 74.9% (1872/2500)
 PPL: 20.683416946829926
[2024-12-08 23:50:08] [INFO] Current GPU memory usage: 15593.98388671875 MB
[2024-12-08 23:50:09] [INFO] State: {}
[2024-12-08 23:50:09] [INFO] Progress: 75.4% (1884/2500)
 PPL: 20.6803962857479
[2024-12-08 23:50:09] [INFO] Current GPU memory usage: 15593.99072265625 MB
[2024-12-08 23:50:11] [INFO] State: {}
[2024-12-08 23:50:11] [INFO] Progress: 75.8% (1896/2500)
 PPL: 20.661900059095657
[2024-12-08 23:50:11] [INFO] Current GPU memory usage: 15593.98291015625 MB
[2024-12-08 23:50:12] [INFO] State: {}
[2024-12-08 23:50:12] [INFO] Progress: 76.3% (1908/2500)
 PPL: 20.680363675982036
[2024-12-08 23:50:12] [INFO] Current GPU memory usage: 15593.9892578125 MB
[2024-12-08 23:50:14] [INFO] State: {}
[2024-12-08 23:50:14] [INFO] Progress: 76.8% (1920/2500)
 PPL: 20.684341250490075
[2024-12-08 23:50:14] [INFO] Current GPU memory usage: 15593.9853515625 MB
[2024-12-08 23:50:15] [INFO] State: {}
[2024-12-08 23:50:15] [INFO] Progress: 77.3% (1932/2500)
 PPL: 20.683182151483074
[2024-12-08 23:50:15] [INFO] Current GPU memory usage: 15593.99365234375 MB
[2024-12-08 23:50:17] [INFO] State: {}
[2024-12-08 23:50:17] [INFO] Progress: 77.8% (1944/2500)
 PPL: 20.678984459465376
[2024-12-08 23:50:17] [INFO] Current GPU memory usage: 15593.98583984375 MB
[2024-12-08 23:50:18] [INFO] State: {}
[2024-12-08 23:50:18] [INFO] Progress: 78.2% (1956/2500)
 PPL: 20.685066028734088
[2024-12-08 23:50:18] [INFO] Current GPU memory usage: 15594.0 MB
[2024-12-08 23:50:20] [INFO] State: {}
[2024-12-08 23:50:20] [INFO] Progress: 78.7% (1968/2500)
 PPL: 20.676623403413174
[2024-12-08 23:50:20] [INFO] Current GPU memory usage: 15593.9912109375 MB
[2024-12-08 23:50:22] [INFO] State: {}
[2024-12-08 23:50:22] [INFO] Progress: 79.2% (1980/2500)
 PPL: 20.6603063339097
[2024-12-08 23:50:22] [INFO] Current GPU memory usage: 15593.98583984375 MB
[2024-12-08 23:50:24] [INFO] State: {}
[2024-12-08 23:50:24] [INFO] Progress: 79.7% (1992/2500)
 PPL: 20.67143598468897
[2024-12-08 23:50:24] [INFO] Current GPU memory usage: 15593.9814453125 MB
[2024-12-08 23:50:25] [INFO] State: {}
[2024-12-08 23:50:25] [INFO] Progress: 80.2% (2004/2500)
 PPL: 20.683061232291973
[2024-12-08 23:50:25] [INFO] Current GPU memory usage: 15593.9833984375 MB
[2024-12-08 23:50:27] [INFO] State: {}
[2024-12-08 23:50:27] [INFO] Progress: 80.6% (2016/2500)
 PPL: 20.6769643027386
[2024-12-08 23:50:27] [INFO] Current GPU memory usage: 15593.97802734375 MB
[2024-12-08 23:50:29] [INFO] State: {}
[2024-12-08 23:50:29] [INFO] Progress: 81.1% (2028/2500)
 PPL: 20.68014124821631
[2024-12-08 23:50:29] [INFO] Current GPU memory usage: 15593.998046875 MB
[2024-12-08 23:50:30] [INFO] State: {}
[2024-12-08 23:50:30] [INFO] Progress: 81.6% (2040/2500)
 PPL: 20.686366565545992
[2024-12-08 23:50:30] [INFO] Current GPU memory usage: 15593.98681640625 MB
[2024-12-08 23:50:32] [INFO] State: {}
[2024-12-08 23:50:32] [INFO] Progress: 82.1% (2052/2500)
 PPL: 20.686655148501284
[2024-12-08 23:50:32] [INFO] Current GPU memory usage: 15593.98388671875 MB
[2024-12-08 23:50:33] [INFO] State: {}
[2024-12-08 23:50:33] [INFO] Progress: 82.6% (2064/2500)
 PPL: 20.69875584383206
[2024-12-08 23:50:33] [INFO] Current GPU memory usage: 15593.98876953125 MB
[2024-12-08 23:50:34] [INFO] State: {}
[2024-12-08 23:50:34] [INFO] Progress: 83.0% (2076/2500)
 PPL: 20.697018517245766
[2024-12-08 23:50:34] [INFO] Current GPU memory usage: 15593.98974609375 MB
[2024-12-08 23:50:36] [INFO] State: {}
[2024-12-08 23:50:36] [INFO] Progress: 83.5% (2088/2500)
 PPL: 20.72526686761243
[2024-12-08 23:50:36] [INFO] Current GPU memory usage: 15593.9931640625 MB
[2024-12-08 23:50:37] [INFO] State: {}
[2024-12-08 23:50:37] [INFO] Progress: 84.0% (2100/2500)
 PPL: 20.727403383608976
[2024-12-08 23:50:37] [INFO] Current GPU memory usage: 15593.986328125 MB
[2024-12-08 23:50:39] [INFO] State: {}
[2024-12-08 23:50:39] [INFO] Progress: 84.5% (2112/2500)
 PPL: 20.750372758689174
[2024-12-08 23:50:39] [INFO] Current GPU memory usage: 15593.9912109375 MB
[2024-12-08 23:50:40] [INFO] State: {}
[2024-12-08 23:50:40] [INFO] Progress: 85.0% (2124/2500)
 PPL: 20.73471589094216
[2024-12-08 23:50:40] [INFO] Current GPU memory usage: 15593.99951171875 MB
[2024-12-08 23:50:42] [INFO] State: {}
[2024-12-08 23:50:42] [INFO] Progress: 85.4% (2136/2500)
 PPL: 20.741762785703642
[2024-12-08 23:50:42] [INFO] Current GPU memory usage: 15593.978515625 MB
[2024-12-08 23:50:44] [INFO] State: {}
[2024-12-08 23:50:44] [INFO] Progress: 85.9% (2148/2500)
 PPL: 20.73935785001291
[2024-12-08 23:50:44] [INFO] Current GPU memory usage: 15593.9833984375 MB
[2024-12-08 23:50:45] [INFO] State: {}
[2024-12-08 23:50:45] [INFO] Progress: 86.4% (2160/2500)
 PPL: 20.744242153507233
[2024-12-08 23:50:45] [INFO] Current GPU memory usage: 15593.9833984375 MB
[2024-12-08 23:50:47] [INFO] State: {}
[2024-12-08 23:50:47] [INFO] Progress: 86.9% (2172/2500)
 PPL: 20.74813505078741
[2024-12-08 23:50:47] [INFO] Current GPU memory usage: 15593.9853515625 MB
[2024-12-08 23:50:48] [INFO] State: {}
[2024-12-08 23:50:48] [INFO] Progress: 87.4% (2184/2500)
 PPL: 20.730746803676332
[2024-12-08 23:50:48] [INFO] Current GPU memory usage: 15593.98779296875 MB
[2024-12-08 23:50:50] [INFO] State: {}
[2024-12-08 23:50:50] [INFO] Progress: 87.8% (2196/2500)
 PPL: 20.732978945376182
[2024-12-08 23:50:50] [INFO] Current GPU memory usage: 15593.99072265625 MB
[2024-12-08 23:50:51] [INFO] State: {}
[2024-12-08 23:50:51] [INFO] Progress: 88.3% (2208/2500)
 PPL: 20.72685164391984
[2024-12-08 23:50:51] [INFO] Current GPU memory usage: 15593.98193359375 MB
[2024-12-08 23:50:53] [INFO] State: {}
[2024-12-08 23:50:53] [INFO] Progress: 88.8% (2220/2500)
 PPL: 20.73890248944018
[2024-12-08 23:50:53] [INFO] Current GPU memory usage: 15593.98828125 MB
[2024-12-08 23:50:55] [INFO] State: {}
[2024-12-08 23:50:55] [INFO] Progress: 89.3% (2232/2500)
 PPL: 20.73649290717777
[2024-12-08 23:50:55] [INFO] Current GPU memory usage: 15593.98388671875 MB
[2024-12-08 23:50:56] [INFO] State: {}
[2024-12-08 23:50:56] [INFO] Progress: 89.8% (2244/2500)
 PPL: 20.74058296203918
[2024-12-08 23:50:56] [INFO] Current GPU memory usage: 15593.9853515625 MB
[2024-12-08 23:50:58] [INFO] State: {}
[2024-12-08 23:50:58] [INFO] Progress: 90.2% (2256/2500)
 PPL: 20.757954737474215
[2024-12-08 23:50:58] [INFO] Current GPU memory usage: 15593.99755859375 MB
[2024-12-08 23:50:59] [INFO] State: {}
[2024-12-08 23:50:59] [INFO] Progress: 90.7% (2268/2500)
 PPL: 20.754829061181173
[2024-12-08 23:50:59] [INFO] Current GPU memory usage: 15593.99560546875 MB
[2024-12-08 23:51:01] [INFO] State: {}
[2024-12-08 23:51:01] [INFO] Progress: 91.2% (2280/2500)
 PPL: 20.760288350489162
[2024-12-08 23:51:01] [INFO] Current GPU memory usage: 15593.99072265625 MB
[2024-12-08 23:51:02] [INFO] State: {}
[2024-12-08 23:51:02] [INFO] Progress: 91.7% (2292/2500)
 PPL: 20.75471407121172
[2024-12-08 23:51:02] [INFO] Current GPU memory usage: 15593.98779296875 MB
[2024-12-08 23:51:04] [INFO] State: {}
[2024-12-08 23:51:04] [INFO] Progress: 92.2% (2304/2500)
 PPL: 20.749118389120763
[2024-12-08 23:51:04] [INFO] Current GPU memory usage: 15593.99267578125 MB
[2024-12-08 23:51:06] [INFO] State: {}
[2024-12-08 23:51:06] [INFO] Progress: 92.6% (2316/2500)
 PPL: 20.753288372699625
[2024-12-08 23:51:06] [INFO] Current GPU memory usage: 15593.98876953125 MB
[2024-12-08 23:51:07] [INFO] State: {}
[2024-12-08 23:51:07] [INFO] Progress: 93.1% (2328/2500)
 PPL: 20.74578895259539
[2024-12-08 23:51:07] [INFO] Current GPU memory usage: 15593.9921875 MB
[2024-12-08 23:51:09] [INFO] State: {}
[2024-12-08 23:51:09] [INFO] Progress: 93.6% (2340/2500)
 PPL: 20.743947876915556
[2024-12-08 23:51:09] [INFO] Current GPU memory usage: 15593.99560546875 MB
[2024-12-08 23:51:10] [INFO] State: {}
[2024-12-08 23:51:10] [INFO] Progress: 94.1% (2352/2500)
 PPL: 20.737458449677277
[2024-12-08 23:51:10] [INFO] Current GPU memory usage: 15593.984375 MB
[2024-12-08 23:51:12] [INFO] State: {}
[2024-12-08 23:51:12] [INFO] Progress: 94.6% (2364/2500)
 PPL: 20.733947726231108
[2024-12-08 23:51:12] [INFO] Current GPU memory usage: 15593.98681640625 MB
[2024-12-08 23:51:13] [INFO] State: {}
[2024-12-08 23:51:13] [INFO] Progress: 95.0% (2376/2500)
 PPL: 20.732235232137793
[2024-12-08 23:51:13] [INFO] Current GPU memory usage: 15593.98583984375 MB
[2024-12-08 23:51:15] [INFO] State: {}
[2024-12-08 23:51:15] [INFO] Progress: 95.5% (2388/2500)
 PPL: 20.724967088211628
[2024-12-08 23:51:15] [INFO] Current GPU memory usage: 15593.990234375 MB
[2024-12-08 23:51:17] [INFO] State: {}
[2024-12-08 23:51:17] [INFO] Progress: 96.0% (2400/2500)
 PPL: 20.709326048042485
[2024-12-08 23:51:17] [INFO] Current GPU memory usage: 15593.98828125 MB
[2024-12-08 23:51:18] [INFO] State: {}
[2024-12-08 23:51:18] [INFO] Progress: 96.5% (2412/2500)
 PPL: 20.704343034288136
[2024-12-08 23:51:18] [INFO] Current GPU memory usage: 15593.9892578125 MB
[2024-12-08 23:51:20] [INFO] State: {}
[2024-12-08 23:51:20] [INFO] Progress: 97.0% (2424/2500)
 PPL: 20.707261030089327
[2024-12-08 23:51:20] [INFO] Current GPU memory usage: 15593.9892578125 MB
[2024-12-08 23:51:21] [INFO] State: {}
[2024-12-08 23:51:21] [INFO] Progress: 97.4% (2436/2500)
 PPL: 20.718621251737655
[2024-12-08 23:51:21] [INFO] Current GPU memory usage: 15593.982421875 MB
[2024-12-08 23:51:23] [INFO] State: {}
[2024-12-08 23:51:23] [INFO] Progress: 97.9% (2448/2500)
 PPL: 20.71959744547081
[2024-12-08 23:51:23] [INFO] Current GPU memory usage: 15593.9921875 MB
[2024-12-08 23:51:24] [INFO] State: {}
[2024-12-08 23:51:24] [INFO] Progress: 98.4% (2460/2500)
 PPL: 20.72061145861363
[2024-12-08 23:51:24] [INFO] Current GPU memory usage: 15593.984375 MB
[2024-12-08 23:51:26] [INFO] State: {}
[2024-12-08 23:51:26] [INFO] Progress: 98.9% (2472/2500)
 PPL: 20.721574436085408
[2024-12-08 23:51:26] [INFO] Current GPU memory usage: 15593.98681640625 MB
[2024-12-08 23:51:27] [INFO] State: {}
[2024-12-08 23:51:27] [INFO] Progress: 99.4% (2484/2500)
 PPL: 20.723172973463665
[2024-12-08 23:51:27] [INFO] Current GPU memory usage: 15593.98583984375 MB
[2024-12-08 23:51:29] [INFO] State: {}
[2024-12-08 23:51:29] [INFO] Progress: 99.8% (2496/2500)
 PPL: 20.726635862553213
[2024-12-08 23:51:29] [INFO] Current GPU memory usage: 15593.984375 MB
[2024-12-08 23:51:30] [INFO] Perplexity: 20.7318807825269
[2024-12-08 23:51:30] [INFO] CUDA Memory Summary:
[2024-12-08 23:51:30] [INFO] |===========================================================================|
|                  PyTorch CUDA memory summary, device ID 0                 |
|---------------------------------------------------------------------------|
|            CUDA OOMs: 0            |        cudaMalloc retries: 0         |
|===========================================================================|
|        Metric         | Cur Usage  | Peak Usage | Tot Alloc  | Tot Freed  |
|---------------------------------------------------------------------------|
| Allocated memory      |  15593 MiB |  19602 MiB |  54304 GiB |  54289 GiB |
|       from large pool |  15593 MiB |  19601 MiB |  54278 GiB |  54263 GiB |
|       from small pool |      0 MiB |      8 MiB |     26 GiB |     26 GiB |
|---------------------------------------------------------------------------|
| Active memory         |  15593 MiB |  19602 MiB |  54304 GiB |  54289 GiB |
|       from large pool |  15593 MiB |  19601 MiB |  54278 GiB |  54263 GiB |
|       from small pool |      0 MiB |      8 MiB |     26 GiB |     26 GiB |
|---------------------------------------------------------------------------|
| Requested memory      |  15593 MiB |  19602 MiB |  54304 GiB |  54289 GiB |
|       from large pool |  15593 MiB |  19601 MiB |  54278 GiB |  54263 GiB |
|       from small pool |      0 MiB |      8 MiB |     25 GiB |     25 GiB |
|---------------------------------------------------------------------------|
| GPU reserved memory   |  20730 MiB |  20730 MiB |  20730 MiB |      0 B   |
|       from large pool |  20720 MiB |  20720 MiB |  20720 MiB |      0 B   |
|       from small pool |     10 MiB |     10 MiB |     10 MiB |      0 B   |
|---------------------------------------------------------------------------|
| Non-releasable memory |      0 B   |      0 B   |      0 B   |      0 B   |
|       from large pool |      0 B   |      0 B   |      0 B   |      0 B   |
|       from small pool |      0 B   |      0 B   |      0 B   |      0 B   |
|---------------------------------------------------------------------------|
| Allocations           |     323    |     346    |    3378 K  |    3377 K  |
|       from large pool |     258    |     269    |    2824 K  |    2824 K  |
|       from small pool |      65    |      85    |     553 K  |     553 K  |
|---------------------------------------------------------------------------|
| Active allocs         |     323    |     346    |    3378 K  |    3377 K  |
|       from large pool |     258    |     269    |    2824 K  |    2824 K  |
|       from small pool |      65    |      85    |     553 K  |     553 K  |
|---------------------------------------------------------------------------|
| GPU reserved segments |       0    |       0    |       0    |       0    |
|       from large pool |       0    |       0    |       0    |       0    |
|       from small pool |       0    |       0    |       0    |       0    |
|---------------------------------------------------------------------------|
| Non-releasable allocs |       0    |       0    |       0    |       0    |
|       from large pool |       0    |       0    |       0    |       0    |
|       from small pool |       0    |       0    |       0    |       0    |
|---------------------------------------------------------------------------|
| Oversize allocations  |       0    |       0    |       0    |       0    |
|---------------------------------------------------------------------------|
| Oversize GPU segments |       0    |       0    |       0    |       0    |
|===========================================================================|

[2024-12-08 23:51:30] [INFO] FIN.
