[2024-12-08 23:51:34] [INFO] #### Starting activation capture script.
[2024-12-08 23:51:34] [INFO] #### Arguments:
[2024-12-08 23:51:34] [INFO] # model_dir=/workspace/llama_3.2-3B_model/original
[2024-12-08 23:51:34] [INFO] # sae_dir=/workspace/sae_final_2024-10-28.pth
[2024-12-08 23:51:34] [INFO] # num_samples=20000
[2024-12-08 23:51:34] [INFO] # drop latents=90
[2024-12-08 23:51:34] [INFO] #### GPU Configuration:
[2024-12-08 23:51:34] [INFO] # device=cuda
[2024-12-08 23:51:34] [INFO] #### Configuration:
[2024-12-08 23:51:34] [INFO] # batch_size=8
[2024-12-08 23:51:34] [INFO] # dataloader_num_workers=4
[2024-12-08 23:51:34] [INFO] # dtype=torch.bfloat16
[2024-12-08 23:51:34] [INFO] # max_token_length=512
[2024-12-08 23:51:34] [INFO] # add_bos_token=True
[2024-12-08 23:51:34] [INFO] # dataset_shuffle=True
[2024-12-08 23:51:34] [INFO] Loading tokenizer...
[2024-12-08 23:51:34] [INFO] Creating dataset, sampler and dataloader...
[2024-12-08 23:51:34] [INFO] Initializing Wikitext2 Dataset with max_token_length=512...
[2024-12-08 23:51:35] [INFO] Shuffling the dataset...
[2024-12-08 23:51:35] [INFO] Dataset size: 20000 samples
[2024-12-08 23:51:35] [INFO] Dataloader created with 2500 batches.
[2024-12-08 23:51:35] [INFO] Loading activation mask masks/mask_90
[2024-12-08 23:51:35] [INFO] Initializing SAE from /workspace/sae_final_2024-10-28.pth
[2024-12-08 23:51:35] [INFO] Loading TopK SAE model weights and config from: /workspace/sae_final_2024-10-28.pth
[2024-12-08 23:51:36] [INFO] Initializing TopK SAE model and loading state dict...
[2024-12-08 23:51:57] [INFO] Moving model to device cuda and setting to eval mode...
[2024-12-08 23:51:58] [INFO] Loading model parameters from /workspace/llama_3.2-3B_model/original/params.json...
[2024-12-08 23:51:58] [INFO] Initializing model on CPU...
[2024-12-08 23:52:31] [INFO] Loading model weights into CPU memory...
[2024-12-08 23:52:34] [INFO] Loading model weights into model...
[2024-12-08 23:52:37] [INFO] Model weights loaded successfully. Moving model to device cuda...
[2024-12-08 23:52:39] [INFO] Setting model to eval mode...
[2024-12-08 23:52:39] [INFO] Model created successfully.
[2024-12-08 23:52:39] [INFO] Starting capture of activations...
[2024-12-08 23:52:43] [INFO] State: {}
[2024-12-08 23:52:43] [INFO] Progress: 0.5% (12/2500)
 PPL: 20.128014322805246
[2024-12-08 23:52:43] [INFO] Current GPU memory usage: 15593.9853515625 MB
[2024-12-08 23:52:44] [INFO] State: {}
[2024-12-08 23:52:44] [INFO] Progress: 1.0% (24/2500)
 PPL: 21.016125488896016
[2024-12-08 23:52:44] [INFO] Current GPU memory usage: 15593.9873046875 MB
[2024-12-08 23:52:46] [INFO] State: {}
[2024-12-08 23:52:46] [INFO] Progress: 1.4% (36/2500)
 PPL: 20.41841666677568
[2024-12-08 23:52:46] [INFO] Current GPU memory usage: 15593.9921875 MB
[2024-12-08 23:52:48] [INFO] State: {}
[2024-12-08 23:52:48] [INFO] Progress: 1.9% (48/2500)
 PPL: 20.181347589340767
[2024-12-08 23:52:48] [INFO] Current GPU memory usage: 15593.98486328125 MB
[2024-12-08 23:52:49] [INFO] State: {}
[2024-12-08 23:52:49] [INFO] Progress: 2.4% (60/2500)
 PPL: 20.491745419846072
[2024-12-08 23:52:49] [INFO] Current GPU memory usage: 15593.998046875 MB
[2024-12-08 23:52:51] [INFO] State: {}
[2024-12-08 23:52:51] [INFO] Progress: 2.9% (72/2500)
 PPL: 20.450646020905822
[2024-12-08 23:52:51] [INFO] Current GPU memory usage: 15593.974609375 MB
[2024-12-08 23:52:52] [INFO] State: {}
[2024-12-08 23:52:52] [INFO] Progress: 3.4% (84/2500)
 PPL: 20.50019833748861
[2024-12-08 23:52:52] [INFO] Current GPU memory usage: 15593.99658203125 MB
[2024-12-08 23:52:54] [INFO] State: {}
[2024-12-08 23:52:54] [INFO] Progress: 3.8% (96/2500)
 PPL: 20.9713520793645
[2024-12-08 23:52:54] [INFO] Current GPU memory usage: 15593.982421875 MB
[2024-12-08 23:52:55] [INFO] State: {}
[2024-12-08 23:52:55] [INFO] Progress: 4.3% (108/2500)
 PPL: 20.949389120677946
[2024-12-08 23:52:55] [INFO] Current GPU memory usage: 15593.9853515625 MB
[2024-12-08 23:52:56] [INFO] State: {}
[2024-12-08 23:52:56] [INFO] Progress: 4.8% (120/2500)
 PPL: 21.30146179256427
[2024-12-08 23:52:56] [INFO] Current GPU memory usage: 15593.974609375 MB
[2024-12-08 23:52:58] [INFO] State: {}
[2024-12-08 23:52:58] [INFO] Progress: 5.3% (132/2500)
 PPL: 21.41784745206879
[2024-12-08 23:52:58] [INFO] Current GPU memory usage: 15593.98828125 MB
[2024-12-08 23:52:59] [INFO] State: {}
[2024-12-08 23:52:59] [INFO] Progress: 5.8% (144/2500)
 PPL: 21.420180272343742
[2024-12-08 23:52:59] [INFO] Current GPU memory usage: 15593.98095703125 MB
[2024-12-08 23:53:01] [INFO] State: {}
[2024-12-08 23:53:01] [INFO] Progress: 6.2% (156/2500)
 PPL: 21.333276098015354
[2024-12-08 23:53:01] [INFO] Current GPU memory usage: 15593.98583984375 MB
[2024-12-08 23:53:02] [INFO] State: {}
[2024-12-08 23:53:02] [INFO] Progress: 6.7% (168/2500)
 PPL: 21.39575824644549
[2024-12-08 23:53:02] [INFO] Current GPU memory usage: 15593.98486328125 MB
[2024-12-08 23:53:04] [INFO] State: {}
[2024-12-08 23:53:04] [INFO] Progress: 7.2% (180/2500)
 PPL: 21.34109165504087
[2024-12-08 23:53:04] [INFO] Current GPU memory usage: 15594.00390625 MB
[2024-12-08 23:53:06] [INFO] State: {}
[2024-12-08 23:53:06] [INFO] Progress: 7.7% (192/2500)
 PPL: 21.405204571615602
[2024-12-08 23:53:06] [INFO] Current GPU memory usage: 15594.0 MB
[2024-12-08 23:53:08] [INFO] State: {}
[2024-12-08 23:53:08] [INFO] Progress: 8.2% (204/2500)
 PPL: 21.158084973149478
[2024-12-08 23:53:08] [INFO] Current GPU memory usage: 15593.984375 MB
[2024-12-08 23:53:09] [INFO] State: {}
[2024-12-08 23:53:09] [INFO] Progress: 8.6% (216/2500)
 PPL: 21.09370504593758
[2024-12-08 23:53:09] [INFO] Current GPU memory usage: 15594.00439453125 MB
[2024-12-08 23:53:11] [INFO] State: {}
[2024-12-08 23:53:11] [INFO] Progress: 9.1% (228/2500)
 PPL: 21.066402827891707
[2024-12-08 23:53:11] [INFO] Current GPU memory usage: 15593.9951171875 MB
[2024-12-08 23:53:13] [INFO] State: {}
[2024-12-08 23:53:13] [INFO] Progress: 9.6% (240/2500)
 PPL: 20.989274055451425
[2024-12-08 23:53:13] [INFO] Current GPU memory usage: 15593.98388671875 MB
[2024-12-08 23:53:15] [INFO] State: {}
[2024-12-08 23:53:15] [INFO] Progress: 10.1% (252/2500)
 PPL: 20.856497016259443
[2024-12-08 23:53:15] [INFO] Current GPU memory usage: 15593.9833984375 MB
[2024-12-08 23:53:16] [INFO] State: {}
[2024-12-08 23:53:16] [INFO] Progress: 10.6% (264/2500)
 PPL: 20.92754481797296
[2024-12-08 23:53:16] [INFO] Current GPU memory usage: 15593.98388671875 MB
[2024-12-08 23:53:18] [INFO] State: {}
[2024-12-08 23:53:18] [INFO] Progress: 11.0% (276/2500)
 PPL: 20.9202763341173
[2024-12-08 23:53:18] [INFO] Current GPU memory usage: 15593.9853515625 MB
[2024-12-08 23:53:19] [INFO] State: {}
[2024-12-08 23:53:19] [INFO] Progress: 11.5% (288/2500)
 PPL: 20.95992797125564
[2024-12-08 23:53:19] [INFO] Current GPU memory usage: 15593.986328125 MB
[2024-12-08 23:53:21] [INFO] State: {}
[2024-12-08 23:53:21] [INFO] Progress: 12.0% (300/2500)
 PPL: 20.95157427490478
[2024-12-08 23:53:21] [INFO] Current GPU memory usage: 15593.99755859375 MB
[2024-12-08 23:53:23] [INFO] State: {}
[2024-12-08 23:53:23] [INFO] Progress: 12.5% (312/2500)
 PPL: 20.887340365249294
[2024-12-08 23:53:23] [INFO] Current GPU memory usage: 15593.9775390625 MB
[2024-12-08 23:53:24] [INFO] State: {}
[2024-12-08 23:53:24] [INFO] Progress: 13.0% (324/2500)
 PPL: 20.914841868716838
[2024-12-08 23:53:24] [INFO] Current GPU memory usage: 15593.99462890625 MB
[2024-12-08 23:53:26] [INFO] State: {}
[2024-12-08 23:53:26] [INFO] Progress: 13.4% (336/2500)
 PPL: 20.963871934147473
[2024-12-08 23:53:26] [INFO] Current GPU memory usage: 15593.990234375 MB
[2024-12-08 23:53:28] [INFO] State: {}
[2024-12-08 23:53:28] [INFO] Progress: 13.9% (348/2500)
 PPL: 20.936949052480973
[2024-12-08 23:53:28] [INFO] Current GPU memory usage: 15593.98193359375 MB
[2024-12-08 23:53:29] [INFO] State: {}
[2024-12-08 23:53:29] [INFO] Progress: 14.4% (360/2500)
 PPL: 21.01295993176609
[2024-12-08 23:53:29] [INFO] Current GPU memory usage: 15593.9794921875 MB
[2024-12-08 23:53:31] [INFO] State: {}
[2024-12-08 23:53:31] [INFO] Progress: 14.9% (372/2500)
 PPL: 20.995046972936642
[2024-12-08 23:53:31] [INFO] Current GPU memory usage: 15593.982421875 MB
[2024-12-08 23:53:32] [INFO] State: {}
[2024-12-08 23:53:32] [INFO] Progress: 15.4% (384/2500)
 PPL: 21.03202320143848
[2024-12-08 23:53:32] [INFO] Current GPU memory usage: 15593.99072265625 MB
[2024-12-08 23:53:33] [INFO] State: {}
[2024-12-08 23:53:33] [INFO] Progress: 15.8% (396/2500)
 PPL: 21.175964041024244
[2024-12-08 23:53:33] [INFO] Current GPU memory usage: 15593.9912109375 MB
[2024-12-08 23:53:35] [INFO] State: {}
[2024-12-08 23:53:35] [INFO] Progress: 16.3% (408/2500)
 PPL: 21.258435404344798
[2024-12-08 23:53:35] [INFO] Current GPU memory usage: 15593.9892578125 MB
[2024-12-08 23:53:37] [INFO] State: {}
[2024-12-08 23:53:37] [INFO] Progress: 16.8% (420/2500)
 PPL: 21.2109024988484
[2024-12-08 23:53:37] [INFO] Current GPU memory usage: 15593.9970703125 MB
[2024-12-08 23:53:39] [INFO] State: {}
[2024-12-08 23:53:39] [INFO] Progress: 17.3% (432/2500)
 PPL: 21.200107092358948
[2024-12-08 23:53:39] [INFO] Current GPU memory usage: 15593.99072265625 MB
[2024-12-08 23:53:41] [INFO] State: {}
[2024-12-08 23:53:41] [INFO] Progress: 17.8% (444/2500)
 PPL: 21.149783680121182
[2024-12-08 23:53:41] [INFO] Current GPU memory usage: 15593.98388671875 MB
[2024-12-08 23:53:42] [INFO] State: {}
[2024-12-08 23:53:42] [INFO] Progress: 18.2% (456/2500)
 PPL: 21.11923276271116
[2024-12-08 23:53:42] [INFO] Current GPU memory usage: 15593.9853515625 MB
[2024-12-08 23:53:44] [INFO] State: {}
[2024-12-08 23:53:44] [INFO] Progress: 18.7% (468/2500)
 PPL: 21.168591045847723
[2024-12-08 23:53:44] [INFO] Current GPU memory usage: 15593.994140625 MB
[2024-12-08 23:53:46] [INFO] State: {}
[2024-12-08 23:53:46] [INFO] Progress: 19.2% (480/2500)
 PPL: 21.154934254598903
[2024-12-08 23:53:46] [INFO] Current GPU memory usage: 15593.98876953125 MB
[2024-12-08 23:53:47] [INFO] State: {}
[2024-12-08 23:53:47] [INFO] Progress: 19.7% (492/2500)
 PPL: 21.13017640821987
[2024-12-08 23:53:47] [INFO] Current GPU memory usage: 15593.98681640625 MB
[2024-12-08 23:53:49] [INFO] State: {}
[2024-12-08 23:53:49] [INFO] Progress: 20.2% (504/2500)
 PPL: 21.101704178082414
[2024-12-08 23:53:49] [INFO] Current GPU memory usage: 15593.98681640625 MB
[2024-12-08 23:53:51] [INFO] State: {}
[2024-12-08 23:53:51] [INFO] Progress: 20.6% (516/2500)
 PPL: 21.112953047326787
[2024-12-08 23:53:51] [INFO] Current GPU memory usage: 15593.99658203125 MB
[2024-12-08 23:53:52] [INFO] State: {}
[2024-12-08 23:53:52] [INFO] Progress: 21.1% (528/2500)
 PPL: 21.041601845972046
[2024-12-08 23:53:52] [INFO] Current GPU memory usage: 15593.984375 MB
[2024-12-08 23:53:54] [INFO] State: {}
[2024-12-08 23:53:54] [INFO] Progress: 21.6% (540/2500)
 PPL: 21.028365198004003
[2024-12-08 23:53:54] [INFO] Current GPU memory usage: 15593.99169921875 MB
[2024-12-08 23:53:55] [INFO] State: {}
[2024-12-08 23:53:55] [INFO] Progress: 22.1% (552/2500)
 PPL: 21.06099284034334
[2024-12-08 23:53:55] [INFO] Current GPU memory usage: 15593.98388671875 MB
[2024-12-08 23:53:57] [INFO] State: {}
[2024-12-08 23:53:57] [INFO] Progress: 22.6% (564/2500)
 PPL: 21.037907316711333
[2024-12-08 23:53:57] [INFO] Current GPU memory usage: 15593.99072265625 MB
[2024-12-08 23:53:59] [INFO] State: {}
[2024-12-08 23:53:59] [INFO] Progress: 23.0% (576/2500)
 PPL: 21.04395896976294
[2024-12-08 23:53:59] [INFO] Current GPU memory usage: 15593.98779296875 MB
[2024-12-08 23:54:01] [INFO] State: {}
[2024-12-08 23:54:01] [INFO] Progress: 23.5% (588/2500)
 PPL: 21.076554561854596
[2024-12-08 23:54:01] [INFO] Current GPU memory usage: 15593.9892578125 MB
[2024-12-08 23:54:02] [INFO] State: {}
[2024-12-08 23:54:02] [INFO] Progress: 24.0% (600/2500)
 PPL: 21.07787724352607
[2024-12-08 23:54:02] [INFO] Current GPU memory usage: 15593.9794921875 MB
[2024-12-08 23:54:04] [INFO] State: {}
[2024-12-08 23:54:04] [INFO] Progress: 24.5% (612/2500)
 PPL: 21.100545687608818
[2024-12-08 23:54:04] [INFO] Current GPU memory usage: 15593.982421875 MB
[2024-12-08 23:54:06] [INFO] State: {}
[2024-12-08 23:54:06] [INFO] Progress: 25.0% (624/2500)
 PPL: 21.12653998060891
[2024-12-08 23:54:06] [INFO] Current GPU memory usage: 15593.98486328125 MB
[2024-12-08 23:54:07] [INFO] State: {}
[2024-12-08 23:54:07] [INFO] Progress: 25.4% (636/2500)
 PPL: 21.131458921203635
[2024-12-08 23:54:07] [INFO] Current GPU memory usage: 15593.98681640625 MB
[2024-12-08 23:54:09] [INFO] State: {}
[2024-12-08 23:54:09] [INFO] Progress: 25.9% (648/2500)
 PPL: 21.16909751322795
[2024-12-08 23:54:09] [INFO] Current GPU memory usage: 15593.98193359375 MB
[2024-12-08 23:54:11] [INFO] State: {}
[2024-12-08 23:54:11] [INFO] Progress: 26.4% (660/2500)
 PPL: 21.19836540372616
[2024-12-08 23:54:11] [INFO] Current GPU memory usage: 15593.98876953125 MB
[2024-12-08 23:54:12] [INFO] State: {}
[2024-12-08 23:54:12] [INFO] Progress: 26.9% (672/2500)
 PPL: 21.239809114437143
[2024-12-08 23:54:12] [INFO] Current GPU memory usage: 15593.98583984375 MB
[2024-12-08 23:54:13] [INFO] State: {}
[2024-12-08 23:54:13] [INFO] Progress: 27.4% (684/2500)
 PPL: 21.22836877005526
[2024-12-08 23:54:13] [INFO] Current GPU memory usage: 15593.97509765625 MB
[2024-12-08 23:54:15] [INFO] State: {}
[2024-12-08 23:54:15] [INFO] Progress: 27.8% (696/2500)
 PPL: 21.1580068675671
[2024-12-08 23:54:15] [INFO] Current GPU memory usage: 15593.98486328125 MB
[2024-12-08 23:54:16] [INFO] State: {}
[2024-12-08 23:54:16] [INFO] Progress: 28.3% (708/2500)
 PPL: 21.175697593943827
[2024-12-08 23:54:16] [INFO] Current GPU memory usage: 15593.99072265625 MB
[2024-12-08 23:54:18] [INFO] State: {}
[2024-12-08 23:54:18] [INFO] Progress: 28.8% (720/2500)
 PPL: 21.165426921662515
[2024-12-08 23:54:18] [INFO] Current GPU memory usage: 15593.99365234375 MB
[2024-12-08 23:54:19] [INFO] State: {}
[2024-12-08 23:54:19] [INFO] Progress: 29.3% (732/2500)
 PPL: 21.174717282185828
[2024-12-08 23:54:19] [INFO] Current GPU memory usage: 15593.9853515625 MB
[2024-12-08 23:54:21] [INFO] State: {}
[2024-12-08 23:54:21] [INFO] Progress: 29.8% (744/2500)
 PPL: 21.1742405716245
[2024-12-08 23:54:21] [INFO] Current GPU memory usage: 15593.98388671875 MB
[2024-12-08 23:54:23] [INFO] State: {}
[2024-12-08 23:54:23] [INFO] Progress: 30.2% (756/2500)
 PPL: 21.111311022576576
[2024-12-08 23:54:23] [INFO] Current GPU memory usage: 15593.9853515625 MB
[2024-12-08 23:54:24] [INFO] State: {}
[2024-12-08 23:54:24] [INFO] Progress: 30.7% (768/2500)
 PPL: 21.120541799134113
[2024-12-08 23:54:24] [INFO] Current GPU memory usage: 15593.98828125 MB
[2024-12-08 23:54:26] [INFO] State: {}
[2024-12-08 23:54:26] [INFO] Progress: 31.2% (780/2500)
 PPL: 21.159188621649037
[2024-12-08 23:54:26] [INFO] Current GPU memory usage: 15593.98388671875 MB
[2024-12-08 23:54:27] [INFO] State: {}
[2024-12-08 23:54:27] [INFO] Progress: 31.7% (792/2500)
 PPL: 21.17254001240218
[2024-12-08 23:54:27] [INFO] Current GPU memory usage: 15593.9833984375 MB
[2024-12-08 23:54:29] [INFO] State: {}
[2024-12-08 23:54:29] [INFO] Progress: 32.2% (804/2500)
 PPL: 21.19041351179969
[2024-12-08 23:54:29] [INFO] Current GPU memory usage: 15593.97900390625 MB
[2024-12-08 23:54:30] [INFO] State: {}
[2024-12-08 23:54:30] [INFO] Progress: 32.6% (816/2500)
 PPL: 21.205465800127936
[2024-12-08 23:54:30] [INFO] Current GPU memory usage: 15593.98583984375 MB
[2024-12-08 23:54:31] [INFO] State: {}
[2024-12-08 23:54:31] [INFO] Progress: 33.1% (828/2500)
 PPL: 21.225668391646426
[2024-12-08 23:54:31] [INFO] Current GPU memory usage: 15593.98486328125 MB
[2024-12-08 23:54:33] [INFO] State: {}
[2024-12-08 23:54:33] [INFO] Progress: 33.6% (840/2500)
 PPL: 21.206618140567947
[2024-12-08 23:54:33] [INFO] Current GPU memory usage: 15593.994140625 MB
[2024-12-08 23:54:35] [INFO] State: {}
[2024-12-08 23:54:35] [INFO] Progress: 34.1% (852/2500)
 PPL: 21.19534165158281
[2024-12-08 23:54:35] [INFO] Current GPU memory usage: 15593.98388671875 MB
[2024-12-08 23:54:36] [INFO] State: {}
[2024-12-08 23:54:36] [INFO] Progress: 34.6% (864/2500)
 PPL: 21.184928544300753
[2024-12-08 23:54:36] [INFO] Current GPU memory usage: 15593.98486328125 MB
[2024-12-08 23:54:38] [INFO] State: {}
[2024-12-08 23:54:38] [INFO] Progress: 35.0% (876/2500)
 PPL: 21.16136355694434
[2024-12-08 23:54:38] [INFO] Current GPU memory usage: 15593.9931640625 MB
[2024-12-08 23:54:39] [INFO] State: {}
[2024-12-08 23:54:39] [INFO] Progress: 35.5% (888/2500)
 PPL: 21.17621240735291
[2024-12-08 23:54:39] [INFO] Current GPU memory usage: 15593.98974609375 MB
[2024-12-08 23:54:41] [INFO] State: {}
[2024-12-08 23:54:41] [INFO] Progress: 36.0% (900/2500)
 PPL: 21.146105034390533
[2024-12-08 23:54:41] [INFO] Current GPU memory usage: 15593.984375 MB
[2024-12-08 23:54:43] [INFO] State: {}
[2024-12-08 23:54:43] [INFO] Progress: 36.5% (912/2500)
 PPL: 21.103542248203485
[2024-12-08 23:54:43] [INFO] Current GPU memory usage: 15593.9921875 MB
[2024-12-08 23:54:44] [INFO] State: {}
[2024-12-08 23:54:44] [INFO] Progress: 37.0% (924/2500)
 PPL: 21.08259909318713
[2024-12-08 23:54:44] [INFO] Current GPU memory usage: 15593.97802734375 MB
[2024-12-08 23:54:46] [INFO] State: {}
[2024-12-08 23:54:46] [INFO] Progress: 37.4% (936/2500)
 PPL: 21.057229595289712
[2024-12-08 23:54:46] [INFO] Current GPU memory usage: 15593.98291015625 MB
[2024-12-08 23:54:47] [INFO] State: {}
[2024-12-08 23:54:47] [INFO] Progress: 37.9% (948/2500)
 PPL: 21.068405497355325
[2024-12-08 23:54:47] [INFO] Current GPU memory usage: 15593.98388671875 MB
[2024-12-08 23:54:49] [INFO] State: {}
[2024-12-08 23:54:49] [INFO] Progress: 38.4% (960/2500)
 PPL: 21.05997884610701
[2024-12-08 23:54:49] [INFO] Current GPU memory usage: 15594.00048828125 MB
[2024-12-08 23:54:50] [INFO] State: {}
[2024-12-08 23:54:50] [INFO] Progress: 38.9% (972/2500)
 PPL: 21.08505255186952
[2024-12-08 23:54:50] [INFO] Current GPU memory usage: 15593.986328125 MB
[2024-12-08 23:54:52] [INFO] State: {}
[2024-12-08 23:54:52] [INFO] Progress: 39.4% (984/2500)
 PPL: 21.062465027923732
[2024-12-08 23:54:52] [INFO] Current GPU memory usage: 15593.9873046875 MB
[2024-12-08 23:54:53] [INFO] State: {}
[2024-12-08 23:54:53] [INFO] Progress: 39.8% (996/2500)
 PPL: 21.074189857186145
[2024-12-08 23:54:53] [INFO] Current GPU memory usage: 15593.9853515625 MB
[2024-12-08 23:54:55] [INFO] State: {}
[2024-12-08 23:54:55] [INFO] Progress: 40.3% (1008/2500)
 PPL: 21.05564717072772
[2024-12-08 23:54:55] [INFO] Current GPU memory usage: 15593.98486328125 MB
[2024-12-08 23:54:56] [INFO] State: {}
[2024-12-08 23:54:56] [INFO] Progress: 40.8% (1020/2500)
 PPL: 21.048641709820153
[2024-12-08 23:54:56] [INFO] Current GPU memory usage: 15593.9921875 MB
[2024-12-08 23:54:58] [INFO] State: {}
[2024-12-08 23:54:58] [INFO] Progress: 41.3% (1032/2500)
 PPL: 21.063607507457967
[2024-12-08 23:54:58] [INFO] Current GPU memory usage: 15593.9755859375 MB
[2024-12-08 23:54:59] [INFO] State: {}
[2024-12-08 23:54:59] [INFO] Progress: 41.8% (1044/2500)
 PPL: 21.06389888818617
[2024-12-08 23:54:59] [INFO] Current GPU memory usage: 15594.0048828125 MB
[2024-12-08 23:55:01] [INFO] State: {}
[2024-12-08 23:55:01] [INFO] Progress: 42.2% (1056/2500)
 PPL: 21.060726084673416
[2024-12-08 23:55:01] [INFO] Current GPU memory usage: 15593.9951171875 MB
[2024-12-08 23:55:03] [INFO] State: {}
[2024-12-08 23:55:03] [INFO] Progress: 42.7% (1068/2500)
 PPL: 21.036642781767522
[2024-12-08 23:55:03] [INFO] Current GPU memory usage: 15593.982421875 MB
[2024-12-08 23:55:05] [INFO] State: {}
[2024-12-08 23:55:05] [INFO] Progress: 43.2% (1080/2500)
 PPL: 21.022097045500455
[2024-12-08 23:55:05] [INFO] Current GPU memory usage: 15593.982421875 MB
[2024-12-08 23:55:07] [INFO] State: {}
[2024-12-08 23:55:07] [INFO] Progress: 43.7% (1092/2500)
 PPL: 21.025602183421803
[2024-12-08 23:55:07] [INFO] Current GPU memory usage: 15593.98486328125 MB
[2024-12-08 23:55:08] [INFO] State: {}
[2024-12-08 23:55:08] [INFO] Progress: 44.2% (1104/2500)
 PPL: 21.033808063654334
[2024-12-08 23:55:08] [INFO] Current GPU memory usage: 15593.9951171875 MB
[2024-12-08 23:55:10] [INFO] State: {}
[2024-12-08 23:55:10] [INFO] Progress: 44.6% (1116/2500)
 PPL: 21.028020984666618
[2024-12-08 23:55:10] [INFO] Current GPU memory usage: 15593.98193359375 MB
[2024-12-08 23:55:11] [INFO] State: {}
[2024-12-08 23:55:11] [INFO] Progress: 45.1% (1128/2500)
 PPL: 21.029832287777644
[2024-12-08 23:55:11] [INFO] Current GPU memory usage: 15593.98876953125 MB
[2024-12-08 23:55:13] [INFO] State: {}
[2024-12-08 23:55:13] [INFO] Progress: 45.6% (1140/2500)
 PPL: 21.037973869463357
[2024-12-08 23:55:13] [INFO] Current GPU memory usage: 15593.9912109375 MB
[2024-12-08 23:55:14] [INFO] State: {}
[2024-12-08 23:55:14] [INFO] Progress: 46.1% (1152/2500)
 PPL: 21.009688332477662
[2024-12-08 23:55:14] [INFO] Current GPU memory usage: 15593.986328125 MB
[2024-12-08 23:55:16] [INFO] State: {}
[2024-12-08 23:55:16] [INFO] Progress: 46.6% (1164/2500)
 PPL: 21.0190017436037
[2024-12-08 23:55:16] [INFO] Current GPU memory usage: 15593.9833984375 MB
[2024-12-08 23:55:17] [INFO] State: {}
[2024-12-08 23:55:17] [INFO] Progress: 47.0% (1176/2500)
 PPL: 21.00257856164
[2024-12-08 23:55:17] [INFO] Current GPU memory usage: 15593.9951171875 MB
[2024-12-08 23:55:19] [INFO] State: {}
[2024-12-08 23:55:19] [INFO] Progress: 47.5% (1188/2500)
 PPL: 21.015162421065856
[2024-12-08 23:55:19] [INFO] Current GPU memory usage: 15593.984375 MB
[2024-12-08 23:55:21] [INFO] State: {}
[2024-12-08 23:55:21] [INFO] Progress: 48.0% (1200/2500)
 PPL: 20.995425866843192
[2024-12-08 23:55:21] [INFO] Current GPU memory usage: 15593.986328125 MB
[2024-12-08 23:55:22] [INFO] State: {}
[2024-12-08 23:55:22] [INFO] Progress: 48.5% (1212/2500)
 PPL: 20.98893824605837
[2024-12-08 23:55:22] [INFO] Current GPU memory usage: 15593.99365234375 MB
[2024-12-08 23:55:24] [INFO] State: {}
[2024-12-08 23:55:24] [INFO] Progress: 49.0% (1224/2500)
 PPL: 20.979353762844624
[2024-12-08 23:55:24] [INFO] Current GPU memory usage: 15593.98876953125 MB
[2024-12-08 23:55:25] [INFO] State: {}
[2024-12-08 23:55:25] [INFO] Progress: 49.4% (1236/2500)
 PPL: 20.978886478938513
[2024-12-08 23:55:25] [INFO] Current GPU memory usage: 15593.9873046875 MB
[2024-12-08 23:55:27] [INFO] State: {}
[2024-12-08 23:55:27] [INFO] Progress: 49.9% (1248/2500)
 PPL: 20.969453080109716
[2024-12-08 23:55:27] [INFO] Current GPU memory usage: 15593.984375 MB
[2024-12-08 23:55:28] [INFO] State: {}
[2024-12-08 23:55:28] [INFO] Progress: 50.4% (1260/2500)
 PPL: 20.969700190888553
[2024-12-08 23:55:28] [INFO] Current GPU memory usage: 15593.994140625 MB
[2024-12-08 23:55:30] [INFO] State: {}
[2024-12-08 23:55:30] [INFO] Progress: 50.9% (1272/2500)
 PPL: 20.95264743586088
[2024-12-08 23:55:30] [INFO] Current GPU memory usage: 15593.9990234375 MB
[2024-12-08 23:55:32] [INFO] State: {}
[2024-12-08 23:55:32] [INFO] Progress: 51.4% (1284/2500)
 PPL: 20.941114476994542
[2024-12-08 23:55:32] [INFO] Current GPU memory usage: 15593.9814453125 MB
[2024-12-08 23:55:33] [INFO] State: {}
[2024-12-08 23:55:33] [INFO] Progress: 51.8% (1296/2500)
 PPL: 20.901474286585685
[2024-12-08 23:55:33] [INFO] Current GPU memory usage: 15593.984375 MB
[2024-12-08 23:55:35] [INFO] State: {}
[2024-12-08 23:55:35] [INFO] Progress: 52.3% (1308/2500)
 PPL: 20.882914238467954
[2024-12-08 23:55:35] [INFO] Current GPU memory usage: 15593.9814453125 MB
[2024-12-08 23:55:37] [INFO] State: {}
[2024-12-08 23:55:37] [INFO] Progress: 52.8% (1320/2500)
 PPL: 20.85973244808385
[2024-12-08 23:55:37] [INFO] Current GPU memory usage: 15593.9892578125 MB
[2024-12-08 23:55:38] [INFO] State: {}
[2024-12-08 23:55:38] [INFO] Progress: 53.3% (1332/2500)
 PPL: 20.84661288378643
[2024-12-08 23:55:38] [INFO] Current GPU memory usage: 15593.99951171875 MB
[2024-12-08 23:55:40] [INFO] State: {}
[2024-12-08 23:55:40] [INFO] Progress: 53.8% (1344/2500)
 PPL: 20.83621568503624
[2024-12-08 23:55:40] [INFO] Current GPU memory usage: 15593.98828125 MB
[2024-12-08 23:55:42] [INFO] State: {}
[2024-12-08 23:55:42] [INFO] Progress: 54.2% (1356/2500)
 PPL: 20.8446936336408
[2024-12-08 23:55:42] [INFO] Current GPU memory usage: 15593.97998046875 MB
[2024-12-08 23:55:43] [INFO] State: {}
[2024-12-08 23:55:43] [INFO] Progress: 54.7% (1368/2500)
 PPL: 20.87254796271911
[2024-12-08 23:55:43] [INFO] Current GPU memory usage: 15593.9931640625 MB
[2024-12-08 23:55:45] [INFO] State: {}
[2024-12-08 23:55:45] [INFO] Progress: 55.2% (1380/2500)
 PPL: 20.88905163884921
[2024-12-08 23:55:45] [INFO] Current GPU memory usage: 15593.99169921875 MB
[2024-12-08 23:55:46] [INFO] State: {}
[2024-12-08 23:55:46] [INFO] Progress: 55.7% (1392/2500)
 PPL: 20.859844527490377
[2024-12-08 23:55:46] [INFO] Current GPU memory usage: 15593.990234375 MB
[2024-12-08 23:55:48] [INFO] State: {}
[2024-12-08 23:55:48] [INFO] Progress: 56.2% (1404/2500)
 PPL: 20.85578237964975
[2024-12-08 23:55:48] [INFO] Current GPU memory usage: 15593.990234375 MB
[2024-12-08 23:55:50] [INFO] State: {}
[2024-12-08 23:55:50] [INFO] Progress: 56.6% (1416/2500)
 PPL: 20.857753541413814
[2024-12-08 23:55:50] [INFO] Current GPU memory usage: 15593.9853515625 MB
[2024-12-08 23:55:51] [INFO] State: {}
[2024-12-08 23:55:51] [INFO] Progress: 57.1% (1428/2500)
 PPL: 20.881600787473964
[2024-12-08 23:55:51] [INFO] Current GPU memory usage: 15593.9755859375 MB
[2024-12-08 23:55:52] [INFO] State: {}
[2024-12-08 23:55:52] [INFO] Progress: 57.6% (1440/2500)
 PPL: 20.88684318322182
[2024-12-08 23:55:52] [INFO] Current GPU memory usage: 15593.98046875 MB
[2024-12-08 23:55:54] [INFO] State: {}
[2024-12-08 23:55:54] [INFO] Progress: 58.1% (1452/2500)
 PPL: 20.885708815559536
[2024-12-08 23:55:54] [INFO] Current GPU memory usage: 15593.98779296875 MB
[2024-12-08 23:55:56] [INFO] State: {}
[2024-12-08 23:55:56] [INFO] Progress: 58.6% (1464/2500)
 PPL: 20.881383466979134
[2024-12-08 23:55:56] [INFO] Current GPU memory usage: 15593.98486328125 MB
[2024-12-08 23:55:58] [INFO] State: {}
[2024-12-08 23:55:58] [INFO] Progress: 59.0% (1476/2500)
 PPL: 20.881995505527385
[2024-12-08 23:55:58] [INFO] Current GPU memory usage: 15593.98046875 MB
[2024-12-08 23:55:59] [INFO] State: {}
[2024-12-08 23:55:59] [INFO] Progress: 59.5% (1488/2500)
 PPL: 20.898366811647758
[2024-12-08 23:55:59] [INFO] Current GPU memory usage: 15593.98193359375 MB
[2024-12-08 23:56:00] [INFO] State: {}
[2024-12-08 23:56:00] [INFO] Progress: 60.0% (1500/2500)
 PPL: 20.90848657074251
[2024-12-08 23:56:00] [INFO] Current GPU memory usage: 15593.98486328125 MB
[2024-12-08 23:56:02] [INFO] State: {}
[2024-12-08 23:56:02] [INFO] Progress: 60.5% (1512/2500)
 PPL: 20.915515382710502
[2024-12-08 23:56:02] [INFO] Current GPU memory usage: 15593.98486328125 MB
[2024-12-08 23:56:03] [INFO] State: {}
[2024-12-08 23:56:03] [INFO] Progress: 61.0% (1524/2500)
 PPL: 20.920017595125643
[2024-12-08 23:56:03] [INFO] Current GPU memory usage: 15593.986328125 MB
[2024-12-08 23:56:05] [INFO] State: {}
[2024-12-08 23:56:05] [INFO] Progress: 61.4% (1536/2500)
 PPL: 20.92243671505101
[2024-12-08 23:56:05] [INFO] Current GPU memory usage: 15593.98876953125 MB
[2024-12-08 23:56:06] [INFO] State: {}
[2024-12-08 23:56:06] [INFO] Progress: 61.9% (1548/2500)
 PPL: 20.913526438572127
[2024-12-08 23:56:06] [INFO] Current GPU memory usage: 15593.98974609375 MB
[2024-12-08 23:56:07] [INFO] State: {}
[2024-12-08 23:56:07] [INFO] Progress: 62.4% (1560/2500)
 PPL: 20.93120010773649
[2024-12-08 23:56:07] [INFO] Current GPU memory usage: 15593.9970703125 MB
[2024-12-08 23:56:09] [INFO] State: {}
[2024-12-08 23:56:09] [INFO] Progress: 62.9% (1572/2500)
 PPL: 20.937209348431963
[2024-12-08 23:56:09] [INFO] Current GPU memory usage: 15593.98486328125 MB
[2024-12-08 23:56:10] [INFO] State: {}
[2024-12-08 23:56:10] [INFO] Progress: 63.4% (1584/2500)
 PPL: 20.94920444120536
[2024-12-08 23:56:10] [INFO] Current GPU memory usage: 15593.98828125 MB
[2024-12-08 23:56:12] [INFO] State: {}
[2024-12-08 23:56:12] [INFO] Progress: 63.8% (1596/2500)
 PPL: 20.923960667487336
[2024-12-08 23:56:12] [INFO] Current GPU memory usage: 15593.98828125 MB
[2024-12-08 23:56:14] [INFO] State: {}
[2024-12-08 23:56:14] [INFO] Progress: 64.3% (1608/2500)
 PPL: 20.928420690278116
[2024-12-08 23:56:14] [INFO] Current GPU memory usage: 15593.9873046875 MB
[2024-12-08 23:56:16] [INFO] State: {}
[2024-12-08 23:56:16] [INFO] Progress: 64.8% (1620/2500)
 PPL: 20.931134280745532
[2024-12-08 23:56:16] [INFO] Current GPU memory usage: 15594.0048828125 MB
[2024-12-08 23:56:17] [INFO] State: {}
[2024-12-08 23:56:17] [INFO] Progress: 65.3% (1632/2500)
 PPL: 20.918510251864877
[2024-12-08 23:56:17] [INFO] Current GPU memory usage: 15593.986328125 MB
[2024-12-08 23:56:19] [INFO] State: {}
[2024-12-08 23:56:19] [INFO] Progress: 65.8% (1644/2500)
 PPL: 20.92721770000071
[2024-12-08 23:56:19] [INFO] Current GPU memory usage: 15593.9912109375 MB
[2024-12-08 23:56:21] [INFO] State: {}
[2024-12-08 23:56:21] [INFO] Progress: 66.2% (1656/2500)
 PPL: 20.925964432080132
[2024-12-08 23:56:21] [INFO] Current GPU memory usage: 15593.986328125 MB
[2024-12-08 23:56:22] [INFO] State: {}
[2024-12-08 23:56:22] [INFO] Progress: 66.7% (1668/2500)
 PPL: 20.924052457841583
[2024-12-08 23:56:22] [INFO] Current GPU memory usage: 15593.98388671875 MB
[2024-12-08 23:56:24] [INFO] State: {}
[2024-12-08 23:56:24] [INFO] Progress: 67.2% (1680/2500)
 PPL: 20.92447432796199
[2024-12-08 23:56:24] [INFO] Current GPU memory usage: 15593.98388671875 MB
[2024-12-08 23:56:26] [INFO] State: {}
[2024-12-08 23:56:26] [INFO] Progress: 67.7% (1692/2500)
 PPL: 20.915138926814873
[2024-12-08 23:56:26] [INFO] Current GPU memory usage: 15593.98583984375 MB
[2024-12-08 23:56:27] [INFO] State: {}
[2024-12-08 23:56:27] [INFO] Progress: 68.2% (1704/2500)
 PPL: 20.929131765728318
[2024-12-08 23:56:27] [INFO] Current GPU memory usage: 15593.9814453125 MB
[2024-12-08 23:56:29] [INFO] State: {}
[2024-12-08 23:56:29] [INFO] Progress: 68.6% (1716/2500)
 PPL: 20.93582744587662
[2024-12-08 23:56:29] [INFO] Current GPU memory usage: 15593.984375 MB
[2024-12-08 23:56:30] [INFO] State: {}
[2024-12-08 23:56:30] [INFO] Progress: 69.1% (1728/2500)
 PPL: 20.942245272059154
[2024-12-08 23:56:30] [INFO] Current GPU memory usage: 15593.98388671875 MB
[2024-12-08 23:56:32] [INFO] State: {}
[2024-12-08 23:56:32] [INFO] Progress: 69.6% (1740/2500)
 PPL: 20.94655491328544
[2024-12-08 23:56:32] [INFO] Current GPU memory usage: 15593.990234375 MB
[2024-12-08 23:56:34] [INFO] State: {}
[2024-12-08 23:56:34] [INFO] Progress: 70.1% (1752/2500)
 PPL: 20.941919838944802
[2024-12-08 23:56:34] [INFO] Current GPU memory usage: 15593.9892578125 MB
[2024-12-08 23:56:36] [INFO] State: {}
[2024-12-08 23:56:36] [INFO] Progress: 70.6% (1764/2500)
 PPL: 20.93614806608267
[2024-12-08 23:56:36] [INFO] Current GPU memory usage: 15593.98095703125 MB
[2024-12-08 23:56:37] [INFO] State: {}
[2024-12-08 23:56:37] [INFO] Progress: 71.0% (1776/2500)
 PPL: 20.931005685362354
[2024-12-08 23:56:37] [INFO] Current GPU memory usage: 15593.99658203125 MB
[2024-12-08 23:56:39] [INFO] State: {}
[2024-12-08 23:56:39] [INFO] Progress: 71.5% (1788/2500)
 PPL: 20.924297837267876
[2024-12-08 23:56:39] [INFO] Current GPU memory usage: 15593.984375 MB
[2024-12-08 23:56:40] [INFO] State: {}
[2024-12-08 23:56:40] [INFO] Progress: 72.0% (1800/2500)
 PPL: 20.910005525605442
[2024-12-08 23:56:40] [INFO] Current GPU memory usage: 15593.98828125 MB
[2024-12-08 23:56:42] [INFO] State: {}
[2024-12-08 23:56:42] [INFO] Progress: 72.5% (1812/2500)
 PPL: 20.914612605168838
[2024-12-08 23:56:42] [INFO] Current GPU memory usage: 15593.99755859375 MB
[2024-12-08 23:56:44] [INFO] State: {}
[2024-12-08 23:56:44] [INFO] Progress: 73.0% (1824/2500)
 PPL: 20.921170679126917
[2024-12-08 23:56:44] [INFO] Current GPU memory usage: 15593.98779296875 MB
[2024-12-08 23:56:45] [INFO] State: {}
[2024-12-08 23:56:45] [INFO] Progress: 73.4% (1836/2500)
 PPL: 20.896581564664363
[2024-12-08 23:56:45] [INFO] Current GPU memory usage: 15593.994140625 MB
[2024-12-08 23:56:47] [INFO] State: {}
[2024-12-08 23:56:47] [INFO] Progress: 73.9% (1848/2500)
 PPL: 20.89982601831175
[2024-12-08 23:56:47] [INFO] Current GPU memory usage: 15593.990234375 MB
[2024-12-08 23:56:48] [INFO] State: {}
[2024-12-08 23:56:48] [INFO] Progress: 74.4% (1860/2500)
 PPL: 20.886251972770136
[2024-12-08 23:56:48] [INFO] Current GPU memory usage: 15593.98046875 MB
[2024-12-08 23:56:50] [INFO] State: {}
[2024-12-08 23:56:50] [INFO] Progress: 74.9% (1872/2500)
 PPL: 20.898462904218125
[2024-12-08 23:56:50] [INFO] Current GPU memory usage: 15593.98388671875 MB
[2024-12-08 23:56:51] [INFO] State: {}
[2024-12-08 23:56:51] [INFO] Progress: 75.4% (1884/2500)
 PPL: 20.89543247893301
[2024-12-08 23:56:51] [INFO] Current GPU memory usage: 15593.99072265625 MB
[2024-12-08 23:56:53] [INFO] State: {}
[2024-12-08 23:56:53] [INFO] Progress: 75.8% (1896/2500)
 PPL: 20.87673152827825
[2024-12-08 23:56:53] [INFO] Current GPU memory usage: 15593.98291015625 MB
[2024-12-08 23:56:55] [INFO] State: {}
[2024-12-08 23:56:55] [INFO] Progress: 76.3% (1908/2500)
 PPL: 20.895257382833666
[2024-12-08 23:56:55] [INFO] Current GPU memory usage: 15593.9892578125 MB
[2024-12-08 23:56:56] [INFO] State: {}
[2024-12-08 23:56:56] [INFO] Progress: 76.8% (1920/2500)
 PPL: 20.899376482673617
[2024-12-08 23:56:56] [INFO] Current GPU memory usage: 15593.9853515625 MB
[2024-12-08 23:56:58] [INFO] State: {}
[2024-12-08 23:56:58] [INFO] Progress: 77.3% (1932/2500)
 PPL: 20.897980189791806
[2024-12-08 23:56:58] [INFO] Current GPU memory usage: 15593.99365234375 MB
[2024-12-08 23:56:59] [INFO] State: {}
[2024-12-08 23:56:59] [INFO] Progress: 77.8% (1944/2500)
 PPL: 20.893594622107056
[2024-12-08 23:56:59] [INFO] Current GPU memory usage: 15593.98583984375 MB
[2024-12-08 23:57:01] [INFO] State: {}
[2024-12-08 23:57:01] [INFO] Progress: 78.2% (1956/2500)
 PPL: 20.899691309829283
[2024-12-08 23:57:01] [INFO] Current GPU memory usage: 15594.0 MB
[2024-12-08 23:57:03] [INFO] State: {}
[2024-12-08 23:57:03] [INFO] Progress: 78.7% (1968/2500)
 PPL: 20.891352398211104
[2024-12-08 23:57:03] [INFO] Current GPU memory usage: 15593.9912109375 MB
[2024-12-08 23:57:04] [INFO] State: {}
[2024-12-08 23:57:04] [INFO] Progress: 79.2% (1980/2500)
 PPL: 20.87495069962162
[2024-12-08 23:57:04] [INFO] Current GPU memory usage: 15593.98583984375 MB
[2024-12-08 23:57:06] [INFO] State: {}
[2024-12-08 23:57:06] [INFO] Progress: 79.7% (1992/2500)
 PPL: 20.886476281391786
[2024-12-08 23:57:06] [INFO] Current GPU memory usage: 15593.9814453125 MB
[2024-12-08 23:57:08] [INFO] State: {}
[2024-12-08 23:57:08] [INFO] Progress: 80.2% (2004/2500)
 PPL: 20.898079816774953
[2024-12-08 23:57:08] [INFO] Current GPU memory usage: 15593.9833984375 MB
[2024-12-08 23:57:09] [INFO] State: {}
[2024-12-08 23:57:09] [INFO] Progress: 80.6% (2016/2500)
 PPL: 20.891755114514407
[2024-12-08 23:57:09] [INFO] Current GPU memory usage: 15593.97802734375 MB
[2024-12-08 23:57:11] [INFO] State: {}
[2024-12-08 23:57:11] [INFO] Progress: 81.1% (2028/2500)
 PPL: 20.894827602956575
[2024-12-08 23:57:11] [INFO] Current GPU memory usage: 15593.998046875 MB
[2024-12-08 23:57:12] [INFO] State: {}
[2024-12-08 23:57:12] [INFO] Progress: 81.6% (2040/2500)
 PPL: 20.900959670508062
[2024-12-08 23:57:12] [INFO] Current GPU memory usage: 15593.98681640625 MB
[2024-12-08 23:57:14] [INFO] State: {}
[2024-12-08 23:57:14] [INFO] Progress: 82.1% (2052/2500)
 PPL: 20.90120603667896
[2024-12-08 23:57:14] [INFO] Current GPU memory usage: 15593.98388671875 MB
[2024-12-08 23:57:15] [INFO] State: {}
[2024-12-08 23:57:15] [INFO] Progress: 82.6% (2064/2500)
 PPL: 20.913386886212816
[2024-12-08 23:57:15] [INFO] Current GPU memory usage: 15593.98876953125 MB
[2024-12-08 23:57:16] [INFO] State: {}
[2024-12-08 23:57:16] [INFO] Progress: 83.0% (2076/2500)
 PPL: 20.91147347443228
[2024-12-08 23:57:16] [INFO] Current GPU memory usage: 15593.98974609375 MB
[2024-12-08 23:57:18] [INFO] State: {}
[2024-12-08 23:57:18] [INFO] Progress: 83.5% (2088/2500)
 PPL: 20.93996929525269
[2024-12-08 23:57:18] [INFO] Current GPU memory usage: 15593.9931640625 MB
[2024-12-08 23:57:19] [INFO] State: {}
[2024-12-08 23:57:19] [INFO] Progress: 84.0% (2100/2500)
 PPL: 20.94193235330303
[2024-12-08 23:57:19] [INFO] Current GPU memory usage: 15593.986328125 MB
[2024-12-08 23:57:21] [INFO] State: {}
[2024-12-08 23:57:21] [INFO] Progress: 84.5% (2112/2500)
 PPL: 20.96507940635786
[2024-12-08 23:57:21] [INFO] Current GPU memory usage: 15593.9912109375 MB
[2024-12-08 23:57:22] [INFO] State: {}
[2024-12-08 23:57:22] [INFO] Progress: 85.0% (2124/2500)
 PPL: 20.94930535354031
[2024-12-08 23:57:22] [INFO] Current GPU memory usage: 15593.99951171875 MB
[2024-12-08 23:57:24] [INFO] State: {}
[2024-12-08 23:57:24] [INFO] Progress: 85.4% (2136/2500)
 PPL: 20.956512244933403
[2024-12-08 23:57:24] [INFO] Current GPU memory usage: 15593.978515625 MB
[2024-12-08 23:57:26] [INFO] State: {}
[2024-12-08 23:57:26] [INFO] Progress: 85.9% (2148/2500)
 PPL: 20.953918519186328
[2024-12-08 23:57:26] [INFO] Current GPU memory usage: 15593.9833984375 MB
[2024-12-08 23:57:27] [INFO] State: {}
[2024-12-08 23:57:27] [INFO] Progress: 86.4% (2160/2500)
 PPL: 20.95878297772624
[2024-12-08 23:57:27] [INFO] Current GPU memory usage: 15593.9833984375 MB
[2024-12-08 23:57:29] [INFO] State: {}
[2024-12-08 23:57:29] [INFO] Progress: 86.9% (2172/2500)
 PPL: 20.962738174549468
[2024-12-08 23:57:29] [INFO] Current GPU memory usage: 15593.9853515625 MB
[2024-12-08 23:57:30] [INFO] State: {}
[2024-12-08 23:57:30] [INFO] Progress: 87.4% (2184/2500)
 PPL: 20.945153018053457
[2024-12-08 23:57:30] [INFO] Current GPU memory usage: 15593.98779296875 MB
[2024-12-08 23:57:32] [INFO] State: {}
[2024-12-08 23:57:32] [INFO] Progress: 87.8% (2196/2500)
 PPL: 20.947350255503615
[2024-12-08 23:57:32] [INFO] Current GPU memory usage: 15593.99072265625 MB
[2024-12-08 23:57:34] [INFO] State: {}
[2024-12-08 23:57:34] [INFO] Progress: 88.3% (2208/2500)
 PPL: 20.94111917584369
[2024-12-08 23:57:34] [INFO] Current GPU memory usage: 15593.98193359375 MB
[2024-12-08 23:57:35] [INFO] State: {}
[2024-12-08 23:57:35] [INFO] Progress: 88.8% (2220/2500)
 PPL: 20.952958946073345
[2024-12-08 23:57:35] [INFO] Current GPU memory usage: 15593.98828125 MB
[2024-12-08 23:57:37] [INFO] State: {}
[2024-12-08 23:57:37] [INFO] Progress: 89.3% (2232/2500)
 PPL: 20.95066888351663
[2024-12-08 23:57:37] [INFO] Current GPU memory usage: 15593.98388671875 MB
[2024-12-08 23:57:38] [INFO] State: {}
[2024-12-08 23:57:38] [INFO] Progress: 89.8% (2244/2500)
 PPL: 20.955005772556937
[2024-12-08 23:57:38] [INFO] Current GPU memory usage: 15593.9853515625 MB
[2024-12-08 23:57:40] [INFO] State: {}
[2024-12-08 23:57:40] [INFO] Progress: 90.2% (2256/2500)
 PPL: 20.97248756604432
[2024-12-08 23:57:40] [INFO] Current GPU memory usage: 15593.99755859375 MB
[2024-12-08 23:57:41] [INFO] State: {}
[2024-12-08 23:57:41] [INFO] Progress: 90.7% (2268/2500)
 PPL: 20.969541362733683
[2024-12-08 23:57:41] [INFO] Current GPU memory usage: 15593.99560546875 MB
[2024-12-08 23:57:43] [INFO] State: {}
[2024-12-08 23:57:43] [INFO] Progress: 91.2% (2280/2500)
 PPL: 20.97492194729987
[2024-12-08 23:57:43] [INFO] Current GPU memory usage: 15593.99072265625 MB
[2024-12-08 23:57:44] [INFO] State: {}
[2024-12-08 23:57:44] [INFO] Progress: 91.7% (2292/2500)
 PPL: 20.96943102115947
[2024-12-08 23:57:44] [INFO] Current GPU memory usage: 15593.98779296875 MB
[2024-12-08 23:57:46] [INFO] State: {}
[2024-12-08 23:57:46] [INFO] Progress: 92.2% (2304/2500)
 PPL: 20.96396151054045
[2024-12-08 23:57:46] [INFO] Current GPU memory usage: 15593.99267578125 MB
[2024-12-08 23:57:48] [INFO] State: {}
[2024-12-08 23:57:48] [INFO] Progress: 92.6% (2316/2500)
 PPL: 20.968042528593653
[2024-12-08 23:57:48] [INFO] Current GPU memory usage: 15593.98876953125 MB
[2024-12-08 23:57:49] [INFO] State: {}
[2024-12-08 23:57:49] [INFO] Progress: 93.1% (2328/2500)
 PPL: 20.960522630021018
[2024-12-08 23:57:49] [INFO] Current GPU memory usage: 15593.9921875 MB
[2024-12-08 23:57:51] [INFO] State: {}
[2024-12-08 23:57:51] [INFO] Progress: 93.6% (2340/2500)
 PPL: 20.95881161022517
[2024-12-08 23:57:51] [INFO] Current GPU memory usage: 15593.99560546875 MB
[2024-12-08 23:57:52] [INFO] State: {}
[2024-12-08 23:57:52] [INFO] Progress: 94.1% (2352/2500)
 PPL: 20.952353905116606
[2024-12-08 23:57:52] [INFO] Current GPU memory usage: 15593.984375 MB
[2024-12-08 23:57:54] [INFO] State: {}
[2024-12-08 23:57:54] [INFO] Progress: 94.6% (2364/2500)
 PPL: 20.94894223208174
[2024-12-08 23:57:54] [INFO] Current GPU memory usage: 15593.98681640625 MB
[2024-12-08 23:57:55] [INFO] State: {}
[2024-12-08 23:57:55] [INFO] Progress: 95.0% (2376/2500)
 PPL: 20.94691608977383
[2024-12-08 23:57:55] [INFO] Current GPU memory usage: 15593.98583984375 MB
[2024-12-08 23:57:57] [INFO] State: {}
[2024-12-08 23:57:57] [INFO] Progress: 95.5% (2388/2500)
 PPL: 20.939413547307588
[2024-12-08 23:57:57] [INFO] Current GPU memory usage: 15593.990234375 MB
[2024-12-08 23:57:59] [INFO] State: {}
[2024-12-08 23:57:59] [INFO] Progress: 96.0% (2400/2500)
 PPL: 20.923675482981103
[2024-12-08 23:57:59] [INFO] Current GPU memory usage: 15593.98828125 MB
[2024-12-08 23:58:00] [INFO] State: {}
[2024-12-08 23:58:00] [INFO] Progress: 96.5% (2412/2500)
 PPL: 20.918748029481023
[2024-12-08 23:58:00] [INFO] Current GPU memory usage: 15593.9892578125 MB
[2024-12-08 23:58:02] [INFO] State: {}
[2024-12-08 23:58:02] [INFO] Progress: 97.0% (2424/2500)
 PPL: 20.921720088279155
[2024-12-08 23:58:02] [INFO] Current GPU memory usage: 15593.9892578125 MB
[2024-12-08 23:58:03] [INFO] State: {}
[2024-12-08 23:58:03] [INFO] Progress: 97.4% (2436/2500)
 PPL: 20.933099291272047
[2024-12-08 23:58:03] [INFO] Current GPU memory usage: 15593.982421875 MB
[2024-12-08 23:58:05] [INFO] State: {}
[2024-12-08 23:58:05] [INFO] Progress: 97.9% (2448/2500)
 PPL: 20.933961741530926
[2024-12-08 23:58:05] [INFO] Current GPU memory usage: 15593.9921875 MB
[2024-12-08 23:58:06] [INFO] State: {}
[2024-12-08 23:58:06] [INFO] Progress: 98.4% (2460/2500)
 PPL: 20.934664660478997
[2024-12-08 23:58:06] [INFO] Current GPU memory usage: 15593.984375 MB
[2024-12-08 23:58:07] [INFO] State: {}
[2024-12-08 23:58:07] [INFO] Progress: 98.9% (2472/2500)
 PPL: 20.93558097273322
[2024-12-08 23:58:07] [INFO] Current GPU memory usage: 15593.98681640625 MB
[2024-12-08 23:58:09] [INFO] State: {}
[2024-12-08 23:58:09] [INFO] Progress: 99.4% (2484/2500)
 PPL: 20.93714084742381
[2024-12-08 23:58:09] [INFO] Current GPU memory usage: 15593.98583984375 MB
[2024-12-08 23:58:11] [INFO] State: {}
[2024-12-08 23:58:11] [INFO] Progress: 99.8% (2496/2500)
 PPL: 20.94056200093989
[2024-12-08 23:58:11] [INFO] Current GPU memory usage: 15593.984375 MB
[2024-12-08 23:58:12] [INFO] Perplexity: 20.945919618639213
[2024-12-08 23:58:12] [INFO] CUDA Memory Summary:
[2024-12-08 23:58:12] [INFO] |===========================================================================|
|                  PyTorch CUDA memory summary, device ID 0                 |
|---------------------------------------------------------------------------|
|            CUDA OOMs: 0            |        cudaMalloc retries: 0         |
|===========================================================================|
|        Metric         | Cur Usage  | Peak Usage | Tot Alloc  | Tot Freed  |
|---------------------------------------------------------------------------|
| Allocated memory      |  15593 MiB |  19602 MiB |  54304 GiB |  54289 GiB |
|       from large pool |  15593 MiB |  19601 MiB |  54278 GiB |  54263 GiB |
|       from small pool |      0 MiB |      8 MiB |     26 GiB |     26 GiB |
|---------------------------------------------------------------------------|
| Active memory         |  15593 MiB |  19602 MiB |  54304 GiB |  54289 GiB |
|       from large pool |  15593 MiB |  19601 MiB |  54278 GiB |  54263 GiB |
|       from small pool |      0 MiB |      8 MiB |     26 GiB |     26 GiB |
|---------------------------------------------------------------------------|
| Requested memory      |  15593 MiB |  19602 MiB |  54304 GiB |  54289 GiB |
|       from large pool |  15593 MiB |  19601 MiB |  54278 GiB |  54263 GiB |
|       from small pool |      0 MiB |      8 MiB |     25 GiB |     25 GiB |
|---------------------------------------------------------------------------|
| GPU reserved memory   |  20730 MiB |  20730 MiB |  20730 MiB |      0 B   |
|       from large pool |  20720 MiB |  20720 MiB |  20720 MiB |      0 B   |
|       from small pool |     10 MiB |     10 MiB |     10 MiB |      0 B   |
|---------------------------------------------------------------------------|
| Non-releasable memory |      0 B   |      0 B   |      0 B   |      0 B   |
|       from large pool |      0 B   |      0 B   |      0 B   |      0 B   |
|       from small pool |      0 B   |      0 B   |      0 B   |      0 B   |
|---------------------------------------------------------------------------|
| Allocations           |     323    |     346    |    3378 K  |    3377 K  |
|       from large pool |     258    |     269    |    2824 K  |    2824 K  |
|       from small pool |      65    |      85    |     553 K  |     553 K  |
|---------------------------------------------------------------------------|
| Active allocs         |     323    |     346    |    3378 K  |    3377 K  |
|       from large pool |     258    |     269    |    2824 K  |    2824 K  |
|       from small pool |      65    |      85    |     553 K  |     553 K  |
|---------------------------------------------------------------------------|
| GPU reserved segments |       0    |       0    |       0    |       0    |
|       from large pool |       0    |       0    |       0    |       0    |
|       from small pool |       0    |       0    |       0    |       0    |
|---------------------------------------------------------------------------|
| Non-releasable allocs |       0    |       0    |       0    |       0    |
|       from large pool |       0    |       0    |       0    |       0    |
|       from small pool |       0    |       0    |       0    |       0    |
|---------------------------------------------------------------------------|
| Oversize allocations  |       0    |       0    |       0    |       0    |
|---------------------------------------------------------------------------|
| Oversize GPU segments |       0    |       0    |       0    |       0    |
|===========================================================================|

[2024-12-08 23:58:12] [INFO] FIN.
